12:45:25.966 [main                     ] DEBUG Logger               - Configured Logger
12:45:25.971 [main                     ] DEBUG GameApplication      - Logging settings
Title: Bomberman App
Version: 0.1
Width: 600
Height: 600
Fullscreen: false
Intro: false
Profiling: false
Single step:false
App Mode: DEVELOPER
Menu Key: ESCAPE
Stage Style: DECORATED
Scene Factory: class com.ward_cunningham_38.teacherbomber.TeacherBomberApp$1

12:45:27.789 [JavaFX Application Thread] DEBUG FXGLApplication      - Initializing FXGL
12:45:27.791 [JavaFX Application Thread] INFO  Engine               - FXGL-dev-SNAPSHOT (28.07.2021 16.39) on WINDOWS (J:18 FX:16)
12:45:27.791 [JavaFX Application Thread] DEBUG Engine               - JRE Vendor Name: Oracle Corporation
12:45:27.791 [JavaFX Application Thread] DEBUG Engine               - Running on OS: Windows 10 version 10.0
12:45:27.791 [JavaFX Application Thread] DEBUG Engine               - Architecture: amd64
12:45:27.791 [JavaFX Application Thread] INFO  Engine               - Source code and latest versions at: https://github.com/AlmasB/FXGL
12:45:27.792 [JavaFX Application Thread] INFO  Engine               -              Join the FXGL chat at: https://gitter.im/AlmasB/FXGL
12:45:27.932 [JavaFX Application Thread] DEBUG PrimaryStageWindow   - Creating a JavaFX scene
12:45:27.984 [JavaFX Application Thread] DEBUG PrimaryStageWindow   - Target settings size: 600.0 x 600.0
12:45:27.984 [JavaFX Application Thread] DEBUG PrimaryStageWindow   - Scaled scene size:    600.0 x 600.0
12:45:27.984 [JavaFX Application Thread] DEBUG PrimaryStageWindow   - Scaled ratio: (1.0, 1.0)
12:45:27.985 [JavaFX Application Thread] DEBUG PrimaryStageWindow   - Set initial scene to FXGLStartupScene
12:45:27.994 [JavaFX Application Thread] DEBUG PrimaryStageWindow   - Opening main window
12:45:28.127 [JavaFX Application Thread] DEBUG PrimaryStageWindow   - Window border size: (16.0, 39.0)
12:45:28.128 [JavaFX Application Thread] DEBUG PrimaryStageWindow   - Scaled size: 600.0 x 600.0
12:45:28.128 [JavaFX Application Thread] DEBUG PrimaryStageWindow   - Scaled ratio: (1.0, 1.0)
12:45:28.128 [JavaFX Application Thread] DEBUG PrimaryStageWindow   - Scene size: 600.0 x 600.0
12:45:28.128 [JavaFX Application Thread] DEBUG PrimaryStageWindow   - Stage size: 616.0 x 639.0
12:45:28.141 [FXGL Background Thread 1 ] DEBUG Engine               - Initializing environment variables
12:45:28.234 [FXGL Background Thread 1 ] DEBUG FXGLAssetLoaderServi - User app class for loading assets: class com.ward_cunningham_38.teacherbomber.TeacherBomberApp
12:45:28.234 [FXGL Background Thread 1 ] DEBUG GameApplicationServi - Applying CSS: fxgl_dark.css
12:45:28.235 [FXGL Background Thread 1 ] DEBUG FXGLAssetLoaderServi - Loading from file system: jar:file:/C:/Users/Raven/.m2/repository/com/github/almasb/fxgl/dev-SNAPSHOT/fxgl-dev-20210728.163953-1821.jar!/fxglassets/ui/css/fxgl_dark.css
12:45:28.278 [FXGL Background Thread 1 ] DEBUG GameApplicationServi - Initializing application scenes
12:45:28.336 [FXGL Background Thread 1 ] DEBUG GameWorld            - Game world initialized
12:45:28.413 [FXGL Background Thread 1 ] DEBUG PhysicsWorld         - Physics world initialized: appHeight=600, physics.ppm=50.0
12:45:28.414 [FXGL Background Thread 1 ] DEBUG PhysicsWorld         - Using strategy: BRUTE_FORCE
12:45:28.417 [FXGL Background Thread 1 ] DEBUG GameScene            - Game scene initialized: 600x600
12:45:28.425 [FXGL Background Thread 1 ] DEBUG FXGLAssetLoaderServi - Loading from file system: jar:file:/C:/Users/Raven/.m2/repository/com/github/almasb/fxgl/dev-SNAPSHOT/fxgl-dev-20210728.163953-1821.jar!/fxglassets/textures/pause_menu_bg.png
12:45:28.488 [FXGL Background Thread 1 ] DEBUG GameApplicationServi - Application scenes initialized
12:45:28.512 [FXGL Background Thread 1 ] DEBUG SystemBundleService  - Loading FXGL system data
12:45:28.518 [FXGL Background Thread 1 ] DEBUG FileSystemAccess     - Reading from: C:\Users\Raven\Documents\School\IPOSE\IPOSE-TeacherBomber\Bomberman\system\fxgl.bundle
12:45:28.531 [FXGL Background Thread 1 ] DEBUG SystemBundleService  - Bundle FXGL: {}
12:45:28.532 [FXGL Background Thread 1 ] DEBUG UpdaterService       - Checking for updates
12:45:28.539 [FXGL Background Thread 4 ] DEBUG FXGLApplication      - Loading fonts
12:45:28.540 [FXGL Background Thread 4 ] DEBUG FXGLAssetLoaderServi - Loading from file system: jar:file:/C:/Users/Raven/.m2/repository/com/github/almasb/fxgl/dev-SNAPSHOT/fxgl-dev-20210728.163953-1821.jar!/fxglassets/ui/fonts/VarelaRound-Regular.ttf
12:45:28.541 [FXGL Background Thread 1 ] DEBUG FXGLApplication      - Loading default localization
12:45:28.542 [FXGL Background Thread 1 ] DEBUG FXGLAssetLoaderServi - Loading from file system: jar:file:/C:/Users/Raven/.m2/repository/com/github/almasb/fxgl/dev-SNAPSHOT/fxgl-dev-20210728.163953-1821.jar!/fxglassets/languages/english.lang
12:45:28.597 [FXGL Background Thread 1 ] INFO  FXGLApplication      - FXGL initialization took: 0.456 sec
12:45:28.616 [JavaFX Application Thread] DEBUG Input                - Registered new binding: Move Up W - W
12:45:28.616 [JavaFX Application Thread] DEBUG Input                - Registered new binding: Move Left A - A
12:45:28.616 [JavaFX Application Thread] DEBUG Input                - Registered new binding: Move Down S - S
12:45:28.617 [JavaFX Application Thread] DEBUG Input                - Registered new binding: Move Right D - D
12:45:28.617 [JavaFX Application Thread] DEBUG Input                - Registered new binding: Place Bomb F - F
12:45:28.617 [JavaFX Application Thread] DEBUG Input                - Registered new binding: Move Up Arrow - Up
12:45:28.617 [JavaFX Application Thread] DEBUG Input                - Registered new binding: Move Left Arrow - Left
12:45:28.618 [JavaFX Application Thread] DEBUG Input                - Registered new binding: Move Down Arrow - Down
12:45:28.618 [JavaFX Application Thread] DEBUG Input                - Registered new binding: Move Right Arrow - Right
12:45:28.618 [JavaFX Application Thread] DEBUG Input                - Registered new binding: Place Bomb  - Numpad 0
12:45:28.619 [JavaFX Application Thread] DEBUG FXGLAssetLoaderServi - Loading from file system: jar:file:/C:/Users/Raven/.m2/repository/com/github/almasb/fxgl/dev-SNAPSHOT/fxgl-dev-20210728.163953-1821.jar!/fxglassets/textures/fxgl_icon.png
12:45:28.680 [JavaFX Application Thread] DEBUG FXGLAssetLoaderServi - Loading from file system: jar:file:/C:/Users/Raven/.m2/repository/com/github/almasb/fxgl/dev-SNAPSHOT/fxgl-dev-20210728.163953-1821.jar!/fxglassets/textures/fxgl_default_cursor.png
12:45:28.685 [JavaFX Application Thread] DEBUG Input                - Registered new binding: Screenshot - CTRL+8
12:45:28.685 [JavaFX Application Thread] DEBUG Input                - Registered new binding: System info dump - CTRL+9
12:45:28.686 [JavaFX Application Thread] DEBUG Input                - Registered new binding: Restart - CTRL+R
12:45:28.687 [JavaFX Application Thread] DEBUG Input                - Registered new binding: Toggle Debug Camera - CTRL+C
12:45:28.691 [JavaFX Application Thread] DEBUG LoopRunner           - Starting loop
12:45:28.691 [JavaFX Application Thread] DEBUG LoopRunner           - Initializing JavaFX AnimationTimerLoop
12:45:28.693 [JavaFX Application Thread] DEBUG GameApplicationServi - Starting new game
12:45:28.694 [JavaFX Application Thread] DEBUG Input                - Clearing active input actions
12:45:28.712 [JavaFX Application Thread] DEBUG GameApplicationServi - Removing overlay from FXGLStartupScene and adding to FXGLLoadingScene
12:45:28.713 [JavaFX Application Thread] DEBUG PrimaryStageWindow   - FXGLStartupScene -> FXGLLoadingScene
12:45:28.713 [JavaFX Application Thread] DEBUG GameApplicationServi - Clearing previous game
12:45:28.713 [JavaFX Application Thread] DEBUG GameScene            - Clearing game scene
12:45:28.713 [JavaFX Application Thread] DEBUG GameWorld            - Clearing game world
12:45:28.713 [JavaFX Application Thread] DEBUG PhysicsWorld         - Clearing physics world
12:45:28.716 [FXGL Background Thread 1 ] DEBUG FXGLApplication      - Initializing game
12:45:28.751 [FXGL Background Thread 1 ] DEBUG FXGLAssetLoaderServi - Loading from file system: file:/C:/Users/Raven/Documents/School/IPOSE/IPOSE-TeacherBomber/Bomberman/target/classes/assets/textures/brick.png
12:45:28.855 [FXGL Background Thread 1 ] DEBUG GameWorld            - Clearing removable entities
12:45:28.856 [FXGL Background Thread 1 ] DEBUG GameWorld            - Setting level: com.almasb.fxgl.entity.level.Level@2f05e72b
12:45:28.905 [FXGL Background Thread 4 ] DEBUG FXGLAssetLoaderServi - Loading from file system: jar:file:/C:/Users/Raven/.m2/repository/com/github/almasb/fxgl/dev-SNAPSHOT/fxgl-dev-20210728.163953-1821.jar!/fxglassets/ui/fonts/Abel-Regular.ttf
12:45:28.921 [FXGL Background Thread 4 ] DEBUG FXGLAssetLoaderServi - Loading from file system: jar:file:/C:/Users/Raven/.m2/repository/com/github/almasb/fxgl/dev-SNAPSHOT/fxgl-dev-20210728.163953-1821.jar!/fxglassets/ui/fonts/lucida_console.ttf
12:45:28.930 [FXGL Background Thread 1 ] INFO  FXGLApplication      - Game initialization took: 0.213 sec
12:45:28.930 [JavaFX Application Thread] DEBUG Input                - Clearing active input actions
12:45:28.956 [FXGL Background Thread 4 ] DEBUG FXGLAssetLoaderServi - Loading from file system: jar:file:/C:/Users/Raven/.m2/repository/com/github/almasb/fxgl/dev-SNAPSHOT/fxgl-dev-20210728.163953-1821.jar!/fxglassets/ui/fonts/Courier-Prime.ttf
12:45:28.957 [JavaFX Application Thread] DEBUG GameApplicationServi - Removing overlay from FXGLLoadingScene and adding to GameScene
12:45:28.958 [JavaFX Application Thread] DEBUG PrimaryStageWindow   - FXGLLoadingScene -> GameScene
12:45:29.004 [JavaFX Application Thread] DEBUG FXGLApplication      - Registering font factories with UI factory
12:45:29.202 [FXGL Background Thread 2 ] INFO  UpdaterService       - Your current version:  dev-SNAPSHOT
12:45:29.202 [FXGL Background Thread 2 ] INFO  UpdaterService       - Latest stable version: 17.1
12:45:31.539 [FXGL Background Thread 3 ] DEBUG Engine               - Logging environment variables
12:45:31.539 [FXGL Background Thread 3 ] DEBUG Engine               - achievements: []
12:45:31.539 [FXGL Background Thread 3 ] DEBUG Engine               - actualHeight: 600.0
12:45:31.539 [FXGL Background Thread 3 ] DEBUG Engine               - actualHeightProperty: ReadOnlyDoubleProperty [value: 600.0]
12:45:31.539 [FXGL Background Thread 3 ] DEBUG Engine               - actualWidth: 600.0
12:45:31.540 [FXGL Background Thread 3 ] DEBUG Engine               - actualWidthProperty: ReadOnlyDoubleProperty [value: 600.0]
12:45:31.540 [FXGL Background Thread 3 ] DEBUG Engine               - appIcon: fxgl_icon.png
12:45:31.540 [FXGL Background Thread 3 ] DEBUG Engine               - applicationMode: DEVELOPER
12:45:31.540 [FXGL Background Thread 3 ] DEBUG Engine               - cSSList: [fxgl_dark.css]
12:45:31.540 [FXGL Background Thread 3 ] DEBUG Engine               - collisionDetectionStrategy: BRUTE_FORCE
12:45:31.540 [FXGL Background Thread 3 ] DEBUG Engine               - configClass: Optional.empty
12:45:31.540 [FXGL Background Thread 3 ] DEBUG Engine               - credits: []
12:45:31.540 [FXGL Background Thread 3 ] DEBUG Engine               - defaultCursor: CursorInfo(imageName=fxgl_default_cursor.png, hotspotX=7.0, hotspotY=6.0)
12:45:31.540 [FXGL Background Thread 3 ] DEBUG Engine               - devBBoxColorProperty: ObjectProperty [value: 0xff0000ff]
12:45:31.540 [FXGL Background Thread 3 ] DEBUG Engine               - devEnableDebugCameraProperty: BooleanProperty [value: false]
12:45:31.540 [FXGL Background Thread 3 ] DEBUG Engine               - devSensorColorProperty: ObjectProperty [value: 0xffff00ff]
12:45:31.540 [FXGL Background Thread 3 ] DEBUG Engine               - devShowBBoxProperty: BooleanProperty [value: false]
12:45:31.540 [FXGL Background Thread 3 ] DEBUG Engine               - devShowPositionProperty: BooleanProperty [value: false]
12:45:31.540 [FXGL Background Thread 3 ] DEBUG Engine               - enabledMenuItems: []
12:45:31.541 [FXGL Background Thread 3 ] DEBUG Engine               - engineServices: [class com.almasb.fxgl.app.services.FXGLAssetLoaderService, class com.almasb.fxgl.app.FXGLApplication$GameApplicationService, class com.almasb.fxgl.app.services.FXGLDialogService, class com.almasb.fxgl.app.services.IOTaskExecutorService, class com.almasb.fxgl.io.FileSystemService, class com.almasb.fxgl.localization.LocalizationService, class com.almasb.fxgl.app.services.SystemBundleService, class com.almasb.fxgl.profile.SaveLoadService, class com.almasb.fxgl.ui.FXGLUIFactoryServiceProvider, class com.almasb.fxgl.ui.FXGLDialogFactoryServiceProvider, class com.almasb.fxgl.audio.AudioPlayer, class com.almasb.fxgl.notification.impl.NotificationServiceProvider, class com.almasb.fxgl.achievement.AchievementService, class com.almasb.fxgl.cutscene.CutsceneService, class com.almasb.fxgl.minigames.MiniGameService, class com.almasb.fxgl.net.NetService, class com.almasb.fxgl.app.services.UpdaterService, class com.almasb.fxgl.dev.DevService]
12:45:31.541 [FXGL Background Thread 3 ] DEBUG Engine               - fontGame: Abel-Regular.ttf
12:45:31.541 [FXGL Background Thread 3 ] DEBUG Engine               - fontMono: lucida_console.ttf
12:45:31.541 [FXGL Background Thread 3 ] DEBUG Engine               - fontText: Courier-Prime.ttf
12:45:31.541 [FXGL Background Thread 3 ] DEBUG Engine               - fontUI: VarelaRound-Regular.ttf
12:45:31.541 [FXGL Background Thread 3 ] DEBUG Engine               - fullScreen: BooleanProperty [value: false]
12:45:31.541 [FXGL Background Thread 3 ] DEBUG Engine               - gameDifficulty: MEDIUM
12:45:31.541 [FXGL Background Thread 3 ] DEBUG Engine               - gameDifficultyProperty: ObjectProperty [value: MEDIUM]
12:45:31.541 [FXGL Background Thread 3 ] DEBUG Engine               - globalMusicVolume: 0.5
12:45:31.541 [FXGL Background Thread 3 ] DEBUG Engine               - globalMusicVolumeProperty: DoubleProperty [value: 0.5]
12:45:31.541 [FXGL Background Thread 3 ] DEBUG Engine               - globalSoundVolume: 0.5
12:45:31.541 [FXGL Background Thread 3 ] DEBUG Engine               - globalSoundVolumeProperty: DoubleProperty [value: 0.5]
12:45:31.541 [FXGL Background Thread 3 ] DEBUG Engine               - height: 600
12:45:31.541 [FXGL Background Thread 3 ] DEBUG Engine               - is3D: false
12:45:31.541 [FXGL Background Thread 3 ] DEBUG Engine               - isAndroid: false
12:45:31.541 [FXGL Background Thread 3 ] DEBUG Engine               - isBrowser: false
12:45:31.542 [FXGL Background Thread 3 ] DEBUG Engine               - isClickFeedbackEnabled: false
12:45:31.542 [FXGL Background Thread 3 ] DEBUG Engine               - isCloseConfirmation: false
12:45:31.542 [FXGL Background Thread 3 ] DEBUG Engine               - isDesktop: true
12:45:31.542 [FXGL Background Thread 3 ] DEBUG Engine               - isDeveloperMenuEnabled: false
12:45:31.542 [FXGL Background Thread 3 ] DEBUG Engine               - isEmbedded: false
12:45:31.542 [FXGL Background Thread 3 ] DEBUG Engine               - isEntityPreloadEnabled: true
12:45:31.542 [FXGL Background Thread 3 ] DEBUG Engine               - isExperimentalTiledLargeMap: false
12:45:31.542 [FXGL Background Thread 3 ] DEBUG Engine               - isFileSystemWriteAllowed: true
12:45:31.542 [FXGL Background Thread 3 ] DEBUG Engine               - isFullScreenAllowed: false
12:45:31.542 [FXGL Background Thread 3 ] DEBUG Engine               - isFullScreenFromStart: false
12:45:31.542 [FXGL Background Thread 3 ] DEBUG Engine               - isGameMenuEnabled: true
12:45:31.542 [FXGL Background Thread 3 ] DEBUG Engine               - isIOS: false
12:45:31.542 [FXGL Background Thread 3 ] DEBUG Engine               - isIntroEnabled: false
12:45:31.542 [FXGL Background Thread 3 ] DEBUG Engine               - isLinux: false
12:45:31.542 [FXGL Background Thread 3 ] DEBUG Engine               - isMac: false
12:45:31.542 [FXGL Background Thread 3 ] DEBUG Engine               - isMainMenuEnabled: false
12:45:31.543 [FXGL Background Thread 3 ] DEBUG Engine               - isManualResizeEnabled: false
12:45:31.543 [FXGL Background Thread 3 ] DEBUG Engine               - isMobile: false
12:45:31.543 [FXGL Background Thread 3 ] DEBUG Engine               - isNative: false
12:45:31.543 [FXGL Background Thread 3 ] DEBUG Engine               - isPauseMusicWhenMinimized: true
12:45:31.543 [FXGL Background Thread 3 ] DEBUG Engine               - isPreserveResizeRatio: false
12:45:31.543 [FXGL Background Thread 3 ] DEBUG Engine               - isProfilingEnabled: false
12:45:31.543 [FXGL Background Thread 3 ] DEBUG Engine               - isScaleAffectedOnResize: true
12:45:31.543 [FXGL Background Thread 3 ] DEBUG Engine               - isSingleStep: false
12:45:31.543 [FXGL Background Thread 3 ] DEBUG Engine               - isUserProfileEnabled: false
12:45:31.543 [FXGL Background Thread 3 ] DEBUG Engine               - isWindows: true
12:45:31.543 [FXGL Background Thread 3 ] DEBUG Engine               - language: ObjectProperty [value: ENGLISH]
12:45:31.543 [FXGL Background Thread 3 ] DEBUG Engine               - menuKey: ESCAPE
12:45:31.543 [FXGL Background Thread 3 ] DEBUG Engine               - mouseSensitivity: 0.2
12:45:31.543 [FXGL Background Thread 3 ] DEBUG Engine               - notificationViewClass: class com.almasb.fxgl.notification.view.XboxNotificationView
12:45:31.543 [FXGL Background Thread 3 ] DEBUG Engine               - pixelsPerMeter: 50.0
12:45:31.543 [FXGL Background Thread 3 ] DEBUG Engine               - platform: WINDOWS
12:45:31.543 [FXGL Background Thread 3 ] DEBUG Engine               - prefHeightProperty: ReadOnlyDoubleProperty [value: 600.0]
12:45:31.543 [FXGL Background Thread 3 ] DEBUG Engine               - prefWidthProperty: ReadOnlyDoubleProperty [value: 600.0]
12:45:31.544 [FXGL Background Thread 3 ] DEBUG Engine               - profileDir: profiles/
12:45:31.544 [FXGL Background Thread 3 ] DEBUG Engine               - profileName: StringProperty [value: DEFAULT]
12:45:31.544 [FXGL Background Thread 3 ] DEBUG Engine               - randomSeed: -1
12:45:31.544 [FXGL Background Thread 3 ] DEBUG Engine               - runtimeInfo: RuntimeInfo(platform=WINDOWS, version=dev-SNAPSHOT, build=28.07.2021 16.39)
12:45:31.544 [FXGL Background Thread 3 ] DEBUG Engine               - saveFileExt: sav
12:45:31.544 [FXGL Background Thread 3 ] DEBUG Engine               - scaledHeightProp$fxgl: DoubleProperty [bound, value: 600.0]
12:45:31.544 [FXGL Background Thread 3 ] DEBUG Engine               - scaledWidthProp$fxgl: DoubleProperty [bound, value: 600.0]
12:45:31.544 [FXGL Background Thread 3 ] DEBUG Engine               - sceneFactory: com.ward_cunningham_38.teacherbomber.TeacherBomberApp$1@7874d048
12:45:31.544 [FXGL Background Thread 3 ] DEBUG Engine               - secondsIn24h: 60
12:45:31.544 [FXGL Background Thread 3 ] DEBUG Engine               - soundMenuBack: menu/back.wav
12:45:31.544 [FXGL Background Thread 3 ] DEBUG Engine               - soundMenuPress: menu/press.wav
12:45:31.544 [FXGL Background Thread 3 ] DEBUG Engine               - soundMenuSelect: menu/select.wav
12:45:31.544 [FXGL Background Thread 3 ] DEBUG Engine               - soundNotification: core/notification.wav
12:45:31.544 [FXGL Background Thread 3 ] DEBUG Engine               - stageStyle: DECORATED
12:45:31.544 [FXGL Background Thread 3 ] DEBUG Engine               - supportedLanguages: [ENGLISH, FRENCH, GERMAN, HUNGARIAN, RUSSIAN]
12:45:31.544 [FXGL Background Thread 3 ] DEBUG Engine               - ticksPerSecond: -1
12:45:31.545 [FXGL Background Thread 3 ] DEBUG Engine               - title: Bomberman App
12:45:31.545 [FXGL Background Thread 3 ] DEBUG Engine               - urlGithub: https://github.com/AlmasB/FXGL
12:45:31.545 [FXGL Background Thread 3 ] DEBUG Engine               - urlLeaderboard: http://fxgl-top.herokuapp.com/
12:45:31.545 [FXGL Background Thread 3 ] DEBUG Engine               - urlPOM: https://raw.githubusercontent.com/AlmasB/FXGL/release/README.md
12:45:31.545 [FXGL Background Thread 3 ] DEBUG Engine               - userAppClass: class com.ward_cunningham_38.teacherbomber.TeacherBomberApp
12:45:31.545 [FXGL Background Thread 3 ] DEBUG Engine               - version: 0.1
12:45:31.545 [FXGL Background Thread 3 ] DEBUG Engine               - versionCheckDays: 7
12:45:31.545 [FXGL Background Thread 3 ] DEBUG Engine               - width: 600
12:45:31.545 [FXGL Background Thread 3 ] DEBUG Engine               - Logging services
12:45:31.545 [FXGL Background Thread 3 ] DEBUG Engine               - class com.almasb.fxgl.app.services.FXGLAssetLoaderService
12:45:31.545 [FXGL Background Thread 3 ] DEBUG Engine               - class com.almasb.fxgl.app.FXGLApplication$GameApplicationService
12:45:31.545 [FXGL Background Thread 3 ] DEBUG Engine               - class com.almasb.fxgl.app.services.FXGLDialogService
12:45:31.545 [FXGL Background Thread 3 ] DEBUG Engine               - class com.almasb.fxgl.app.services.IOTaskExecutorService
12:45:31.545 [FXGL Background Thread 3 ] DEBUG Engine               - class com.almasb.fxgl.io.FileSystemService
12:45:31.545 [FXGL Background Thread 3 ] DEBUG Engine               - class com.almasb.fxgl.localization.LocalizationService
12:45:31.545 [FXGL Background Thread 3 ] DEBUG Engine               - class com.almasb.fxgl.app.services.SystemBundleService
12:45:31.545 [FXGL Background Thread 3 ] DEBUG Engine               - class com.almasb.fxgl.profile.SaveLoadService
12:45:31.545 [FXGL Background Thread 3 ] DEBUG Engine               - class com.almasb.fxgl.ui.FXGLUIFactoryServiceProvider
12:45:31.545 [FXGL Background Thread 3 ] DEBUG Engine               - class com.almasb.fxgl.ui.FXGLDialogFactoryServiceProvider
12:45:31.546 [FXGL Background Thread 3 ] DEBUG Engine               - class com.almasb.fxgl.audio.AudioPlayer
12:45:31.546 [FXGL Background Thread 3 ] DEBUG Engine               - class com.almasb.fxgl.notification.impl.NotificationServiceProvider
12:45:31.546 [FXGL Background Thread 3 ] DEBUG Engine               - class com.almasb.fxgl.achievement.AchievementService
12:45:31.546 [FXGL Background Thread 3 ] DEBUG Engine               - class com.almasb.fxgl.cutscene.CutsceneService
12:45:31.546 [FXGL Background Thread 3 ] DEBUG Engine               - class com.almasb.fxgl.minigames.MiniGameService
12:45:31.546 [FXGL Background Thread 3 ] DEBUG Engine               - class com.almasb.fxgl.net.NetService
12:45:31.546 [FXGL Background Thread 3 ] DEBUG Engine               - class com.almasb.fxgl.app.services.UpdaterService
12:45:31.546 [FXGL Background Thread 3 ] DEBUG Engine               - class com.almasb.fxgl.dev.DevService
12:45:32.647 [JavaFX Application Thread] DEBUG FXGLApplication      - Exiting FXGL
12:45:32.647 [JavaFX Application Thread] DEBUG LoopRunner           - Stopping loop
12:45:32.647 [JavaFX Application Thread] DEBUG SystemBundleService  - Saving FXGL system data
12:45:32.649 [JavaFX Application Thread] DEBUG FileSystemAccess     - Writing to: C:\Users\Raven\Documents\School\IPOSE\IPOSE-TeacherBomber\Bomberman\system\fxgl.bundle
12:45:32.651 [JavaFX Application Thread] DEBUG Async                - Shutting down background threads
12:45:32.651 [JavaFX Application Thread] DEBUG PrimaryStageWindow   - Closing main window
12:45:32.669 [JavaFX Application Thread] DEBUG Logger               - Closing Logger
