13:55:42.916 [main                     ] DEBUG Logger               - Configured Logger
13:55:42.920 [main                     ] DEBUG GameApplication      - Logging settings
Title: Bomberman App
Version: 0.1
Width: 600
Height: 600
Fullscreen: false
Intro: false
Profiling: false
Single step:false
App Mode: DEVELOPER
Menu Key: ESCAPE
Stage Style: DECORATED
Scene Factory: class com.ward_cunningham_38.teacherbomber.TeacherBomberApp$1

13:55:43.861 [JavaFX Application Thread] DEBUG FXGLApplication      - Initializing FXGL
13:55:43.863 [JavaFX Application Thread] INFO  Engine               - FXGL-dev-SNAPSHOT (28.07.2021 16.39) on WINDOWS (J:18 FX:16)
13:55:43.863 [JavaFX Application Thread] DEBUG Engine               - JRE Vendor Name: Oracle Corporation
13:55:43.863 [JavaFX Application Thread] DEBUG Engine               - Running on OS: Windows 10 version 10.0
13:55:43.863 [JavaFX Application Thread] DEBUG Engine               - Architecture: amd64
13:55:43.863 [JavaFX Application Thread] INFO  Engine               - Source code and latest versions at: https://github.com/AlmasB/FXGL
13:55:43.863 [JavaFX Application Thread] INFO  Engine               -              Join the FXGL chat at: https://gitter.im/AlmasB/FXGL
13:55:43.973 [JavaFX Application Thread] DEBUG PrimaryStageWindow   - Creating a JavaFX scene
13:55:44.020 [JavaFX Application Thread] DEBUG PrimaryStageWindow   - Target settings size: 600.0 x 600.0
13:55:44.020 [JavaFX Application Thread] DEBUG PrimaryStageWindow   - Scaled scene size:    600.0 x 600.0
13:55:44.020 [JavaFX Application Thread] DEBUG PrimaryStageWindow   - Scaled ratio: (1.0, 1.0)
13:55:44.021 [JavaFX Application Thread] DEBUG PrimaryStageWindow   - Set initial scene to FXGLStartupScene
13:55:44.027 [JavaFX Application Thread] DEBUG PrimaryStageWindow   - Opening main window
13:55:44.122 [JavaFX Application Thread] DEBUG PrimaryStageWindow   - Window border size: (16.0, 39.0)
13:55:44.123 [JavaFX Application Thread] DEBUG PrimaryStageWindow   - Scaled size: 600.0 x 600.0
13:55:44.123 [JavaFX Application Thread] DEBUG PrimaryStageWindow   - Scaled ratio: (1.0, 1.0)
13:55:44.123 [JavaFX Application Thread] DEBUG PrimaryStageWindow   - Scene size: 600.0 x 600.0
13:55:44.123 [JavaFX Application Thread] DEBUG PrimaryStageWindow   - Stage size: 616.0 x 639.0
13:55:44.132 [FXGL Background Thread 1 ] DEBUG Engine               - Initializing environment variables
13:55:44.211 [FXGL Background Thread 1 ] DEBUG FXGLAssetLoaderServi - User app class for loading assets: class com.ward_cunningham_38.teacherbomber.TeacherBomberApp
13:55:44.212 [FXGL Background Thread 1 ] DEBUG GameApplicationServi - Applying CSS: fxgl_dark.css
13:55:44.212 [FXGL Background Thread 1 ] DEBUG FXGLAssetLoaderServi - Loading from file system: jar:file:/C:/Users/Christiaan/.m2/repository/com/github/almasb/fxgl/dev-SNAPSHOT/fxgl-dev-20210728.163953-1821.jar!/fxglassets/ui/css/fxgl_dark.css
13:55:44.252 [FXGL Background Thread 1 ] DEBUG GameApplicationServi - Initializing application scenes
13:55:44.308 [FXGL Background Thread 1 ] DEBUG GameWorld            - Game world initialized
13:55:44.373 [FXGL Background Thread 1 ] DEBUG PhysicsWorld         - Physics world initialized: appHeight=600, physics.ppm=50,0
13:55:44.373 [FXGL Background Thread 1 ] DEBUG PhysicsWorld         - Using strategy: BRUTE_FORCE
13:55:44.376 [FXGL Background Thread 1 ] DEBUG GameScene            - Game scene initialized: 600x600
13:55:44.382 [FXGL Background Thread 1 ] DEBUG FXGLAssetLoaderServi - Loading from file system: jar:file:/C:/Users/Christiaan/.m2/repository/com/github/almasb/fxgl/dev-SNAPSHOT/fxgl-dev-20210728.163953-1821.jar!/fxglassets/textures/pause_menu_bg.png
13:55:44.427 [FXGL Background Thread 1 ] DEBUG GameApplicationServi - Application scenes initialized
13:55:44.443 [FXGL Background Thread 1 ] DEBUG SystemBundleService  - Loading FXGL system data
13:55:44.449 [FXGL Background Thread 1 ] DEBUG FileSystemAccess     - Reading from: C:\Users\Christiaan\Documents\GitHub\IPOSE-TeacherBomber\Bomberman\system\fxgl.bundle
13:55:44.459 [FXGL Background Thread 1 ] DEBUG SystemBundleService  - Bundle FXGL: {}
13:55:44.460 [FXGL Background Thread 1 ] DEBUG UpdaterService       - Checking for updates
13:55:44.465 [FXGL Background Thread 4 ] DEBUG FXGLApplication      - Loading fonts
13:55:44.466 [FXGL Background Thread 4 ] DEBUG FXGLAssetLoaderServi - Loading from file system: jar:file:/C:/Users/Christiaan/.m2/repository/com/github/almasb/fxgl/dev-SNAPSHOT/fxgl-dev-20210728.163953-1821.jar!/fxglassets/ui/fonts/VarelaRound-Regular.ttf
13:55:44.466 [FXGL Background Thread 1 ] DEBUG FXGLApplication      - Loading default localization
13:55:44.466 [FXGL Background Thread 1 ] DEBUG FXGLAssetLoaderServi - Loading from file system: jar:file:/C:/Users/Christiaan/.m2/repository/com/github/almasb/fxgl/dev-SNAPSHOT/fxgl-dev-20210728.163953-1821.jar!/fxglassets/languages/english.lang
13:55:44.503 [FXGL Background Thread 1 ] INFO  FXGLApplication      - FXGL initialization took: 0,371 sec
13:55:44.516 [JavaFX Application Thread] DEBUG Input                - Registered new binding: Move Up W - W
13:55:44.517 [JavaFX Application Thread] DEBUG Input                - Registered new binding: Move Left A - A
13:55:44.517 [JavaFX Application Thread] DEBUG Input                - Registered new binding: Move Down S - S
13:55:44.517 [JavaFX Application Thread] DEBUG Input                - Registered new binding: Move Right D - D
13:55:44.517 [JavaFX Application Thread] DEBUG Input                - Registered new binding: Place Bomb F - F
13:55:44.517 [JavaFX Application Thread] DEBUG Input                - Registered new binding: Move Up Arrow - Up
13:55:44.517 [JavaFX Application Thread] DEBUG Input                - Registered new binding: Move Left Arrow - Left
13:55:44.518 [JavaFX Application Thread] DEBUG Input                - Registered new binding: Move Down Arrow - Down
13:55:44.518 [JavaFX Application Thread] DEBUG Input                - Registered new binding: Move Right Arrow - Right
13:55:44.518 [JavaFX Application Thread] DEBUG Input                - Registered new binding: Place Bomb  - Numpad 0
13:55:44.518 [JavaFX Application Thread] DEBUG FXGLAssetLoaderServi - Loading from file system: jar:file:/C:/Users/Christiaan/.m2/repository/com/github/almasb/fxgl/dev-SNAPSHOT/fxgl-dev-20210728.163953-1821.jar!/fxglassets/textures/fxgl_icon.png
13:55:44.556 [JavaFX Application Thread] DEBUG FXGLAssetLoaderServi - Loading from file system: jar:file:/C:/Users/Christiaan/.m2/repository/com/github/almasb/fxgl/dev-SNAPSHOT/fxgl-dev-20210728.163953-1821.jar!/fxglassets/textures/fxgl_default_cursor.png
13:55:44.559 [JavaFX Application Thread] DEBUG Input                - Registered new binding: Screenshot - CTRL+8
13:55:44.560 [JavaFX Application Thread] DEBUG Input                - Registered new binding: System info dump - CTRL+9
13:55:44.560 [JavaFX Application Thread] DEBUG Input                - Registered new binding: Restart - CTRL+R
13:55:44.561 [JavaFX Application Thread] DEBUG Input                - Registered new binding: Toggle Debug Camera - CTRL+C
13:55:44.564 [JavaFX Application Thread] DEBUG LoopRunner           - Starting loop
13:55:44.564 [JavaFX Application Thread] DEBUG LoopRunner           - Initializing JavaFX AnimationTimerLoop
13:55:44.566 [JavaFX Application Thread] DEBUG GameApplicationServi - Starting new game
13:55:44.567 [JavaFX Application Thread] DEBUG Input                - Clearing active input actions
13:55:44.570 [FXGL Background Thread 4 ] DEBUG FXGLAssetLoaderServi - Loading from file system: jar:file:/C:/Users/Christiaan/.m2/repository/com/github/almasb/fxgl/dev-SNAPSHOT/fxgl-dev-20210728.163953-1821.jar!/fxglassets/ui/fonts/Abel-Regular.ttf
13:55:44.574 [FXGL Background Thread 4 ] DEBUG FXGLAssetLoaderServi - Loading from file system: jar:file:/C:/Users/Christiaan/.m2/repository/com/github/almasb/fxgl/dev-SNAPSHOT/fxgl-dev-20210728.163953-1821.jar!/fxglassets/ui/fonts/lucida_console.ttf
13:55:44.580 [JavaFX Application Thread] DEBUG GameApplicationServi - Removing overlay from FXGLStartupScene and adding to FXGLLoadingScene
13:55:44.580 [FXGL Background Thread 4 ] DEBUG FXGLAssetLoaderServi - Loading from file system: jar:file:/C:/Users/Christiaan/.m2/repository/com/github/almasb/fxgl/dev-SNAPSHOT/fxgl-dev-20210728.163953-1821.jar!/fxglassets/ui/fonts/Courier-Prime.ttf
13:55:44.580 [JavaFX Application Thread] DEBUG PrimaryStageWindow   - FXGLStartupScene -> FXGLLoadingScene
13:55:44.580 [JavaFX Application Thread] DEBUG GameApplicationServi - Clearing previous game
13:55:44.580 [JavaFX Application Thread] DEBUG GameScene            - Clearing game scene
13:55:44.580 [JavaFX Application Thread] DEBUG GameWorld            - Clearing game world
13:55:44.581 [JavaFX Application Thread] DEBUG PhysicsWorld         - Clearing physics world
13:55:44.583 [FXGL Background Thread 1 ] DEBUG FXGLApplication      - Initializing game
13:55:44.590 [FXGL Background Thread 1 ] WARN  FXGLAssetLoaderServi - Asset "/assets/levels/0.txt" was not found!
13:55:44.652 [JavaFX Application Thread] DEBUG FXGLApplication      - Registering font factories with UI factory
13:55:44.652 [JavaFX Application Thread] DEBUG LoopRunner           - Stopping loop
13:55:44.654 [JavaFX Application Thread] FATAL FXGLApplication      - Uncaught Exception:
java.lang.RuntimeException: Initialization failed
	at com.almasb.fxgl.app.FXGLApplication$InitAppTask.failed(FXGLApplication.kt:343)
	at javafx.concurrent.Task.setState(Task.java:710)
	at javafx.concurrent.Task$TaskCallable.lambda$call$2(Task.java:1455)
	at com.sun.javafx.application.PlatformImpl.lambda$runLater$10(PlatformImpl.java:447)
	at java.base/java.security.AccessController.doPrivileged(AccessController.java:399)
	at com.sun.javafx.application.PlatformImpl.lambda$runLater$11(PlatformImpl.java:446)
	at com.sun.glass.ui.InvokeLaterDispatcher$Future.run(InvokeLaterDispatcher.java:96)
	at com.sun.glass.ui.win.WinApplication._runLoop(Native Method)
	at com.sun.glass.ui.win.WinApplication.lambda$runLoop$3(WinApplication.java:174)
	at java.base/java.lang.Thread.run(Thread.java:833)
Caused by: java.lang.IllegalArgumentException: Loading level failed. Asset not found: 0.txt
	at com.almasb.fxgl.app.services.FXGLAssetLoaderService.loadLevel(FXGLAssetLoaderService.kt:443)
	at com.ward_cunningham_38.teacherbomber.TeacherBomberApp.initGame(TeacherBomberApp.java:153)
	at com.almasb.fxgl.app.FXGLApplication$InitAppTask.initGame(FXGLApplication.kt:339)
	at com.almasb.fxgl.app.FXGLApplication$InitAppTask.call(FXGLApplication.kt:319)
	at com.almasb.fxgl.app.FXGLApplication$InitAppTask.call(FXGLApplication.kt:311)
	at javafx.concurrent.Task$TaskCallable.call(Task.java:1425)
	at java.base/java.util.concurrent.FutureTask.run(FutureTask.java:264)
	at java.base/java.util.concurrent.Executors$RunnableAdapter.call(Executors.java:539)
	at java.base/java.util.concurrent.FutureTask.run(FutureTask.java:264)
	at java.base/java.util.concurrent.ThreadPoolExecutor.runWorker(ThreadPoolExecutor.java:1136)
	at java.base/java.util.concurrent.ThreadPoolExecutor$Worker.run(ThreadPoolExecutor.java:635)
	... 1 more

13:55:44.654 [JavaFX Application Thread] FATAL FXGLApplication      - Application will now exit
13:55:44.675 [JavaFX Application Thread] DEBUG PrimaryStageWindow   - Push state: ErrorSubScene
13:55:44.675 [JavaFX Application Thread] DEBUG Input                - Clearing active input actions
13:55:44.682 [JavaFX Application Thread] DEBUG GameApplicationServi - Removing overlay from FXGLLoadingScene and adding to ErrorSubScene
13:55:44.683 [JavaFX Application Thread] DEBUG PrimaryStageWindow   - FXGLLoadingScene -> ErrorSubScene
13:55:45.074 [FXGL Background Thread 2 ] INFO  UpdaterService       - Your current version:  dev-SNAPSHOT
13:55:45.075 [FXGL Background Thread 2 ] INFO  UpdaterService       - Latest stable version: 17.1
13:55:47.464 [FXGL Background Thread 3 ] DEBUG Engine               - Logging environment variables
13:55:47.464 [FXGL Background Thread 3 ] DEBUG Engine               - achievements: []
13:55:47.464 [FXGL Background Thread 3 ] DEBUG Engine               - actualHeight: 600.0
13:55:47.465 [FXGL Background Thread 3 ] DEBUG Engine               - actualHeightProperty: ReadOnlyDoubleProperty [value: 600.0]
13:55:47.465 [FXGL Background Thread 3 ] DEBUG Engine               - actualWidth: 600.0
13:55:47.465 [FXGL Background Thread 3 ] DEBUG Engine               - actualWidthProperty: ReadOnlyDoubleProperty [value: 600.0]
13:55:47.465 [FXGL Background Thread 3 ] DEBUG Engine               - appIcon: fxgl_icon.png
13:55:47.465 [FXGL Background Thread 3 ] DEBUG Engine               - applicationMode: DEVELOPER
13:55:47.465 [FXGL Background Thread 3 ] DEBUG Engine               - cSSList: [fxgl_dark.css]
13:55:47.465 [FXGL Background Thread 3 ] DEBUG Engine               - collisionDetectionStrategy: BRUTE_FORCE
13:55:47.465 [FXGL Background Thread 3 ] DEBUG Engine               - configClass: Optional.empty
13:55:47.465 [FXGL Background Thread 3 ] DEBUG Engine               - credits: []
13:55:47.465 [FXGL Background Thread 3 ] DEBUG Engine               - defaultCursor: CursorInfo(imageName=fxgl_default_cursor.png, hotspotX=7.0, hotspotY=6.0)
13:55:47.465 [FXGL Background Thread 3 ] DEBUG Engine               - devBBoxColorProperty: ObjectProperty [value: 0xff0000ff]
13:55:47.465 [FXGL Background Thread 3 ] DEBUG Engine               - devEnableDebugCameraProperty: BooleanProperty [value: false]
13:55:47.465 [FXGL Background Thread 3 ] DEBUG Engine               - devSensorColorProperty: ObjectProperty [value: 0xffff00ff]
13:55:47.465 [FXGL Background Thread 3 ] DEBUG Engine               - devShowBBoxProperty: BooleanProperty [value: false]
13:55:47.465 [FXGL Background Thread 3 ] DEBUG Engine               - devShowPositionProperty: BooleanProperty [value: false]
13:55:47.465 [FXGL Background Thread 3 ] DEBUG Engine               - enabledMenuItems: []
13:55:47.465 [FXGL Background Thread 3 ] DEBUG Engine               - engineServices: [class com.almasb.fxgl.app.services.FXGLAssetLoaderService, class com.almasb.fxgl.app.FXGLApplication$GameApplicationService, class com.almasb.fxgl.app.services.FXGLDialogService, class com.almasb.fxgl.app.services.IOTaskExecutorService, class com.almasb.fxgl.io.FileSystemService, class com.almasb.fxgl.localization.LocalizationService, class com.almasb.fxgl.app.services.SystemBundleService, class com.almasb.fxgl.profile.SaveLoadService, class com.almasb.fxgl.ui.FXGLUIFactoryServiceProvider, class com.almasb.fxgl.ui.FXGLDialogFactoryServiceProvider, class com.almasb.fxgl.audio.AudioPlayer, class com.almasb.fxgl.notification.impl.NotificationServiceProvider, class com.almasb.fxgl.achievement.AchievementService, class com.almasb.fxgl.cutscene.CutsceneService, class com.almasb.fxgl.minigames.MiniGameService, class com.almasb.fxgl.net.NetService, class com.almasb.fxgl.app.services.UpdaterService, class com.almasb.fxgl.dev.DevService]
13:55:47.466 [FXGL Background Thread 3 ] DEBUG Engine               - fontGame: Abel-Regular.ttf
13:55:47.466 [FXGL Background Thread 3 ] DEBUG Engine               - fontMono: lucida_console.ttf
13:55:47.466 [FXGL Background Thread 3 ] DEBUG Engine               - fontText: Courier-Prime.ttf
13:55:47.466 [FXGL Background Thread 3 ] DEBUG Engine               - fontUI: VarelaRound-Regular.ttf
13:55:47.466 [FXGL Background Thread 3 ] DEBUG Engine               - fullScreen: BooleanProperty [value: false]
13:55:47.466 [FXGL Background Thread 3 ] DEBUG Engine               - gameDifficulty: MEDIUM
13:55:47.466 [FXGL Background Thread 3 ] DEBUG Engine               - gameDifficultyProperty: ObjectProperty [value: MEDIUM]
13:55:47.466 [FXGL Background Thread 3 ] DEBUG Engine               - globalMusicVolume: 0.5
13:55:47.466 [FXGL Background Thread 3 ] DEBUG Engine               - globalMusicVolumeProperty: DoubleProperty [value: 0.5]
13:55:47.466 [FXGL Background Thread 3 ] DEBUG Engine               - globalSoundVolume: 0.5
13:55:47.466 [FXGL Background Thread 3 ] DEBUG Engine               - globalSoundVolumeProperty: DoubleProperty [value: 0.5]
13:55:47.466 [FXGL Background Thread 3 ] DEBUG Engine               - height: 600
13:55:47.466 [FXGL Background Thread 3 ] DEBUG Engine               - is3D: false
13:55:47.466 [FXGL Background Thread 3 ] DEBUG Engine               - isAndroid: false
13:55:47.466 [FXGL Background Thread 3 ] DEBUG Engine               - isBrowser: false
13:55:47.466 [FXGL Background Thread 3 ] DEBUG Engine               - isClickFeedbackEnabled: false
13:55:47.466 [FXGL Background Thread 3 ] DEBUG Engine               - isCloseConfirmation: false
13:55:47.466 [FXGL Background Thread 3 ] DEBUG Engine               - isDesktop: true
13:55:47.466 [FXGL Background Thread 3 ] DEBUG Engine               - isDeveloperMenuEnabled: false
13:55:47.466 [FXGL Background Thread 3 ] DEBUG Engine               - isEmbedded: false
13:55:47.467 [FXGL Background Thread 3 ] DEBUG Engine               - isEntityPreloadEnabled: true
13:55:47.467 [FXGL Background Thread 3 ] DEBUG Engine               - isExperimentalTiledLargeMap: false
13:55:47.467 [FXGL Background Thread 3 ] DEBUG Engine               - isFileSystemWriteAllowed: true
13:55:47.467 [FXGL Background Thread 3 ] DEBUG Engine               - isFullScreenAllowed: false
13:55:47.467 [FXGL Background Thread 3 ] DEBUG Engine               - isFullScreenFromStart: false
13:55:47.467 [FXGL Background Thread 3 ] DEBUG Engine               - isGameMenuEnabled: true
13:55:47.467 [FXGL Background Thread 3 ] DEBUG Engine               - isIOS: false
13:55:47.467 [FXGL Background Thread 3 ] DEBUG Engine               - isIntroEnabled: false
13:55:47.467 [FXGL Background Thread 3 ] DEBUG Engine               - isLinux: false
13:55:47.467 [FXGL Background Thread 3 ] DEBUG Engine               - isMac: false
13:55:47.467 [FXGL Background Thread 3 ] DEBUG Engine               - isMainMenuEnabled: false
13:55:47.467 [FXGL Background Thread 3 ] DEBUG Engine               - isManualResizeEnabled: false
13:55:47.467 [FXGL Background Thread 3 ] DEBUG Engine               - isMobile: false
13:55:47.467 [FXGL Background Thread 3 ] DEBUG Engine               - isNative: false
13:55:47.467 [FXGL Background Thread 3 ] DEBUG Engine               - isPauseMusicWhenMinimized: true
13:55:47.467 [FXGL Background Thread 3 ] DEBUG Engine               - isPreserveResizeRatio: false
13:55:47.467 [FXGL Background Thread 3 ] DEBUG Engine               - isProfilingEnabled: false
13:55:47.467 [FXGL Background Thread 3 ] DEBUG Engine               - isScaleAffectedOnResize: true
13:55:47.467 [FXGL Background Thread 3 ] DEBUG Engine               - isSingleStep: false
13:55:47.467 [FXGL Background Thread 3 ] DEBUG Engine               - isUserProfileEnabled: false
13:55:47.467 [FXGL Background Thread 3 ] DEBUG Engine               - isWindows: true
13:55:47.467 [FXGL Background Thread 3 ] DEBUG Engine               - language: ObjectProperty [value: ENGLISH]
13:55:47.467 [FXGL Background Thread 3 ] DEBUG Engine               - menuKey: ESCAPE
13:55:47.468 [FXGL Background Thread 3 ] DEBUG Engine               - mouseSensitivity: 0.2
13:55:47.468 [FXGL Background Thread 3 ] DEBUG Engine               - notificationViewClass: class com.almasb.fxgl.notification.view.XboxNotificationView
13:55:47.468 [FXGL Background Thread 3 ] DEBUG Engine               - pixelsPerMeter: 50.0
13:55:47.468 [FXGL Background Thread 3 ] DEBUG Engine               - platform: WINDOWS
13:55:47.468 [FXGL Background Thread 3 ] DEBUG Engine               - prefHeightProperty: ReadOnlyDoubleProperty [value: 600.0]
13:55:47.468 [FXGL Background Thread 3 ] DEBUG Engine               - prefWidthProperty: ReadOnlyDoubleProperty [value: 600.0]
13:55:47.468 [FXGL Background Thread 3 ] DEBUG Engine               - profileDir: profiles/
13:55:47.468 [FXGL Background Thread 3 ] DEBUG Engine               - profileName: StringProperty [value: DEFAULT]
13:55:47.468 [FXGL Background Thread 3 ] DEBUG Engine               - randomSeed: -1
13:55:47.468 [FXGL Background Thread 3 ] DEBUG Engine               - runtimeInfo: RuntimeInfo(platform=WINDOWS, version=dev-SNAPSHOT, build=28.07.2021 16.39)
13:55:47.468 [FXGL Background Thread 3 ] DEBUG Engine               - saveFileExt: sav
13:55:47.468 [FXGL Background Thread 3 ] DEBUG Engine               - scaledHeightProp$fxgl: DoubleProperty [bound, value: 600.0]
13:55:47.468 [FXGL Background Thread 3 ] DEBUG Engine               - scaledWidthProp$fxgl: DoubleProperty [bound, value: 600.0]
13:55:47.468 [FXGL Background Thread 3 ] DEBUG Engine               - sceneFactory: com.ward_cunningham_38.teacherbomber.TeacherBomberApp$1@c868471
13:55:47.468 [FXGL Background Thread 3 ] DEBUG Engine               - secondsIn24h: 60
13:55:47.468 [FXGL Background Thread 3 ] DEBUG Engine               - soundMenuBack: menu/back.wav
13:55:47.468 [FXGL Background Thread 3 ] DEBUG Engine               - soundMenuPress: menu/press.wav
13:55:47.468 [FXGL Background Thread 3 ] DEBUG Engine               - soundMenuSelect: menu/select.wav
13:55:47.468 [FXGL Background Thread 3 ] DEBUG Engine               - soundNotification: core/notification.wav
13:55:47.468 [FXGL Background Thread 3 ] DEBUG Engine               - stageStyle: DECORATED
13:55:47.468 [FXGL Background Thread 3 ] DEBUG Engine               - supportedLanguages: [ENGLISH, FRENCH, GERMAN, HUNGARIAN, RUSSIAN]
13:55:47.468 [FXGL Background Thread 3 ] DEBUG Engine               - ticksPerSecond: -1
13:55:47.469 [FXGL Background Thread 3 ] DEBUG Engine               - title: Bomberman App
13:55:47.469 [FXGL Background Thread 3 ] DEBUG Engine               - urlGithub: https://github.com/AlmasB/FXGL
13:55:47.469 [FXGL Background Thread 3 ] DEBUG Engine               - urlLeaderboard: http://fxgl-top.herokuapp.com/
13:55:47.469 [FXGL Background Thread 3 ] DEBUG Engine               - urlPOM: https://raw.githubusercontent.com/AlmasB/FXGL/release/README.md
13:55:47.469 [FXGL Background Thread 3 ] DEBUG Engine               - userAppClass: class com.ward_cunningham_38.teacherbomber.TeacherBomberApp
13:55:47.469 [FXGL Background Thread 3 ] DEBUG Engine               - version: 0.1
13:55:47.469 [FXGL Background Thread 3 ] DEBUG Engine               - versionCheckDays: 7
13:55:47.469 [FXGL Background Thread 3 ] DEBUG Engine               - width: 600
13:55:47.469 [FXGL Background Thread 3 ] DEBUG Engine               - Logging services
13:55:47.469 [FXGL Background Thread 3 ] DEBUG Engine               - class com.almasb.fxgl.app.services.FXGLAssetLoaderService
13:55:47.469 [FXGL Background Thread 3 ] DEBUG Engine               - class com.almasb.fxgl.app.FXGLApplication$GameApplicationService
13:55:47.469 [FXGL Background Thread 3 ] DEBUG Engine               - class com.almasb.fxgl.app.services.FXGLDialogService
13:55:47.469 [FXGL Background Thread 3 ] DEBUG Engine               - class com.almasb.fxgl.app.services.IOTaskExecutorService
13:55:47.469 [FXGL Background Thread 3 ] DEBUG Engine               - class com.almasb.fxgl.io.FileSystemService
13:55:47.469 [FXGL Background Thread 3 ] DEBUG Engine               - class com.almasb.fxgl.localization.LocalizationService
13:55:47.469 [FXGL Background Thread 3 ] DEBUG Engine               - class com.almasb.fxgl.app.services.SystemBundleService
13:55:47.469 [FXGL Background Thread 3 ] DEBUG Engine               - class com.almasb.fxgl.profile.SaveLoadService
13:55:47.469 [FXGL Background Thread 3 ] DEBUG Engine               - class com.almasb.fxgl.ui.FXGLUIFactoryServiceProvider
13:55:47.469 [FXGL Background Thread 3 ] DEBUG Engine               - class com.almasb.fxgl.ui.FXGLDialogFactoryServiceProvider
13:55:47.469 [FXGL Background Thread 3 ] DEBUG Engine               - class com.almasb.fxgl.audio.AudioPlayer
13:55:47.469 [FXGL Background Thread 3 ] DEBUG Engine               - class com.almasb.fxgl.notification.impl.NotificationServiceProvider
13:55:47.469 [FXGL Background Thread 3 ] DEBUG Engine               - class com.almasb.fxgl.achievement.AchievementService
13:55:47.469 [FXGL Background Thread 3 ] DEBUG Engine               - class com.almasb.fxgl.cutscene.CutsceneService
13:55:47.469 [FXGL Background Thread 3 ] DEBUG Engine               - class com.almasb.fxgl.minigames.MiniGameService
13:55:47.469 [FXGL Background Thread 3 ] DEBUG Engine               - class com.almasb.fxgl.net.NetService
13:55:47.469 [FXGL Background Thread 3 ] DEBUG Engine               - class com.almasb.fxgl.app.services.UpdaterService
13:55:47.470 [FXGL Background Thread 3 ] DEBUG Engine               - class com.almasb.fxgl.dev.DevService
13:55:59.021 [JavaFX Application Thread] DEBUG FXGLApplication      - Exiting FXGL
13:55:59.021 [JavaFX Application Thread] DEBUG Async                - Shutting down background threads
13:55:59.021 [JavaFX Application Thread] DEBUG PrimaryStageWindow   - Closing main window
13:55:59.036 [JavaFX Application Thread] DEBUG Logger               - Closing Logger
