12:16:34.025 [main                     ] DEBUG Logger               - Configured Logger
12:16:34.030 [main                     ] DEBUG GameApplication      - Logging settings
Title: Bomberman App
Version:  
Width: 600
Height: 600
Fullscreen: false
Intro: false
Profiling: false
Single step:false
App Mode: DEVELOPER
Menu Key: ESCAPE
Stage Style: DECORATED
Scene Factory: class com.ward_cunningham_38.teacherbomber.TeacherBomberApp$1

12:16:35.275 [JavaFX Application Thread] DEBUG FXGLApplication      - Initializing FXGL
12:16:35.277 [JavaFX Application Thread] INFO  Engine               - FXGL-dev-SNAPSHOT (28.07.2021 16.39) on WINDOWS (J:18 FX:16)
12:16:35.277 [JavaFX Application Thread] DEBUG Engine               - JRE Vendor Name: Oracle Corporation
12:16:35.277 [JavaFX Application Thread] DEBUG Engine               - Running on OS: Windows 10 version 10.0
12:16:35.278 [JavaFX Application Thread] DEBUG Engine               - Architecture: amd64
12:16:35.279 [JavaFX Application Thread] INFO  Engine               - Source code and latest versions at: https://github.com/AlmasB/FXGL
12:16:35.279 [JavaFX Application Thread] INFO  Engine               -              Join the FXGL chat at: https://gitter.im/AlmasB/FXGL
12:16:35.402 [JavaFX Application Thread] DEBUG PrimaryStageWindow   - Creating a JavaFX scene
12:16:35.451 [JavaFX Application Thread] DEBUG PrimaryStageWindow   - Target settings size: 600.0 x 600.0
12:16:35.451 [JavaFX Application Thread] DEBUG PrimaryStageWindow   - Scaled scene size:    600.0 x 600.0
12:16:35.451 [JavaFX Application Thread] DEBUG PrimaryStageWindow   - Scaled ratio: (1.0, 1.0)
12:16:35.452 [JavaFX Application Thread] DEBUG PrimaryStageWindow   - Set initial scene to FXGLStartupScene
12:16:35.462 [JavaFX Application Thread] DEBUG PrimaryStageWindow   - Opening main window
12:16:35.573 [JavaFX Application Thread] DEBUG PrimaryStageWindow   - Window border size: (16.0, 39.0)
12:16:35.573 [JavaFX Application Thread] DEBUG PrimaryStageWindow   - Scaled size: 600.0 x 600.0
12:16:35.573 [JavaFX Application Thread] DEBUG PrimaryStageWindow   - Scaled ratio: (1.0, 1.0)
12:16:35.574 [JavaFX Application Thread] DEBUG PrimaryStageWindow   - Scene size: 600.0 x 600.0
12:16:35.574 [JavaFX Application Thread] DEBUG PrimaryStageWindow   - Stage size: 616.0 x 639.0
12:16:35.586 [FXGL Background Thread 1 ] DEBUG Engine               - Initializing environment variables
12:16:35.672 [FXGL Background Thread 1 ] DEBUG FXGLAssetLoaderServi - User app class for loading assets: class com.ward_cunningham_38.teacherbomber.TeacherBomberApp
12:16:35.673 [FXGL Background Thread 1 ] DEBUG GameApplicationServi - Applying CSS: fxgl_dark.css
12:16:35.674 [FXGL Background Thread 1 ] DEBUG FXGLAssetLoaderServi - Loading from file system: jar:file:/C:/Users/Raven/.m2/repository/com/github/almasb/fxgl/dev-SNAPSHOT/fxgl-dev-20210728.163953-1821.jar!/fxglassets/ui/css/fxgl_dark.css
12:16:35.715 [FXGL Background Thread 1 ] DEBUG GameApplicationServi - Initializing application scenes
12:16:35.765 [FXGL Background Thread 1 ] DEBUG GameWorld            - Game world initialized
12:16:35.836 [FXGL Background Thread 1 ] DEBUG PhysicsWorld         - Physics world initialized: appHeight=600, physics.ppm=50.0
12:16:35.836 [FXGL Background Thread 1 ] DEBUG PhysicsWorld         - Using strategy: BRUTE_FORCE
12:16:35.839 [FXGL Background Thread 1 ] DEBUG GameScene            - Game scene initialized: 600x600
12:16:35.841 [FXGL Background Thread 1 ] WARN  FXGLAssetLoaderServi - Asset "/assets/textures/background.png" was not found!
12:16:35.846 [FXGL Background Thread 1 ] WARN  FXGLAssetLoaderServi - Failed to load RESIZABLE_IMAGE
12:16:35.903 [FXGL Background Thread 1 ] WARN  FXGL.DefaultMenu     - FXGLDefaultMenu is not designed for resolutions < 800x600
12:16:35.903 [FXGL Background Thread 1 ] DEBUG FXGL.DefaultMenu     - createMenuBodyGameMenu()
12:16:35.918 [FXGL Background Thread 1 ] DEBUG FXGL.DefaultMenu     - createOptionsMenu()
12:16:35.927 [FXGL Background Thread 1 ] DEBUG FXGLAssetLoaderServi - Loading from file system: jar:file:/C:/Users/Raven/.m2/repository/com/github/almasb/fxgl/dev-SNAPSHOT/fxgl-dev-20210728.163953-1821.jar!/fxglassets/textures/particles/smoke.png
12:16:36.037 [FXGL Background Thread 1 ] DEBUG FXGLAssetLoaderServi - Loading from file system: jar:file:/C:/Users/Raven/.m2/repository/com/github/almasb/fxgl/dev-SNAPSHOT/fxgl-dev-20210728.163953-1821.jar!/fxglassets/textures/particles/trace_horizontal.png
12:16:36.074 [FXGL Background Thread 1 ] DEBUG GameApplicationServi - Application scenes initialized
12:16:36.091 [FXGL Background Thread 1 ] DEBUG SystemBundleService  - Loading FXGL system data
12:16:36.095 [FXGL Background Thread 1 ] DEBUG FileSystemAccess     - Reading from: C:\Users\Raven\Documents\School\IPOSE\IPOSE-TeacherBomber\Bomberman\system\fxgl.bundle
12:16:36.108 [FXGL Background Thread 1 ] DEBUG SystemBundleService  - Bundle FXGL: {}
12:16:36.108 [FXGL Background Thread 1 ] DEBUG UpdaterService       - Checking for updates
12:16:36.113 [FXGL Background Thread 4 ] DEBUG FXGLApplication      - Loading fonts
12:16:36.114 [FXGL Background Thread 4 ] DEBUG FXGLAssetLoaderServi - Loading from file system: jar:file:/C:/Users/Raven/.m2/repository/com/github/almasb/fxgl/dev-SNAPSHOT/fxgl-dev-20210728.163953-1821.jar!/fxglassets/ui/fonts/VarelaRound-Regular.ttf
12:16:36.114 [FXGL Background Thread 1 ] DEBUG FXGLApplication      - Loading default localization
12:16:36.115 [FXGL Background Thread 1 ] DEBUG FXGLAssetLoaderServi - Loading from file system: jar:file:/C:/Users/Raven/.m2/repository/com/github/almasb/fxgl/dev-SNAPSHOT/fxgl-dev-20210728.163953-1821.jar!/fxglassets/languages/english.lang
12:16:36.144 [FXGL Background Thread 1 ] INFO  FXGLApplication      - FXGL initialization took: 0.557 sec
12:16:36.167 [JavaFX Application Thread] DEBUG Input                - Registered new binding: Move Up W - W
12:16:36.167 [JavaFX Application Thread] DEBUG Input                - Registered new binding: Move Left A - A
12:16:36.167 [JavaFX Application Thread] DEBUG Input                - Registered new binding: Move Down S - S
12:16:36.168 [JavaFX Application Thread] DEBUG Input                - Registered new binding: Move Right D - D
12:16:36.168 [JavaFX Application Thread] DEBUG Input                - Registered new binding: Place Bomb F - F
12:16:36.168 [JavaFX Application Thread] DEBUG Input                - Registered new binding: Move Up Arrow - Up
12:16:36.168 [JavaFX Application Thread] DEBUG Input                - Registered new binding: Move Left Arrow - Left
12:16:36.169 [JavaFX Application Thread] DEBUG Input                - Registered new binding: Move Down Arrow - Down
12:16:36.169 [JavaFX Application Thread] DEBUG Input                - Registered new binding: Move Right Arrow - Right
12:16:36.169 [JavaFX Application Thread] DEBUG Input                - Registered new binding: Place Bomb  - Numpad 0
12:16:36.170 [JavaFX Application Thread] DEBUG FXGLAssetLoaderServi - Loading from file system: jar:file:/C:/Users/Raven/.m2/repository/com/github/almasb/fxgl/dev-SNAPSHOT/fxgl-dev-20210728.163953-1821.jar!/fxglassets/textures/fxgl_icon.png
12:16:36.203 [JavaFX Application Thread] DEBUG FXGLAssetLoaderServi - Loading from file system: jar:file:/C:/Users/Raven/.m2/repository/com/github/almasb/fxgl/dev-SNAPSHOT/fxgl-dev-20210728.163953-1821.jar!/fxglassets/textures/fxgl_default_cursor.png
12:16:36.206 [JavaFX Application Thread] DEBUG Input                - Registered new binding: Screenshot - CTRL+8
12:16:36.206 [JavaFX Application Thread] DEBUG Input                - Registered new binding: System info dump - CTRL+9
12:16:36.207 [JavaFX Application Thread] DEBUG Input                - Registered new binding: Restart - CTRL+R
12:16:36.208 [JavaFX Application Thread] DEBUG Input                - Registered new binding: Toggle Debug Camera - CTRL+C
12:16:36.212 [JavaFX Application Thread] DEBUG LoopRunner           - Starting loop
12:16:36.212 [JavaFX Application Thread] DEBUG LoopRunner           - Initializing JavaFX AnimationTimerLoop
12:16:36.216 [JavaFX Application Thread] DEBUG Input                - Clearing active input actions
12:16:36.228 [JavaFX Application Thread] DEBUG GameApplicationServi - Removing overlay from FXGLStartupScene and adding to FXGLMainMenuDummyScene
12:16:36.228 [JavaFX Application Thread] DEBUG PrimaryStageWindow   - FXGLStartupScene -> FXGLMainMenuDummyScene
12:16:36.228 [JavaFX Application Thread] DEBUG PrimaryStageWindow   - Push state: MyGameMenu
12:16:36.229 [JavaFX Application Thread] DEBUG Input                - Clearing active input actions
12:16:36.235 [JavaFX Application Thread] DEBUG GameApplicationServi - Removing overlay from FXGLMainMenuDummyScene and adding to MyGameMenu
12:16:36.236 [JavaFX Application Thread] DEBUG PrimaryStageWindow   - FXGLMainMenuDummyScene -> MyGameMenu
12:16:36.257 [FXGL Background Thread 4 ] DEBUG FXGLAssetLoaderServi - Loading from file system: jar:file:/C:/Users/Raven/.m2/repository/com/github/almasb/fxgl/dev-SNAPSHOT/fxgl-dev-20210728.163953-1821.jar!/fxglassets/ui/fonts/Abel-Regular.ttf
12:16:36.269 [FXGL Background Thread 4 ] DEBUG FXGLAssetLoaderServi - Loading from file system: jar:file:/C:/Users/Raven/.m2/repository/com/github/almasb/fxgl/dev-SNAPSHOT/fxgl-dev-20210728.163953-1821.jar!/fxglassets/ui/fonts/lucida_console.ttf
12:16:36.285 [FXGL Background Thread 4 ] DEBUG FXGLAssetLoaderServi - Loading from file system: jar:file:/C:/Users/Raven/.m2/repository/com/github/almasb/fxgl/dev-SNAPSHOT/fxgl-dev-20210728.163953-1821.jar!/fxglassets/ui/fonts/Courier-Prime.ttf
12:16:36.299 [JavaFX Application Thread] DEBUG FXGLApplication      - Registering font factories with UI factory
12:16:36.532 [FXGL Background Thread 2 ] INFO  UpdaterService       - Your current version:  dev-SNAPSHOT
12:16:36.532 [FXGL Background Thread 2 ] INFO  UpdaterService       - Latest stable version: 17.1
12:16:38.392 [JavaFX Application Thread] DEBUG FXGLApplication      - Exiting FXGL
12:16:38.392 [JavaFX Application Thread] DEBUG LoopRunner           - Stopping loop
12:16:38.392 [JavaFX Application Thread] DEBUG SystemBundleService  - Saving FXGL system data
12:16:38.395 [JavaFX Application Thread] DEBUG FileSystemAccess     - Writing to: C:\Users\Raven\Documents\School\IPOSE\IPOSE-TeacherBomber\Bomberman\system\fxgl.bundle
12:16:38.397 [JavaFX Application Thread] DEBUG Async                - Shutting down background threads
12:16:38.398 [JavaFX Application Thread] DEBUG PrimaryStageWindow   - Closing main window
12:16:38.411 [JavaFX Application Thread] DEBUG Logger               - Closing Logger
