10:44:46.897 [main                     ] DEBUG Logger               - Configured Logger
10:44:46.902 [main                     ] DEBUG GameApplication      - Logging settings
Title: Bomberman App
Version: 0.1
Width: 600
Height: 600
Fullscreen: false
Intro: false
Profiling: false
Single step:false
App Mode: DEVELOPER
Menu Key: ESCAPE
Stage Style: DECORATED
Scene Factory: class com.ward_cunningham_38.teacherbomber.BombermanApp$1

10:44:47.597 [JavaFX Application Thread] DEBUG FXGLApplication      - Initializing FXGL
10:44:47.599 [JavaFX Application Thread] INFO  Engine               - FXGL-dev-SNAPSHOT (28.07.2021 16.39) on WINDOWS (J:18 FX:16)
10:44:47.599 [JavaFX Application Thread] DEBUG Engine               - JRE Vendor Name: Oracle Corporation
10:44:47.599 [JavaFX Application Thread] DEBUG Engine               - Running on OS: Windows 10 version 10.0
10:44:47.599 [JavaFX Application Thread] DEBUG Engine               - Architecture: amd64
10:44:47.599 [JavaFX Application Thread] INFO  Engine               - Source code and latest versions at: https://github.com/AlmasB/FXGL
10:44:47.599 [JavaFX Application Thread] INFO  Engine               -              Join the FXGL chat at: https://gitter.im/AlmasB/FXGL
10:44:47.694 [JavaFX Application Thread] DEBUG PrimaryStageWindow   - Creating a JavaFX scene
10:44:47.737 [JavaFX Application Thread] DEBUG PrimaryStageWindow   - Target settings size: 600.0 x 600.0
10:44:47.738 [JavaFX Application Thread] DEBUG PrimaryStageWindow   - Scaled scene size:    600.0 x 600.0
10:44:47.738 [JavaFX Application Thread] DEBUG PrimaryStageWindow   - Scaled ratio: (1.0, 1.0)
10:44:47.738 [JavaFX Application Thread] DEBUG PrimaryStageWindow   - Set initial scene to FXGLStartupScene
10:44:47.747 [JavaFX Application Thread] DEBUG PrimaryStageWindow   - Opening main window
10:44:47.839 [JavaFX Application Thread] DEBUG PrimaryStageWindow   - Window border size: (16.0, 39.0)
10:44:47.839 [JavaFX Application Thread] DEBUG PrimaryStageWindow   - Scaled size: 600.0 x 600.0
10:44:47.840 [JavaFX Application Thread] DEBUG PrimaryStageWindow   - Scaled ratio: (1.0, 1.0)
10:44:47.840 [JavaFX Application Thread] DEBUG PrimaryStageWindow   - Scene size: 600.0 x 600.0
10:44:47.840 [JavaFX Application Thread] DEBUG PrimaryStageWindow   - Stage size: 616.0 x 639.0
10:44:47.848 [FXGL Background Thread 1 ] DEBUG Engine               - Initializing environment variables
10:44:47.930 [FXGL Background Thread 1 ] DEBUG FXGLAssetLoaderServi - User app class for loading assets: class com.ward_cunningham_38.teacherbomber.BombermanApp
10:44:47.931 [FXGL Background Thread 1 ] DEBUG GameApplicationServi - Applying CSS: fxgl_dark.css
10:44:47.931 [FXGL Background Thread 1 ] DEBUG FXGLAssetLoaderServi - Loading from file system: jar:file:/C:/Users/Christiaan/.m2/repository/com/github/almasb/fxgl/dev-SNAPSHOT/fxgl-dev-20210728.163953-1821.jar!/fxglassets/ui/css/fxgl_dark.css
10:44:47.973 [FXGL Background Thread 1 ] DEBUG GameApplicationServi - Initializing application scenes
10:44:48.020 [FXGL Background Thread 1 ] DEBUG GameWorld            - Game world initialized
10:44:48.087 [FXGL Background Thread 1 ] DEBUG PhysicsWorld         - Physics world initialized: appHeight=600, physics.ppm=50,0
10:44:48.088 [FXGL Background Thread 1 ] DEBUG PhysicsWorld         - Using strategy: BRUTE_FORCE
10:44:48.090 [FXGL Background Thread 1 ] DEBUG GameScene            - Game scene initialized: 600x600
10:44:48.097 [FXGL Background Thread 1 ] DEBUG FXGLAssetLoaderServi - Loading from file system: jar:file:/C:/Users/Christiaan/.m2/repository/com/github/almasb/fxgl/dev-SNAPSHOT/fxgl-dev-20210728.163953-1821.jar!/fxglassets/textures/pause_menu_bg.png
10:44:48.158 [FXGL Background Thread 1 ] DEBUG GameApplicationServi - Application scenes initialized
10:44:48.175 [FXGL Background Thread 1 ] DEBUG SystemBundleService  - Loading FXGL system data
10:44:48.181 [FXGL Background Thread 1 ] DEBUG FileSystemAccess     - Reading from: C:\Users\Christiaan\Documents\GitHub\IPOSE-TeacherBomber\Bomberman\system\fxgl.bundle
10:44:48.190 [FXGL Background Thread 1 ] DEBUG SystemBundleService  - Bundle FXGL: {}
10:44:48.190 [FXGL Background Thread 1 ] DEBUG UpdaterService       - Checking for updates
10:44:48.197 [FXGL Background Thread 4 ] DEBUG FXGLApplication      - Loading fonts
10:44:48.198 [FXGL Background Thread 1 ] DEBUG FXGLApplication      - Loading default localization
10:44:48.198 [FXGL Background Thread 1 ] DEBUG FXGLAssetLoaderServi - Loading from file system: jar:file:/C:/Users/Christiaan/.m2/repository/com/github/almasb/fxgl/dev-SNAPSHOT/fxgl-dev-20210728.163953-1821.jar!/fxglassets/languages/english.lang
10:44:48.228 [FXGL Background Thread 1 ] INFO  FXGLApplication      - FXGL initialization took: 0,379 sec
10:44:48.243 [JavaFX Application Thread] DEBUG Input                - Registered new binding: Move Up - W
10:44:48.243 [JavaFX Application Thread] DEBUG Input                - Registered new binding: Move Left - A
10:44:48.244 [JavaFX Application Thread] DEBUG Input                - Registered new binding: Move Down - S
10:44:48.244 [JavaFX Application Thread] DEBUG Input                - Registered new binding: Move Right - D
10:44:48.244 [JavaFX Application Thread] DEBUG Input                - Registered new binding: Place Bomb - F
10:44:48.245 [JavaFX Application Thread] DEBUG FXGLAssetLoaderServi - Loading from file system: jar:file:/C:/Users/Christiaan/.m2/repository/com/github/almasb/fxgl/dev-SNAPSHOT/fxgl-dev-20210728.163953-1821.jar!/fxglassets/textures/fxgl_icon.png
10:44:48.298 [FXGL Background Thread 4 ] DEBUG FXGLAssetLoaderServi - Loading from file system: jar:file:/C:/Users/Christiaan/.m2/repository/com/github/almasb/fxgl/dev-SNAPSHOT/fxgl-dev-20210728.163953-1821.jar!/fxglassets/ui/fonts/Abel-Regular.ttf
10:44:48.299 [JavaFX Application Thread] DEBUG FXGLAssetLoaderServi - Loading from file system: jar:file:/C:/Users/Christiaan/.m2/repository/com/github/almasb/fxgl/dev-SNAPSHOT/fxgl-dev-20210728.163953-1821.jar!/fxglassets/textures/fxgl_default_cursor.png
10:44:48.302 [FXGL Background Thread 4 ] DEBUG FXGLAssetLoaderServi - Loading from file system: jar:file:/C:/Users/Christiaan/.m2/repository/com/github/almasb/fxgl/dev-SNAPSHOT/fxgl-dev-20210728.163953-1821.jar!/fxglassets/ui/fonts/lucida_console.ttf
10:44:48.303 [JavaFX Application Thread] DEBUG Input                - Registered new binding: Screenshot - CTRL+8
10:44:48.304 [JavaFX Application Thread] DEBUG Input                - Registered new binding: System info dump - CTRL+9
10:44:48.305 [JavaFX Application Thread] DEBUG Input                - Registered new binding: Restart - CTRL+R
10:44:48.306 [JavaFX Application Thread] DEBUG Input                - Registered new binding: Toggle Debug Camera - CTRL+C
10:44:48.309 [JavaFX Application Thread] DEBUG LoopRunner           - Starting loop
10:44:48.309 [JavaFX Application Thread] DEBUG LoopRunner           - Initializing JavaFX AnimationTimerLoop
10:44:48.312 [JavaFX Application Thread] DEBUG GameApplicationServi - Starting new game
10:44:48.312 [JavaFX Application Thread] DEBUG Input                - Clearing active input actions
10:44:48.328 [JavaFX Application Thread] DEBUG GameApplicationServi - Removing overlay from FXGLStartupScene and adding to FXGLLoadingScene
10:44:48.328 [JavaFX Application Thread] DEBUG PrimaryStageWindow   - FXGLStartupScene -> FXGLLoadingScene
10:44:48.328 [JavaFX Application Thread] DEBUG GameApplicationServi - Clearing previous game
10:44:48.329 [JavaFX Application Thread] DEBUG GameScene            - Clearing game scene
10:44:48.329 [JavaFX Application Thread] DEBUG GameWorld            - Clearing game world
10:44:48.329 [JavaFX Application Thread] DEBUG PhysicsWorld         - Clearing physics world
10:44:48.331 [FXGL Background Thread 4 ] DEBUG FXGLApplication      - Initializing game
10:44:48.348 [FXGL Background Thread 4 ] DEBUG FXGLAssetLoaderServi - Loading from file system: file:/C:/Users/Christiaan/Documents/GitHub/IPOSE-TeacherBomber/Bomberman/target/classes/assets/textures/brick.png
10:44:48.385 [JavaFX Application Thread] DEBUG FXGLApplication      - Registering font factories with UI factory
10:44:48.422 [FXGL Background Thread 4 ] DEBUG GameWorld            - Clearing removable entities
10:44:48.422 [FXGL Background Thread 4 ] DEBUG GameWorld            - Setting level: com.almasb.fxgl.entity.level.Level@34d6e776
10:44:48.486 [FXGL Background Thread 4 ] INFO  FXGLApplication      - Game initialization took: 0,155 sec
10:44:48.497 [JavaFX Application Thread] DEBUG Input                - Clearing active input actions
10:44:48.515 [JavaFX Application Thread] DEBUG GameApplicationServi - Removing overlay from FXGLLoadingScene and adding to GameScene
10:44:48.515 [JavaFX Application Thread] DEBUG PrimaryStageWindow   - FXGLLoadingScene -> GameScene
10:44:48.663 [FXGL Background Thread 2 ] INFO  UpdaterService       - Your current version:  dev-SNAPSHOT
10:44:48.663 [FXGL Background Thread 2 ] INFO  UpdaterService       - Latest stable version: 17.1
10:44:51.197 [FXGL Background Thread 3 ] DEBUG Engine               - Logging environment variables
10:44:51.197 [FXGL Background Thread 3 ] DEBUG Engine               - achievements: []
10:44:51.197 [FXGL Background Thread 3 ] DEBUG Engine               - actualHeight: 600.0
10:44:51.197 [FXGL Background Thread 3 ] DEBUG Engine               - actualHeightProperty: ReadOnlyDoubleProperty [value: 600.0]
10:44:51.198 [FXGL Background Thread 3 ] DEBUG Engine               - actualWidth: 600.0
10:44:51.198 [FXGL Background Thread 3 ] DEBUG Engine               - actualWidthProperty: ReadOnlyDoubleProperty [value: 600.0]
10:44:51.198 [FXGL Background Thread 3 ] DEBUG Engine               - appIcon: fxgl_icon.png
10:44:51.198 [FXGL Background Thread 3 ] DEBUG Engine               - applicationMode: DEVELOPER
10:44:51.198 [FXGL Background Thread 3 ] DEBUG Engine               - cSSList: [fxgl_dark.css]
10:44:51.198 [FXGL Background Thread 3 ] DEBUG Engine               - collisionDetectionStrategy: BRUTE_FORCE
10:44:51.198 [FXGL Background Thread 3 ] DEBUG Engine               - configClass: Optional.empty
10:44:51.198 [FXGL Background Thread 3 ] DEBUG Engine               - credits: []
10:44:51.198 [FXGL Background Thread 3 ] DEBUG Engine               - defaultCursor: CursorInfo(imageName=fxgl_default_cursor.png, hotspotX=7.0, hotspotY=6.0)
10:44:51.199 [FXGL Background Thread 3 ] DEBUG Engine               - devBBoxColorProperty: ObjectProperty [value: 0xff0000ff]
10:44:51.199 [FXGL Background Thread 3 ] DEBUG Engine               - devEnableDebugCameraProperty: BooleanProperty [value: false]
10:44:51.199 [FXGL Background Thread 3 ] DEBUG Engine               - devSensorColorProperty: ObjectProperty [value: 0xffff00ff]
10:44:51.199 [FXGL Background Thread 3 ] DEBUG Engine               - devShowBBoxProperty: BooleanProperty [value: false]
10:44:51.199 [FXGL Background Thread 3 ] DEBUG Engine               - devShowPositionProperty: BooleanProperty [value: false]
10:44:51.199 [FXGL Background Thread 3 ] DEBUG Engine               - enabledMenuItems: []
10:44:51.200 [FXGL Background Thread 3 ] DEBUG Engine               - engineServices: [class com.almasb.fxgl.app.services.FXGLAssetLoaderService, class com.almasb.fxgl.app.FXGLApplication$GameApplicationService, class com.almasb.fxgl.app.services.FXGLDialogService, class com.almasb.fxgl.app.services.IOTaskExecutorService, class com.almasb.fxgl.io.FileSystemService, class com.almasb.fxgl.localization.LocalizationService, class com.almasb.fxgl.app.services.SystemBundleService, class com.almasb.fxgl.profile.SaveLoadService, class com.almasb.fxgl.ui.FXGLUIFactoryServiceProvider, class com.almasb.fxgl.ui.FXGLDialogFactoryServiceProvider, class com.almasb.fxgl.audio.AudioPlayer, class com.almasb.fxgl.notification.impl.NotificationServiceProvider, class com.almasb.fxgl.achievement.AchievementService, class com.almasb.fxgl.cutscene.CutsceneService, class com.almasb.fxgl.minigames.MiniGameService, class com.almasb.fxgl.net.NetService, class com.almasb.fxgl.app.services.UpdaterService, class com.almasb.fxgl.dev.DevService]
10:44:51.200 [FXGL Background Thread 3 ] DEBUG Engine               - fontGame: Abel-Regular.ttf
10:44:51.200 [FXGL Background Thread 3 ] DEBUG Engine               - fontMono: lucida_console.ttf
10:44:51.200 [FXGL Background Thread 3 ] DEBUG Engine               - fontText: Courier-Prime.ttf
10:44:51.200 [FXGL Background Thread 3 ] DEBUG Engine               - fontUI: VarelaRound-Regular.ttf
10:44:51.200 [FXGL Background Thread 3 ] DEBUG Engine               - fullScreen: BooleanProperty [value: false]
10:44:51.200 [FXGL Background Thread 3 ] DEBUG Engine               - gameDifficulty: MEDIUM
10:44:51.200 [FXGL Background Thread 3 ] DEBUG Engine               - gameDifficultyProperty: ObjectProperty [value: MEDIUM]
10:44:51.200 [FXGL Background Thread 3 ] DEBUG Engine               - globalMusicVolume: 0.5
10:44:51.200 [FXGL Background Thread 3 ] DEBUG Engine               - globalMusicVolumeProperty: DoubleProperty [value: 0.5]
10:44:51.200 [FXGL Background Thread 3 ] DEBUG Engine               - globalSoundVolume: 0.5
10:44:51.200 [FXGL Background Thread 3 ] DEBUG Engine               - globalSoundVolumeProperty: DoubleProperty [value: 0.5]
10:44:51.200 [FXGL Background Thread 3 ] DEBUG Engine               - height: 600
10:44:51.200 [FXGL Background Thread 3 ] DEBUG Engine               - is3D: false
10:44:51.200 [FXGL Background Thread 3 ] DEBUG Engine               - isAndroid: false
10:44:51.200 [FXGL Background Thread 3 ] DEBUG Engine               - isBrowser: false
10:44:51.201 [FXGL Background Thread 3 ] DEBUG Engine               - isClickFeedbackEnabled: false
10:44:51.201 [FXGL Background Thread 3 ] DEBUG Engine               - isCloseConfirmation: false
10:44:51.201 [FXGL Background Thread 3 ] DEBUG Engine               - isDesktop: true
10:44:51.201 [FXGL Background Thread 3 ] DEBUG Engine               - isDeveloperMenuEnabled: false
10:44:51.201 [FXGL Background Thread 3 ] DEBUG Engine               - isEmbedded: false
10:44:51.201 [FXGL Background Thread 3 ] DEBUG Engine               - isEntityPreloadEnabled: true
10:44:51.201 [FXGL Background Thread 3 ] DEBUG Engine               - isExperimentalTiledLargeMap: false
10:44:51.201 [FXGL Background Thread 3 ] DEBUG Engine               - isFileSystemWriteAllowed: true
10:44:51.201 [FXGL Background Thread 3 ] DEBUG Engine               - isFullScreenAllowed: false
10:44:51.201 [FXGL Background Thread 3 ] DEBUG Engine               - isFullScreenFromStart: false
10:44:51.201 [FXGL Background Thread 3 ] DEBUG Engine               - isGameMenuEnabled: true
10:44:51.201 [FXGL Background Thread 3 ] DEBUG Engine               - isIOS: false
10:44:51.201 [FXGL Background Thread 3 ] DEBUG Engine               - isIntroEnabled: false
10:44:51.201 [FXGL Background Thread 3 ] DEBUG Engine               - isLinux: false
10:44:51.201 [FXGL Background Thread 3 ] DEBUG Engine               - isMac: false
10:44:51.201 [FXGL Background Thread 3 ] DEBUG Engine               - isMainMenuEnabled: false
10:44:51.201 [FXGL Background Thread 3 ] DEBUG Engine               - isManualResizeEnabled: false
10:44:51.201 [FXGL Background Thread 3 ] DEBUG Engine               - isMobile: false
10:44:51.201 [FXGL Background Thread 3 ] DEBUG Engine               - isNative: false
10:44:51.201 [FXGL Background Thread 3 ] DEBUG Engine               - isPauseMusicWhenMinimized: true
10:44:51.201 [FXGL Background Thread 3 ] DEBUG Engine               - isPreserveResizeRatio: false
10:44:51.201 [FXGL Background Thread 3 ] DEBUG Engine               - isProfilingEnabled: false
10:44:51.201 [FXGL Background Thread 3 ] DEBUG Engine               - isScaleAffectedOnResize: true
10:44:51.202 [FXGL Background Thread 3 ] DEBUG Engine               - isSingleStep: false
10:44:51.202 [FXGL Background Thread 3 ] DEBUG Engine               - isUserProfileEnabled: false
10:44:51.202 [FXGL Background Thread 3 ] DEBUG Engine               - isWindows: true
10:44:51.202 [FXGL Background Thread 3 ] DEBUG Engine               - language: ObjectProperty [value: ENGLISH]
10:44:51.202 [FXGL Background Thread 3 ] DEBUG Engine               - menuKey: ESCAPE
10:44:51.202 [FXGL Background Thread 3 ] DEBUG Engine               - mouseSensitivity: 0.2
10:44:51.202 [FXGL Background Thread 3 ] DEBUG Engine               - notificationViewClass: class com.almasb.fxgl.notification.view.XboxNotificationView
10:44:51.202 [FXGL Background Thread 3 ] DEBUG Engine               - pixelsPerMeter: 50.0
10:44:51.202 [FXGL Background Thread 3 ] DEBUG Engine               - platform: WINDOWS
10:44:51.202 [FXGL Background Thread 3 ] DEBUG Engine               - prefHeightProperty: ReadOnlyDoubleProperty [value: 600.0]
10:44:51.202 [FXGL Background Thread 3 ] DEBUG Engine               - prefWidthProperty: ReadOnlyDoubleProperty [value: 600.0]
10:44:51.202 [FXGL Background Thread 3 ] DEBUG Engine               - profileDir: profiles/
10:44:51.202 [FXGL Background Thread 3 ] DEBUG Engine               - profileName: StringProperty [value: DEFAULT]
10:44:51.202 [FXGL Background Thread 3 ] DEBUG Engine               - randomSeed: -1
10:44:51.202 [FXGL Background Thread 3 ] DEBUG Engine               - runtimeInfo: RuntimeInfo(platform=WINDOWS, version=dev-SNAPSHOT, build=28.07.2021 16.39)
10:44:51.202 [FXGL Background Thread 3 ] DEBUG Engine               - saveFileExt: sav
10:44:51.202 [FXGL Background Thread 3 ] DEBUG Engine               - scaledHeightProp$fxgl: DoubleProperty [bound, value: 600.0]
10:44:51.202 [FXGL Background Thread 3 ] DEBUG Engine               - scaledWidthProp$fxgl: DoubleProperty [bound, value: 600.0]
10:44:51.202 [FXGL Background Thread 3 ] DEBUG Engine               - sceneFactory: com.ward_cunningham_38.teacherbomber.BombermanApp$1@50626db0
10:44:51.202 [FXGL Background Thread 3 ] DEBUG Engine               - secondsIn24h: 60
10:44:51.203 [FXGL Background Thread 3 ] DEBUG Engine               - soundMenuBack: menu/back.wav
10:44:51.203 [FXGL Background Thread 3 ] DEBUG Engine               - soundMenuPress: menu/press.wav
10:44:51.203 [FXGL Background Thread 3 ] DEBUG Engine               - soundMenuSelect: menu/select.wav
10:44:51.203 [FXGL Background Thread 3 ] DEBUG Engine               - soundNotification: core/notification.wav
10:44:51.203 [FXGL Background Thread 3 ] DEBUG Engine               - stageStyle: DECORATED
10:44:51.203 [FXGL Background Thread 3 ] DEBUG Engine               - supportedLanguages: [ENGLISH, FRENCH, GERMAN, HUNGARIAN, RUSSIAN]
10:44:51.203 [FXGL Background Thread 3 ] DEBUG Engine               - ticksPerSecond: -1
10:44:51.203 [FXGL Background Thread 3 ] DEBUG Engine               - title: Bomberman App
10:44:51.203 [FXGL Background Thread 3 ] DEBUG Engine               - urlGithub: https://github.com/AlmasB/FXGL
10:44:51.203 [FXGL Background Thread 3 ] DEBUG Engine               - urlLeaderboard: http://fxgl-top.herokuapp.com/
10:44:51.203 [FXGL Background Thread 3 ] DEBUG Engine               - urlPOM: https://raw.githubusercontent.com/AlmasB/FXGL/release/README.md
10:44:51.203 [FXGL Background Thread 3 ] DEBUG Engine               - userAppClass: class com.ward_cunningham_38.teacherbomber.BombermanApp
10:44:51.203 [FXGL Background Thread 3 ] DEBUG Engine               - version: 0.1
10:44:51.203 [FXGL Background Thread 3 ] DEBUG Engine               - versionCheckDays: 7
10:44:51.203 [FXGL Background Thread 3 ] DEBUG Engine               - width: 600
10:44:51.203 [FXGL Background Thread 3 ] DEBUG Engine               - Logging services
10:44:51.203 [FXGL Background Thread 3 ] DEBUG Engine               - class com.almasb.fxgl.app.services.FXGLAssetLoaderService
10:44:51.203 [FXGL Background Thread 3 ] DEBUG Engine               - class com.almasb.fxgl.app.FXGLApplication$GameApplicationService
10:44:51.203 [FXGL Background Thread 3 ] DEBUG Engine               - class com.almasb.fxgl.app.services.FXGLDialogService
10:44:51.203 [FXGL Background Thread 3 ] DEBUG Engine               - class com.almasb.fxgl.app.services.IOTaskExecutorService
10:44:51.203 [FXGL Background Thread 3 ] DEBUG Engine               - class com.almasb.fxgl.io.FileSystemService
10:44:51.203 [FXGL Background Thread 3 ] DEBUG Engine               - class com.almasb.fxgl.localization.LocalizationService
10:44:51.203 [FXGL Background Thread 3 ] DEBUG Engine               - class com.almasb.fxgl.app.services.SystemBundleService
10:44:51.203 [FXGL Background Thread 3 ] DEBUG Engine               - class com.almasb.fxgl.profile.SaveLoadService
10:44:51.204 [FXGL Background Thread 3 ] DEBUG Engine               - class com.almasb.fxgl.ui.FXGLUIFactoryServiceProvider
10:44:51.204 [FXGL Background Thread 3 ] DEBUG Engine               - class com.almasb.fxgl.ui.FXGLDialogFactoryServiceProvider
10:44:51.204 [FXGL Background Thread 3 ] DEBUG Engine               - class com.almasb.fxgl.audio.AudioPlayer
10:44:51.204 [FXGL Background Thread 3 ] DEBUG Engine               - class com.almasb.fxgl.notification.impl.NotificationServiceProvider
10:44:51.204 [FXGL Background Thread 3 ] DEBUG Engine               - class com.almasb.fxgl.achievement.AchievementService
10:44:51.204 [FXGL Background Thread 3 ] DEBUG Engine               - class com.almasb.fxgl.cutscene.CutsceneService
10:44:51.204 [FXGL Background Thread 3 ] DEBUG Engine               - class com.almasb.fxgl.minigames.MiniGameService
10:44:51.204 [FXGL Background Thread 3 ] DEBUG Engine               - class com.almasb.fxgl.net.NetService
10:44:51.204 [FXGL Background Thread 3 ] DEBUG Engine               - class com.almasb.fxgl.app.services.UpdaterService
10:44:51.204 [FXGL Background Thread 3 ] DEBUG Engine               - class com.almasb.fxgl.dev.DevService
10:44:53.346 [JavaFX Application Thread] DEBUG FXGLAssetLoaderServi - Loading from file system: file:/C:/Users/Christiaan/Documents/GitHub/IPOSE-TeacherBomber/Bomberman/target/classes/assets/textures/bomb.png
10:44:57.861 [JavaFX Application Thread] DEBUG PrimaryStageWindow   - Push state: SimpleGameMenu
10:44:57.861 [JavaFX Application Thread] DEBUG Input                - Clearing active input actions
10:44:57.864 [JavaFX Application Thread] DEBUG GameApplicationServi - Removing overlay from GameScene and adding to SimpleGameMenu
10:44:57.864 [JavaFX Application Thread] DEBUG PrimaryStageWindow   - GameScene -> SimpleGameMenu
10:45:01.055 [JavaFX Application Thread] DEBUG Menu                 - fireExit()
10:45:01.057 [JavaFX Application Thread] DEBUG PrimaryStageWindow   - Push state: DialogSubScene
10:45:01.057 [JavaFX Application Thread] DEBUG Input                - Clearing active input actions
10:45:01.058 [JavaFX Application Thread] DEBUG GameApplicationServi - Removing overlay from SimpleGameMenu and adding to DialogSubScene
10:45:01.058 [JavaFX Application Thread] DEBUG PrimaryStageWindow   - SimpleGameMenu -> DialogSubScene
10:45:01.860 [JavaFX Application Thread] DEBUG PrimaryStageWindow   - Pop state: DialogSubScene
10:45:01.861 [JavaFX Application Thread] DEBUG Input                - Clearing active input actions
10:45:01.861 [JavaFX Application Thread] DEBUG GameApplicationServi - Removing overlay from DialogSubScene and adding to SimpleGameMenu
10:45:01.861 [JavaFX Application Thread] DEBUG PrimaryStageWindow   - SimpleGameMenu <- DialogSubScene
10:45:01.861 [JavaFX Application Thread] DEBUG FXGLApplication      - Exiting FXGL
10:45:01.861 [JavaFX Application Thread] DEBUG LoopRunner           - Stopping loop
10:45:01.861 [JavaFX Application Thread] DEBUG SystemBundleService  - Saving FXGL system data
10:45:01.863 [JavaFX Application Thread] DEBUG FileSystemAccess     - Writing to: C:\Users\Christiaan\Documents\GitHub\IPOSE-TeacherBomber\Bomberman\system\fxgl.bundle
10:45:01.865 [JavaFX Application Thread] DEBUG Async                - Shutting down background threads
10:45:01.865 [JavaFX Application Thread] DEBUG PrimaryStageWindow   - Closing main window
10:45:01.874 [JavaFX Application Thread] DEBUG Logger               - Closing Logger
