11:26:39.477 [main                     ] DEBUG Logger               - Configured Logger
11:26:39.480 [main                     ] DEBUG GameApplication      - Logging settings
Title: Bomberman App
Version:  
Width: 600
Height: 600
Fullscreen: false
Intro: false
Profiling: false
Single step:false
App Mode: DEVELOPER
Menu Key: ESCAPE
Stage Style: DECORATED
Scene Factory: class com.ward_cunningham_38.teacherbomber.TeacherBomberApp$1

11:26:40.752 [JavaFX Application Thread] DEBUG FXGLApplication      - Initializing FXGL
11:26:40.754 [JavaFX Application Thread] INFO  Engine               - FXGL-dev-SNAPSHOT (28.07.2021 16.39) on WINDOWS (J:18 FX:16)
11:26:40.755 [JavaFX Application Thread] DEBUG Engine               - JRE Vendor Name: Oracle Corporation
11:26:40.755 [JavaFX Application Thread] DEBUG Engine               - Running on OS: Windows 10 version 10.0
11:26:40.755 [JavaFX Application Thread] DEBUG Engine               - Architecture: amd64
11:26:40.755 [JavaFX Application Thread] INFO  Engine               - Source code and latest versions at: https://github.com/AlmasB/FXGL
11:26:40.755 [JavaFX Application Thread] INFO  Engine               -              Join the FXGL chat at: https://gitter.im/AlmasB/FXGL
11:26:40.876 [JavaFX Application Thread] DEBUG PrimaryStageWindow   - Creating a JavaFX scene
11:26:40.925 [JavaFX Application Thread] DEBUG PrimaryStageWindow   - Target settings size: 600.0 x 600.0
11:26:40.925 [JavaFX Application Thread] DEBUG PrimaryStageWindow   - Scaled scene size:    600.0 x 600.0
11:26:40.925 [JavaFX Application Thread] DEBUG PrimaryStageWindow   - Scaled ratio: (1.0, 1.0)
11:26:40.926 [JavaFX Application Thread] DEBUG PrimaryStageWindow   - Set initial scene to FXGLStartupScene
11:26:40.934 [JavaFX Application Thread] DEBUG PrimaryStageWindow   - Opening main window
11:26:41.045 [JavaFX Application Thread] DEBUG PrimaryStageWindow   - Window border size: (16.0, 39.0)
11:26:41.045 [JavaFX Application Thread] DEBUG PrimaryStageWindow   - Scaled size: 600.0 x 600.0
11:26:41.045 [JavaFX Application Thread] DEBUG PrimaryStageWindow   - Scaled ratio: (1.0, 1.0)
11:26:41.045 [JavaFX Application Thread] DEBUG PrimaryStageWindow   - Scene size: 600.0 x 600.0
11:26:41.045 [JavaFX Application Thread] DEBUG PrimaryStageWindow   - Stage size: 616.0 x 639.0
11:26:41.059 [FXGL Background Thread 1 ] DEBUG Engine               - Initializing environment variables
11:26:41.142 [FXGL Background Thread 1 ] DEBUG FXGLAssetLoaderServi - User app class for loading assets: class com.ward_cunningham_38.teacherbomber.TeacherBomberApp
11:26:41.142 [FXGL Background Thread 1 ] DEBUG GameApplicationServi - Applying CSS: fxgl_dark.css
11:26:41.143 [FXGL Background Thread 1 ] DEBUG FXGLAssetLoaderServi - Loading from file system: jar:file:/C:/Users/Raven/.m2/repository/com/github/almasb/fxgl/dev-SNAPSHOT/fxgl-dev-20210728.163953-1821.jar!/fxglassets/ui/css/fxgl_dark.css
11:26:41.188 [FXGL Background Thread 1 ] DEBUG GameApplicationServi - Initializing application scenes
11:26:41.232 [FXGL Background Thread 1 ] DEBUG GameWorld            - Game world initialized
11:26:41.302 [FXGL Background Thread 1 ] DEBUG PhysicsWorld         - Physics world initialized: appHeight=600, physics.ppm=50.0
11:26:41.302 [FXGL Background Thread 1 ] DEBUG PhysicsWorld         - Using strategy: BRUTE_FORCE
11:26:41.304 [FXGL Background Thread 1 ] DEBUG GameScene            - Game scene initialized: 600x600
11:26:41.307 [FXGL Background Thread 1 ] WARN  FXGLAssetLoaderServi - Asset "/assets/textures/background.png" was not found!
11:26:41.312 [FXGL Background Thread 1 ] WARN  FXGLAssetLoaderServi - Failed to load RESIZABLE_IMAGE
11:26:41.372 [FXGL Background Thread 1 ] WARN  FXGL.DefaultMenu     - FXGLDefaultMenu is not designed for resolutions < 800x600
11:26:41.372 [FXGL Background Thread 1 ] DEBUG FXGL.DefaultMenu     - createMenuBodyGameMenu()
11:26:41.388 [FXGL Background Thread 1 ] DEBUG FXGL.DefaultMenu     - createOptionsMenu()
11:26:41.396 [FXGL Background Thread 1 ] DEBUG FXGLAssetLoaderServi - Loading from file system: jar:file:/C:/Users/Raven/.m2/repository/com/github/almasb/fxgl/dev-SNAPSHOT/fxgl-dev-20210728.163953-1821.jar!/fxglassets/textures/particles/smoke.png
11:26:41.512 [FXGL Background Thread 1 ] DEBUG FXGLAssetLoaderServi - Loading from file system: jar:file:/C:/Users/Raven/.m2/repository/com/github/almasb/fxgl/dev-SNAPSHOT/fxgl-dev-20210728.163953-1821.jar!/fxglassets/textures/particles/trace_horizontal.png
11:26:41.559 [FXGL Background Thread 1 ] DEBUG GameApplicationServi - Application scenes initialized
11:26:41.575 [FXGL Background Thread 1 ] DEBUG SystemBundleService  - Loading FXGL system data
11:26:41.583 [FXGL Background Thread 1 ] DEBUG FileSystemAccess     - Reading from: C:\Users\Raven\Documents\School\IPOSE\IPOSE-TeacherBomber\Bomberman\system\fxgl.bundle
11:26:41.596 [FXGL Background Thread 1 ] DEBUG SystemBundleService  - Bundle FXGL: {}
11:26:41.596 [FXGL Background Thread 1 ] DEBUG UpdaterService       - Checking for updates
11:26:41.602 [FXGL Background Thread 4 ] DEBUG FXGLApplication      - Loading fonts
11:26:41.603 [FXGL Background Thread 4 ] DEBUG FXGLAssetLoaderServi - Loading from file system: jar:file:/C:/Users/Raven/.m2/repository/com/github/almasb/fxgl/dev-SNAPSHOT/fxgl-dev-20210728.163953-1821.jar!/fxglassets/ui/fonts/VarelaRound-Regular.ttf
11:26:41.604 [FXGL Background Thread 1 ] DEBUG FXGLApplication      - Loading default localization
11:26:41.604 [FXGL Background Thread 1 ] DEBUG FXGLAssetLoaderServi - Loading from file system: jar:file:/C:/Users/Raven/.m2/repository/com/github/almasb/fxgl/dev-SNAPSHOT/fxgl-dev-20210728.163953-1821.jar!/fxglassets/languages/english.lang
11:26:41.648 [FXGL Background Thread 1 ] INFO  FXGLApplication      - FXGL initialization took: 0.590 sec
11:26:41.662 [JavaFX Application Thread] DEBUG Input                - Registered new binding: Move Up W - W
11:26:41.663 [JavaFX Application Thread] DEBUG Input                - Registered new binding: Move Left A - A
11:26:41.663 [JavaFX Application Thread] DEBUG Input                - Registered new binding: Move Down S - S
11:26:41.663 [JavaFX Application Thread] DEBUG Input                - Registered new binding: Move Right D - D
11:26:41.663 [JavaFX Application Thread] DEBUG Input                - Registered new binding: Place Bomb F - F
11:26:41.663 [JavaFX Application Thread] DEBUG Input                - Registered new binding: Move Up Arrow - Up
11:26:41.664 [JavaFX Application Thread] DEBUG Input                - Registered new binding: Move Left Arrow - Left
11:26:41.664 [JavaFX Application Thread] DEBUG Input                - Registered new binding: Move Down Arrow - Down
11:26:41.664 [JavaFX Application Thread] DEBUG Input                - Registered new binding: Move Right Arrow - Right
11:26:41.665 [JavaFX Application Thread] DEBUG Input                - Registered new binding: Place Bomb  - Numpad 0
11:26:41.665 [JavaFX Application Thread] DEBUG FXGLAssetLoaderServi - Loading from file system: jar:file:/C:/Users/Raven/.m2/repository/com/github/almasb/fxgl/dev-SNAPSHOT/fxgl-dev-20210728.163953-1821.jar!/fxglassets/textures/fxgl_icon.png
11:26:41.696 [JavaFX Application Thread] DEBUG FXGLAssetLoaderServi - Loading from file system: jar:file:/C:/Users/Raven/.m2/repository/com/github/almasb/fxgl/dev-SNAPSHOT/fxgl-dev-20210728.163953-1821.jar!/fxglassets/textures/fxgl_default_cursor.png
11:26:41.699 [JavaFX Application Thread] DEBUG Input                - Registered new binding: Screenshot - CTRL+8
11:26:41.699 [JavaFX Application Thread] DEBUG Input                - Registered new binding: System info dump - CTRL+9
11:26:41.700 [JavaFX Application Thread] DEBUG Input                - Registered new binding: Restart - CTRL+R
11:26:41.701 [JavaFX Application Thread] DEBUG Input                - Registered new binding: Toggle Debug Camera - CTRL+C
11:26:41.704 [JavaFX Application Thread] DEBUG LoopRunner           - Starting loop
11:26:41.704 [JavaFX Application Thread] DEBUG LoopRunner           - Initializing JavaFX AnimationTimerLoop
11:26:41.708 [JavaFX Application Thread] DEBUG Input                - Clearing active input actions
11:26:41.716 [JavaFX Application Thread] DEBUG GameApplicationServi - Removing overlay from FXGLStartupScene and adding to FXGLMainMenuDummyScene
11:26:41.716 [JavaFX Application Thread] DEBUG PrimaryStageWindow   - FXGLStartupScene -> FXGLMainMenuDummyScene
11:26:41.717 [JavaFX Application Thread] DEBUG PrimaryStageWindow   - Push state: MyGameMenu
11:26:41.729 [JavaFX Application Thread] DEBUG Input                - Clearing active input actions
11:26:41.739 [JavaFX Application Thread] DEBUG GameApplicationServi - Removing overlay from FXGLMainMenuDummyScene and adding to MyGameMenu
11:26:41.739 [JavaFX Application Thread] DEBUG PrimaryStageWindow   - FXGLMainMenuDummyScene -> MyGameMenu
11:26:41.754 [FXGL Background Thread 4 ] DEBUG FXGLAssetLoaderServi - Loading from file system: jar:file:/C:/Users/Raven/.m2/repository/com/github/almasb/fxgl/dev-SNAPSHOT/fxgl-dev-20210728.163953-1821.jar!/fxglassets/ui/fonts/Abel-Regular.ttf
11:26:41.775 [FXGL Background Thread 4 ] DEBUG FXGLAssetLoaderServi - Loading from file system: jar:file:/C:/Users/Raven/.m2/repository/com/github/almasb/fxgl/dev-SNAPSHOT/fxgl-dev-20210728.163953-1821.jar!/fxglassets/ui/fonts/lucida_console.ttf
11:26:41.791 [FXGL Background Thread 4 ] DEBUG FXGLAssetLoaderServi - Loading from file system: jar:file:/C:/Users/Raven/.m2/repository/com/github/almasb/fxgl/dev-SNAPSHOT/fxgl-dev-20210728.163953-1821.jar!/fxglassets/ui/fonts/Courier-Prime.ttf
11:26:41.832 [JavaFX Application Thread] DEBUG FXGLApplication      - Registering font factories with UI factory
11:26:42.024 [FXGL Background Thread 2 ] INFO  UpdaterService       - Your current version:  dev-SNAPSHOT
11:26:42.024 [FXGL Background Thread 2 ] INFO  UpdaterService       - Latest stable version: 17.1
11:26:44.461 [JavaFX Application Thread] DEBUG FXGLApplication      - Exiting FXGL
11:26:44.461 [JavaFX Application Thread] DEBUG LoopRunner           - Stopping loop
11:26:44.461 [JavaFX Application Thread] DEBUG SystemBundleService  - Saving FXGL system data
11:26:44.464 [JavaFX Application Thread] DEBUG FileSystemAccess     - Writing to: C:\Users\Raven\Documents\School\IPOSE\IPOSE-TeacherBomber\Bomberman\system\fxgl.bundle
11:26:44.466 [JavaFX Application Thread] DEBUG Async                - Shutting down background threads
11:26:44.466 [JavaFX Application Thread] DEBUG PrimaryStageWindow   - Closing main window
11:26:44.483 [JavaFX Application Thread] DEBUG Logger               - Closing Logger
