13:42:41.845 [main                     ] DEBUG Logger               - Configured Logger
13:42:41.848 [main                     ] DEBUG GameApplication      - Logging settings
Title: Bomberman App
Version: 0.1
Width: 600
Height: 600
Fullscreen: false
Intro: false
Profiling: false
Single step:false
App Mode: DEVELOPER
Menu Key: ESCAPE
Stage Style: DECORATED
Scene Factory: class com.ward_cunningham_38.teacherbomber.TeacherBomberApp$1

13:42:42.318 [JavaFX Application Thread] DEBUG FXGLApplication      - Initializing FXGL
13:42:42.320 [JavaFX Application Thread] INFO  Engine               - FXGL-11.15 (13.04.2021 08.23) on WINDOWS (J:18 FX:15)
13:42:42.321 [JavaFX Application Thread] DEBUG Engine               - JRE Vendor Name: Oracle Corporation
13:42:42.321 [JavaFX Application Thread] DEBUG Engine               - Running on OS: Windows 10 version 10.0
13:42:42.321 [JavaFX Application Thread] DEBUG Engine               - Architecture: amd64
13:42:42.321 [JavaFX Application Thread] INFO  Engine               - Source code and latest versions at: https://github.com/AlmasB/FXGL
13:42:42.322 [JavaFX Application Thread] INFO  Engine               -              Join the FXGL chat at: https://gitter.im/AlmasB/FXGL
13:42:42.429 [JavaFX Application Thread] DEBUG PrimaryStageWindow   - Creating a JavaFX scene
13:42:42.480 [JavaFX Application Thread] DEBUG PrimaryStageWindow   - Target settings size: 600.0 x 600.0
13:42:42.480 [JavaFX Application Thread] DEBUG PrimaryStageWindow   - Scaled scene size:    600.0 x 600.0
13:42:42.481 [JavaFX Application Thread] DEBUG PrimaryStageWindow   - Scaled ratio: (1.0, 1.0)
13:42:42.481 [JavaFX Application Thread] DEBUG PrimaryStageWindow   - Set initial scene to FXGLStartupScene
13:42:42.488 [JavaFX Application Thread] DEBUG PrimaryStageWindow   - Opening main window
13:42:42.571 [JavaFX Application Thread] DEBUG PrimaryStageWindow   - Window border size: (16.0, 39.0)
13:42:42.571 [JavaFX Application Thread] DEBUG PrimaryStageWindow   - Scaled size: 600.0 x 600.0
13:42:42.571 [JavaFX Application Thread] DEBUG PrimaryStageWindow   - Scaled ratio: (1.0, 1.0)
13:42:42.571 [JavaFX Application Thread] DEBUG PrimaryStageWindow   - Scene size: 600.0 x 600.0
13:42:42.572 [JavaFX Application Thread] DEBUG PrimaryStageWindow   - Stage size: 616.0 x 639.0
13:42:42.581 [FXGL Background Thread 1 ] DEBUG Engine               - Initializing environment variables
13:42:42.648 [FXGL Background Thread 1 ] DEBUG FXGLAssetLoaderServi - User app class for loading assets: class com.ward_cunningham_38.teacherbomber.TeacherBomberApp
13:42:42.649 [FXGL Background Thread 1 ] DEBUG GameApplicationServi - Applying CSS: fxgl_dark.css
13:42:42.650 [FXGL Background Thread 1 ] DEBUG FXGLAssetLoaderServi - Loading from file system: jar:file:/C:/Users/Christiaan/.m2/repository/com/github/almasb/fxgl/11.15/fxgl-11.15.jar!/fxglassets/ui/css/fxgl_dark.css
13:42:42.689 [FXGL Background Thread 1 ] DEBUG GameApplicationServi - Initializing application scenes
13:42:42.729 [FXGL Background Thread 1 ] DEBUG GameWorld            - Game world initialized
13:42:42.792 [FXGL Background Thread 1 ] DEBUG PhysicsWorld         - Physics world initialized: appHeight=600, physics.ppm=50,0
13:42:42.792 [FXGL Background Thread 1 ] DEBUG PhysicsWorld         - Using strategy: BRUTE_FORCE
13:42:42.794 [FXGL Background Thread 1 ] DEBUG GameScene            - Game scene initialized: 600x600
13:42:42.800 [FXGL Background Thread 1 ] DEBUG FXGLAssetLoaderServi - Loading from file system: jar:file:/C:/Users/Christiaan/.m2/repository/com/github/almasb/fxgl/11.15/fxgl-11.15.jar!/fxglassets/textures/pause_menu_bg.png
13:42:42.842 [FXGL Background Thread 1 ] DEBUG GameApplicationServi - Application scenes initialized
13:42:42.855 [FXGL Background Thread 1 ] DEBUG SystemBundleService  - Loading FXGL system data
13:42:42.858 [FXGL Background Thread 1 ] DEBUG FileSystemAccess     - Reading from: C:\Users\Christiaan\Documents\GitHub\IPOSE-TeacherBomber\Bomberman\system\fxgl.bundle
13:42:42.866 [FXGL Background Thread 1 ] DEBUG SystemBundleService  - Bundle FXGL: {}
13:42:42.866 [FXGL Background Thread 1 ] DEBUG UpdaterService       - Checking for updates
13:42:42.871 [FXGL Background Thread 4 ] DEBUG FXGLApplication      - Loading fonts
13:42:42.871 [FXGL Background Thread 4 ] DEBUG FXGLAssetLoaderServi - Loading from file system: jar:file:/C:/Users/Christiaan/.m2/repository/com/github/almasb/fxgl/11.15/fxgl-11.15.jar!/fxglassets/ui/fonts/VarelaRound-Regular.ttf
13:42:42.872 [FXGL Background Thread 1 ] DEBUG FXGLApplication      - Loading default localization
13:42:42.872 [FXGL Background Thread 1 ] DEBUG FXGLAssetLoaderServi - Loading from file system: jar:file:/C:/Users/Christiaan/.m2/repository/com/github/almasb/fxgl/11.15/fxgl-11.15.jar!/fxglassets/languages/english.lang
13:42:42.897 [FXGL Background Thread 1 ] INFO  FXGLApplication      - FXGL initialization took: 0,317 sec
13:42:42.913 [JavaFX Application Thread] DEBUG Input                - Registered new binding: Move Up W - W
13:42:42.913 [JavaFX Application Thread] DEBUG Input                - Registered new binding: Move Left A - A
13:42:42.913 [JavaFX Application Thread] DEBUG Input                - Registered new binding: Move Down S - S
13:42:42.913 [JavaFX Application Thread] DEBUG Input                - Registered new binding: Move Right D - D
13:42:42.913 [JavaFX Application Thread] DEBUG Input                - Registered new binding: Place Bomb F - F
13:42:42.913 [JavaFX Application Thread] DEBUG Input                - Registered new binding: Move Up Arrow - Up
13:42:42.913 [JavaFX Application Thread] DEBUG Input                - Registered new binding: Move Left Arrow - Left
13:42:42.914 [JavaFX Application Thread] DEBUG Input                - Registered new binding: Move Down Arrow - Down
13:42:42.914 [JavaFX Application Thread] DEBUG Input                - Registered new binding: Move Right Arrow - Right
13:42:42.914 [JavaFX Application Thread] DEBUG Input                - Registered new binding: Place Bomb NUM0 - Numpad 0
13:42:42.915 [JavaFX Application Thread] DEBUG FXGLAssetLoaderServi - Loading from file system: jar:file:/C:/Users/Christiaan/.m2/repository/com/github/almasb/fxgl/11.15/fxgl-11.15.jar!/fxglassets/textures/fxgl_icon.png
13:42:42.951 [FXGL Background Thread 4 ] DEBUG FXGLAssetLoaderServi - Loading from file system: jar:file:/C:/Users/Christiaan/.m2/repository/com/github/almasb/fxgl/11.15/fxgl-11.15.jar!/fxglassets/ui/fonts/Abel-Regular.ttf
13:42:42.954 [FXGL Background Thread 4 ] DEBUG FXGLAssetLoaderServi - Loading from file system: jar:file:/C:/Users/Christiaan/.m2/repository/com/github/almasb/fxgl/11.15/fxgl-11.15.jar!/fxglassets/ui/fonts/lucida_console.ttf
13:42:42.960 [FXGL Background Thread 4 ] DEBUG FXGLAssetLoaderServi - Loading from file system: jar:file:/C:/Users/Christiaan/.m2/repository/com/github/almasb/fxgl/11.15/fxgl-11.15.jar!/fxglassets/ui/fonts/Courier-Prime.ttf
13:42:42.962 [JavaFX Application Thread] DEBUG FXGLAssetLoaderServi - Loading from file system: jar:file:/C:/Users/Christiaan/.m2/repository/com/github/almasb/fxgl/11.15/fxgl-11.15.jar!/fxglassets/ui/cursors/fxgl_default.png
13:42:42.964 [JavaFX Application Thread] DEBUG Input                - Registered new binding: Screenshot - CTRL+8
13:42:42.965 [JavaFX Application Thread] DEBUG Input                - Registered new binding: System info dump - CTRL+9
13:42:42.966 [JavaFX Application Thread] DEBUG Input                - Registered new binding: Restart - CTRL+R
13:42:42.966 [JavaFX Application Thread] DEBUG Input                - Registered new binding: Toggle Debug Camera - CTRL+C
13:42:42.969 [JavaFX Application Thread] DEBUG LoopRunner           - Starting loop
13:42:42.969 [JavaFX Application Thread] DEBUG LoopRunner           - Initializing JavaFX AnimationTimerLoop
13:42:42.971 [JavaFX Application Thread] DEBUG GameApplicationServi - Starting new game
13:42:42.971 [JavaFX Application Thread] DEBUG Input                - Clearing active input actions
13:42:42.981 [JavaFX Application Thread] DEBUG GameApplicationServi - Removing overlay from FXGLStartupScene and adding to FXGLLoadingScene
13:42:42.982 [JavaFX Application Thread] DEBUG PrimaryStageWindow   - FXGLStartupScene -> FXGLLoadingScene
13:42:42.982 [JavaFX Application Thread] DEBUG GameApplicationServi - Clearing previous game
13:42:42.982 [JavaFX Application Thread] DEBUG GameScene            - Clearing game scene
13:42:42.982 [JavaFX Application Thread] DEBUG GameWorld            - Clearing game world
13:42:42.982 [JavaFX Application Thread] DEBUG PhysicsWorld         - Clearing physics world
13:42:42.984 [FXGL Background Thread 4 ] DEBUG FXGLApplication      - Initializing game
13:42:42.984 [JavaFX Application Thread] DEBUG FXGLApplication      - Registering font factories with UI factory
13:42:42.996 [FXGL Background Thread 4 ] DEBUG FXGLAssetLoaderServi - Loading from file system: file:/C:/Users/Christiaan/Documents/GitHub/IPOSE-TeacherBomber/Bomberman/target/classes/assets/textures/brick.png
13:42:43.039 [FXGL Background Thread 4 ] DEBUG GameWorld            - Clearing removable entities
13:42:43.040 [FXGL Background Thread 4 ] DEBUG GameWorld            - Setting level: com.almasb.fxgl.entity.level.Level@774fcc07
13:42:43.088 [FXGL Background Thread 4 ] INFO  FXGLApplication      - Game initialization took: 0,103 sec
13:42:43.111 [JavaFX Application Thread] DEBUG Input                - Clearing active input actions
13:42:43.126 [JavaFX Application Thread] DEBUG GameApplicationServi - Removing overlay from FXGLLoadingScene and adding to GameScene
13:42:43.126 [JavaFX Application Thread] DEBUG PrimaryStageWindow   - FXGLLoadingScene -> GameScene
13:42:43.289 [FXGL Background Thread 2 ] INFO  UpdaterService       - Your current version:  11.15
13:42:43.289 [FXGL Background Thread 2 ] INFO  UpdaterService       - Latest stable version: 17.1
13:42:45.163 [JavaFX Application Thread] DEBUG FXGLAssetLoaderServi - Loading from file system: file:/C:/Users/Christiaan/Documents/GitHub/IPOSE-TeacherBomber/Bomberman/target/classes/assets/textures/bomb.png
13:42:45.871 [FXGL Background Thread 3 ] DEBUG Engine               - Logging environment variables
13:42:45.871 [FXGL Background Thread 3 ] DEBUG Engine               - achievements: []
13:42:45.871 [FXGL Background Thread 3 ] DEBUG Engine               - actualHeight: 600.0
13:42:45.871 [FXGL Background Thread 3 ] DEBUG Engine               - actualHeightProperty: ReadOnlyDoubleProperty [value: 600.0]
13:42:45.871 [FXGL Background Thread 3 ] DEBUG Engine               - actualWidth: 600.0
13:42:45.871 [FXGL Background Thread 3 ] DEBUG Engine               - actualWidthProperty: ReadOnlyDoubleProperty [value: 600.0]
13:42:45.872 [FXGL Background Thread 3 ] DEBUG Engine               - appIcon: fxgl_icon.png
13:42:45.872 [FXGL Background Thread 3 ] DEBUG Engine               - applicationMode: DEVELOPER
13:42:45.872 [FXGL Background Thread 3 ] DEBUG Engine               - cSSList: [fxgl_dark.css]
13:42:45.872 [FXGL Background Thread 3 ] DEBUG Engine               - collisionDetectionStrategy: BRUTE_FORCE
13:42:45.872 [FXGL Background Thread 3 ] DEBUG Engine               - configClass: Optional.empty
13:42:45.872 [FXGL Background Thread 3 ] DEBUG Engine               - credits: []
13:42:45.872 [FXGL Background Thread 3 ] DEBUG Engine               - devBBoxColorProperty: ObjectProperty [value: 0xff0000ff]
13:42:45.872 [FXGL Background Thread 3 ] DEBUG Engine               - devEnableDebugCameraProperty: BooleanProperty [value: false]
13:42:45.872 [FXGL Background Thread 3 ] DEBUG Engine               - devSensorColorProperty: ObjectProperty [value: 0xffff00ff]
13:42:45.872 [FXGL Background Thread 3 ] DEBUG Engine               - devShowBBoxProperty: BooleanProperty [value: false]
13:42:45.872 [FXGL Background Thread 3 ] DEBUG Engine               - devShowPositionProperty: BooleanProperty [value: false]
13:42:45.872 [FXGL Background Thread 3 ] DEBUG Engine               - enabledMenuItems: []
13:42:45.872 [FXGL Background Thread 3 ] DEBUG Engine               - engineServices: [class com.almasb.fxgl.app.services.FXGLAssetLoaderService, class com.almasb.fxgl.app.FXGLApplication$GameApplicationService, class com.almasb.fxgl.app.services.FXGLDialogService, class com.almasb.fxgl.app.services.IOTaskExecutorService, class com.almasb.fxgl.event.EventBusService, class com.almasb.fxgl.io.FileSystemService, class com.almasb.fxgl.localization.LocalizationService, class com.almasb.fxgl.app.services.SystemBundleService, class com.almasb.fxgl.profile.SaveLoadService, class com.almasb.fxgl.ui.FXGLUIFactoryServiceProvider, class com.almasb.fxgl.ui.FXGLDialogFactoryServiceProvider, class com.almasb.fxgl.audio.AudioPlayer, class com.almasb.fxgl.notification.impl.NotificationServiceProvider, class com.almasb.fxgl.achievement.AchievementService, class com.almasb.fxgl.cutscene.CutsceneService, class com.almasb.fxgl.minigames.MiniGameService, class com.almasb.fxgl.net.NetService, class com.almasb.fxgl.app.services.UpdaterService, class com.almasb.fxgl.dev.DevService]
13:42:45.872 [FXGL Background Thread 3 ] DEBUG Engine               - fontGame: Abel-Regular.ttf
13:42:45.872 [FXGL Background Thread 3 ] DEBUG Engine               - fontMono: lucida_console.ttf
13:42:45.873 [FXGL Background Thread 3 ] DEBUG Engine               - fontText: Courier-Prime.ttf
13:42:45.873 [FXGL Background Thread 3 ] DEBUG Engine               - fontUI: VarelaRound-Regular.ttf
13:42:45.873 [FXGL Background Thread 3 ] DEBUG Engine               - fullScreen: BooleanProperty [value: false]
13:42:45.873 [FXGL Background Thread 3 ] DEBUG Engine               - gameDifficulty: MEDIUM
13:42:45.873 [FXGL Background Thread 3 ] DEBUG Engine               - gameDifficultyProperty: ObjectProperty [value: MEDIUM]
13:42:45.873 [FXGL Background Thread 3 ] DEBUG Engine               - globalMusicVolume: 0.5
13:42:45.873 [FXGL Background Thread 3 ] DEBUG Engine               - globalMusicVolumeProperty: DoubleProperty [value: 0.5]
13:42:45.873 [FXGL Background Thread 3 ] DEBUG Engine               - globalSoundVolume: 0.5
13:42:45.873 [FXGL Background Thread 3 ] DEBUG Engine               - globalSoundVolumeProperty: DoubleProperty [value: 0.5]
13:42:45.873 [FXGL Background Thread 3 ] DEBUG Engine               - height: 600
13:42:45.873 [FXGL Background Thread 3 ] DEBUG Engine               - isAndroid: false
13:42:45.873 [FXGL Background Thread 3 ] DEBUG Engine               - isBrowser: false
13:42:45.873 [FXGL Background Thread 3 ] DEBUG Engine               - isClickFeedbackEnabled: false
13:42:45.873 [FXGL Background Thread 3 ] DEBUG Engine               - isCloseConfirmation: false
13:42:45.873 [FXGL Background Thread 3 ] DEBUG Engine               - isDesktop: true
13:42:45.873 [FXGL Background Thread 3 ] DEBUG Engine               - isDeveloperMenuEnabled: false
13:42:45.873 [FXGL Background Thread 3 ] DEBUG Engine               - isEntityPreloadEnabled: true
13:42:45.874 [FXGL Background Thread 3 ] DEBUG Engine               - isExperimental3D: false
13:42:45.874 [FXGL Background Thread 3 ] DEBUG Engine               - isExperimentalNative: false
13:42:45.874 [FXGL Background Thread 3 ] DEBUG Engine               - isExperimentalTiledLargeMap: false
13:42:45.874 [FXGL Background Thread 3 ] DEBUG Engine               - isFileSystemWriteAllowed: true
13:42:45.874 [FXGL Background Thread 3 ] DEBUG Engine               - isFullScreenAllowed: false
13:42:45.874 [FXGL Background Thread 3 ] DEBUG Engine               - isFullScreenFromStart: false
13:42:45.874 [FXGL Background Thread 3 ] DEBUG Engine               - isGameMenuEnabled: true
13:42:45.874 [FXGL Background Thread 3 ] DEBUG Engine               - isIOS: false
13:42:45.874 [FXGL Background Thread 3 ] DEBUG Engine               - isIntroEnabled: false
13:42:45.874 [FXGL Background Thread 3 ] DEBUG Engine               - isLinux: false
13:42:45.874 [FXGL Background Thread 3 ] DEBUG Engine               - isMac: false
13:42:45.874 [FXGL Background Thread 3 ] DEBUG Engine               - isMainMenuEnabled: false
13:42:45.874 [FXGL Background Thread 3 ] DEBUG Engine               - isManualResizeEnabled: false
13:42:45.874 [FXGL Background Thread 3 ] DEBUG Engine               - isMobile: false
13:42:45.874 [FXGL Background Thread 3 ] DEBUG Engine               - isPreserveResizeRatio: false
13:42:45.874 [FXGL Background Thread 3 ] DEBUG Engine               - isProfilingEnabled: false
13:42:45.874 [FXGL Background Thread 3 ] DEBUG Engine               - isScaleAffectedOnResize: true
13:42:45.874 [FXGL Background Thread 3 ] DEBUG Engine               - isSingleStep: false
13:42:45.874 [FXGL Background Thread 3 ] DEBUG Engine               - isUserProfileEnabled: false
13:42:45.874 [FXGL Background Thread 3 ] DEBUG Engine               - isWindows: true
13:42:45.875 [FXGL Background Thread 3 ] DEBUG Engine               - language: ObjectProperty [value: ENGLISH]
13:42:45.875 [FXGL Background Thread 3 ] DEBUG Engine               - menuKey: ESCAPE
13:42:45.875 [FXGL Background Thread 3 ] DEBUG Engine               - notificationViewClass: class com.almasb.fxgl.notification.view.XboxNotificationView
13:42:45.875 [FXGL Background Thread 3 ] DEBUG Engine               - pixelsPerMeter: 50.0
13:42:45.875 [FXGL Background Thread 3 ] DEBUG Engine               - platform: WINDOWS
13:42:45.875 [FXGL Background Thread 3 ] DEBUG Engine               - prefHeightProperty: ReadOnlyDoubleProperty [value: 600.0]
13:42:45.875 [FXGL Background Thread 3 ] DEBUG Engine               - prefWidthProperty: ReadOnlyDoubleProperty [value: 600.0]
13:42:45.875 [FXGL Background Thread 3 ] DEBUG Engine               - profileDir: profiles/
13:42:45.875 [FXGL Background Thread 3 ] DEBUG Engine               - profileName: StringProperty [value: DEFAULT]
13:42:45.875 [FXGL Background Thread 3 ] DEBUG Engine               - randomSeed: -1
13:42:45.875 [FXGL Background Thread 3 ] DEBUG Engine               - runtimeInfo: RuntimeInfo(platform=WINDOWS, version=11.15, build=13.04.2021 08.23)
13:42:45.875 [FXGL Background Thread 3 ] DEBUG Engine               - saveFileExt: sav
13:42:45.875 [FXGL Background Thread 3 ] DEBUG Engine               - scaledHeightProp$fxgl: DoubleProperty [bound, value: 600.0]
13:42:45.875 [FXGL Background Thread 3 ] DEBUG Engine               - scaledWidthProp$fxgl: DoubleProperty [bound, value: 600.0]
13:42:45.875 [FXGL Background Thread 3 ] DEBUG Engine               - sceneFactory: com.ward_cunningham_38.teacherbomber.TeacherBomberApp$1@6f832072
13:42:45.875 [FXGL Background Thread 3 ] DEBUG Engine               - secondsIn24h: 60
13:42:45.875 [FXGL Background Thread 3 ] DEBUG Engine               - soundMenuBack: menu/back.wav
13:42:45.875 [FXGL Background Thread 3 ] DEBUG Engine               - soundMenuPress: menu/press.wav
13:42:45.875 [FXGL Background Thread 3 ] DEBUG Engine               - soundMenuSelect: menu/select.wav
13:42:45.875 [FXGL Background Thread 3 ] DEBUG Engine               - soundNotification: core/notification.wav
13:42:45.876 [FXGL Background Thread 3 ] DEBUG Engine               - stageStyle: DECORATED
13:42:45.876 [FXGL Background Thread 3 ] DEBUG Engine               - supportedLanguages: [ENGLISH, FRENCH, GERMAN, HUNGARIAN, RUSSIAN]
13:42:45.876 [FXGL Background Thread 3 ] DEBUG Engine               - ticksPerSecond: -1
13:42:45.876 [FXGL Background Thread 3 ] DEBUG Engine               - title: Bomberman App
13:42:45.876 [FXGL Background Thread 3 ] DEBUG Engine               - urlGithub: https://github.com/AlmasB/FXGL
13:42:45.876 [FXGL Background Thread 3 ] DEBUG Engine               - urlLeaderboard: http://fxgl-top.herokuapp.com/
13:42:45.876 [FXGL Background Thread 3 ] DEBUG Engine               - urlPOM: https://raw.githubusercontent.com/AlmasB/FXGL/release/README.md
13:42:45.876 [FXGL Background Thread 3 ] DEBUG Engine               - userAppClass: class com.ward_cunningham_38.teacherbomber.TeacherBomberApp
13:42:45.876 [FXGL Background Thread 3 ] DEBUG Engine               - version: 0.1
13:42:45.876 [FXGL Background Thread 3 ] DEBUG Engine               - versionCheckDays: 7
13:42:45.876 [FXGL Background Thread 3 ] DEBUG Engine               - width: 600
13:42:45.876 [FXGL Background Thread 3 ] DEBUG Engine               - Logging services
13:42:45.876 [FXGL Background Thread 3 ] DEBUG Engine               - class com.almasb.fxgl.app.services.FXGLAssetLoaderService
13:42:45.876 [FXGL Background Thread 3 ] DEBUG Engine               - class com.almasb.fxgl.app.FXGLApplication$GameApplicationService
13:42:45.876 [FXGL Background Thread 3 ] DEBUG Engine               - class com.almasb.fxgl.app.services.FXGLDialogService
13:42:45.876 [FXGL Background Thread 3 ] DEBUG Engine               - class com.almasb.fxgl.app.services.IOTaskExecutorService
13:42:45.876 [FXGL Background Thread 3 ] DEBUG Engine               - class com.almasb.fxgl.event.EventBusService
13:42:45.876 [FXGL Background Thread 3 ] DEBUG Engine               - class com.almasb.fxgl.io.FileSystemService
13:42:45.876 [FXGL Background Thread 3 ] DEBUG Engine               - class com.almasb.fxgl.localization.LocalizationService
13:42:45.877 [FXGL Background Thread 3 ] DEBUG Engine               - class com.almasb.fxgl.app.services.SystemBundleService
13:42:45.877 [FXGL Background Thread 3 ] DEBUG Engine               - class com.almasb.fxgl.profile.SaveLoadService
13:42:45.877 [FXGL Background Thread 3 ] DEBUG Engine               - class com.almasb.fxgl.ui.FXGLUIFactoryServiceProvider
13:42:45.877 [FXGL Background Thread 3 ] DEBUG Engine               - class com.almasb.fxgl.ui.FXGLDialogFactoryServiceProvider
13:42:45.877 [FXGL Background Thread 3 ] DEBUG Engine               - class com.almasb.fxgl.audio.AudioPlayer
13:42:45.877 [FXGL Background Thread 3 ] DEBUG Engine               - class com.almasb.fxgl.notification.impl.NotificationServiceProvider
13:42:45.877 [FXGL Background Thread 3 ] DEBUG Engine               - class com.almasb.fxgl.achievement.AchievementService
13:42:45.877 [FXGL Background Thread 3 ] DEBUG Engine               - class com.almasb.fxgl.cutscene.CutsceneService
13:42:45.877 [FXGL Background Thread 3 ] DEBUG Engine               - class com.almasb.fxgl.minigames.MiniGameService
13:42:45.877 [FXGL Background Thread 3 ] DEBUG Engine               - class com.almasb.fxgl.net.NetService
13:42:45.877 [FXGL Background Thread 3 ] DEBUG Engine               - class com.almasb.fxgl.app.services.UpdaterService
13:42:45.877 [FXGL Background Thread 3 ] DEBUG Engine               - class com.almasb.fxgl.dev.DevService
13:42:52.588 [JavaFX Application Thread] DEBUG FXGLApplication      - Exiting FXGL
13:42:52.588 [JavaFX Application Thread] DEBUG LoopRunner           - Stopping loop
13:42:52.588 [JavaFX Application Thread] DEBUG SystemBundleService  - Saving FXGL system data
13:42:52.589 [JavaFX Application Thread] DEBUG FileSystemAccess     - Writing to: C:\Users\Christiaan\Documents\GitHub\IPOSE-TeacherBomber\Bomberman\system\fxgl.bundle
13:42:52.591 [JavaFX Application Thread] DEBUG Async                - Shutting down background threads
13:42:52.591 [JavaFX Application Thread] DEBUG PrimaryStageWindow   - Closing main window
13:42:52.602 [JavaFX Application Thread] DEBUG Logger               - Closing Logger
