12:29:49.238 [main                     ] DEBUG Logger               - Configured Logger
12:29:49.242 [main                     ] DEBUG GameApplication      - Logging settings
Title: Bomberman App
Version: 0.1
Width: 600
Height: 600
Fullscreen: false
Intro: false
Profiling: false
Single step:false
App Mode: DEVELOPER
Menu Key: ESCAPE
Stage Style: DECORATED
Scene Factory: class com.ward_cunningham_38.teacherbomber.TeacherBomberApp$1

12:29:49.955 [JavaFX Application Thread] DEBUG FXGLApplication      - Initializing FXGL
12:29:49.956 [JavaFX Application Thread] INFO  Engine               - FXGL-dev-SNAPSHOT (28.07.2021 16.39) on WINDOWS (J:18 FX:16)
12:29:49.957 [JavaFX Application Thread] DEBUG Engine               - JRE Vendor Name: Oracle Corporation
12:29:49.957 [JavaFX Application Thread] DEBUG Engine               - Running on OS: Windows 10 version 10.0
12:29:49.957 [JavaFX Application Thread] DEBUG Engine               - Architecture: amd64
12:29:49.957 [JavaFX Application Thread] INFO  Engine               - Source code and latest versions at: https://github.com/AlmasB/FXGL
12:29:49.957 [JavaFX Application Thread] INFO  Engine               -              Join the FXGL chat at: https://gitter.im/AlmasB/FXGL
12:29:50.064 [JavaFX Application Thread] DEBUG PrimaryStageWindow   - Creating a JavaFX scene
12:29:50.102 [JavaFX Application Thread] DEBUG PrimaryStageWindow   - Target settings size: 600.0 x 600.0
12:29:50.102 [JavaFX Application Thread] DEBUG PrimaryStageWindow   - Scaled scene size:    600.0 x 600.0
12:29:50.102 [JavaFX Application Thread] DEBUG PrimaryStageWindow   - Scaled ratio: (1.0, 1.0)
12:29:50.103 [JavaFX Application Thread] DEBUG PrimaryStageWindow   - Set initial scene to FXGLStartupScene
12:29:50.109 [JavaFX Application Thread] DEBUG PrimaryStageWindow   - Opening main window
12:29:50.192 [JavaFX Application Thread] DEBUG PrimaryStageWindow   - Window border size: (16.0, 39.0)
12:29:50.192 [JavaFX Application Thread] DEBUG PrimaryStageWindow   - Scaled size: 600.0 x 600.0
12:29:50.192 [JavaFX Application Thread] DEBUG PrimaryStageWindow   - Scaled ratio: (1.0, 1.0)
12:29:50.193 [JavaFX Application Thread] DEBUG PrimaryStageWindow   - Scene size: 600.0 x 600.0
12:29:50.193 [JavaFX Application Thread] DEBUG PrimaryStageWindow   - Stage size: 616.0 x 639.0
12:29:50.201 [FXGL Background Thread 1 ] DEBUG Engine               - Initializing environment variables
12:29:50.277 [FXGL Background Thread 1 ] DEBUG FXGLAssetLoaderServi - User app class for loading assets: class com.ward_cunningham_38.teacherbomber.TeacherBomberApp
12:29:50.277 [FXGL Background Thread 1 ] DEBUG GameApplicationServi - Applying CSS: fxgl_dark.css
12:29:50.278 [FXGL Background Thread 1 ] DEBUG FXGLAssetLoaderServi - Loading from file system: jar:file:/C:/Users/Christiaan/.m2/repository/com/github/almasb/fxgl/dev-SNAPSHOT/fxgl-dev-20210728.163953-1821.jar!/fxglassets/ui/css/fxgl_dark.css
12:29:50.315 [FXGL Background Thread 1 ] DEBUG GameApplicationServi - Initializing application scenes
12:29:50.358 [FXGL Background Thread 1 ] DEBUG GameWorld            - Game world initialized
12:29:50.419 [FXGL Background Thread 1 ] DEBUG PhysicsWorld         - Physics world initialized: appHeight=600, physics.ppm=50,0
12:29:50.419 [FXGL Background Thread 1 ] DEBUG PhysicsWorld         - Using strategy: BRUTE_FORCE
12:29:50.422 [FXGL Background Thread 1 ] DEBUG GameScene            - Game scene initialized: 600x600
12:29:50.428 [FXGL Background Thread 1 ] DEBUG FXGLAssetLoaderServi - Loading from file system: jar:file:/C:/Users/Christiaan/.m2/repository/com/github/almasb/fxgl/dev-SNAPSHOT/fxgl-dev-20210728.163953-1821.jar!/fxglassets/textures/pause_menu_bg.png
12:29:50.470 [FXGL Background Thread 1 ] DEBUG GameApplicationServi - Application scenes initialized
12:29:50.486 [FXGL Background Thread 1 ] DEBUG SystemBundleService  - Loading FXGL system data
12:29:50.491 [FXGL Background Thread 1 ] DEBUG FileSystemAccess     - Reading from: C:\Users\Christiaan\Documents\GitHub\IPOSE-TeacherBomber\Bomberman\system\fxgl.bundle
12:29:50.500 [FXGL Background Thread 1 ] DEBUG SystemBundleService  - Bundle FXGL: {}
12:29:50.500 [FXGL Background Thread 1 ] DEBUG UpdaterService       - Checking for updates
12:29:50.506 [FXGL Background Thread 4 ] DEBUG FXGLApplication      - Loading fonts
12:29:50.506 [FXGL Background Thread 4 ] DEBUG FXGLAssetLoaderServi - Loading from file system: jar:file:/C:/Users/Christiaan/.m2/repository/com/github/almasb/fxgl/dev-SNAPSHOT/fxgl-dev-20210728.163953-1821.jar!/fxglassets/ui/fonts/VarelaRound-Regular.ttf
12:29:50.507 [FXGL Background Thread 1 ] DEBUG FXGLApplication      - Loading default localization
12:29:50.508 [FXGL Background Thread 1 ] DEBUG FXGLAssetLoaderServi - Loading from file system: jar:file:/C:/Users/Christiaan/.m2/repository/com/github/almasb/fxgl/dev-SNAPSHOT/fxgl-dev-20210728.163953-1821.jar!/fxglassets/languages/english.lang
12:29:50.537 [FXGL Background Thread 1 ] INFO  FXGLApplication      - FXGL initialization took: 0,336 sec
12:29:50.551 [JavaFX Application Thread] DEBUG Input                - Registered new binding: Move Up - W
12:29:50.552 [JavaFX Application Thread] DEBUG Input                - Registered new binding: Move Left - A
12:29:50.552 [JavaFX Application Thread] DEBUG Input                - Registered new binding: Move Down - S
12:29:50.552 [JavaFX Application Thread] DEBUG Input                - Registered new binding: Move Right - D
12:29:50.552 [JavaFX Application Thread] DEBUG Input                - Registered new binding: Place Bomb - F
12:29:50.553 [JavaFX Application Thread] DEBUG FXGLAssetLoaderServi - Loading from file system: jar:file:/C:/Users/Christiaan/.m2/repository/com/github/almasb/fxgl/dev-SNAPSHOT/fxgl-dev-20210728.163953-1821.jar!/fxglassets/textures/fxgl_icon.png
12:29:50.603 [FXGL Background Thread 4 ] DEBUG FXGLAssetLoaderServi - Loading from file system: jar:file:/C:/Users/Christiaan/.m2/repository/com/github/almasb/fxgl/dev-SNAPSHOT/fxgl-dev-20210728.163953-1821.jar!/fxglassets/ui/fonts/Abel-Regular.ttf
12:29:50.609 [JavaFX Application Thread] DEBUG FXGLAssetLoaderServi - Loading from file system: jar:file:/C:/Users/Christiaan/.m2/repository/com/github/almasb/fxgl/dev-SNAPSHOT/fxgl-dev-20210728.163953-1821.jar!/fxglassets/textures/fxgl_default_cursor.png
12:29:50.612 [JavaFX Application Thread] DEBUG Input                - Registered new binding: Screenshot - CTRL+8
12:29:50.612 [JavaFX Application Thread] DEBUG Input                - Registered new binding: System info dump - CTRL+9
12:29:50.613 [JavaFX Application Thread] DEBUG Input                - Registered new binding: Restart - CTRL+R
12:29:50.614 [JavaFX Application Thread] DEBUG Input                - Registered new binding: Toggle Debug Camera - CTRL+C
12:29:50.615 [FXGL Background Thread 4 ] DEBUG FXGLAssetLoaderServi - Loading from file system: jar:file:/C:/Users/Christiaan/.m2/repository/com/github/almasb/fxgl/dev-SNAPSHOT/fxgl-dev-20210728.163953-1821.jar!/fxglassets/ui/fonts/Courier-Prime.ttf
12:29:50.620 [JavaFX Application Thread] DEBUG LoopRunner           - Starting loop
12:29:50.620 [JavaFX Application Thread] DEBUG LoopRunner           - Initializing JavaFX AnimationTimerLoop
12:29:50.622 [JavaFX Application Thread] DEBUG GameApplicationServi - Starting new game
12:29:50.623 [JavaFX Application Thread] DEBUG Input                - Clearing active input actions
12:29:50.638 [JavaFX Application Thread] DEBUG GameApplicationServi - Removing overlay from FXGLStartupScene and adding to FXGLLoadingScene
12:29:50.638 [JavaFX Application Thread] DEBUG PrimaryStageWindow   - FXGLStartupScene -> FXGLLoadingScene
12:29:50.638 [JavaFX Application Thread] DEBUG GameApplicationServi - Clearing previous game
12:29:50.638 [JavaFX Application Thread] DEBUG GameScene            - Clearing game scene
12:29:50.638 [JavaFX Application Thread] DEBUG GameWorld            - Clearing game world
12:29:50.639 [JavaFX Application Thread] DEBUG PhysicsWorld         - Clearing physics world
12:29:50.641 [JavaFX Application Thread] DEBUG FXGLApplication      - Registering font factories with UI factory
12:29:50.641 [FXGL Background Thread 4 ] DEBUG FXGLApplication      - Initializing game
12:29:50.657 [FXGL Background Thread 4 ] DEBUG FXGLAssetLoaderServi - Loading from file system: file:/C:/Users/Christiaan/Documents/GitHub/IPOSE-TeacherBomber/Bomberman/target/classes/assets/textures/brick.png
12:29:50.711 [FXGL Background Thread 4 ] DEBUG GameWorld            - Clearing removable entities
12:29:50.711 [FXGL Background Thread 4 ] DEBUG GameWorld            - Setting level: com.almasb.fxgl.entity.level.Level@4acc2b97
12:29:50.758 [FXGL Background Thread 4 ] INFO  FXGLApplication      - Game initialization took: 0,116 sec
12:29:50.771 [JavaFX Application Thread] DEBUG Input                - Clearing active input actions
12:29:50.790 [JavaFX Application Thread] DEBUG GameApplicationServi - Removing overlay from FXGLLoadingScene and adding to GameScene
12:29:50.791 [JavaFX Application Thread] DEBUG PrimaryStageWindow   - FXGLLoadingScene -> GameScene
12:29:50.945 [FXGL Background Thread 2 ] INFO  UpdaterService       - Your current version:  dev-SNAPSHOT
12:29:50.945 [FXGL Background Thread 2 ] INFO  UpdaterService       - Latest stable version: 17.1
12:29:52.890 [JavaFX Application Thread] DEBUG FXGLAssetLoaderServi - Loading from file system: file:/C:/Users/Christiaan/Documents/GitHub/IPOSE-TeacherBomber/Bomberman/target/classes/assets/textures/bomb.png
12:29:53.506 [FXGL Background Thread 3 ] DEBUG Engine               - Logging environment variables
12:29:53.506 [FXGL Background Thread 3 ] DEBUG Engine               - achievements: []
12:29:53.506 [FXGL Background Thread 3 ] DEBUG Engine               - actualHeight: 600.0
12:29:53.506 [FXGL Background Thread 3 ] DEBUG Engine               - actualHeightProperty: ReadOnlyDoubleProperty [value: 600.0]
12:29:53.506 [FXGL Background Thread 3 ] DEBUG Engine               - actualWidth: 600.0
12:29:53.506 [FXGL Background Thread 3 ] DEBUG Engine               - actualWidthProperty: ReadOnlyDoubleProperty [value: 600.0]
12:29:53.506 [FXGL Background Thread 3 ] DEBUG Engine               - appIcon: fxgl_icon.png
12:29:53.507 [FXGL Background Thread 3 ] DEBUG Engine               - applicationMode: DEVELOPER
12:29:53.507 [FXGL Background Thread 3 ] DEBUG Engine               - cSSList: [fxgl_dark.css]
12:29:53.507 [FXGL Background Thread 3 ] DEBUG Engine               - collisionDetectionStrategy: BRUTE_FORCE
12:29:53.507 [FXGL Background Thread 3 ] DEBUG Engine               - configClass: Optional.empty
12:29:53.507 [FXGL Background Thread 3 ] DEBUG Engine               - credits: []
12:29:53.507 [FXGL Background Thread 3 ] DEBUG Engine               - defaultCursor: CursorInfo(imageName=fxgl_default_cursor.png, hotspotX=7.0, hotspotY=6.0)
12:29:53.507 [FXGL Background Thread 3 ] DEBUG Engine               - devBBoxColorProperty: ObjectProperty [value: 0xff0000ff]
12:29:53.507 [FXGL Background Thread 3 ] DEBUG Engine               - devEnableDebugCameraProperty: BooleanProperty [value: false]
12:29:53.507 [FXGL Background Thread 3 ] DEBUG Engine               - devSensorColorProperty: ObjectProperty [value: 0xffff00ff]
12:29:53.507 [FXGL Background Thread 3 ] DEBUG Engine               - devShowBBoxProperty: BooleanProperty [value: false]
12:29:53.507 [FXGL Background Thread 3 ] DEBUG Engine               - devShowPositionProperty: BooleanProperty [value: false]
12:29:53.507 [FXGL Background Thread 3 ] DEBUG Engine               - enabledMenuItems: []
12:29:53.507 [FXGL Background Thread 3 ] DEBUG Engine               - engineServices: [class com.almasb.fxgl.app.services.FXGLAssetLoaderService, class com.almasb.fxgl.app.FXGLApplication$GameApplicationService, class com.almasb.fxgl.app.services.FXGLDialogService, class com.almasb.fxgl.app.services.IOTaskExecutorService, class com.almasb.fxgl.io.FileSystemService, class com.almasb.fxgl.localization.LocalizationService, class com.almasb.fxgl.app.services.SystemBundleService, class com.almasb.fxgl.profile.SaveLoadService, class com.almasb.fxgl.ui.FXGLUIFactoryServiceProvider, class com.almasb.fxgl.ui.FXGLDialogFactoryServiceProvider, class com.almasb.fxgl.audio.AudioPlayer, class com.almasb.fxgl.notification.impl.NotificationServiceProvider, class com.almasb.fxgl.achievement.AchievementService, class com.almasb.fxgl.cutscene.CutsceneService, class com.almasb.fxgl.minigames.MiniGameService, class com.almasb.fxgl.net.NetService, class com.almasb.fxgl.app.services.UpdaterService, class com.almasb.fxgl.dev.DevService]
12:29:53.507 [FXGL Background Thread 3 ] DEBUG Engine               - fontGame: Abel-Regular.ttf
12:29:53.507 [FXGL Background Thread 3 ] DEBUG Engine               - fontMono: lucida_console.ttf
12:29:53.507 [FXGL Background Thread 3 ] DEBUG Engine               - fontText: Courier-Prime.ttf
12:29:53.507 [FXGL Background Thread 3 ] DEBUG Engine               - fontUI: VarelaRound-Regular.ttf
12:29:53.508 [FXGL Background Thread 3 ] DEBUG Engine               - fullScreen: BooleanProperty [value: false]
12:29:53.508 [FXGL Background Thread 3 ] DEBUG Engine               - gameDifficulty: MEDIUM
12:29:53.508 [FXGL Background Thread 3 ] DEBUG Engine               - gameDifficultyProperty: ObjectProperty [value: MEDIUM]
12:29:53.508 [FXGL Background Thread 3 ] DEBUG Engine               - globalMusicVolume: 0.5
12:29:53.508 [FXGL Background Thread 3 ] DEBUG Engine               - globalMusicVolumeProperty: DoubleProperty [value: 0.5]
12:29:53.508 [FXGL Background Thread 3 ] DEBUG Engine               - globalSoundVolume: 0.5
12:29:53.508 [FXGL Background Thread 3 ] DEBUG Engine               - globalSoundVolumeProperty: DoubleProperty [value: 0.5]
12:29:53.508 [FXGL Background Thread 3 ] DEBUG Engine               - height: 600
12:29:53.508 [FXGL Background Thread 3 ] DEBUG Engine               - is3D: false
12:29:53.508 [FXGL Background Thread 3 ] DEBUG Engine               - isAndroid: false
12:29:53.508 [FXGL Background Thread 3 ] DEBUG Engine               - isBrowser: false
12:29:53.508 [FXGL Background Thread 3 ] DEBUG Engine               - isClickFeedbackEnabled: false
12:29:53.508 [FXGL Background Thread 3 ] DEBUG Engine               - isCloseConfirmation: false
12:29:53.508 [FXGL Background Thread 3 ] DEBUG Engine               - isDesktop: true
12:29:53.508 [FXGL Background Thread 3 ] DEBUG Engine               - isDeveloperMenuEnabled: false
12:29:53.508 [FXGL Background Thread 3 ] DEBUG Engine               - isEmbedded: false
12:29:53.508 [FXGL Background Thread 3 ] DEBUG Engine               - isEntityPreloadEnabled: true
12:29:53.508 [FXGL Background Thread 3 ] DEBUG Engine               - isExperimentalTiledLargeMap: false
12:29:53.508 [FXGL Background Thread 3 ] DEBUG Engine               - isFileSystemWriteAllowed: true
12:29:53.508 [FXGL Background Thread 3 ] DEBUG Engine               - isFullScreenAllowed: false
12:29:53.508 [FXGL Background Thread 3 ] DEBUG Engine               - isFullScreenFromStart: false
12:29:53.508 [FXGL Background Thread 3 ] DEBUG Engine               - isGameMenuEnabled: true
12:29:53.509 [FXGL Background Thread 3 ] DEBUG Engine               - isIOS: false
12:29:53.509 [FXGL Background Thread 3 ] DEBUG Engine               - isIntroEnabled: false
12:29:53.509 [FXGL Background Thread 3 ] DEBUG Engine               - isLinux: false
12:29:53.509 [FXGL Background Thread 3 ] DEBUG Engine               - isMac: false
12:29:53.509 [FXGL Background Thread 3 ] DEBUG Engine               - isMainMenuEnabled: false
12:29:53.509 [FXGL Background Thread 3 ] DEBUG Engine               - isManualResizeEnabled: false
12:29:53.509 [FXGL Background Thread 3 ] DEBUG Engine               - isMobile: false
12:29:53.509 [FXGL Background Thread 3 ] DEBUG Engine               - isNative: false
12:29:53.509 [FXGL Background Thread 3 ] DEBUG Engine               - isPauseMusicWhenMinimized: true
12:29:53.509 [FXGL Background Thread 3 ] DEBUG Engine               - isPreserveResizeRatio: false
12:29:53.509 [FXGL Background Thread 3 ] DEBUG Engine               - isProfilingEnabled: false
12:29:53.509 [FXGL Background Thread 3 ] DEBUG Engine               - isScaleAffectedOnResize: true
12:29:53.509 [FXGL Background Thread 3 ] DEBUG Engine               - isSingleStep: false
12:29:53.509 [FXGL Background Thread 3 ] DEBUG Engine               - isUserProfileEnabled: false
12:29:53.509 [FXGL Background Thread 3 ] DEBUG Engine               - isWindows: true
12:29:53.509 [FXGL Background Thread 3 ] DEBUG Engine               - language: ObjectProperty [value: ENGLISH]
12:29:53.509 [FXGL Background Thread 3 ] DEBUG Engine               - menuKey: ESCAPE
12:29:53.509 [FXGL Background Thread 3 ] DEBUG Engine               - mouseSensitivity: 0.2
12:29:53.509 [FXGL Background Thread 3 ] DEBUG Engine               - notificationViewClass: class com.almasb.fxgl.notification.view.XboxNotificationView
12:29:53.509 [FXGL Background Thread 3 ] DEBUG Engine               - pixelsPerMeter: 50.0
12:29:53.509 [FXGL Background Thread 3 ] DEBUG Engine               - platform: WINDOWS
12:29:53.509 [FXGL Background Thread 3 ] DEBUG Engine               - prefHeightProperty: ReadOnlyDoubleProperty [value: 600.0]
12:29:53.510 [FXGL Background Thread 3 ] DEBUG Engine               - prefWidthProperty: ReadOnlyDoubleProperty [value: 600.0]
12:29:53.510 [FXGL Background Thread 3 ] DEBUG Engine               - profileDir: profiles/
12:29:53.510 [FXGL Background Thread 3 ] DEBUG Engine               - profileName: StringProperty [value: DEFAULT]
12:29:53.510 [FXGL Background Thread 3 ] DEBUG Engine               - randomSeed: -1
12:29:53.510 [FXGL Background Thread 3 ] DEBUG Engine               - runtimeInfo: RuntimeInfo(platform=WINDOWS, version=dev-SNAPSHOT, build=28.07.2021 16.39)
12:29:53.510 [FXGL Background Thread 3 ] DEBUG Engine               - saveFileExt: sav
12:29:53.510 [FXGL Background Thread 3 ] DEBUG Engine               - scaledHeightProp$fxgl: DoubleProperty [bound, value: 600.0]
12:29:53.510 [FXGL Background Thread 3 ] DEBUG Engine               - scaledWidthProp$fxgl: DoubleProperty [bound, value: 600.0]
12:29:53.510 [FXGL Background Thread 3 ] DEBUG Engine               - sceneFactory: com.ward_cunningham_38.teacherbomber.TeacherBomberApp$1@50626db0
12:29:53.510 [FXGL Background Thread 3 ] DEBUG Engine               - secondsIn24h: 60
12:29:53.510 [FXGL Background Thread 3 ] DEBUG Engine               - soundMenuBack: menu/back.wav
12:29:53.510 [FXGL Background Thread 3 ] DEBUG Engine               - soundMenuPress: menu/press.wav
12:29:53.510 [FXGL Background Thread 3 ] DEBUG Engine               - soundMenuSelect: menu/select.wav
12:29:53.510 [FXGL Background Thread 3 ] DEBUG Engine               - soundNotification: core/notification.wav
12:29:53.510 [FXGL Background Thread 3 ] DEBUG Engine               - stageStyle: DECORATED
12:29:53.510 [FXGL Background Thread 3 ] DEBUG Engine               - supportedLanguages: [ENGLISH, FRENCH, GERMAN, HUNGARIAN, RUSSIAN]
12:29:53.510 [FXGL Background Thread 3 ] DEBUG Engine               - ticksPerSecond: -1
12:29:53.510 [FXGL Background Thread 3 ] DEBUG Engine               - title: Bomberman App
12:29:53.510 [FXGL Background Thread 3 ] DEBUG Engine               - urlGithub: https://github.com/AlmasB/FXGL
12:29:53.510 [FXGL Background Thread 3 ] DEBUG Engine               - urlLeaderboard: http://fxgl-top.herokuapp.com/
12:29:53.510 [FXGL Background Thread 3 ] DEBUG Engine               - urlPOM: https://raw.githubusercontent.com/AlmasB/FXGL/release/README.md
12:29:53.510 [FXGL Background Thread 3 ] DEBUG Engine               - userAppClass: class com.ward_cunningham_38.teacherbomber.TeacherBomberApp
12:29:53.510 [FXGL Background Thread 3 ] DEBUG Engine               - version: 0.1
12:29:53.511 [FXGL Background Thread 3 ] DEBUG Engine               - versionCheckDays: 7
12:29:53.511 [FXGL Background Thread 3 ] DEBUG Engine               - width: 600
12:29:53.511 [FXGL Background Thread 3 ] DEBUG Engine               - Logging services
12:29:53.511 [FXGL Background Thread 3 ] DEBUG Engine               - class com.almasb.fxgl.app.services.FXGLAssetLoaderService
12:29:53.511 [FXGL Background Thread 3 ] DEBUG Engine               - class com.almasb.fxgl.app.FXGLApplication$GameApplicationService
12:29:53.511 [FXGL Background Thread 3 ] DEBUG Engine               - class com.almasb.fxgl.app.services.FXGLDialogService
12:29:53.511 [FXGL Background Thread 3 ] DEBUG Engine               - class com.almasb.fxgl.app.services.IOTaskExecutorService
12:29:53.511 [FXGL Background Thread 3 ] DEBUG Engine               - class com.almasb.fxgl.io.FileSystemService
12:29:53.511 [FXGL Background Thread 3 ] DEBUG Engine               - class com.almasb.fxgl.localization.LocalizationService
12:29:53.511 [FXGL Background Thread 3 ] DEBUG Engine               - class com.almasb.fxgl.app.services.SystemBundleService
12:29:53.511 [FXGL Background Thread 3 ] DEBUG Engine               - class com.almasb.fxgl.profile.SaveLoadService
12:29:53.511 [FXGL Background Thread 3 ] DEBUG Engine               - class com.almasb.fxgl.ui.FXGLUIFactoryServiceProvider
12:29:53.511 [FXGL Background Thread 3 ] DEBUG Engine               - class com.almasb.fxgl.ui.FXGLDialogFactoryServiceProvider
12:29:53.511 [FXGL Background Thread 3 ] DEBUG Engine               - class com.almasb.fxgl.audio.AudioPlayer
12:29:53.511 [FXGL Background Thread 3 ] DEBUG Engine               - class com.almasb.fxgl.notification.impl.NotificationServiceProvider
12:29:53.511 [FXGL Background Thread 3 ] DEBUG Engine               - class com.almasb.fxgl.achievement.AchievementService
12:29:53.511 [FXGL Background Thread 3 ] DEBUG Engine               - class com.almasb.fxgl.cutscene.CutsceneService
12:29:53.511 [FXGL Background Thread 3 ] DEBUG Engine               - class com.almasb.fxgl.minigames.MiniGameService
12:29:53.511 [FXGL Background Thread 3 ] DEBUG Engine               - class com.almasb.fxgl.net.NetService
12:29:53.511 [FXGL Background Thread 3 ] DEBUG Engine               - class com.almasb.fxgl.app.services.UpdaterService
12:29:53.511 [FXGL Background Thread 3 ] DEBUG Engine               - class com.almasb.fxgl.dev.DevService
12:29:59.196 [JavaFX Application Thread] DEBUG LoopRunner           - Stopping loop
12:29:59.197 [JavaFX Application Thread] FATAL FXGLApplication      - Uncaught Exception:
java.lang.NullPointerException: Cannot invoke "com.almasb.fxgl.entity.Entity.getAnchoredPosition()" because "this.entity" is null
	at com.almasb.fxgl.pathfinding.CellMoveComponent.getCellX(CellMoveComponent.java:110)
	at com.ward_cunningham_38.teacherbomber.components.PlayerComponent.placeBomb(PlayerComponent.java:33)
	at com.ward_cunningham_38.teacherbomber.TeacherBomberApp$6.onActionBegin(TeacherBomberApp.java:107)
	at com.almasb.fxgl.input.UserAction.begin$fxgl_core(UserAction.kt:37)
	at com.almasb.fxgl.input.Input.handlePressed(Input.kt:350)
	at com.almasb.fxgl.input.Input.onKeyEvent(Input.kt:291)
	at com.almasb.fxgl.app.PrimaryStageWindow$1$1.invoke(MainWindow.kt:308)
	at com.almasb.fxgl.app.PrimaryStageWindow$1$1.invoke(MainWindow.kt:308)
	at com.almasb.fxgl.core.fsm.StateMachine.runOnActiveStates(StateMachine.kt:69)
	at com.almasb.fxgl.app.PrimaryStageWindow$1.invoke(MainWindow.kt:308)
	at com.almasb.fxgl.app.PrimaryStageWindow$1.invoke(MainWindow.kt:306)
	at com.almasb.fxgl.app.MainWindow.addKeyHandler$lambda-1(MainWindow.kt:221)
	at com.sun.javafx.event.CompositeEventHandler$NormalEventHandlerRecord.handleBubblingEvent(CompositeEventHandler.java:247)
	at com.sun.javafx.event.CompositeEventHandler.dispatchBubblingEvent(CompositeEventHandler.java:80)
	at com.sun.javafx.event.EventHandlerManager.dispatchBubblingEvent(EventHandlerManager.java:234)
	at com.sun.javafx.event.EventHandlerManager.dispatchBubblingEvent(EventHandlerManager.java:191)
	at com.sun.javafx.event.CompositeEventDispatcher.dispatchBubblingEvent(CompositeEventDispatcher.java:59)
	at com.sun.javafx.event.BasicEventDispatcher.dispatchEvent(BasicEventDispatcher.java:58)
	at com.sun.javafx.event.EventDispatchChainImpl.dispatchEvent(EventDispatchChainImpl.java:114)
	at com.sun.javafx.event.BasicEventDispatcher.dispatchEvent(BasicEventDispatcher.java:56)
	at com.sun.javafx.event.EventDispatchChainImpl.dispatchEvent(EventDispatchChainImpl.java:114)
	at com.sun.javafx.event.EventUtil.fireEventImpl(EventUtil.java:74)
	at com.sun.javafx.event.EventUtil.fireEvent(EventUtil.java:54)
	at javafx.event.Event.fireEvent(Event.java:198)
	at javafx.scene.Scene$KeyHandler.process(Scene.java:4064)
	at javafx.scene.Scene.processKeyEvent(Scene.java:2123)
	at javafx.scene.Scene$ScenePeerListener.keyEvent(Scene.java:2591)
	at com.sun.javafx.tk.quantum.GlassViewEventHandler$KeyEventNotification.run(GlassViewEventHandler.java:217)
	at com.sun.javafx.tk.quantum.GlassViewEventHandler$KeyEventNotification.run(GlassViewEventHandler.java:149)
	at java.base/java.security.AccessController.doPrivileged(AccessController.java:399)
	at com.sun.javafx.tk.quantum.GlassViewEventHandler.lambda$handleKeyEvent$1(GlassViewEventHandler.java:248)
	at com.sun.javafx.tk.quantum.QuantumToolkit.runWithoutRenderLock(QuantumToolkit.java:412)
	at com.sun.javafx.tk.quantum.GlassViewEventHandler.handleKeyEvent(GlassViewEventHandler.java:247)
	at com.sun.glass.ui.View.handleKeyEvent(View.java:547)
	at com.sun.glass.ui.View.notifyKey(View.java:971)
	at com.sun.glass.ui.win.WinApplication._runLoop(Native Method)
	at com.sun.glass.ui.win.WinApplication.lambda$runLoop$3(WinApplication.java:174)
	at java.base/java.lang.Thread.run(Thread.java:833)

12:29:59.197 [JavaFX Application Thread] FATAL FXGLApplication      - Application will now exit
12:29:59.208 [JavaFX Application Thread] DEBUG PrimaryStageWindow   - Push state: ErrorSubScene
12:29:59.208 [JavaFX Application Thread] DEBUG Input                - Clearing active input actions
12:29:59.214 [JavaFX Application Thread] DEBUG GameApplicationServi - Removing overlay from GameScene and adding to ErrorSubScene
12:29:59.214 [JavaFX Application Thread] DEBUG PrimaryStageWindow   - GameScene -> ErrorSubScene
12:30:04.539 [JavaFX Application Thread] DEBUG FXGLApplication      - Exiting FXGL
12:30:04.539 [JavaFX Application Thread] DEBUG Async                - Shutting down background threads
12:30:04.539 [JavaFX Application Thread] DEBUG PrimaryStageWindow   - Closing main window
12:30:04.550 [JavaFX Application Thread] DEBUG Logger               - Closing Logger
