09:38:27.546 [main                     ] DEBUG Logger               - Configured Logger
09:38:27.550 [main                     ] DEBUG GameApplication      - Logging settings
Title: Bomberman App
Version: 0.1
Width: 600
Height: 600
Fullscreen: false
Intro: false
Profiling: false
Single step:false
App Mode: DEVELOPER
Menu Key: ESCAPE
Stage Style: DECORATED
Scene Factory: class com.almasb.fxglgames.bomberman.BombermanApp$1

09:38:28.671 [JavaFX Application Thread] DEBUG FXGLApplication      - Initializing FXGL
09:38:28.674 [JavaFX Application Thread] INFO  Engine               - FXGL-dev-SNAPSHOT (28.07.2021 16.39) on WINDOWS (J:18 FX:16)
09:38:28.675 [JavaFX Application Thread] DEBUG Engine               - JRE Vendor Name: Oracle Corporation
09:38:28.675 [JavaFX Application Thread] DEBUG Engine               - Running on OS: Windows 10 version 10.0
09:38:28.675 [JavaFX Application Thread] DEBUG Engine               - Architecture: amd64
09:38:28.675 [JavaFX Application Thread] INFO  Engine               - Source code and latest versions at: https://github.com/AlmasB/FXGL
09:38:28.675 [JavaFX Application Thread] INFO  Engine               -              Join the FXGL chat at: https://gitter.im/AlmasB/FXGL
09:38:28.770 [JavaFX Application Thread] DEBUG PrimaryStageWindow   - Creating a JavaFX scene
09:38:28.811 [JavaFX Application Thread] DEBUG PrimaryStageWindow   - Target settings size: 600.0 x 600.0
09:38:28.811 [JavaFX Application Thread] DEBUG PrimaryStageWindow   - Scaled scene size:    600.0 x 600.0
09:38:28.811 [JavaFX Application Thread] DEBUG PrimaryStageWindow   - Scaled ratio: (1.0, 1.0)
09:38:28.812 [JavaFX Application Thread] DEBUG PrimaryStageWindow   - Set initial scene to FXGLStartupScene
09:38:28.820 [JavaFX Application Thread] DEBUG PrimaryStageWindow   - Opening main window
09:38:28.916 [JavaFX Application Thread] DEBUG PrimaryStageWindow   - Window border size: (16.0, 39.0)
09:38:28.916 [JavaFX Application Thread] DEBUG PrimaryStageWindow   - Scaled size: 600.0 x 600.0
09:38:28.916 [JavaFX Application Thread] DEBUG PrimaryStageWindow   - Scaled ratio: (1.0, 1.0)
09:38:28.916 [JavaFX Application Thread] DEBUG PrimaryStageWindow   - Scene size: 600.0 x 600.0
09:38:28.916 [JavaFX Application Thread] DEBUG PrimaryStageWindow   - Stage size: 616.0 x 639.0
09:38:28.926 [FXGL Background Thread 1 ] DEBUG Engine               - Initializing environment variables
09:38:29.017 [FXGL Background Thread 1 ] DEBUG FXGLAssetLoaderServi - User app class for loading assets: class com.almasb.fxglgames.bomberman.BombermanApp
09:38:29.017 [FXGL Background Thread 1 ] DEBUG GameApplicationServi - Applying CSS: fxgl_dark.css
09:38:29.018 [FXGL Background Thread 1 ] DEBUG FXGLAssetLoaderServi - Loading from file system: jar:file:/C:/Users/Raven/.m2/repository/com/github/almasb/fxgl/dev-SNAPSHOT/fxgl-dev-SNAPSHOT.jar!/fxglassets/ui/css/fxgl_dark.css
09:38:29.061 [FXGL Background Thread 1 ] DEBUG GameApplicationServi - Initializing application scenes
09:38:29.101 [FXGL Background Thread 1 ] DEBUG GameWorld            - Game world initialized
09:38:29.203 [FXGL Background Thread 1 ] DEBUG PhysicsWorld         - Physics world initialized: appHeight=600, physics.ppm=50.0
09:38:29.204 [FXGL Background Thread 1 ] DEBUG PhysicsWorld         - Using strategy: BRUTE_FORCE
09:38:29.207 [FXGL Background Thread 1 ] DEBUG GameScene            - Game scene initialized: 600x600
09:38:29.216 [FXGL Background Thread 1 ] DEBUG FXGLAssetLoaderServi - Loading from file system: jar:file:/C:/Users/Raven/.m2/repository/com/github/almasb/fxgl/dev-SNAPSHOT/fxgl-dev-SNAPSHOT.jar!/fxglassets/textures/pause_menu_bg.png
09:38:29.277 [FXGL Background Thread 1 ] DEBUG GameApplicationServi - Application scenes initialized
09:38:29.293 [FXGL Background Thread 1 ] DEBUG SystemBundleService  - Loading FXGL system data
09:38:29.299 [FXGL Background Thread 1 ] DEBUG FileSystemAccess     - Reading from: C:\Users\Raven\Documents\School\IPOSE\FXGLGames\Bomberman\system\fxgl.bundle
09:38:29.310 [FXGL Background Thread 1 ] DEBUG SystemBundleService  - Bundle FXGL: {}
09:38:29.310 [FXGL Background Thread 1 ] DEBUG UpdaterService       - Checking for updates
09:38:29.320 [FXGL Background Thread 1 ] DEBUG FXGLApplication      - Loading default localization
09:38:29.322 [FXGL Background Thread 1 ] DEBUG FXGLAssetLoaderServi - Loading from file system: jar:file:/C:/Users/Raven/.m2/repository/com/github/almasb/fxgl/dev-SNAPSHOT/fxgl-dev-SNAPSHOT.jar!/fxglassets/languages/english.lang
09:38:29.323 [FXGL Background Thread 4 ] DEBUG FXGLApplication      - Loading fonts
09:38:29.324 [FXGL Background Thread 4 ] DEBUG FXGLAssetLoaderServi - Loading from file system: jar:file:/C:/Users/Raven/.m2/repository/com/github/almasb/fxgl/dev-SNAPSHOT/fxgl-dev-SNAPSHOT.jar!/fxglassets/ui/fonts/VarelaRound-Regular.ttf
09:38:29.349 [FXGL Background Thread 1 ] INFO  FXGLApplication      - FXGL initialization took: 0.423 sec
09:38:29.373 [JavaFX Application Thread] DEBUG Input                - Registered new binding: Move Up - W
09:38:29.373 [JavaFX Application Thread] DEBUG Input                - Registered new binding: Move Left - A
09:38:29.374 [JavaFX Application Thread] DEBUG Input                - Registered new binding: Move Down - S
09:38:29.374 [JavaFX Application Thread] DEBUG Input                - Registered new binding: Move Right - D
09:38:29.374 [JavaFX Application Thread] DEBUG Input                - Registered new binding: Place Bomb - F
09:38:29.375 [JavaFX Application Thread] DEBUG FXGLAssetLoaderServi - Loading from file system: jar:file:/C:/Users/Raven/.m2/repository/com/github/almasb/fxgl/dev-SNAPSHOT/fxgl-dev-SNAPSHOT.jar!/fxglassets/textures/fxgl_icon.png
09:38:29.409 [JavaFX Application Thread] DEBUG FXGLAssetLoaderServi - Loading from file system: jar:file:/C:/Users/Raven/.m2/repository/com/github/almasb/fxgl/dev-SNAPSHOT/fxgl-dev-SNAPSHOT.jar!/fxglassets/textures/fxgl_default_cursor.png
09:38:29.412 [JavaFX Application Thread] DEBUG Input                - Registered new binding: Screenshot - CTRL+8
09:38:29.413 [JavaFX Application Thread] DEBUG Input                - Registered new binding: System info dump - CTRL+9
09:38:29.414 [JavaFX Application Thread] DEBUG Input                - Registered new binding: Restart - CTRL+R
09:38:29.416 [JavaFX Application Thread] DEBUG Input                - Registered new binding: Toggle Debug Camera - CTRL+C
09:38:29.420 [JavaFX Application Thread] DEBUG LoopRunner           - Starting loop
09:38:29.420 [JavaFX Application Thread] DEBUG LoopRunner           - Initializing JavaFX AnimationTimerLoop
09:38:29.423 [JavaFX Application Thread] DEBUG GameApplicationServi - Starting new game
09:38:29.423 [JavaFX Application Thread] DEBUG Input                - Clearing active input actions
09:38:29.436 [JavaFX Application Thread] DEBUG GameApplicationServi - Removing overlay from FXGLStartupScene and adding to FXGLLoadingScene
09:38:29.436 [JavaFX Application Thread] DEBUG PrimaryStageWindow   - FXGLStartupScene -> FXGLLoadingScene
09:38:29.437 [JavaFX Application Thread] DEBUG GameApplicationServi - Clearing previous game
09:38:29.437 [JavaFX Application Thread] DEBUG GameScene            - Clearing game scene
09:38:29.437 [JavaFX Application Thread] DEBUG GameWorld            - Clearing game world
09:38:29.437 [JavaFX Application Thread] DEBUG PhysicsWorld         - Clearing physics world
09:38:29.439 [FXGL Background Thread 1 ] DEBUG FXGLApplication      - Initializing game
09:38:29.456 [FXGL Background Thread 1 ] DEBUG FXGLAssetLoaderServi - Loading from file system: file:/C:/Users/Raven/Documents/School/IPOSE/FXGLGames/Bomberman/target/classes/assets/textures/brick.png
09:38:29.527 [FXGL Background Thread 1 ] DEBUG GameWorld            - Clearing removable entities
09:38:29.528 [FXGL Background Thread 1 ] DEBUG GameWorld            - Setting level: com.almasb.fxgl.entity.level.Level@52059a7d
09:38:29.582 [FXGL Background Thread 4 ] DEBUG FXGLAssetLoaderServi - Loading from file system: jar:file:/C:/Users/Raven/.m2/repository/com/github/almasb/fxgl/dev-SNAPSHOT/fxgl-dev-SNAPSHOT.jar!/fxglassets/ui/fonts/Abel-Regular.ttf
09:38:29.587 [FXGL Background Thread 1 ] INFO  FXGLApplication      - Game initialization took: 0.148 sec
09:38:29.594 [JavaFX Application Thread] DEBUG Input                - Clearing active input actions
09:38:29.597 [FXGL Background Thread 4 ] DEBUG FXGLAssetLoaderServi - Loading from file system: jar:file:/C:/Users/Raven/.m2/repository/com/github/almasb/fxgl/dev-SNAPSHOT/fxgl-dev-SNAPSHOT.jar!/fxglassets/ui/fonts/lucida_console.ttf
09:38:29.610 [JavaFX Application Thread] DEBUG GameApplicationServi - Removing overlay from FXGLLoadingScene and adding to GameScene
09:38:29.610 [JavaFX Application Thread] DEBUG PrimaryStageWindow   - FXGLLoadingScene -> GameScene
09:38:29.627 [FXGL Background Thread 4 ] DEBUG FXGLAssetLoaderServi - Loading from file system: jar:file:/C:/Users/Raven/.m2/repository/com/github/almasb/fxgl/dev-SNAPSHOT/fxgl-dev-SNAPSHOT.jar!/fxglassets/ui/fonts/Courier-Prime.ttf
09:38:29.661 [JavaFX Application Thread] DEBUG FXGLApplication      - Registering font factories with UI factory
09:38:29.845 [FXGL Background Thread 2 ] INFO  UpdaterService       - Your current version:  dev-SNAPSHOT
09:38:29.845 [FXGL Background Thread 2 ] INFO  UpdaterService       - Latest stable version: 17.1
09:38:32.317 [FXGL Background Thread 3 ] DEBUG Engine               - Logging environment variables
09:38:32.318 [FXGL Background Thread 3 ] DEBUG Engine               - achievements: []
09:38:32.318 [FXGL Background Thread 3 ] DEBUG Engine               - actualHeight: 600.0
09:38:32.318 [FXGL Background Thread 3 ] DEBUG Engine               - actualHeightProperty: ReadOnlyDoubleProperty [value: 600.0]
09:38:32.318 [FXGL Background Thread 3 ] DEBUG Engine               - actualWidth: 600.0
09:38:32.318 [FXGL Background Thread 3 ] DEBUG Engine               - actualWidthProperty: ReadOnlyDoubleProperty [value: 600.0]
09:38:32.319 [FXGL Background Thread 3 ] DEBUG Engine               - appIcon: fxgl_icon.png
09:38:32.319 [FXGL Background Thread 3 ] DEBUG Engine               - applicationMode: DEVELOPER
09:38:32.319 [FXGL Background Thread 3 ] DEBUG Engine               - cSSList: [fxgl_dark.css]
09:38:32.319 [FXGL Background Thread 3 ] DEBUG Engine               - collisionDetectionStrategy: BRUTE_FORCE
09:38:32.319 [FXGL Background Thread 3 ] DEBUG Engine               - configClass: Optional.empty
09:38:32.319 [FXGL Background Thread 3 ] DEBUG Engine               - credits: []
09:38:32.319 [FXGL Background Thread 3 ] DEBUG Engine               - defaultCursor: CursorInfo(imageName=fxgl_default_cursor.png, hotspotX=7.0, hotspotY=6.0)
09:38:32.320 [FXGL Background Thread 3 ] DEBUG Engine               - devBBoxColorProperty: ObjectProperty [value: 0xff0000ff]
09:38:32.320 [FXGL Background Thread 3 ] DEBUG Engine               - devEnableDebugCameraProperty: BooleanProperty [value: false]
09:38:32.320 [FXGL Background Thread 3 ] DEBUG Engine               - devSensorColorProperty: ObjectProperty [value: 0xffff00ff]
09:38:32.320 [FXGL Background Thread 3 ] DEBUG Engine               - devShowBBoxProperty: BooleanProperty [value: false]
09:38:32.320 [FXGL Background Thread 3 ] DEBUG Engine               - devShowPositionProperty: BooleanProperty [value: false]
09:38:32.321 [FXGL Background Thread 3 ] DEBUG Engine               - enabledMenuItems: []
09:38:32.321 [FXGL Background Thread 3 ] DEBUG Engine               - engineServices: [class com.almasb.fxgl.app.services.FXGLAssetLoaderService, class com.almasb.fxgl.app.FXGLApplication$GameApplicationService, class com.almasb.fxgl.app.services.FXGLDialogService, class com.almasb.fxgl.app.services.IOTaskExecutorService, class com.almasb.fxgl.io.FileSystemService, class com.almasb.fxgl.localization.LocalizationService, class com.almasb.fxgl.app.services.SystemBundleService, class com.almasb.fxgl.profile.SaveLoadService, class com.almasb.fxgl.ui.FXGLUIFactoryServiceProvider, class com.almasb.fxgl.ui.FXGLDialogFactoryServiceProvider, class com.almasb.fxgl.audio.AudioPlayer, class com.almasb.fxgl.notification.impl.NotificationServiceProvider, class com.almasb.fxgl.achievement.AchievementService, class com.almasb.fxgl.cutscene.CutsceneService, class com.almasb.fxgl.minigames.MiniGameService, class com.almasb.fxgl.net.NetService, class com.almasb.fxgl.app.services.UpdaterService, class com.almasb.fxgl.dev.DevService]
09:38:32.321 [FXGL Background Thread 3 ] DEBUG Engine               - fontGame: Abel-Regular.ttf
09:38:32.321 [FXGL Background Thread 3 ] DEBUG Engine               - fontMono: lucida_console.ttf
09:38:32.321 [FXGL Background Thread 3 ] DEBUG Engine               - fontText: Courier-Prime.ttf
09:38:32.321 [FXGL Background Thread 3 ] DEBUG Engine               - fontUI: VarelaRound-Regular.ttf
09:38:32.321 [FXGL Background Thread 3 ] DEBUG Engine               - fullScreen: BooleanProperty [value: false]
09:38:32.321 [FXGL Background Thread 3 ] DEBUG Engine               - gameDifficulty: MEDIUM
09:38:32.322 [FXGL Background Thread 3 ] DEBUG Engine               - gameDifficultyProperty: ObjectProperty [value: MEDIUM]
09:38:32.322 [FXGL Background Thread 3 ] DEBUG Engine               - globalMusicVolume: 0.5
09:38:32.322 [FXGL Background Thread 3 ] DEBUG Engine               - globalMusicVolumeProperty: DoubleProperty [value: 0.5]
09:38:32.322 [FXGL Background Thread 3 ] DEBUG Engine               - globalSoundVolume: 0.5
09:38:32.322 [FXGL Background Thread 3 ] DEBUG Engine               - globalSoundVolumeProperty: DoubleProperty [value: 0.5]
09:38:32.323 [FXGL Background Thread 3 ] DEBUG Engine               - height: 600
09:38:32.323 [FXGL Background Thread 3 ] DEBUG Engine               - is3D: false
09:38:32.323 [FXGL Background Thread 3 ] DEBUG Engine               - isAndroid: false
09:38:32.323 [FXGL Background Thread 3 ] DEBUG Engine               - isBrowser: false
09:38:32.323 [FXGL Background Thread 3 ] DEBUG Engine               - isClickFeedbackEnabled: false
09:38:32.323 [FXGL Background Thread 3 ] DEBUG Engine               - isCloseConfirmation: false
09:38:32.323 [FXGL Background Thread 3 ] DEBUG Engine               - isDesktop: true
09:38:32.323 [FXGL Background Thread 3 ] DEBUG Engine               - isDeveloperMenuEnabled: false
09:38:32.323 [FXGL Background Thread 3 ] DEBUG Engine               - isEmbedded: false
09:38:32.324 [FXGL Background Thread 3 ] DEBUG Engine               - isEntityPreloadEnabled: true
09:38:32.324 [FXGL Background Thread 3 ] DEBUG Engine               - isExperimentalTiledLargeMap: false
09:38:32.324 [FXGL Background Thread 3 ] DEBUG Engine               - isFileSystemWriteAllowed: true
09:38:32.324 [FXGL Background Thread 3 ] DEBUG Engine               - isFullScreenAllowed: false
09:38:32.324 [FXGL Background Thread 3 ] DEBUG Engine               - isFullScreenFromStart: false
09:38:32.324 [FXGL Background Thread 3 ] DEBUG Engine               - isGameMenuEnabled: true
09:38:32.324 [FXGL Background Thread 3 ] DEBUG Engine               - isIOS: false
09:38:32.324 [FXGL Background Thread 3 ] DEBUG Engine               - isIntroEnabled: false
09:38:32.324 [FXGL Background Thread 3 ] DEBUG Engine               - isLinux: false
09:38:32.325 [FXGL Background Thread 3 ] DEBUG Engine               - isMac: false
09:38:32.325 [FXGL Background Thread 3 ] DEBUG Engine               - isMainMenuEnabled: false
09:38:32.325 [FXGL Background Thread 3 ] DEBUG Engine               - isManualResizeEnabled: false
09:38:32.325 [FXGL Background Thread 3 ] DEBUG Engine               - isMobile: false
09:38:32.325 [FXGL Background Thread 3 ] DEBUG Engine               - isNative: false
09:38:32.325 [FXGL Background Thread 3 ] DEBUG Engine               - isPauseMusicWhenMinimized: true
09:38:32.325 [FXGL Background Thread 3 ] DEBUG Engine               - isPreserveResizeRatio: false
09:38:32.325 [FXGL Background Thread 3 ] DEBUG Engine               - isProfilingEnabled: false
09:38:32.325 [FXGL Background Thread 3 ] DEBUG Engine               - isScaleAffectedOnResize: true
09:38:32.326 [FXGL Background Thread 3 ] DEBUG Engine               - isSingleStep: false
09:38:32.326 [FXGL Background Thread 3 ] DEBUG Engine               - isUserProfileEnabled: false
09:38:32.326 [FXGL Background Thread 3 ] DEBUG Engine               - isWindows: true
09:38:32.326 [FXGL Background Thread 3 ] DEBUG Engine               - language: ObjectProperty [value: ENGLISH]
09:38:32.326 [FXGL Background Thread 3 ] DEBUG Engine               - menuKey: ESCAPE
09:38:32.326 [FXGL Background Thread 3 ] DEBUG Engine               - mouseSensitivity: 0.2
09:38:32.326 [FXGL Background Thread 3 ] DEBUG Engine               - notificationViewClass: class com.almasb.fxgl.notification.view.XboxNotificationView
09:38:32.326 [FXGL Background Thread 3 ] DEBUG Engine               - pixelsPerMeter: 50.0
09:38:32.326 [FXGL Background Thread 3 ] DEBUG Engine               - platform: WINDOWS
09:38:32.327 [FXGL Background Thread 3 ] DEBUG Engine               - prefHeightProperty: ReadOnlyDoubleProperty [value: 600.0]
09:38:32.327 [FXGL Background Thread 3 ] DEBUG Engine               - prefWidthProperty: ReadOnlyDoubleProperty [value: 600.0]
09:38:32.327 [FXGL Background Thread 3 ] DEBUG Engine               - profileDir: profiles/
09:38:32.327 [FXGL Background Thread 3 ] DEBUG Engine               - profileName: StringProperty [value: DEFAULT]
09:38:32.327 [FXGL Background Thread 3 ] DEBUG Engine               - randomSeed: -1
09:38:32.327 [FXGL Background Thread 3 ] DEBUG Engine               - runtimeInfo: RuntimeInfo(platform=WINDOWS, version=dev-SNAPSHOT, build=28.07.2021 16.39)
09:38:32.327 [FXGL Background Thread 3 ] DEBUG Engine               - saveFileExt: sav
09:38:32.327 [FXGL Background Thread 3 ] DEBUG Engine               - scaledHeightProp$fxgl: DoubleProperty [bound, value: 600.0]
09:38:32.328 [FXGL Background Thread 3 ] DEBUG Engine               - scaledWidthProp$fxgl: DoubleProperty [bound, value: 600.0]
09:38:32.328 [FXGL Background Thread 3 ] DEBUG Engine               - sceneFactory: com.almasb.fxglgames.bomberman.BombermanApp$1@5911307f
09:38:32.328 [FXGL Background Thread 3 ] DEBUG Engine               - secondsIn24h: 60
09:38:32.328 [FXGL Background Thread 3 ] DEBUG Engine               - soundMenuBack: menu/back.wav
09:38:32.328 [FXGL Background Thread 3 ] DEBUG Engine               - soundMenuPress: menu/press.wav
09:38:32.328 [FXGL Background Thread 3 ] DEBUG Engine               - soundMenuSelect: menu/select.wav
09:38:32.328 [FXGL Background Thread 3 ] DEBUG Engine               - soundNotification: core/notification.wav
09:38:32.328 [FXGL Background Thread 3 ] DEBUG Engine               - stageStyle: DECORATED
09:38:32.328 [FXGL Background Thread 3 ] DEBUG Engine               - supportedLanguages: [ENGLISH, FRENCH, GERMAN, HUNGARIAN, RUSSIAN]
09:38:32.329 [FXGL Background Thread 3 ] DEBUG Engine               - ticksPerSecond: -1
09:38:32.329 [FXGL Background Thread 3 ] DEBUG Engine               - title: Bomberman App
09:38:32.329 [FXGL Background Thread 3 ] DEBUG Engine               - urlGithub: https://github.com/AlmasB/FXGL
09:38:32.329 [FXGL Background Thread 3 ] DEBUG Engine               - urlLeaderboard: http://fxgl-top.herokuapp.com/
09:38:32.329 [FXGL Background Thread 3 ] DEBUG Engine               - urlPOM: https://raw.githubusercontent.com/AlmasB/FXGL/release/README.md
09:38:32.330 [FXGL Background Thread 3 ] DEBUG Engine               - userAppClass: class com.almasb.fxglgames.bomberman.BombermanApp
09:38:32.330 [FXGL Background Thread 3 ] DEBUG Engine               - version: 0.1
09:38:32.330 [FXGL Background Thread 3 ] DEBUG Engine               - versionCheckDays: 7
09:38:32.330 [FXGL Background Thread 3 ] DEBUG Engine               - width: 600
09:38:32.330 [FXGL Background Thread 3 ] DEBUG Engine               - Logging services
09:38:32.330 [FXGL Background Thread 3 ] DEBUG Engine               - class com.almasb.fxgl.app.services.FXGLAssetLoaderService
09:38:32.330 [FXGL Background Thread 3 ] DEBUG Engine               - class com.almasb.fxgl.app.FXGLApplication$GameApplicationService
09:38:32.330 [FXGL Background Thread 3 ] DEBUG Engine               - class com.almasb.fxgl.app.services.FXGLDialogService
09:38:32.330 [FXGL Background Thread 3 ] DEBUG Engine               - class com.almasb.fxgl.app.services.IOTaskExecutorService
09:38:32.331 [FXGL Background Thread 3 ] DEBUG Engine               - class com.almasb.fxgl.io.FileSystemService
09:38:32.331 [FXGL Background Thread 3 ] DEBUG Engine               - class com.almasb.fxgl.localization.LocalizationService
09:38:32.331 [FXGL Background Thread 3 ] DEBUG Engine               - class com.almasb.fxgl.app.services.SystemBundleService
09:38:32.331 [FXGL Background Thread 3 ] DEBUG Engine               - class com.almasb.fxgl.profile.SaveLoadService
09:38:32.331 [FXGL Background Thread 3 ] DEBUG Engine               - class com.almasb.fxgl.ui.FXGLUIFactoryServiceProvider
09:38:32.331 [FXGL Background Thread 3 ] DEBUG Engine               - class com.almasb.fxgl.ui.FXGLDialogFactoryServiceProvider
09:38:32.331 [FXGL Background Thread 3 ] DEBUG Engine               - class com.almasb.fxgl.audio.AudioPlayer
09:38:32.331 [FXGL Background Thread 3 ] DEBUG Engine               - class com.almasb.fxgl.notification.impl.NotificationServiceProvider
09:38:32.331 [FXGL Background Thread 3 ] DEBUG Engine               - class com.almasb.fxgl.achievement.AchievementService
09:38:32.331 [FXGL Background Thread 3 ] DEBUG Engine               - class com.almasb.fxgl.cutscene.CutsceneService
09:38:32.331 [FXGL Background Thread 3 ] DEBUG Engine               - class com.almasb.fxgl.minigames.MiniGameService
09:38:32.332 [FXGL Background Thread 3 ] DEBUG Engine               - class com.almasb.fxgl.net.NetService
09:38:32.332 [FXGL Background Thread 3 ] DEBUG Engine               - class com.almasb.fxgl.app.services.UpdaterService
09:38:32.332 [FXGL Background Thread 3 ] DEBUG Engine               - class com.almasb.fxgl.dev.DevService
09:38:39.505 [JavaFX Application Thread] DEBUG FXGLAssetLoaderServi - Loading from file system: file:/C:/Users/Raven/Documents/School/IPOSE/FXGLGames/Bomberman/target/classes/assets/textures/bomb.png
09:40:00.823 [JavaFX Application Thread] DEBUG FXGLApplication      - Exiting FXGL
09:40:00.823 [JavaFX Application Thread] DEBUG LoopRunner           - Stopping loop
09:40:00.823 [JavaFX Application Thread] DEBUG SystemBundleService  - Saving FXGL system data
09:40:00.825 [JavaFX Application Thread] DEBUG FileSystemAccess     - Writing to: C:\Users\Raven\Documents\School\IPOSE\FXGLGames\Bomberman\system\fxgl.bundle
09:40:00.829 [JavaFX Application Thread] DEBUG Async                - Shutting down background threads
09:40:00.829 [JavaFX Application Thread] DEBUG PrimaryStageWindow   - Closing main window
09:40:00.845 [JavaFX Application Thread] DEBUG Logger               - Closing Logger
