13:56:46.516 [main                     ] DEBUG Logger               - Configured Logger
13:56:46.519 [main                     ] DEBUG GameApplication      - Logging settings
Title: Bomberman App
Version: 0.1
Width: 600
Height: 600
Fullscreen: false
Intro: false
Profiling: false
Single step:false
App Mode: DEVELOPER
Menu Key: ESCAPE
Stage Style: DECORATED
Scene Factory: class com.ward_cunningham_38.teacherbomber.TeacherBomberApp$1

13:56:47.007 [JavaFX Application Thread] DEBUG FXGLApplication      - Initializing FXGL
13:56:47.009 [JavaFX Application Thread] INFO  Engine               - FXGL-dev-SNAPSHOT (28.07.2021 16.39) on WINDOWS (J:18 FX:16)
13:56:47.009 [JavaFX Application Thread] DEBUG Engine               - JRE Vendor Name: Oracle Corporation
13:56:47.009 [JavaFX Application Thread] DEBUG Engine               - Running on OS: Windows 10 version 10.0
13:56:47.009 [JavaFX Application Thread] DEBUG Engine               - Architecture: amd64
13:56:47.010 [JavaFX Application Thread] INFO  Engine               - Source code and latest versions at: https://github.com/AlmasB/FXGL
13:56:47.010 [JavaFX Application Thread] INFO  Engine               -              Join the FXGL chat at: https://gitter.im/AlmasB/FXGL
13:56:47.123 [JavaFX Application Thread] DEBUG PrimaryStageWindow   - Creating a JavaFX scene
13:56:47.166 [JavaFX Application Thread] DEBUG PrimaryStageWindow   - Target settings size: 600.0 x 600.0
13:56:47.166 [JavaFX Application Thread] DEBUG PrimaryStageWindow   - Scaled scene size:    600.0 x 600.0
13:56:47.166 [JavaFX Application Thread] DEBUG PrimaryStageWindow   - Scaled ratio: (1.0, 1.0)
13:56:47.167 [JavaFX Application Thread] DEBUG PrimaryStageWindow   - Set initial scene to FXGLStartupScene
13:56:47.174 [JavaFX Application Thread] DEBUG PrimaryStageWindow   - Opening main window
13:56:47.256 [JavaFX Application Thread] DEBUG PrimaryStageWindow   - Window border size: (16.0, 39.0)
13:56:47.256 [JavaFX Application Thread] DEBUG PrimaryStageWindow   - Scaled size: 600.0 x 600.0
13:56:47.257 [JavaFX Application Thread] DEBUG PrimaryStageWindow   - Scaled ratio: (1.0, 1.0)
13:56:47.257 [JavaFX Application Thread] DEBUG PrimaryStageWindow   - Scene size: 600.0 x 600.0
13:56:47.257 [JavaFX Application Thread] DEBUG PrimaryStageWindow   - Stage size: 616.0 x 639.0
13:56:47.266 [FXGL Background Thread 1 ] DEBUG Engine               - Initializing environment variables
13:56:47.348 [FXGL Background Thread 1 ] DEBUG FXGLAssetLoaderServi - User app class for loading assets: class com.ward_cunningham_38.teacherbomber.TeacherBomberApp
13:56:47.348 [FXGL Background Thread 1 ] DEBUG GameApplicationServi - Applying CSS: fxgl_dark.css
13:56:47.349 [FXGL Background Thread 1 ] DEBUG FXGLAssetLoaderServi - Loading from file system: jar:file:/C:/Users/Christiaan/.m2/repository/com/github/almasb/fxgl/dev-SNAPSHOT/fxgl-dev-20210728.163953-1821.jar!/fxglassets/ui/css/fxgl_dark.css
13:56:47.388 [FXGL Background Thread 1 ] DEBUG GameApplicationServi - Initializing application scenes
13:56:47.432 [FXGL Background Thread 1 ] DEBUG GameWorld            - Game world initialized
13:56:47.489 [FXGL Background Thread 1 ] DEBUG PhysicsWorld         - Physics world initialized: appHeight=600, physics.ppm=50,0
13:56:47.490 [FXGL Background Thread 1 ] DEBUG PhysicsWorld         - Using strategy: BRUTE_FORCE
13:56:47.492 [FXGL Background Thread 1 ] DEBUG GameScene            - Game scene initialized: 600x600
13:56:47.498 [FXGL Background Thread 1 ] DEBUG FXGLAssetLoaderServi - Loading from file system: jar:file:/C:/Users/Christiaan/.m2/repository/com/github/almasb/fxgl/dev-SNAPSHOT/fxgl-dev-20210728.163953-1821.jar!/fxglassets/textures/pause_menu_bg.png
13:56:47.540 [FXGL Background Thread 1 ] DEBUG GameApplicationServi - Application scenes initialized
13:56:47.558 [FXGL Background Thread 1 ] DEBUG SystemBundleService  - Loading FXGL system data
13:56:47.563 [FXGL Background Thread 1 ] DEBUG FileSystemAccess     - Reading from: C:\Users\Christiaan\Documents\GitHub\IPOSE-TeacherBomber\Bomberman\system\fxgl.bundle
13:56:47.575 [FXGL Background Thread 1 ] DEBUG SystemBundleService  - Bundle FXGL: {}
13:56:47.575 [FXGL Background Thread 1 ] DEBUG UpdaterService       - Checking for updates
13:56:47.584 [FXGL Background Thread 4 ] DEBUG FXGLApplication      - Loading fonts
13:56:47.585 [FXGL Background Thread 4 ] DEBUG FXGLAssetLoaderServi - Loading from file system: jar:file:/C:/Users/Christiaan/.m2/repository/com/github/almasb/fxgl/dev-SNAPSHOT/fxgl-dev-20210728.163953-1821.jar!/fxglassets/ui/fonts/VarelaRound-Regular.ttf
13:56:47.585 [FXGL Background Thread 1 ] DEBUG FXGLApplication      - Loading default localization
13:56:47.586 [FXGL Background Thread 1 ] DEBUG FXGLAssetLoaderServi - Loading from file system: jar:file:/C:/Users/Christiaan/.m2/repository/com/github/almasb/fxgl/dev-SNAPSHOT/fxgl-dev-20210728.163953-1821.jar!/fxglassets/languages/english.lang
13:56:47.609 [FXGL Background Thread 1 ] INFO  FXGLApplication      - FXGL initialization took: 0,343 sec
13:56:47.624 [JavaFX Application Thread] DEBUG Input                - Registered new binding: Move Up W - W
13:56:47.624 [JavaFX Application Thread] DEBUG Input                - Registered new binding: Move Left A - A
13:56:47.624 [JavaFX Application Thread] DEBUG Input                - Registered new binding: Move Down S - S
13:56:47.624 [JavaFX Application Thread] DEBUG Input                - Registered new binding: Move Right D - D
13:56:47.625 [JavaFX Application Thread] DEBUG Input                - Registered new binding: Place Bomb F - F
13:56:47.625 [JavaFX Application Thread] DEBUG Input                - Registered new binding: Move Up Arrow - Up
13:56:47.625 [JavaFX Application Thread] DEBUG Input                - Registered new binding: Move Left Arrow - Left
13:56:47.625 [JavaFX Application Thread] DEBUG Input                - Registered new binding: Move Down Arrow - Down
13:56:47.625 [JavaFX Application Thread] DEBUG Input                - Registered new binding: Move Right Arrow - Right
13:56:47.625 [JavaFX Application Thread] DEBUG Input                - Registered new binding: Place Bomb  - Numpad 0
13:56:47.626 [JavaFX Application Thread] DEBUG FXGLAssetLoaderServi - Loading from file system: jar:file:/C:/Users/Christiaan/.m2/repository/com/github/almasb/fxgl/dev-SNAPSHOT/fxgl-dev-20210728.163953-1821.jar!/fxglassets/textures/fxgl_icon.png
13:56:47.672 [JavaFX Application Thread] DEBUG FXGLAssetLoaderServi - Loading from file system: jar:file:/C:/Users/Christiaan/.m2/repository/com/github/almasb/fxgl/dev-SNAPSHOT/fxgl-dev-20210728.163953-1821.jar!/fxglassets/textures/fxgl_default_cursor.png
13:56:47.674 [FXGL Background Thread 4 ] DEBUG FXGLAssetLoaderServi - Loading from file system: jar:file:/C:/Users/Christiaan/.m2/repository/com/github/almasb/fxgl/dev-SNAPSHOT/fxgl-dev-20210728.163953-1821.jar!/fxglassets/ui/fonts/Abel-Regular.ttf
13:56:47.675 [JavaFX Application Thread] DEBUG Input                - Registered new binding: Screenshot - CTRL+8
13:56:47.676 [JavaFX Application Thread] DEBUG Input                - Registered new binding: System info dump - CTRL+9
13:56:47.676 [JavaFX Application Thread] DEBUG Input                - Registered new binding: Restart - CTRL+R
13:56:47.677 [FXGL Background Thread 4 ] DEBUG FXGLAssetLoaderServi - Loading from file system: jar:file:/C:/Users/Christiaan/.m2/repository/com/github/almasb/fxgl/dev-SNAPSHOT/fxgl-dev-20210728.163953-1821.jar!/fxglassets/ui/fonts/lucida_console.ttf
13:56:47.677 [JavaFX Application Thread] DEBUG Input                - Registered new binding: Toggle Debug Camera - CTRL+C
13:56:47.680 [JavaFX Application Thread] DEBUG LoopRunner           - Starting loop
13:56:47.680 [JavaFX Application Thread] DEBUG LoopRunner           - Initializing JavaFX AnimationTimerLoop
13:56:47.683 [JavaFX Application Thread] DEBUG GameApplicationServi - Starting new game
13:56:47.683 [FXGL Background Thread 4 ] DEBUG FXGLAssetLoaderServi - Loading from file system: jar:file:/C:/Users/Christiaan/.m2/repository/com/github/almasb/fxgl/dev-SNAPSHOT/fxgl-dev-20210728.163953-1821.jar!/fxglassets/ui/fonts/Courier-Prime.ttf
13:56:47.683 [JavaFX Application Thread] DEBUG Input                - Clearing active input actions
13:56:47.695 [JavaFX Application Thread] DEBUG GameApplicationServi - Removing overlay from FXGLStartupScene and adding to FXGLLoadingScene
13:56:47.695 [JavaFX Application Thread] DEBUG PrimaryStageWindow   - FXGLStartupScene -> FXGLLoadingScene
13:56:47.695 [JavaFX Application Thread] DEBUG GameApplicationServi - Clearing previous game
13:56:47.695 [JavaFX Application Thread] DEBUG GameScene            - Clearing game scene
13:56:47.696 [JavaFX Application Thread] DEBUG GameWorld            - Clearing game world
13:56:47.696 [JavaFX Application Thread] DEBUG PhysicsWorld         - Clearing physics world
13:56:47.697 [JavaFX Application Thread] DEBUG FXGLApplication      - Registering font factories with UI factory
13:56:47.697 [FXGL Background Thread 4 ] DEBUG FXGLApplication      - Initializing game
13:56:47.713 [FXGL Background Thread 4 ] DEBUG FXGLAssetLoaderServi - Loading from file system: file:/C:/Users/Christiaan/Documents/GitHub/IPOSE-TeacherBomber/Bomberman/target/classes/assets/textures/brick.png
13:56:47.763 [FXGL Background Thread 4 ] DEBUG GameWorld            - Clearing removable entities
13:56:47.764 [FXGL Background Thread 4 ] DEBUG GameWorld            - Setting level: com.almasb.fxgl.entity.level.Level@2cfeb7b9
13:56:47.823 [FXGL Background Thread 4 ] INFO  FXGLApplication      - Game initialization took: 0,125 sec
13:56:47.829 [JavaFX Application Thread] DEBUG Input                - Clearing active input actions
13:56:47.848 [JavaFX Application Thread] DEBUG GameApplicationServi - Removing overlay from FXGLLoadingScene and adding to GameScene
13:56:47.849 [JavaFX Application Thread] DEBUG PrimaryStageWindow   - FXGLLoadingScene -> GameScene
13:56:47.998 [FXGL Background Thread 2 ] INFO  UpdaterService       - Your current version:  dev-SNAPSHOT
13:56:47.998 [FXGL Background Thread 2 ] INFO  UpdaterService       - Latest stable version: 17.1
13:56:50.584 [FXGL Background Thread 3 ] DEBUG Engine               - Logging environment variables
13:56:50.584 [FXGL Background Thread 3 ] DEBUG Engine               - achievements: []
13:56:50.584 [FXGL Background Thread 3 ] DEBUG Engine               - actualHeight: 600.0
13:56:50.584 [FXGL Background Thread 3 ] DEBUG Engine               - actualHeightProperty: ReadOnlyDoubleProperty [value: 600.0]
13:56:50.584 [FXGL Background Thread 3 ] DEBUG Engine               - actualWidth: 600.0
13:56:50.584 [FXGL Background Thread 3 ] DEBUG Engine               - actualWidthProperty: ReadOnlyDoubleProperty [value: 600.0]
13:56:50.584 [FXGL Background Thread 3 ] DEBUG Engine               - appIcon: fxgl_icon.png
13:56:50.584 [FXGL Background Thread 3 ] DEBUG Engine               - applicationMode: DEVELOPER
13:56:50.584 [FXGL Background Thread 3 ] DEBUG Engine               - cSSList: [fxgl_dark.css]
13:56:50.584 [FXGL Background Thread 3 ] DEBUG Engine               - collisionDetectionStrategy: BRUTE_FORCE
13:56:50.584 [FXGL Background Thread 3 ] DEBUG Engine               - configClass: Optional.empty
13:56:50.584 [FXGL Background Thread 3 ] DEBUG Engine               - credits: []
13:56:50.585 [FXGL Background Thread 3 ] DEBUG Engine               - defaultCursor: CursorInfo(imageName=fxgl_default_cursor.png, hotspotX=7.0, hotspotY=6.0)
13:56:50.585 [FXGL Background Thread 3 ] DEBUG Engine               - devBBoxColorProperty: ObjectProperty [value: 0xff0000ff]
13:56:50.585 [FXGL Background Thread 3 ] DEBUG Engine               - devEnableDebugCameraProperty: BooleanProperty [value: false]
13:56:50.585 [FXGL Background Thread 3 ] DEBUG Engine               - devSensorColorProperty: ObjectProperty [value: 0xffff00ff]
13:56:50.585 [FXGL Background Thread 3 ] DEBUG Engine               - devShowBBoxProperty: BooleanProperty [value: false]
13:56:50.585 [FXGL Background Thread 3 ] DEBUG Engine               - devShowPositionProperty: BooleanProperty [value: false]
13:56:50.585 [FXGL Background Thread 3 ] DEBUG Engine               - enabledMenuItems: []
13:56:50.585 [FXGL Background Thread 3 ] DEBUG Engine               - engineServices: [class com.almasb.fxgl.app.services.FXGLAssetLoaderService, class com.almasb.fxgl.app.FXGLApplication$GameApplicationService, class com.almasb.fxgl.app.services.FXGLDialogService, class com.almasb.fxgl.app.services.IOTaskExecutorService, class com.almasb.fxgl.io.FileSystemService, class com.almasb.fxgl.localization.LocalizationService, class com.almasb.fxgl.app.services.SystemBundleService, class com.almasb.fxgl.profile.SaveLoadService, class com.almasb.fxgl.ui.FXGLUIFactoryServiceProvider, class com.almasb.fxgl.ui.FXGLDialogFactoryServiceProvider, class com.almasb.fxgl.audio.AudioPlayer, class com.almasb.fxgl.notification.impl.NotificationServiceProvider, class com.almasb.fxgl.achievement.AchievementService, class com.almasb.fxgl.cutscene.CutsceneService, class com.almasb.fxgl.minigames.MiniGameService, class com.almasb.fxgl.net.NetService, class com.almasb.fxgl.app.services.UpdaterService, class com.almasb.fxgl.dev.DevService]
13:56:50.585 [FXGL Background Thread 3 ] DEBUG Engine               - fontGame: Abel-Regular.ttf
13:56:50.585 [FXGL Background Thread 3 ] DEBUG Engine               - fontMono: lucida_console.ttf
13:56:50.585 [FXGL Background Thread 3 ] DEBUG Engine               - fontText: Courier-Prime.ttf
13:56:50.585 [FXGL Background Thread 3 ] DEBUG Engine               - fontUI: VarelaRound-Regular.ttf
13:56:50.585 [FXGL Background Thread 3 ] DEBUG Engine               - fullScreen: BooleanProperty [value: false]
13:56:50.585 [FXGL Background Thread 3 ] DEBUG Engine               - gameDifficulty: MEDIUM
13:56:50.585 [FXGL Background Thread 3 ] DEBUG Engine               - gameDifficultyProperty: ObjectProperty [value: MEDIUM]
13:56:50.585 [FXGL Background Thread 3 ] DEBUG Engine               - globalMusicVolume: 0.5
13:56:50.585 [FXGL Background Thread 3 ] DEBUG Engine               - globalMusicVolumeProperty: DoubleProperty [value: 0.5]
13:56:50.585 [FXGL Background Thread 3 ] DEBUG Engine               - globalSoundVolume: 0.5
13:56:50.586 [FXGL Background Thread 3 ] DEBUG Engine               - globalSoundVolumeProperty: DoubleProperty [value: 0.5]
13:56:50.586 [FXGL Background Thread 3 ] DEBUG Engine               - height: 600
13:56:50.586 [FXGL Background Thread 3 ] DEBUG Engine               - is3D: false
13:56:50.586 [FXGL Background Thread 3 ] DEBUG Engine               - isAndroid: false
13:56:50.586 [FXGL Background Thread 3 ] DEBUG Engine               - isBrowser: false
13:56:50.586 [FXGL Background Thread 3 ] DEBUG Engine               - isClickFeedbackEnabled: false
13:56:50.586 [FXGL Background Thread 3 ] DEBUG Engine               - isCloseConfirmation: false
13:56:50.586 [FXGL Background Thread 3 ] DEBUG Engine               - isDesktop: true
13:56:50.586 [FXGL Background Thread 3 ] DEBUG Engine               - isDeveloperMenuEnabled: false
13:56:50.586 [FXGL Background Thread 3 ] DEBUG Engine               - isEmbedded: false
13:56:50.586 [FXGL Background Thread 3 ] DEBUG Engine               - isEntityPreloadEnabled: true
13:56:50.586 [FXGL Background Thread 3 ] DEBUG Engine               - isExperimentalTiledLargeMap: false
13:56:50.586 [FXGL Background Thread 3 ] DEBUG Engine               - isFileSystemWriteAllowed: true
13:56:50.586 [FXGL Background Thread 3 ] DEBUG Engine               - isFullScreenAllowed: false
13:56:50.586 [FXGL Background Thread 3 ] DEBUG Engine               - isFullScreenFromStart: false
13:56:50.586 [FXGL Background Thread 3 ] DEBUG Engine               - isGameMenuEnabled: true
13:56:50.586 [FXGL Background Thread 3 ] DEBUG Engine               - isIOS: false
13:56:50.586 [FXGL Background Thread 3 ] DEBUG Engine               - isIntroEnabled: false
13:56:50.586 [FXGL Background Thread 3 ] DEBUG Engine               - isLinux: false
13:56:50.586 [FXGL Background Thread 3 ] DEBUG Engine               - isMac: false
13:56:50.586 [FXGL Background Thread 3 ] DEBUG Engine               - isMainMenuEnabled: false
13:56:50.586 [FXGL Background Thread 3 ] DEBUG Engine               - isManualResizeEnabled: false
13:56:50.586 [FXGL Background Thread 3 ] DEBUG Engine               - isMobile: false
13:56:50.586 [FXGL Background Thread 3 ] DEBUG Engine               - isNative: false
13:56:50.586 [FXGL Background Thread 3 ] DEBUG Engine               - isPauseMusicWhenMinimized: true
13:56:50.586 [FXGL Background Thread 3 ] DEBUG Engine               - isPreserveResizeRatio: false
13:56:50.586 [FXGL Background Thread 3 ] DEBUG Engine               - isProfilingEnabled: false
13:56:50.586 [FXGL Background Thread 3 ] DEBUG Engine               - isScaleAffectedOnResize: true
13:56:50.586 [FXGL Background Thread 3 ] DEBUG Engine               - isSingleStep: false
13:56:50.586 [FXGL Background Thread 3 ] DEBUG Engine               - isUserProfileEnabled: false
13:56:50.586 [FXGL Background Thread 3 ] DEBUG Engine               - isWindows: true
13:56:50.586 [FXGL Background Thread 3 ] DEBUG Engine               - language: ObjectProperty [value: ENGLISH]
13:56:50.586 [FXGL Background Thread 3 ] DEBUG Engine               - menuKey: ESCAPE
13:56:50.586 [FXGL Background Thread 3 ] DEBUG Engine               - mouseSensitivity: 0.2
13:56:50.586 [FXGL Background Thread 3 ] DEBUG Engine               - notificationViewClass: class com.almasb.fxgl.notification.view.XboxNotificationView
13:56:50.586 [FXGL Background Thread 3 ] DEBUG Engine               - pixelsPerMeter: 50.0
13:56:50.586 [FXGL Background Thread 3 ] DEBUG Engine               - platform: WINDOWS
13:56:50.586 [FXGL Background Thread 3 ] DEBUG Engine               - prefHeightProperty: ReadOnlyDoubleProperty [value: 600.0]
13:56:50.586 [FXGL Background Thread 3 ] DEBUG Engine               - prefWidthProperty: ReadOnlyDoubleProperty [value: 600.0]
13:56:50.586 [FXGL Background Thread 3 ] DEBUG Engine               - profileDir: profiles/
13:56:50.587 [FXGL Background Thread 3 ] DEBUG Engine               - profileName: StringProperty [value: DEFAULT]
13:56:50.587 [FXGL Background Thread 3 ] DEBUG Engine               - randomSeed: -1
13:56:50.587 [FXGL Background Thread 3 ] DEBUG Engine               - runtimeInfo: RuntimeInfo(platform=WINDOWS, version=dev-SNAPSHOT, build=28.07.2021 16.39)
13:56:50.587 [FXGL Background Thread 3 ] DEBUG Engine               - saveFileExt: sav
13:56:50.587 [FXGL Background Thread 3 ] DEBUG Engine               - scaledHeightProp$fxgl: DoubleProperty [bound, value: 600.0]
13:56:50.587 [FXGL Background Thread 3 ] DEBUG Engine               - scaledWidthProp$fxgl: DoubleProperty [bound, value: 600.0]
13:56:50.587 [FXGL Background Thread 3 ] DEBUG Engine               - sceneFactory: com.ward_cunningham_38.teacherbomber.TeacherBomberApp$1@30e4b74
13:56:50.587 [FXGL Background Thread 3 ] DEBUG Engine               - secondsIn24h: 60
13:56:50.587 [FXGL Background Thread 3 ] DEBUG Engine               - soundMenuBack: menu/back.wav
13:56:50.587 [FXGL Background Thread 3 ] DEBUG Engine               - soundMenuPress: menu/press.wav
13:56:50.587 [FXGL Background Thread 3 ] DEBUG Engine               - soundMenuSelect: menu/select.wav
13:56:50.587 [FXGL Background Thread 3 ] DEBUG Engine               - soundNotification: core/notification.wav
13:56:50.587 [FXGL Background Thread 3 ] DEBUG Engine               - stageStyle: DECORATED
13:56:50.587 [FXGL Background Thread 3 ] DEBUG Engine               - supportedLanguages: [ENGLISH, FRENCH, GERMAN, HUNGARIAN, RUSSIAN]
13:56:50.587 [FXGL Background Thread 3 ] DEBUG Engine               - ticksPerSecond: -1
13:56:50.587 [FXGL Background Thread 3 ] DEBUG Engine               - title: Bomberman App
13:56:50.587 [FXGL Background Thread 3 ] DEBUG Engine               - urlGithub: https://github.com/AlmasB/FXGL
13:56:50.588 [FXGL Background Thread 3 ] DEBUG Engine               - urlLeaderboard: http://fxgl-top.herokuapp.com/
13:56:50.588 [FXGL Background Thread 3 ] DEBUG Engine               - urlPOM: https://raw.githubusercontent.com/AlmasB/FXGL/release/README.md
13:56:50.588 [FXGL Background Thread 3 ] DEBUG Engine               - userAppClass: class com.ward_cunningham_38.teacherbomber.TeacherBomberApp
13:56:50.588 [FXGL Background Thread 3 ] DEBUG Engine               - version: 0.1
13:56:50.588 [FXGL Background Thread 3 ] DEBUG Engine               - versionCheckDays: 7
13:56:50.588 [FXGL Background Thread 3 ] DEBUG Engine               - width: 600
13:56:50.588 [FXGL Background Thread 3 ] DEBUG Engine               - Logging services
13:56:50.588 [FXGL Background Thread 3 ] DEBUG Engine               - class com.almasb.fxgl.app.services.FXGLAssetLoaderService
13:56:50.588 [FXGL Background Thread 3 ] DEBUG Engine               - class com.almasb.fxgl.app.FXGLApplication$GameApplicationService
13:56:50.588 [FXGL Background Thread 3 ] DEBUG Engine               - class com.almasb.fxgl.app.services.FXGLDialogService
13:56:50.588 [FXGL Background Thread 3 ] DEBUG Engine               - class com.almasb.fxgl.app.services.IOTaskExecutorService
13:56:50.588 [FXGL Background Thread 3 ] DEBUG Engine               - class com.almasb.fxgl.io.FileSystemService
13:56:50.588 [FXGL Background Thread 3 ] DEBUG Engine               - class com.almasb.fxgl.localization.LocalizationService
13:56:50.588 [FXGL Background Thread 3 ] DEBUG Engine               - class com.almasb.fxgl.app.services.SystemBundleService
13:56:50.588 [FXGL Background Thread 3 ] DEBUG Engine               - class com.almasb.fxgl.profile.SaveLoadService
13:56:50.588 [FXGL Background Thread 3 ] DEBUG Engine               - class com.almasb.fxgl.ui.FXGLUIFactoryServiceProvider
13:56:50.588 [FXGL Background Thread 3 ] DEBUG Engine               - class com.almasb.fxgl.ui.FXGLDialogFactoryServiceProvider
13:56:50.588 [FXGL Background Thread 3 ] DEBUG Engine               - class com.almasb.fxgl.audio.AudioPlayer
13:56:50.588 [FXGL Background Thread 3 ] DEBUG Engine               - class com.almasb.fxgl.notification.impl.NotificationServiceProvider
13:56:50.588 [FXGL Background Thread 3 ] DEBUG Engine               - class com.almasb.fxgl.achievement.AchievementService
13:56:50.588 [FXGL Background Thread 3 ] DEBUG Engine               - class com.almasb.fxgl.cutscene.CutsceneService
13:56:50.588 [FXGL Background Thread 3 ] DEBUG Engine               - class com.almasb.fxgl.minigames.MiniGameService
13:56:50.588 [FXGL Background Thread 3 ] DEBUG Engine               - class com.almasb.fxgl.net.NetService
13:56:50.588 [FXGL Background Thread 3 ] DEBUG Engine               - class com.almasb.fxgl.app.services.UpdaterService
13:56:50.589 [FXGL Background Thread 3 ] DEBUG Engine               - class com.almasb.fxgl.dev.DevService
13:56:51.218 [JavaFX Application Thread] DEBUG FXGLAssetLoaderServi - Loading from file system: file:/C:/Users/Christiaan/Documents/GitHub/IPOSE-TeacherBomber/Bomberman/target/classes/assets/textures/bomb.png
13:56:55.312 [JavaFX Application Thread] DEBUG LoopRunner           - Stopping loop
13:56:55.313 [JavaFX Application Thread] FATAL FXGLApplication      - Uncaught Exception:
java.lang.NullPointerException: Cannot invoke "com.almasb.fxgl.entity.Entity.getAnchoredPosition()" because "this.entity" is null
	at com.almasb.fxgl.pathfinding.CellMoveComponent.getCellX(CellMoveComponent.java:110)
	at com.almasb.fxgl.pathfinding.astar.AStarMoveComponent.moveToDownCell(AStarMoveComponent.java:124)
	at com.ward_cunningham_38.teacherbomber.components.PlayerComponent.moveDown(PlayerComponent.java:54)
	at com.ward_cunningham_38.teacherbomber.TeacherBomberApp$4.onActionBegin(TeacherBomberApp.java:95)
	at com.almasb.fxgl.input.UserAction.begin$fxgl_core(UserAction.kt:37)
	at com.almasb.fxgl.input.Input.handlePressed(Input.kt:350)
	at com.almasb.fxgl.input.Input.onKeyEvent(Input.kt:291)
	at com.almasb.fxgl.app.PrimaryStageWindow$1$1.invoke(MainWindow.kt:308)
	at com.almasb.fxgl.app.PrimaryStageWindow$1$1.invoke(MainWindow.kt:308)
	at com.almasb.fxgl.core.fsm.StateMachine.runOnActiveStates(StateMachine.kt:69)
	at com.almasb.fxgl.app.PrimaryStageWindow$1.invoke(MainWindow.kt:308)
	at com.almasb.fxgl.app.PrimaryStageWindow$1.invoke(MainWindow.kt:306)
	at com.almasb.fxgl.app.MainWindow.addKeyHandler$lambda-1(MainWindow.kt:221)
	at com.sun.javafx.event.CompositeEventHandler$NormalEventHandlerRecord.handleBubblingEvent(CompositeEventHandler.java:247)
	at com.sun.javafx.event.CompositeEventHandler.dispatchBubblingEvent(CompositeEventHandler.java:80)
	at com.sun.javafx.event.EventHandlerManager.dispatchBubblingEvent(EventHandlerManager.java:234)
	at com.sun.javafx.event.EventHandlerManager.dispatchBubblingEvent(EventHandlerManager.java:191)
	at com.sun.javafx.event.CompositeEventDispatcher.dispatchBubblingEvent(CompositeEventDispatcher.java:59)
	at com.sun.javafx.event.BasicEventDispatcher.dispatchEvent(BasicEventDispatcher.java:58)
	at com.sun.javafx.event.EventDispatchChainImpl.dispatchEvent(EventDispatchChainImpl.java:114)
	at com.sun.javafx.event.BasicEventDispatcher.dispatchEvent(BasicEventDispatcher.java:56)
	at com.sun.javafx.event.EventDispatchChainImpl.dispatchEvent(EventDispatchChainImpl.java:114)
	at com.sun.javafx.event.EventUtil.fireEventImpl(EventUtil.java:74)
	at com.sun.javafx.event.EventUtil.fireEvent(EventUtil.java:54)
	at javafx.event.Event.fireEvent(Event.java:198)
	at javafx.scene.Scene$KeyHandler.process(Scene.java:4064)
	at javafx.scene.Scene.processKeyEvent(Scene.java:2123)
	at javafx.scene.Scene$ScenePeerListener.keyEvent(Scene.java:2591)
	at com.sun.javafx.tk.quantum.GlassViewEventHandler$KeyEventNotification.run(GlassViewEventHandler.java:217)
	at com.sun.javafx.tk.quantum.GlassViewEventHandler$KeyEventNotification.run(GlassViewEventHandler.java:149)
	at java.base/java.security.AccessController.doPrivileged(AccessController.java:399)
	at com.sun.javafx.tk.quantum.GlassViewEventHandler.lambda$handleKeyEvent$1(GlassViewEventHandler.java:248)
	at com.sun.javafx.tk.quantum.QuantumToolkit.runWithoutRenderLock(QuantumToolkit.java:412)
	at com.sun.javafx.tk.quantum.GlassViewEventHandler.handleKeyEvent(GlassViewEventHandler.java:247)
	at com.sun.glass.ui.View.handleKeyEvent(View.java:547)
	at com.sun.glass.ui.View.notifyKey(View.java:971)
	at com.sun.glass.ui.win.WinApplication._runLoop(Native Method)
	at com.sun.glass.ui.win.WinApplication.lambda$runLoop$3(WinApplication.java:174)
	at java.base/java.lang.Thread.run(Thread.java:833)

13:56:55.314 [JavaFX Application Thread] FATAL FXGLApplication      - Application will now exit
13:56:55.327 [JavaFX Application Thread] DEBUG PrimaryStageWindow   - Push state: ErrorSubScene
13:56:55.328 [JavaFX Application Thread] DEBUG Input                - Clearing active input actions
13:56:55.332 [JavaFX Application Thread] DEBUG GameApplicationServi - Removing overlay from GameScene and adding to ErrorSubScene
13:56:55.332 [JavaFX Application Thread] DEBUG PrimaryStageWindow   - GameScene -> ErrorSubScene
13:56:59.839 [JavaFX Application Thread] DEBUG FXGLApplication      - Exiting FXGL
13:56:59.839 [JavaFX Application Thread] DEBUG Async                - Shutting down background threads
13:56:59.839 [JavaFX Application Thread] DEBUG PrimaryStageWindow   - Closing main window
13:56:59.849 [JavaFX Application Thread] DEBUG Logger               - Closing Logger
