14:57:08.756 [main                     ] DEBUG Logger               - Configured Logger
14:57:08.766 [main                     ] DEBUG GameApplication      - Logging settings
Title: Bomberman App
Version: 0.1
Width: 600
Height: 600
Fullscreen: false
Intro: false
Profiling: false
Single step:false
App Mode: DEVELOPER
Menu Key: ESCAPE
Stage Style: DECORATED
Scene Factory: class com.ward_cunningham_38.teacherbomber.TeacherBomberApp$1

14:57:10.293 [JavaFX Application Thread] DEBUG FXGLApplication      - Initializing FXGL
14:57:10.295 [JavaFX Application Thread] INFO  Engine               - FXGL-dev-SNAPSHOT (28.07.2021 16.39) on WINDOWS (J:18 FX:16)
14:57:10.295 [JavaFX Application Thread] DEBUG Engine               - JRE Vendor Name: Oracle Corporation
14:57:10.296 [JavaFX Application Thread] DEBUG Engine               - Running on OS: Windows 10 version 10.0
14:57:10.296 [JavaFX Application Thread] DEBUG Engine               - Architecture: amd64
14:57:10.296 [JavaFX Application Thread] INFO  Engine               - Source code and latest versions at: https://github.com/AlmasB/FXGL
14:57:10.296 [JavaFX Application Thread] INFO  Engine               -              Join the FXGL chat at: https://gitter.im/AlmasB/FXGL
14:57:10.420 [JavaFX Application Thread] DEBUG PrimaryStageWindow   - Creating a JavaFX scene
14:57:10.472 [JavaFX Application Thread] DEBUG PrimaryStageWindow   - Target settings size: 600.0 x 600.0
14:57:10.472 [JavaFX Application Thread] DEBUG PrimaryStageWindow   - Scaled scene size:    600.0 x 600.0
14:57:10.472 [JavaFX Application Thread] DEBUG PrimaryStageWindow   - Scaled ratio: (1.0, 1.0)
14:57:10.474 [JavaFX Application Thread] DEBUG PrimaryStageWindow   - Set initial scene to FXGLStartupScene
14:57:10.482 [JavaFX Application Thread] DEBUG PrimaryStageWindow   - Opening main window
14:57:10.596 [JavaFX Application Thread] DEBUG PrimaryStageWindow   - Window border size: (16.0, 39.0)
14:57:10.596 [JavaFX Application Thread] DEBUG PrimaryStageWindow   - Scaled size: 600.0 x 600.0
14:57:10.596 [JavaFX Application Thread] DEBUG PrimaryStageWindow   - Scaled ratio: (1.0, 1.0)
14:57:10.597 [JavaFX Application Thread] DEBUG PrimaryStageWindow   - Scene size: 600.0 x 600.0
14:57:10.597 [JavaFX Application Thread] DEBUG PrimaryStageWindow   - Stage size: 616.0 x 639.0
14:57:10.609 [FXGL Background Thread 1 ] DEBUG Engine               - Initializing environment variables
14:57:10.698 [FXGL Background Thread 1 ] DEBUG FXGLAssetLoaderServi - User app class for loading assets: class com.ward_cunningham_38.teacherbomber.TeacherBomberApp
14:57:10.698 [FXGL Background Thread 1 ] DEBUG GameApplicationServi - Applying CSS: fxgl_dark.css
14:57:10.699 [FXGL Background Thread 1 ] DEBUG FXGLAssetLoaderServi - Loading from file system: jar:file:/C:/Users/Raven/.m2/repository/com/github/almasb/fxgl/dev-SNAPSHOT/fxgl-dev-20210728.163953-1821.jar!/fxglassets/ui/css/fxgl_dark.css
14:57:10.742 [FXGL Background Thread 1 ] DEBUG GameApplicationServi - Initializing application scenes
14:57:10.788 [FXGL Background Thread 1 ] DEBUG GameWorld            - Game world initialized
14:57:10.875 [FXGL Background Thread 1 ] DEBUG PhysicsWorld         - Physics world initialized: appHeight=600, physics.ppm=50.0
14:57:10.875 [FXGL Background Thread 1 ] DEBUG PhysicsWorld         - Using strategy: BRUTE_FORCE
14:57:10.878 [FXGL Background Thread 1 ] DEBUG GameScene            - Game scene initialized: 600x600
14:57:10.896 [FXGL Background Thread 1 ] WARN  FXGL.DefaultMenu     - FXGLDefaultMenu is not designed for resolutions < 800x600
14:57:10.896 [FXGL Background Thread 1 ] DEBUG FXGL.DefaultMenu     - createMenuBodyMainMenu()
14:57:10.922 [FXGL Background Thread 1 ] DEBUG FXGL.DefaultMenu     - createOptionsMenu()
14:57:10.937 [FXGL Background Thread 1 ] DEBUG FXGLAssetLoaderServi - Loading from file system: jar:file:/C:/Users/Raven/.m2/repository/com/github/almasb/fxgl/dev-SNAPSHOT/fxgl-dev-20210728.163953-1821.jar!/fxglassets/textures/particles/smoke.png
14:57:11.102 [FXGL Background Thread 1 ] DEBUG FXGLAssetLoaderServi - Loading from file system: jar:file:/C:/Users/Raven/.m2/repository/com/github/almasb/fxgl/dev-SNAPSHOT/fxgl-dev-20210728.163953-1821.jar!/fxglassets/textures/particles/trace_horizontal.png
14:57:11.155 [FXGL Background Thread 1 ] DEBUG FXGLAssetLoaderServi - Loading from file system: jar:file:/C:/Users/Raven/.m2/repository/com/github/almasb/fxgl/dev-SNAPSHOT/fxgl-dev-20210728.163953-1821.jar!/fxglassets/textures/pause_menu_bg.png
14:57:11.178 [FXGL Background Thread 1 ] DEBUG GameApplicationServi - Application scenes initialized
14:57:11.192 [FXGL Background Thread 1 ] DEBUG SystemBundleService  - Loading FXGL system data
14:57:11.197 [FXGL Background Thread 1 ] DEBUG FileSystemAccess     - Reading from: C:\Users\Raven\Documents\School\IPOSE\IPOSE-TeacherBomber\Bomberman\system\fxgl.bundle
14:57:11.205 [FXGL Background Thread 1 ] DEBUG SystemBundleService  - Bundle FXGL: {}
14:57:11.205 [FXGL Background Thread 1 ] DEBUG UpdaterService       - Checking for updates
14:57:11.210 [FXGL Background Thread 4 ] DEBUG FXGLApplication      - Loading fonts
14:57:11.210 [FXGL Background Thread 4 ] DEBUG FXGLAssetLoaderServi - Loading from file system: jar:file:/C:/Users/Raven/.m2/repository/com/github/almasb/fxgl/dev-SNAPSHOT/fxgl-dev-20210728.163953-1821.jar!/fxglassets/ui/fonts/VarelaRound-Regular.ttf
14:57:11.210 [FXGL Background Thread 1 ] DEBUG FXGLApplication      - Loading default localization
14:57:11.210 [FXGL Background Thread 1 ] DEBUG FXGLAssetLoaderServi - Loading from file system: jar:file:/C:/Users/Raven/.m2/repository/com/github/almasb/fxgl/dev-SNAPSHOT/fxgl-dev-20210728.163953-1821.jar!/fxglassets/languages/english.lang
14:57:11.249 [FXGL Background Thread 1 ] INFO  FXGLApplication      - FXGL initialization took: 0.641 sec
14:57:11.263 [JavaFX Application Thread] DEBUG Input                - Registered new binding: Move Up W - W
14:57:11.263 [JavaFX Application Thread] DEBUG Input                - Registered new binding: Move Left A - A
14:57:11.264 [JavaFX Application Thread] DEBUG Input                - Registered new binding: Move Down S - S
14:57:11.264 [JavaFX Application Thread] DEBUG Input                - Registered new binding: Move Right D - D
14:57:11.264 [JavaFX Application Thread] DEBUG Input                - Registered new binding: Place Bomb F - F
14:57:11.264 [JavaFX Application Thread] DEBUG Input                - Registered new binding: Move Up Arrow - Up
14:57:11.264 [JavaFX Application Thread] DEBUG Input                - Registered new binding: Move Left Arrow - Left
14:57:11.264 [JavaFX Application Thread] DEBUG Input                - Registered new binding: Move Down Arrow - Down
14:57:11.265 [JavaFX Application Thread] DEBUG Input                - Registered new binding: Move Right Arrow - Right
14:57:11.265 [JavaFX Application Thread] DEBUG Input                - Registered new binding: Place Bomb  - Numpad 0
14:57:11.266 [JavaFX Application Thread] DEBUG FXGLAssetLoaderServi - Loading from file system: jar:file:/C:/Users/Raven/.m2/repository/com/github/almasb/fxgl/dev-SNAPSHOT/fxgl-dev-20210728.163953-1821.jar!/fxglassets/textures/fxgl_icon.png
14:57:11.294 [JavaFX Application Thread] DEBUG FXGLAssetLoaderServi - Loading from file system: jar:file:/C:/Users/Raven/.m2/repository/com/github/almasb/fxgl/dev-SNAPSHOT/fxgl-dev-20210728.163953-1821.jar!/fxglassets/textures/fxgl_default_cursor.png
14:57:11.298 [JavaFX Application Thread] DEBUG Input                - Registered new binding: Screenshot - CTRL+8
14:57:11.299 [JavaFX Application Thread] DEBUG Input                - Registered new binding: System info dump - CTRL+9
14:57:11.300 [JavaFX Application Thread] DEBUG Input                - Registered new binding: Restart - CTRL+R
14:57:11.301 [JavaFX Application Thread] DEBUG Input                - Registered new binding: Toggle Debug Camera - CTRL+C
14:57:11.304 [JavaFX Application Thread] DEBUG LoopRunner           - Starting loop
14:57:11.304 [JavaFX Application Thread] DEBUG LoopRunner           - Initializing JavaFX AnimationTimerLoop
14:57:11.309 [JavaFX Application Thread] DEBUG Input                - Clearing active input actions
14:57:11.320 [JavaFX Application Thread] DEBUG GameApplicationServi - Removing overlay from FXGLStartupScene and adding to FXGLMainMenuDummyScene
14:57:11.320 [JavaFX Application Thread] DEBUG PrimaryStageWindow   - FXGLStartupScene -> FXGLMainMenuDummyScene
14:57:11.320 [JavaFX Application Thread] DEBUG PrimaryStageWindow   - Push state: FXGLDefaultMenu
14:57:11.321 [JavaFX Application Thread] DEBUG Input                - Clearing active input actions
14:57:11.337 [JavaFX Application Thread] DEBUG GameApplicationServi - Removing overlay from FXGLMainMenuDummyScene and adding to FXGLDefaultMenu
14:57:11.338 [JavaFX Application Thread] DEBUG PrimaryStageWindow   - FXGLMainMenuDummyScene -> FXGLDefaultMenu
14:57:11.409 [FXGL Background Thread 4 ] DEBUG FXGLAssetLoaderServi - Loading from file system: jar:file:/C:/Users/Raven/.m2/repository/com/github/almasb/fxgl/dev-SNAPSHOT/fxgl-dev-20210728.163953-1821.jar!/fxglassets/ui/fonts/Abel-Regular.ttf
14:57:11.428 [FXGL Background Thread 4 ] DEBUG FXGLAssetLoaderServi - Loading from file system: jar:file:/C:/Users/Raven/.m2/repository/com/github/almasb/fxgl/dev-SNAPSHOT/fxgl-dev-20210728.163953-1821.jar!/fxglassets/ui/fonts/lucida_console.ttf
14:57:11.443 [FXGL Background Thread 4 ] DEBUG FXGLAssetLoaderServi - Loading from file system: jar:file:/C:/Users/Raven/.m2/repository/com/github/almasb/fxgl/dev-SNAPSHOT/fxgl-dev-20210728.163953-1821.jar!/fxglassets/ui/fonts/Courier-Prime.ttf
14:57:11.456 [JavaFX Application Thread] DEBUG FXGLApplication      - Registering font factories with UI factory
14:57:11.712 [FXGL Background Thread 2 ] INFO  UpdaterService       - Your current version:  dev-SNAPSHOT
14:57:11.713 [FXGL Background Thread 2 ] INFO  UpdaterService       - Latest stable version: 17.1
14:57:14.209 [FXGL Background Thread 3 ] DEBUG Engine               - Logging environment variables
14:57:14.210 [FXGL Background Thread 3 ] DEBUG Engine               - achievements: []
14:57:14.210 [FXGL Background Thread 3 ] DEBUG Engine               - actualHeight: 600.0
14:57:14.210 [FXGL Background Thread 3 ] DEBUG Engine               - actualHeightProperty: ReadOnlyDoubleProperty [value: 600.0]
14:57:14.210 [FXGL Background Thread 3 ] DEBUG Engine               - actualWidth: 600.0
14:57:14.210 [FXGL Background Thread 3 ] DEBUG Engine               - actualWidthProperty: ReadOnlyDoubleProperty [value: 600.0]
14:57:14.210 [FXGL Background Thread 3 ] DEBUG Engine               - appIcon: fxgl_icon.png
14:57:14.210 [FXGL Background Thread 3 ] DEBUG Engine               - applicationMode: DEVELOPER
14:57:14.210 [FXGL Background Thread 3 ] DEBUG Engine               - cSSList: [fxgl_dark.css]
14:57:14.210 [FXGL Background Thread 3 ] DEBUG Engine               - collisionDetectionStrategy: BRUTE_FORCE
14:57:14.211 [FXGL Background Thread 3 ] DEBUG Engine               - configClass: Optional.empty
14:57:14.211 [FXGL Background Thread 3 ] DEBUG Engine               - credits: []
14:57:14.211 [FXGL Background Thread 3 ] DEBUG Engine               - defaultCursor: CursorInfo(imageName=fxgl_default_cursor.png, hotspotX=7.0, hotspotY=6.0)
14:57:14.211 [FXGL Background Thread 3 ] DEBUG Engine               - devBBoxColorProperty: ObjectProperty [value: 0xff0000ff]
14:57:14.211 [FXGL Background Thread 3 ] DEBUG Engine               - devEnableDebugCameraProperty: BooleanProperty [value: false]
14:57:14.211 [FXGL Background Thread 3 ] DEBUG Engine               - devSensorColorProperty: ObjectProperty [value: 0xffff00ff]
14:57:14.211 [FXGL Background Thread 3 ] DEBUG Engine               - devShowBBoxProperty: BooleanProperty [value: false]
14:57:14.211 [FXGL Background Thread 3 ] DEBUG Engine               - devShowPositionProperty: BooleanProperty [value: false]
14:57:14.211 [FXGL Background Thread 3 ] DEBUG Engine               - enabledMenuItems: []
14:57:14.212 [FXGL Background Thread 3 ] DEBUG Engine               - engineServices: [class com.almasb.fxgl.app.services.FXGLAssetLoaderService, class com.almasb.fxgl.app.FXGLApplication$GameApplicationService, class com.almasb.fxgl.app.services.FXGLDialogService, class com.almasb.fxgl.app.services.IOTaskExecutorService, class com.almasb.fxgl.io.FileSystemService, class com.almasb.fxgl.localization.LocalizationService, class com.almasb.fxgl.app.services.SystemBundleService, class com.almasb.fxgl.profile.SaveLoadService, class com.almasb.fxgl.ui.FXGLUIFactoryServiceProvider, class com.almasb.fxgl.ui.FXGLDialogFactoryServiceProvider, class com.almasb.fxgl.audio.AudioPlayer, class com.almasb.fxgl.notification.impl.NotificationServiceProvider, class com.almasb.fxgl.achievement.AchievementService, class com.almasb.fxgl.cutscene.CutsceneService, class com.almasb.fxgl.minigames.MiniGameService, class com.almasb.fxgl.net.NetService, class com.almasb.fxgl.app.services.UpdaterService, class com.almasb.fxgl.dev.DevService]
14:57:14.212 [FXGL Background Thread 3 ] DEBUG Engine               - fontGame: Abel-Regular.ttf
14:57:14.212 [FXGL Background Thread 3 ] DEBUG Engine               - fontMono: lucida_console.ttf
14:57:14.212 [FXGL Background Thread 3 ] DEBUG Engine               - fontText: Courier-Prime.ttf
14:57:14.212 [FXGL Background Thread 3 ] DEBUG Engine               - fontUI: VarelaRound-Regular.ttf
14:57:14.212 [FXGL Background Thread 3 ] DEBUG Engine               - fullScreen: BooleanProperty [value: false]
14:57:14.212 [FXGL Background Thread 3 ] DEBUG Engine               - gameDifficulty: MEDIUM
14:57:14.212 [FXGL Background Thread 3 ] DEBUG Engine               - gameDifficultyProperty: ObjectProperty [value: MEDIUM]
14:57:14.212 [FXGL Background Thread 3 ] DEBUG Engine               - globalMusicVolume: 0.5
14:57:14.212 [FXGL Background Thread 3 ] DEBUG Engine               - globalMusicVolumeProperty: DoubleProperty [value: 0.5]
14:57:14.212 [FXGL Background Thread 3 ] DEBUG Engine               - globalSoundVolume: 0.5
14:57:14.213 [FXGL Background Thread 3 ] DEBUG Engine               - globalSoundVolumeProperty: DoubleProperty [value: 0.5]
14:57:14.213 [FXGL Background Thread 3 ] DEBUG Engine               - height: 600
14:57:14.213 [FXGL Background Thread 3 ] DEBUG Engine               - is3D: false
14:57:14.213 [FXGL Background Thread 3 ] DEBUG Engine               - isAndroid: false
14:57:14.213 [FXGL Background Thread 3 ] DEBUG Engine               - isBrowser: false
14:57:14.213 [FXGL Background Thread 3 ] DEBUG Engine               - isClickFeedbackEnabled: false
14:57:14.213 [FXGL Background Thread 3 ] DEBUG Engine               - isCloseConfirmation: false
14:57:14.213 [FXGL Background Thread 3 ] DEBUG Engine               - isDesktop: true
14:57:14.213 [FXGL Background Thread 3 ] DEBUG Engine               - isDeveloperMenuEnabled: false
14:57:14.213 [FXGL Background Thread 3 ] DEBUG Engine               - isEmbedded: false
14:57:14.213 [FXGL Background Thread 3 ] DEBUG Engine               - isEntityPreloadEnabled: true
14:57:14.213 [FXGL Background Thread 3 ] DEBUG Engine               - isExperimentalTiledLargeMap: false
14:57:14.213 [FXGL Background Thread 3 ] DEBUG Engine               - isFileSystemWriteAllowed: true
14:57:14.214 [FXGL Background Thread 3 ] DEBUG Engine               - isFullScreenAllowed: false
14:57:14.214 [FXGL Background Thread 3 ] DEBUG Engine               - isFullScreenFromStart: false
14:57:14.214 [FXGL Background Thread 3 ] DEBUG Engine               - isGameMenuEnabled: true
14:57:14.214 [FXGL Background Thread 3 ] DEBUG Engine               - isIOS: false
14:57:14.214 [FXGL Background Thread 3 ] DEBUG Engine               - isIntroEnabled: false
14:57:14.214 [FXGL Background Thread 3 ] DEBUG Engine               - isLinux: false
14:57:14.214 [FXGL Background Thread 3 ] DEBUG Engine               - isMac: false
14:57:14.214 [FXGL Background Thread 3 ] DEBUG Engine               - isMainMenuEnabled: true
14:57:14.214 [FXGL Background Thread 3 ] DEBUG Engine               - isManualResizeEnabled: false
14:57:14.214 [FXGL Background Thread 3 ] DEBUG Engine               - isMobile: false
14:57:14.214 [FXGL Background Thread 3 ] DEBUG Engine               - isNative: false
14:57:14.214 [FXGL Background Thread 3 ] DEBUG Engine               - isPauseMusicWhenMinimized: true
14:57:14.215 [FXGL Background Thread 3 ] DEBUG Engine               - isPreserveResizeRatio: false
14:57:14.215 [FXGL Background Thread 3 ] DEBUG Engine               - isProfilingEnabled: false
14:57:14.215 [FXGL Background Thread 3 ] DEBUG Engine               - isScaleAffectedOnResize: true
14:57:14.215 [FXGL Background Thread 3 ] DEBUG Engine               - isSingleStep: false
14:57:14.215 [FXGL Background Thread 3 ] DEBUG Engine               - isUserProfileEnabled: false
14:57:14.215 [FXGL Background Thread 3 ] DEBUG Engine               - isWindows: true
14:57:14.215 [FXGL Background Thread 3 ] DEBUG Engine               - language: ObjectProperty [value: ENGLISH]
14:57:14.215 [FXGL Background Thread 3 ] DEBUG Engine               - menuKey: ESCAPE
14:57:14.215 [FXGL Background Thread 3 ] DEBUG Engine               - mouseSensitivity: 0.2
14:57:14.215 [FXGL Background Thread 3 ] DEBUG Engine               - notificationViewClass: class com.almasb.fxgl.notification.view.XboxNotificationView
14:57:14.215 [FXGL Background Thread 3 ] DEBUG Engine               - pixelsPerMeter: 50.0
14:57:14.215 [FXGL Background Thread 3 ] DEBUG Engine               - platform: WINDOWS
14:57:14.215 [FXGL Background Thread 3 ] DEBUG Engine               - prefHeightProperty: ReadOnlyDoubleProperty [value: 600.0]
14:57:14.216 [FXGL Background Thread 3 ] DEBUG Engine               - prefWidthProperty: ReadOnlyDoubleProperty [value: 600.0]
14:57:14.216 [FXGL Background Thread 3 ] DEBUG Engine               - profileDir: profiles/
14:57:14.216 [FXGL Background Thread 3 ] DEBUG Engine               - profileName: StringProperty [value: DEFAULT]
14:57:14.216 [FXGL Background Thread 3 ] DEBUG Engine               - randomSeed: -1
14:57:14.216 [FXGL Background Thread 3 ] DEBUG Engine               - runtimeInfo: RuntimeInfo(platform=WINDOWS, version=dev-SNAPSHOT, build=28.07.2021 16.39)
14:57:14.216 [FXGL Background Thread 3 ] DEBUG Engine               - saveFileExt: sav
14:57:14.216 [FXGL Background Thread 3 ] DEBUG Engine               - scaledHeightProp$fxgl: DoubleProperty [bound, value: 600.0]
14:57:14.216 [FXGL Background Thread 3 ] DEBUG Engine               - scaledWidthProp$fxgl: DoubleProperty [bound, value: 600.0]
14:57:14.216 [FXGL Background Thread 3 ] DEBUG Engine               - sceneFactory: com.ward_cunningham_38.teacherbomber.TeacherBomberApp$1@22e8a0cc
14:57:14.216 [FXGL Background Thread 3 ] DEBUG Engine               - secondsIn24h: 60
14:57:14.216 [FXGL Background Thread 3 ] DEBUG Engine               - soundMenuBack: menu/back.wav
14:57:14.217 [FXGL Background Thread 3 ] DEBUG Engine               - soundMenuPress: menu/press.wav
14:57:14.217 [FXGL Background Thread 3 ] DEBUG Engine               - soundMenuSelect: menu/select.wav
14:57:14.217 [FXGL Background Thread 3 ] DEBUG Engine               - soundNotification: core/notification.wav
14:57:14.217 [FXGL Background Thread 3 ] DEBUG Engine               - stageStyle: DECORATED
14:57:14.217 [FXGL Background Thread 3 ] DEBUG Engine               - supportedLanguages: [ENGLISH, FRENCH, GERMAN, HUNGARIAN, RUSSIAN]
14:57:14.217 [FXGL Background Thread 3 ] DEBUG Engine               - ticksPerSecond: -1
14:57:14.217 [FXGL Background Thread 3 ] DEBUG Engine               - title: Bomberman App
14:57:14.217 [FXGL Background Thread 3 ] DEBUG Engine               - urlGithub: https://github.com/AlmasB/FXGL
14:57:14.217 [FXGL Background Thread 3 ] DEBUG Engine               - urlLeaderboard: http://fxgl-top.herokuapp.com/
14:57:14.217 [FXGL Background Thread 3 ] DEBUG Engine               - urlPOM: https://raw.githubusercontent.com/AlmasB/FXGL/release/README.md
14:57:14.218 [FXGL Background Thread 3 ] DEBUG Engine               - userAppClass: class com.ward_cunningham_38.teacherbomber.TeacherBomberApp
14:57:14.218 [FXGL Background Thread 3 ] DEBUG Engine               - version: 0.1
14:57:14.218 [FXGL Background Thread 3 ] DEBUG Engine               - versionCheckDays: 7
14:57:14.218 [FXGL Background Thread 3 ] DEBUG Engine               - width: 600
14:57:14.218 [FXGL Background Thread 3 ] DEBUG Engine               - Logging services
14:57:14.218 [FXGL Background Thread 3 ] DEBUG Engine               - class com.almasb.fxgl.app.services.FXGLAssetLoaderService
14:57:14.218 [FXGL Background Thread 3 ] DEBUG Engine               - class com.almasb.fxgl.app.FXGLApplication$GameApplicationService
14:57:14.218 [FXGL Background Thread 3 ] DEBUG Engine               - class com.almasb.fxgl.app.services.FXGLDialogService
14:57:14.218 [FXGL Background Thread 3 ] DEBUG Engine               - class com.almasb.fxgl.app.services.IOTaskExecutorService
14:57:14.218 [FXGL Background Thread 3 ] DEBUG Engine               - class com.almasb.fxgl.io.FileSystemService
14:57:14.218 [FXGL Background Thread 3 ] DEBUG Engine               - class com.almasb.fxgl.localization.LocalizationService
14:57:14.218 [FXGL Background Thread 3 ] DEBUG Engine               - class com.almasb.fxgl.app.services.SystemBundleService
14:57:14.218 [FXGL Background Thread 3 ] DEBUG Engine               - class com.almasb.fxgl.profile.SaveLoadService
14:57:14.218 [FXGL Background Thread 3 ] DEBUG Engine               - class com.almasb.fxgl.ui.FXGLUIFactoryServiceProvider
14:57:14.218 [FXGL Background Thread 3 ] DEBUG Engine               - class com.almasb.fxgl.ui.FXGLDialogFactoryServiceProvider
14:57:14.218 [FXGL Background Thread 3 ] DEBUG Engine               - class com.almasb.fxgl.audio.AudioPlayer
14:57:14.218 [FXGL Background Thread 3 ] DEBUG Engine               - class com.almasb.fxgl.notification.impl.NotificationServiceProvider
14:57:14.218 [FXGL Background Thread 3 ] DEBUG Engine               - class com.almasb.fxgl.achievement.AchievementService
14:57:14.218 [FXGL Background Thread 3 ] DEBUG Engine               - class com.almasb.fxgl.cutscene.CutsceneService
14:57:14.218 [FXGL Background Thread 3 ] DEBUG Engine               - class com.almasb.fxgl.minigames.MiniGameService
14:57:14.218 [FXGL Background Thread 3 ] DEBUG Engine               - class com.almasb.fxgl.net.NetService
14:57:14.218 [FXGL Background Thread 3 ] DEBUG Engine               - class com.almasb.fxgl.app.services.UpdaterService
14:57:14.218 [FXGL Background Thread 3 ] DEBUG Engine               - class com.almasb.fxgl.dev.DevService
14:58:05.755 [JavaFX Application Thread] DEBUG Menu                 - fireNewGame()
14:58:05.755 [JavaFX Application Thread] DEBUG GameApplicationServi - Starting new game
14:58:05.757 [JavaFX Application Thread] DEBUG PrimaryStageWindow   - Pop state: FXGLDefaultMenu
14:58:05.758 [JavaFX Application Thread] DEBUG Input                - Clearing active input actions
14:58:05.759 [JavaFX Application Thread] DEBUG GameApplicationServi - Removing overlay from FXGLDefaultMenu and adding to FXGLMainMenuDummyScene
14:58:05.761 [JavaFX Application Thread] DEBUG PrimaryStageWindow   - FXGLMainMenuDummyScene <- FXGLDefaultMenu
14:58:05.762 [JavaFX Application Thread] DEBUG Input                - Clearing active input actions
14:58:05.771 [JavaFX Application Thread] DEBUG GameApplicationServi - Removing overlay from FXGLMainMenuDummyScene and adding to FXGLLoadingScene
14:58:05.771 [JavaFX Application Thread] DEBUG PrimaryStageWindow   - FXGLMainMenuDummyScene -> FXGLLoadingScene
14:58:05.771 [JavaFX Application Thread] DEBUG GameApplicationServi - Clearing previous game
14:58:05.771 [JavaFX Application Thread] DEBUG GameScene            - Clearing game scene
14:58:05.771 [JavaFX Application Thread] DEBUG GameWorld            - Clearing game world
14:58:05.772 [JavaFX Application Thread] DEBUG PhysicsWorld         - Clearing physics world
14:58:05.775 [FXGL Background Thread 2 ] DEBUG FXGLApplication      - Initializing game
14:58:05.791 [FXGL Background Thread 2 ] DEBUG FXGLAssetLoaderServi - Loading from file system: file:/C:/Users/Raven/Documents/School/IPOSE/IPOSE-TeacherBomber/Bomberman/target/classes/assets/textures/brick.png
14:58:05.841 [FXGL Background Thread 2 ] DEBUG GameWorld            - Clearing removable entities
14:58:05.843 [FXGL Background Thread 2 ] DEBUG GameWorld            - Setting level: com.almasb.fxgl.entity.level.Level@26116c2a
14:58:05.896 [FXGL Background Thread 2 ] INFO  FXGLApplication      - Game initialization took: 0.121 sec
14:58:05.899 [JavaFX Application Thread] DEBUG Input                - Clearing active input actions
14:58:05.907 [JavaFX Application Thread] DEBUG GameApplicationServi - Removing overlay from FXGLLoadingScene and adding to GameScene
14:58:05.907 [JavaFX Application Thread] DEBUG PrimaryStageWindow   - FXGLLoadingScene -> GameScene
14:58:14.731 [JavaFX Application Thread] DEBUG PrimaryStageWindow   - Push state: SimpleGameMenu
14:58:14.732 [JavaFX Application Thread] DEBUG Input                - Clearing active input actions
14:58:14.732 [JavaFX Application Thread] DEBUG GameApplicationServi - Removing overlay from GameScene and adding to SimpleGameMenu
14:58:14.732 [JavaFX Application Thread] DEBUG PrimaryStageWindow   - GameScene -> SimpleGameMenu
14:58:15.839 [JavaFX Application Thread] DEBUG Menu                 - fireExitToMainMenu()
14:58:15.841 [JavaFX Application Thread] DEBUG PrimaryStageWindow   - Push state: DialogSubScene
14:58:15.841 [JavaFX Application Thread] DEBUG Input                - Clearing active input actions
14:58:15.841 [JavaFX Application Thread] DEBUG GameApplicationServi - Removing overlay from SimpleGameMenu and adding to DialogSubScene
14:58:15.841 [JavaFX Application Thread] DEBUG PrimaryStageWindow   - SimpleGameMenu -> DialogSubScene
14:58:16.824 [JavaFX Application Thread] DEBUG PrimaryStageWindow   - Pop state: DialogSubScene
14:58:16.824 [JavaFX Application Thread] DEBUG Input                - Clearing active input actions
14:58:16.825 [JavaFX Application Thread] DEBUG GameApplicationServi - Removing overlay from DialogSubScene and adding to SimpleGameMenu
14:58:16.825 [JavaFX Application Thread] DEBUG PrimaryStageWindow   - SimpleGameMenu <- DialogSubScene
14:58:16.825 [JavaFX Application Thread] DEBUG PrimaryStageWindow   - Pop state: SimpleGameMenu
14:58:16.825 [JavaFX Application Thread] DEBUG Input                - Clearing active input actions
14:58:16.825 [JavaFX Application Thread] DEBUG GameApplicationServi - Removing overlay from SimpleGameMenu and adding to GameScene
14:58:16.825 [JavaFX Application Thread] DEBUG PrimaryStageWindow   - GameScene <- SimpleGameMenu
14:58:16.825 [JavaFX Application Thread] DEBUG Input                - Clearing active input actions
14:58:16.830 [JavaFX Application Thread] DEBUG GameApplicationServi - Removing overlay from GameScene and adding to FXGLMainMenuDummyScene
14:58:16.830 [JavaFX Application Thread] DEBUG PrimaryStageWindow   - GameScene -> FXGLMainMenuDummyScene
14:58:16.831 [JavaFX Application Thread] DEBUG PrimaryStageWindow   - Push state: FXGLDefaultMenu
14:58:16.831 [JavaFX Application Thread] DEBUG Input                - Clearing active input actions
14:58:16.833 [JavaFX Application Thread] DEBUG GameApplicationServi - Removing overlay from FXGLMainMenuDummyScene and adding to FXGLDefaultMenu
14:58:16.833 [JavaFX Application Thread] DEBUG PrimaryStageWindow   - FXGLMainMenuDummyScene -> FXGLDefaultMenu
14:58:22.493 [JavaFX Application Thread] DEBUG FXGLApplication      - Exiting FXGL
14:58:22.493 [JavaFX Application Thread] DEBUG LoopRunner           - Stopping loop
14:58:22.493 [JavaFX Application Thread] DEBUG SystemBundleService  - Saving FXGL system data
14:58:22.495 [JavaFX Application Thread] DEBUG FileSystemAccess     - Writing to: C:\Users\Raven\Documents\School\IPOSE\IPOSE-TeacherBomber\Bomberman\system\fxgl.bundle
14:58:22.498 [JavaFX Application Thread] DEBUG Async                - Shutting down background threads
14:58:22.498 [JavaFX Application Thread] DEBUG PrimaryStageWindow   - Closing main window
14:58:22.520 [JavaFX Application Thread] DEBUG Logger               - Closing Logger
