14:16:17.970 [main                     ] DEBUG Logger               - Configured Logger
14:16:17.974 [main                     ] DEBUG GameApplication      - Logging settings
Title: Bomberman App
Version: 0.1
Width: 600
Height: 600
Fullscreen: false
Intro: false
Profiling: false
Single step:false
App Mode: DEVELOPER
Menu Key: ESCAPE
Stage Style: DECORATED
Scene Factory: class com.ward_cunningham_38.teacherbomber.TeacherBomberApp$1

14:16:18.445 [JavaFX Application Thread] DEBUG FXGLApplication      - Initializing FXGL
14:16:18.447 [JavaFX Application Thread] INFO  Engine               - FXGL-11.15 (13.04.2021 08.23) on WINDOWS (J:18 FX:15)
14:16:18.447 [JavaFX Application Thread] DEBUG Engine               - JRE Vendor Name: Oracle Corporation
14:16:18.447 [JavaFX Application Thread] DEBUG Engine               - Running on OS: Windows 10 version 10.0
14:16:18.448 [JavaFX Application Thread] DEBUG Engine               - Architecture: amd64
14:16:18.448 [JavaFX Application Thread] INFO  Engine               - Source code and latest versions at: https://github.com/AlmasB/FXGL
14:16:18.448 [JavaFX Application Thread] INFO  Engine               -              Join the FXGL chat at: https://gitter.im/AlmasB/FXGL
14:16:18.561 [JavaFX Application Thread] DEBUG PrimaryStageWindow   - Creating a JavaFX scene
14:16:18.615 [JavaFX Application Thread] DEBUG PrimaryStageWindow   - Target settings size: 600.0 x 600.0
14:16:18.615 [JavaFX Application Thread] DEBUG PrimaryStageWindow   - Scaled scene size:    600.0 x 600.0
14:16:18.616 [JavaFX Application Thread] DEBUG PrimaryStageWindow   - Scaled ratio: (1.0, 1.0)
14:16:18.616 [JavaFX Application Thread] DEBUG PrimaryStageWindow   - Set initial scene to FXGLStartupScene
14:16:18.623 [JavaFX Application Thread] DEBUG PrimaryStageWindow   - Opening main window
14:16:18.707 [JavaFX Application Thread] DEBUG PrimaryStageWindow   - Window border size: (16.0, 39.0)
14:16:18.707 [JavaFX Application Thread] DEBUG PrimaryStageWindow   - Scaled size: 600.0 x 600.0
14:16:18.707 [JavaFX Application Thread] DEBUG PrimaryStageWindow   - Scaled ratio: (1.0, 1.0)
14:16:18.707 [JavaFX Application Thread] DEBUG PrimaryStageWindow   - Scene size: 600.0 x 600.0
14:16:18.708 [JavaFX Application Thread] DEBUG PrimaryStageWindow   - Stage size: 616.0 x 639.0
14:16:18.715 [FXGL Background Thread 1 ] DEBUG Engine               - Initializing environment variables
14:16:18.773 [FXGL Background Thread 1 ] DEBUG FXGLAssetLoaderServi - User app class for loading assets: class com.ward_cunningham_38.teacherbomber.TeacherBomberApp
14:16:18.773 [FXGL Background Thread 1 ] DEBUG GameApplicationServi - Applying CSS: fxgl_dark.css
14:16:18.774 [FXGL Background Thread 1 ] DEBUG FXGLAssetLoaderServi - Loading from file system: jar:file:/C:/Users/Christiaan/.m2/repository/com/github/almasb/fxgl/11.15/fxgl-11.15.jar!/fxglassets/ui/css/fxgl_dark.css
14:16:18.818 [FXGL Background Thread 1 ] DEBUG GameApplicationServi - Initializing application scenes
14:16:18.856 [FXGL Background Thread 1 ] DEBUG GameWorld            - Game world initialized
14:16:18.924 [FXGL Background Thread 1 ] DEBUG PhysicsWorld         - Physics world initialized: appHeight=600, physics.ppm=50,0
14:16:18.924 [FXGL Background Thread 1 ] DEBUG PhysicsWorld         - Using strategy: BRUTE_FORCE
14:16:18.926 [FXGL Background Thread 1 ] DEBUG GameScene            - Game scene initialized: 600x600
14:16:18.932 [FXGL Background Thread 1 ] DEBUG FXGLAssetLoaderServi - Loading from file system: jar:file:/C:/Users/Christiaan/.m2/repository/com/github/almasb/fxgl/11.15/fxgl-11.15.jar!/fxglassets/textures/pause_menu_bg.png
14:16:18.981 [FXGL Background Thread 1 ] DEBUG GameApplicationServi - Application scenes initialized
14:16:18.993 [FXGL Background Thread 1 ] DEBUG SystemBundleService  - Loading FXGL system data
14:16:18.996 [FXGL Background Thread 1 ] DEBUG FileSystemAccess     - Reading from: C:\Users\Christiaan\Documents\GitHub\IPOSE-TeacherBomber\Bomberman\system\fxgl.bundle
14:16:19.002 [FXGL Background Thread 1 ] DEBUG SystemBundleService  - Bundle FXGL: {}
14:16:19.002 [FXGL Background Thread 1 ] DEBUG UpdaterService       - Checking for updates
14:16:19.007 [FXGL Background Thread 4 ] DEBUG FXGLApplication      - Loading fonts
14:16:19.008 [FXGL Background Thread 4 ] DEBUG FXGLAssetLoaderServi - Loading from file system: jar:file:/C:/Users/Christiaan/.m2/repository/com/github/almasb/fxgl/11.15/fxgl-11.15.jar!/fxglassets/ui/fonts/VarelaRound-Regular.ttf
14:16:19.008 [FXGL Background Thread 1 ] DEBUG FXGLApplication      - Loading default localization
14:16:19.008 [FXGL Background Thread 1 ] DEBUG FXGLAssetLoaderServi - Loading from file system: jar:file:/C:/Users/Christiaan/.m2/repository/com/github/almasb/fxgl/11.15/fxgl-11.15.jar!/fxglassets/languages/english.lang
14:16:19.036 [FXGL Background Thread 1 ] INFO  FXGLApplication      - FXGL initialization took: 0,320 sec
14:16:19.050 [JavaFX Application Thread] DEBUG Input                - Registered new binding: Move Up W - W
14:16:19.051 [JavaFX Application Thread] DEBUG Input                - Registered new binding: Move Left A - A
14:16:19.051 [JavaFX Application Thread] DEBUG Input                - Registered new binding: Move Down S - S
14:16:19.051 [JavaFX Application Thread] DEBUG Input                - Registered new binding: Move Right D - D
14:16:19.052 [JavaFX Application Thread] DEBUG Input                - Registered new binding: Place Bomb F - F
14:16:19.052 [JavaFX Application Thread] DEBUG Input                - Registered new binding: Move Up Arrow - Up
14:16:19.052 [JavaFX Application Thread] DEBUG Input                - Registered new binding: Move Left Arrow - Left
14:16:19.052 [JavaFX Application Thread] DEBUG Input                - Registered new binding: Move Down Arrow - Down
14:16:19.052 [JavaFX Application Thread] DEBUG Input                - Registered new binding: Move Right Arrow - Right
14:16:19.052 [JavaFX Application Thread] DEBUG Input                - Registered new binding: Place Bomb NUM0 - Numpad 0
14:16:19.053 [JavaFX Application Thread] DEBUG FXGLAssetLoaderServi - Loading from file system: jar:file:/C:/Users/Christiaan/.m2/repository/com/github/almasb/fxgl/11.15/fxgl-11.15.jar!/fxglassets/textures/fxgl_icon.png
14:16:19.097 [FXGL Background Thread 4 ] DEBUG FXGLAssetLoaderServi - Loading from file system: jar:file:/C:/Users/Christiaan/.m2/repository/com/github/almasb/fxgl/11.15/fxgl-11.15.jar!/fxglassets/ui/fonts/Abel-Regular.ttf
14:16:19.101 [FXGL Background Thread 4 ] DEBUG FXGLAssetLoaderServi - Loading from file system: jar:file:/C:/Users/Christiaan/.m2/repository/com/github/almasb/fxgl/11.15/fxgl-11.15.jar!/fxglassets/ui/fonts/lucida_console.ttf
14:16:19.107 [FXGL Background Thread 4 ] DEBUG FXGLAssetLoaderServi - Loading from file system: jar:file:/C:/Users/Christiaan/.m2/repository/com/github/almasb/fxgl/11.15/fxgl-11.15.jar!/fxglassets/ui/fonts/Courier-Prime.ttf
14:16:19.107 [JavaFX Application Thread] DEBUG FXGLAssetLoaderServi - Loading from file system: jar:file:/C:/Users/Christiaan/.m2/repository/com/github/almasb/fxgl/11.15/fxgl-11.15.jar!/fxglassets/ui/cursors/fxgl_default.png
14:16:19.110 [JavaFX Application Thread] DEBUG Input                - Registered new binding: Screenshot - CTRL+8
14:16:19.110 [JavaFX Application Thread] DEBUG Input                - Registered new binding: System info dump - CTRL+9
14:16:19.111 [JavaFX Application Thread] DEBUG Input                - Registered new binding: Restart - CTRL+R
14:16:19.112 [JavaFX Application Thread] DEBUG Input                - Registered new binding: Toggle Debug Camera - CTRL+C
14:16:19.115 [JavaFX Application Thread] DEBUG LoopRunner           - Starting loop
14:16:19.115 [JavaFX Application Thread] DEBUG LoopRunner           - Initializing JavaFX AnimationTimerLoop
14:16:19.117 [JavaFX Application Thread] DEBUG GameApplicationServi - Starting new game
14:16:19.118 [JavaFX Application Thread] DEBUG Input                - Clearing active input actions
14:16:19.129 [JavaFX Application Thread] DEBUG GameApplicationServi - Removing overlay from FXGLStartupScene and adding to FXGLLoadingScene
14:16:19.130 [JavaFX Application Thread] DEBUG PrimaryStageWindow   - FXGLStartupScene -> FXGLLoadingScene
14:16:19.130 [JavaFX Application Thread] DEBUG GameApplicationServi - Clearing previous game
14:16:19.130 [JavaFX Application Thread] DEBUG GameScene            - Clearing game scene
14:16:19.130 [JavaFX Application Thread] DEBUG GameWorld            - Clearing game world
14:16:19.130 [JavaFX Application Thread] DEBUG PhysicsWorld         - Clearing physics world
14:16:19.131 [FXGL Background Thread 4 ] DEBUG FXGLApplication      - Initializing game
14:16:19.144 [FXGL Background Thread 4 ] DEBUG FXGLAssetLoaderServi - Loading from file system: file:/C:/Users/Christiaan/Documents/GitHub/IPOSE-TeacherBomber/Bomberman/target/classes/assets/textures/brick.png
14:16:19.191 [FXGL Background Thread 4 ] DEBUG GameWorld            - Clearing removable entities
14:16:19.191 [FXGL Background Thread 4 ] DEBUG GameWorld            - Setting level: com.almasb.fxgl.entity.level.Level@6931ea93
14:16:19.237 [FXGL Background Thread 4 ] INFO  FXGLApplication      - Game initialization took: 0,105 sec
14:16:19.306 [JavaFX Application Thread] DEBUG Input                - Clearing active input actions
14:16:19.321 [JavaFX Application Thread] DEBUG GameApplicationServi - Removing overlay from FXGLLoadingScene and adding to GameScene
14:16:19.321 [JavaFX Application Thread] DEBUG PrimaryStageWindow   - FXGLLoadingScene -> GameScene
14:16:19.436 [FXGL Background Thread 2 ] INFO  UpdaterService       - Your current version:  11.15
14:16:19.436 [FXGL Background Thread 2 ] INFO  UpdaterService       - Latest stable version: 17.1
14:16:19.987 [JavaFX Application Thread] DEBUG FXGLAssetLoaderServi - Loading from file system: file:/C:/Users/Christiaan/Documents/GitHub/IPOSE-TeacherBomber/Bomberman/target/classes/assets/textures/bomb.png
14:16:22.007 [FXGL Background Thread 3 ] DEBUG Engine               - Logging environment variables
14:16:22.007 [FXGL Background Thread 3 ] DEBUG Engine               - achievements: []
14:16:22.007 [FXGL Background Thread 3 ] DEBUG Engine               - actualHeight: 600.0
14:16:22.007 [FXGL Background Thread 3 ] DEBUG Engine               - actualHeightProperty: ReadOnlyDoubleProperty [value: 600.0]
14:16:22.007 [FXGL Background Thread 3 ] DEBUG Engine               - actualWidth: 600.0
14:16:22.007 [FXGL Background Thread 3 ] DEBUG Engine               - actualWidthProperty: ReadOnlyDoubleProperty [value: 600.0]
14:16:22.007 [FXGL Background Thread 3 ] DEBUG Engine               - appIcon: fxgl_icon.png
14:16:22.007 [FXGL Background Thread 3 ] DEBUG Engine               - applicationMode: DEVELOPER
14:16:22.007 [FXGL Background Thread 3 ] DEBUG Engine               - cSSList: [fxgl_dark.css]
14:16:22.007 [FXGL Background Thread 3 ] DEBUG Engine               - collisionDetectionStrategy: BRUTE_FORCE
14:16:22.008 [FXGL Background Thread 3 ] DEBUG Engine               - configClass: Optional.empty
14:16:22.008 [FXGL Background Thread 3 ] DEBUG Engine               - credits: []
14:16:22.008 [FXGL Background Thread 3 ] DEBUG Engine               - devBBoxColorProperty: ObjectProperty [value: 0xff0000ff]
14:16:22.008 [FXGL Background Thread 3 ] DEBUG Engine               - devEnableDebugCameraProperty: BooleanProperty [value: false]
14:16:22.008 [FXGL Background Thread 3 ] DEBUG Engine               - devSensorColorProperty: ObjectProperty [value: 0xffff00ff]
14:16:22.008 [FXGL Background Thread 3 ] DEBUG Engine               - devShowBBoxProperty: BooleanProperty [value: false]
14:16:22.008 [FXGL Background Thread 3 ] DEBUG Engine               - devShowPositionProperty: BooleanProperty [value: false]
14:16:22.008 [FXGL Background Thread 3 ] DEBUG Engine               - enabledMenuItems: []
14:16:22.008 [FXGL Background Thread 3 ] DEBUG Engine               - engineServices: [class com.almasb.fxgl.app.services.FXGLAssetLoaderService, class com.almasb.fxgl.app.FXGLApplication$GameApplicationService, class com.almasb.fxgl.app.services.FXGLDialogService, class com.almasb.fxgl.app.services.IOTaskExecutorService, class com.almasb.fxgl.event.EventBusService, class com.almasb.fxgl.io.FileSystemService, class com.almasb.fxgl.localization.LocalizationService, class com.almasb.fxgl.app.services.SystemBundleService, class com.almasb.fxgl.profile.SaveLoadService, class com.almasb.fxgl.ui.FXGLUIFactoryServiceProvider, class com.almasb.fxgl.ui.FXGLDialogFactoryServiceProvider, class com.almasb.fxgl.audio.AudioPlayer, class com.almasb.fxgl.notification.impl.NotificationServiceProvider, class com.almasb.fxgl.achievement.AchievementService, class com.almasb.fxgl.cutscene.CutsceneService, class com.almasb.fxgl.minigames.MiniGameService, class com.almasb.fxgl.net.NetService, class com.almasb.fxgl.app.services.UpdaterService, class com.almasb.fxgl.dev.DevService]
14:16:22.008 [FXGL Background Thread 3 ] DEBUG Engine               - fontGame: Abel-Regular.ttf
14:16:22.008 [FXGL Background Thread 3 ] DEBUG Engine               - fontMono: lucida_console.ttf
14:16:22.008 [FXGL Background Thread 3 ] DEBUG Engine               - fontText: Courier-Prime.ttf
14:16:22.008 [FXGL Background Thread 3 ] DEBUG Engine               - fontUI: VarelaRound-Regular.ttf
14:16:22.008 [FXGL Background Thread 3 ] DEBUG Engine               - fullScreen: BooleanProperty [value: false]
14:16:22.008 [FXGL Background Thread 3 ] DEBUG Engine               - gameDifficulty: MEDIUM
14:16:22.008 [FXGL Background Thread 3 ] DEBUG Engine               - gameDifficultyProperty: ObjectProperty [value: MEDIUM]
14:16:22.008 [FXGL Background Thread 3 ] DEBUG Engine               - globalMusicVolume: 0.5
14:16:22.008 [FXGL Background Thread 3 ] DEBUG Engine               - globalMusicVolumeProperty: DoubleProperty [value: 0.5]
14:16:22.009 [FXGL Background Thread 3 ] DEBUG Engine               - globalSoundVolume: 0.5
14:16:22.009 [FXGL Background Thread 3 ] DEBUG Engine               - globalSoundVolumeProperty: DoubleProperty [value: 0.5]
14:16:22.009 [FXGL Background Thread 3 ] DEBUG Engine               - height: 600
14:16:22.009 [FXGL Background Thread 3 ] DEBUG Engine               - isAndroid: false
14:16:22.009 [FXGL Background Thread 3 ] DEBUG Engine               - isBrowser: false
14:16:22.009 [FXGL Background Thread 3 ] DEBUG Engine               - isClickFeedbackEnabled: false
14:16:22.009 [FXGL Background Thread 3 ] DEBUG Engine               - isCloseConfirmation: false
14:16:22.009 [FXGL Background Thread 3 ] DEBUG Engine               - isDesktop: true
14:16:22.009 [FXGL Background Thread 3 ] DEBUG Engine               - isDeveloperMenuEnabled: false
14:16:22.009 [FXGL Background Thread 3 ] DEBUG Engine               - isEntityPreloadEnabled: true
14:16:22.009 [FXGL Background Thread 3 ] DEBUG Engine               - isExperimental3D: false
14:16:22.009 [FXGL Background Thread 3 ] DEBUG Engine               - isExperimentalNative: false
14:16:22.009 [FXGL Background Thread 3 ] DEBUG Engine               - isExperimentalTiledLargeMap: false
14:16:22.009 [FXGL Background Thread 3 ] DEBUG Engine               - isFileSystemWriteAllowed: true
14:16:22.009 [FXGL Background Thread 3 ] DEBUG Engine               - isFullScreenAllowed: false
14:16:22.009 [FXGL Background Thread 3 ] DEBUG Engine               - isFullScreenFromStart: false
14:16:22.009 [FXGL Background Thread 3 ] DEBUG Engine               - isGameMenuEnabled: true
14:16:22.009 [FXGL Background Thread 3 ] DEBUG Engine               - isIOS: false
14:16:22.009 [FXGL Background Thread 3 ] DEBUG Engine               - isIntroEnabled: false
14:16:22.009 [FXGL Background Thread 3 ] DEBUG Engine               - isLinux: false
14:16:22.010 [FXGL Background Thread 3 ] DEBUG Engine               - isMac: false
14:16:22.010 [FXGL Background Thread 3 ] DEBUG Engine               - isMainMenuEnabled: false
14:16:22.010 [FXGL Background Thread 3 ] DEBUG Engine               - isManualResizeEnabled: false
14:16:22.010 [FXGL Background Thread 3 ] DEBUG Engine               - isMobile: false
14:16:22.010 [FXGL Background Thread 3 ] DEBUG Engine               - isPreserveResizeRatio: false
14:16:22.010 [FXGL Background Thread 3 ] DEBUG Engine               - isProfilingEnabled: false
14:16:22.010 [FXGL Background Thread 3 ] DEBUG Engine               - isScaleAffectedOnResize: true
14:16:22.010 [FXGL Background Thread 3 ] DEBUG Engine               - isSingleStep: false
14:16:22.010 [FXGL Background Thread 3 ] DEBUG Engine               - isUserProfileEnabled: false
14:16:22.010 [FXGL Background Thread 3 ] DEBUG Engine               - isWindows: true
14:16:22.010 [FXGL Background Thread 3 ] DEBUG Engine               - language: ObjectProperty [value: ENGLISH]
14:16:22.010 [FXGL Background Thread 3 ] DEBUG Engine               - menuKey: ESCAPE
14:16:22.010 [FXGL Background Thread 3 ] DEBUG Engine               - notificationViewClass: class com.almasb.fxgl.notification.view.XboxNotificationView
14:16:22.010 [FXGL Background Thread 3 ] DEBUG Engine               - pixelsPerMeter: 50.0
14:16:22.010 [FXGL Background Thread 3 ] DEBUG Engine               - platform: WINDOWS
14:16:22.010 [FXGL Background Thread 3 ] DEBUG Engine               - prefHeightProperty: ReadOnlyDoubleProperty [value: 600.0]
14:16:22.010 [FXGL Background Thread 3 ] DEBUG Engine               - prefWidthProperty: ReadOnlyDoubleProperty [value: 600.0]
14:16:22.010 [FXGL Background Thread 3 ] DEBUG Engine               - profileDir: profiles/
14:16:22.010 [FXGL Background Thread 3 ] DEBUG Engine               - profileName: StringProperty [value: DEFAULT]
14:16:22.010 [FXGL Background Thread 3 ] DEBUG Engine               - randomSeed: -1
14:16:22.011 [FXGL Background Thread 3 ] DEBUG Engine               - runtimeInfo: RuntimeInfo(platform=WINDOWS, version=11.15, build=13.04.2021 08.23)
14:16:22.011 [FXGL Background Thread 3 ] DEBUG Engine               - saveFileExt: sav
14:16:22.011 [FXGL Background Thread 3 ] DEBUG Engine               - scaledHeightProp$fxgl: DoubleProperty [bound, value: 600.0]
14:16:22.011 [FXGL Background Thread 3 ] DEBUG Engine               - scaledWidthProp$fxgl: DoubleProperty [bound, value: 600.0]
14:16:22.011 [FXGL Background Thread 3 ] DEBUG Engine               - sceneFactory: com.ward_cunningham_38.teacherbomber.TeacherBomberApp$1@64cbc77
14:16:22.011 [FXGL Background Thread 3 ] DEBUG Engine               - secondsIn24h: 60
14:16:22.011 [FXGL Background Thread 3 ] DEBUG Engine               - soundMenuBack: menu/back.wav
14:16:22.011 [FXGL Background Thread 3 ] DEBUG Engine               - soundMenuPress: menu/press.wav
14:16:22.011 [FXGL Background Thread 3 ] DEBUG Engine               - soundMenuSelect: menu/select.wav
14:16:22.011 [FXGL Background Thread 3 ] DEBUG Engine               - soundNotification: core/notification.wav
14:16:22.011 [FXGL Background Thread 3 ] DEBUG Engine               - stageStyle: DECORATED
14:16:22.011 [FXGL Background Thread 3 ] DEBUG Engine               - supportedLanguages: [ENGLISH, FRENCH, GERMAN, HUNGARIAN, RUSSIAN]
14:16:22.011 [FXGL Background Thread 3 ] DEBUG Engine               - ticksPerSecond: -1
14:16:22.011 [FXGL Background Thread 3 ] DEBUG Engine               - title: Bomberman App
14:16:22.011 [FXGL Background Thread 3 ] DEBUG Engine               - urlGithub: https://github.com/AlmasB/FXGL
14:16:22.011 [FXGL Background Thread 3 ] DEBUG Engine               - urlLeaderboard: http://fxgl-top.herokuapp.com/
14:16:22.011 [FXGL Background Thread 3 ] DEBUG Engine               - urlPOM: https://raw.githubusercontent.com/AlmasB/FXGL/release/README.md
14:16:22.011 [FXGL Background Thread 3 ] DEBUG Engine               - userAppClass: class com.ward_cunningham_38.teacherbomber.TeacherBomberApp
14:16:22.011 [FXGL Background Thread 3 ] DEBUG Engine               - version: 0.1
14:16:22.012 [FXGL Background Thread 3 ] DEBUG Engine               - versionCheckDays: 7
14:16:22.012 [FXGL Background Thread 3 ] DEBUG Engine               - width: 600
14:16:22.012 [FXGL Background Thread 3 ] DEBUG Engine               - Logging services
14:16:22.012 [FXGL Background Thread 3 ] DEBUG Engine               - class com.almasb.fxgl.app.services.FXGLAssetLoaderService
14:16:22.012 [FXGL Background Thread 3 ] DEBUG Engine               - class com.almasb.fxgl.app.FXGLApplication$GameApplicationService
14:16:22.012 [FXGL Background Thread 3 ] DEBUG Engine               - class com.almasb.fxgl.app.services.FXGLDialogService
14:16:22.012 [FXGL Background Thread 3 ] DEBUG Engine               - class com.almasb.fxgl.app.services.IOTaskExecutorService
14:16:22.012 [FXGL Background Thread 3 ] DEBUG Engine               - class com.almasb.fxgl.event.EventBusService
14:16:22.012 [FXGL Background Thread 3 ] DEBUG Engine               - class com.almasb.fxgl.io.FileSystemService
14:16:22.012 [FXGL Background Thread 3 ] DEBUG Engine               - class com.almasb.fxgl.localization.LocalizationService
14:16:22.012 [FXGL Background Thread 3 ] DEBUG Engine               - class com.almasb.fxgl.app.services.SystemBundleService
14:16:22.012 [FXGL Background Thread 3 ] DEBUG Engine               - class com.almasb.fxgl.profile.SaveLoadService
14:16:22.012 [FXGL Background Thread 3 ] DEBUG Engine               - class com.almasb.fxgl.ui.FXGLUIFactoryServiceProvider
14:16:22.012 [FXGL Background Thread 3 ] DEBUG Engine               - class com.almasb.fxgl.ui.FXGLDialogFactoryServiceProvider
14:16:22.012 [FXGL Background Thread 3 ] DEBUG Engine               - class com.almasb.fxgl.audio.AudioPlayer
14:16:22.012 [FXGL Background Thread 3 ] DEBUG Engine               - class com.almasb.fxgl.notification.impl.NotificationServiceProvider
14:16:22.013 [FXGL Background Thread 3 ] DEBUG Engine               - class com.almasb.fxgl.achievement.AchievementService
14:16:22.013 [FXGL Background Thread 3 ] DEBUG Engine               - class com.almasb.fxgl.cutscene.CutsceneService
14:16:22.013 [FXGL Background Thread 3 ] DEBUG Engine               - class com.almasb.fxgl.minigames.MiniGameService
14:16:22.013 [FXGL Background Thread 3 ] DEBUG Engine               - class com.almasb.fxgl.net.NetService
14:16:22.013 [FXGL Background Thread 3 ] DEBUG Engine               - class com.almasb.fxgl.app.services.UpdaterService
14:16:22.013 [FXGL Background Thread 3 ] DEBUG Engine               - class com.almasb.fxgl.dev.DevService
14:16:31.853 [JavaFX Application Thread] DEBUG FXGLApplication      - Exiting FXGL
14:16:31.853 [JavaFX Application Thread] DEBUG LoopRunner           - Stopping loop
14:16:31.853 [JavaFX Application Thread] DEBUG SystemBundleService  - Saving FXGL system data
14:16:31.854 [JavaFX Application Thread] DEBUG FileSystemAccess     - Writing to: C:\Users\Christiaan\Documents\GitHub\IPOSE-TeacherBomber\Bomberman\system\fxgl.bundle
14:16:31.855 [JavaFX Application Thread] DEBUG Async                - Shutting down background threads
14:16:31.856 [JavaFX Application Thread] DEBUG PrimaryStageWindow   - Closing main window
14:16:31.867 [JavaFX Application Thread] DEBUG Logger               - Closing Logger
