12:10:30.109 [main                     ] DEBUG Logger               - Configured Logger
12:10:30.113 [main                     ] DEBUG GameApplication      - Logging settings
Title: Bomberman App
Version:  
Width: 600
Height: 600
Fullscreen: false
Intro: false
Profiling: false
Single step:false
App Mode: DEVELOPER
Menu Key: ESCAPE
Stage Style: DECORATED
Scene Factory: class com.ward_cunningham_38.teacherbomber.TeacherBomberApp$1

12:10:31.654 [JavaFX Application Thread] DEBUG FXGLApplication      - Initializing FXGL
12:10:31.657 [JavaFX Application Thread] INFO  Engine               - FXGL-dev-SNAPSHOT (28.07.2021 16.39) on WINDOWS (J:18 FX:16)
12:10:31.658 [JavaFX Application Thread] DEBUG Engine               - JRE Vendor Name: Oracle Corporation
12:10:31.658 [JavaFX Application Thread] DEBUG Engine               - Running on OS: Windows 10 version 10.0
12:10:31.658 [JavaFX Application Thread] DEBUG Engine               - Architecture: amd64
12:10:31.658 [JavaFX Application Thread] INFO  Engine               - Source code and latest versions at: https://github.com/AlmasB/FXGL
12:10:31.659 [JavaFX Application Thread] INFO  Engine               -              Join the FXGL chat at: https://gitter.im/AlmasB/FXGL
12:10:31.803 [JavaFX Application Thread] DEBUG PrimaryStageWindow   - Creating a JavaFX scene
12:10:31.863 [JavaFX Application Thread] DEBUG PrimaryStageWindow   - Target settings size: 600.0 x 600.0
12:10:31.863 [JavaFX Application Thread] DEBUG PrimaryStageWindow   - Scaled scene size:    600.0 x 600.0
12:10:31.863 [JavaFX Application Thread] DEBUG PrimaryStageWindow   - Scaled ratio: (1.0, 1.0)
12:10:31.864 [JavaFX Application Thread] DEBUG PrimaryStageWindow   - Set initial scene to FXGLStartupScene
12:10:31.872 [JavaFX Application Thread] DEBUG PrimaryStageWindow   - Opening main window
12:10:31.992 [JavaFX Application Thread] DEBUG PrimaryStageWindow   - Window border size: (16.0, 39.0)
12:10:31.992 [JavaFX Application Thread] DEBUG PrimaryStageWindow   - Scaled size: 600.0 x 600.0
12:10:31.993 [JavaFX Application Thread] DEBUG PrimaryStageWindow   - Scaled ratio: (1.0, 1.0)
12:10:31.993 [JavaFX Application Thread] DEBUG PrimaryStageWindow   - Scene size: 600.0 x 600.0
12:10:31.993 [JavaFX Application Thread] DEBUG PrimaryStageWindow   - Stage size: 616.0 x 639.0
12:10:32.006 [FXGL Background Thread 1 ] DEBUG Engine               - Initializing environment variables
12:10:32.098 [FXGL Background Thread 1 ] DEBUG FXGLAssetLoaderServi - User app class for loading assets: class com.ward_cunningham_38.teacherbomber.TeacherBomberApp
12:10:32.098 [FXGL Background Thread 1 ] DEBUG GameApplicationServi - Applying CSS: fxgl_dark.css
12:10:32.099 [FXGL Background Thread 1 ] DEBUG FXGLAssetLoaderServi - Loading from file system: jar:file:/C:/Users/Raven/.m2/repository/com/github/almasb/fxgl/dev-SNAPSHOT/fxgl-dev-20210728.163953-1821.jar!/fxglassets/ui/css/fxgl_dark.css
12:10:32.146 [FXGL Background Thread 1 ] DEBUG GameApplicationServi - Initializing application scenes
12:10:32.196 [FXGL Background Thread 1 ] DEBUG GameWorld            - Game world initialized
12:10:32.279 [FXGL Background Thread 1 ] DEBUG PhysicsWorld         - Physics world initialized: appHeight=600, physics.ppm=50.0
12:10:32.280 [FXGL Background Thread 1 ] DEBUG PhysicsWorld         - Using strategy: BRUTE_FORCE
12:10:32.282 [FXGL Background Thread 1 ] DEBUG GameScene            - Game scene initialized: 600x600
12:10:32.285 [FXGL Background Thread 1 ] WARN  FXGLAssetLoaderServi - Asset "/assets/textures/background.png" was not found!
12:10:32.289 [FXGL Background Thread 1 ] WARN  FXGLAssetLoaderServi - Failed to load RESIZABLE_IMAGE
12:10:32.347 [FXGL Background Thread 1 ] WARN  FXGL.DefaultMenu     - FXGLDefaultMenu is not designed for resolutions < 800x600
12:10:32.348 [FXGL Background Thread 1 ] DEBUG FXGL.DefaultMenu     - createMenuBodyGameMenu()
12:10:32.363 [FXGL Background Thread 1 ] DEBUG FXGL.DefaultMenu     - createOptionsMenu()
12:10:32.370 [FXGL Background Thread 1 ] DEBUG FXGLAssetLoaderServi - Loading from file system: jar:file:/C:/Users/Raven/.m2/repository/com/github/almasb/fxgl/dev-SNAPSHOT/fxgl-dev-20210728.163953-1821.jar!/fxglassets/textures/particles/smoke.png
12:10:32.485 [FXGL Background Thread 1 ] DEBUG FXGLAssetLoaderServi - Loading from file system: jar:file:/C:/Users/Raven/.m2/repository/com/github/almasb/fxgl/dev-SNAPSHOT/fxgl-dev-20210728.163953-1821.jar!/fxglassets/textures/particles/trace_horizontal.png
12:10:32.524 [FXGL Background Thread 1 ] DEBUG GameApplicationServi - Application scenes initialized
12:10:32.541 [FXGL Background Thread 1 ] DEBUG SystemBundleService  - Loading FXGL system data
12:10:32.547 [FXGL Background Thread 1 ] DEBUG FileSystemAccess     - Reading from: C:\Users\Raven\Documents\School\IPOSE\IPOSE-TeacherBomber\Bomberman\system\fxgl.bundle
12:10:32.559 [FXGL Background Thread 1 ] DEBUG SystemBundleService  - Bundle FXGL: {}
12:10:32.559 [FXGL Background Thread 1 ] DEBUG UpdaterService       - Checking for updates
12:10:32.564 [FXGL Background Thread 4 ] DEBUG FXGLApplication      - Loading fonts
12:10:32.565 [FXGL Background Thread 4 ] DEBUG FXGLAssetLoaderServi - Loading from file system: jar:file:/C:/Users/Raven/.m2/repository/com/github/almasb/fxgl/dev-SNAPSHOT/fxgl-dev-20210728.163953-1821.jar!/fxglassets/ui/fonts/VarelaRound-Regular.ttf
12:10:32.565 [FXGL Background Thread 1 ] DEBUG FXGLApplication      - Loading default localization
12:10:32.566 [FXGL Background Thread 1 ] DEBUG FXGLAssetLoaderServi - Loading from file system: jar:file:/C:/Users/Raven/.m2/repository/com/github/almasb/fxgl/dev-SNAPSHOT/fxgl-dev-20210728.163953-1821.jar!/fxglassets/languages/english.lang
12:10:32.599 [FXGL Background Thread 1 ] INFO  FXGLApplication      - FXGL initialization took: 0.594 sec
12:10:32.619 [JavaFX Application Thread] DEBUG Input                - Registered new binding: Move Up W - W
12:10:32.619 [JavaFX Application Thread] DEBUG Input                - Registered new binding: Move Left A - A
12:10:32.619 [JavaFX Application Thread] DEBUG Input                - Registered new binding: Move Down S - S
12:10:32.619 [JavaFX Application Thread] DEBUG Input                - Registered new binding: Move Right D - D
12:10:32.620 [JavaFX Application Thread] DEBUG Input                - Registered new binding: Place Bomb F - F
12:10:32.620 [JavaFX Application Thread] DEBUG Input                - Registered new binding: Move Up Arrow - Up
12:10:32.620 [JavaFX Application Thread] DEBUG Input                - Registered new binding: Move Left Arrow - Left
12:10:32.620 [JavaFX Application Thread] DEBUG Input                - Registered new binding: Move Down Arrow - Down
12:10:32.620 [JavaFX Application Thread] DEBUG Input                - Registered new binding: Move Right Arrow - Right
12:10:32.621 [JavaFX Application Thread] DEBUG Input                - Registered new binding: Place Bomb  - Numpad 0
12:10:32.621 [JavaFX Application Thread] DEBUG FXGLAssetLoaderServi - Loading from file system: jar:file:/C:/Users/Raven/.m2/repository/com/github/almasb/fxgl/dev-SNAPSHOT/fxgl-dev-20210728.163953-1821.jar!/fxglassets/textures/fxgl_icon.png
12:10:32.656 [JavaFX Application Thread] DEBUG FXGLAssetLoaderServi - Loading from file system: jar:file:/C:/Users/Raven/.m2/repository/com/github/almasb/fxgl/dev-SNAPSHOT/fxgl-dev-20210728.163953-1821.jar!/fxglassets/textures/fxgl_default_cursor.png
12:10:32.661 [JavaFX Application Thread] DEBUG Input                - Registered new binding: Screenshot - CTRL+8
12:10:32.662 [JavaFX Application Thread] DEBUG Input                - Registered new binding: System info dump - CTRL+9
12:10:32.663 [JavaFX Application Thread] DEBUG Input                - Registered new binding: Restart - CTRL+R
12:10:32.664 [JavaFX Application Thread] DEBUG Input                - Registered new binding: Toggle Debug Camera - CTRL+C
12:10:32.670 [JavaFX Application Thread] DEBUG LoopRunner           - Starting loop
12:10:32.670 [JavaFX Application Thread] DEBUG LoopRunner           - Initializing JavaFX AnimationTimerLoop
12:10:32.676 [JavaFX Application Thread] DEBUG Input                - Clearing active input actions
12:10:32.686 [JavaFX Application Thread] DEBUG GameApplicationServi - Removing overlay from FXGLStartupScene and adding to FXGLMainMenuDummyScene
12:10:32.686 [JavaFX Application Thread] DEBUG PrimaryStageWindow   - FXGLStartupScene -> FXGLMainMenuDummyScene
12:10:32.686 [JavaFX Application Thread] DEBUG PrimaryStageWindow   - Push state: MyGameMenu
12:10:32.698 [JavaFX Application Thread] DEBUG Input                - Clearing active input actions
12:10:32.705 [JavaFX Application Thread] DEBUG GameApplicationServi - Removing overlay from FXGLMainMenuDummyScene and adding to MyGameMenu
12:10:32.705 [JavaFX Application Thread] DEBUG PrimaryStageWindow   - FXGLMainMenuDummyScene -> MyGameMenu
12:10:32.723 [FXGL Background Thread 4 ] DEBUG FXGLAssetLoaderServi - Loading from file system: jar:file:/C:/Users/Raven/.m2/repository/com/github/almasb/fxgl/dev-SNAPSHOT/fxgl-dev-20210728.163953-1821.jar!/fxglassets/ui/fonts/Abel-Regular.ttf
12:10:32.736 [FXGL Background Thread 4 ] DEBUG FXGLAssetLoaderServi - Loading from file system: jar:file:/C:/Users/Raven/.m2/repository/com/github/almasb/fxgl/dev-SNAPSHOT/fxgl-dev-20210728.163953-1821.jar!/fxglassets/ui/fonts/lucida_console.ttf
12:10:32.755 [FXGL Background Thread 4 ] DEBUG FXGLAssetLoaderServi - Loading from file system: jar:file:/C:/Users/Raven/.m2/repository/com/github/almasb/fxgl/dev-SNAPSHOT/fxgl-dev-20210728.163953-1821.jar!/fxglassets/ui/fonts/Courier-Prime.ttf
12:10:32.810 [JavaFX Application Thread] DEBUG FXGLApplication      - Registering font factories with UI factory
12:10:33.067 [FXGL Background Thread 2 ] INFO  UpdaterService       - Your current version:  dev-SNAPSHOT
12:10:33.068 [FXGL Background Thread 2 ] INFO  UpdaterService       - Latest stable version: 17.1
12:10:35.350 [JavaFX Application Thread] DEBUG FXGLApplication      - Exiting FXGL
12:10:35.350 [JavaFX Application Thread] DEBUG LoopRunner           - Stopping loop
12:10:35.351 [JavaFX Application Thread] DEBUG SystemBundleService  - Saving FXGL system data
12:10:35.352 [JavaFX Application Thread] DEBUG FileSystemAccess     - Writing to: C:\Users\Raven\Documents\School\IPOSE\IPOSE-TeacherBomber\Bomberman\system\fxgl.bundle
12:10:35.355 [JavaFX Application Thread] DEBUG Async                - Shutting down background threads
12:10:35.355 [JavaFX Application Thread] DEBUG PrimaryStageWindow   - Closing main window
12:10:35.374 [JavaFX Application Thread] DEBUG Logger               - Closing Logger
