10:08:16.585 [main                     ] DEBUG Logger               - Configured Logger
10:08:16.592 [main                     ] DEBUG GameApplication      - Logging settings
Title: Bomberman App
Version:  
Width: 600
Height: 600
Fullscreen: false
Intro: false
Profiling: false
Single step:false
App Mode: DEVELOPER
Menu Key: ESCAPE
Stage Style: DECORATED
Scene Factory: class com.ward_cunningham_38.teacherbomber.TeacherBomberApp$1

10:08:18.139 [JavaFX Application Thread] DEBUG FXGLApplication      - Initializing FXGL
10:08:18.141 [JavaFX Application Thread] INFO  Engine               - FXGL-11.15 (13.04.2021 08.23) on WINDOWS (J:18 FX:15)
10:08:18.141 [JavaFX Application Thread] DEBUG Engine               - JRE Vendor Name: Oracle Corporation
10:08:18.141 [JavaFX Application Thread] DEBUG Engine               - Running on OS: Windows 10 version 10.0
10:08:18.141 [JavaFX Application Thread] DEBUG Engine               - Architecture: amd64
10:08:18.142 [JavaFX Application Thread] INFO  Engine               - Source code and latest versions at: https://github.com/AlmasB/FXGL
10:08:18.142 [JavaFX Application Thread] INFO  Engine               -              Join the FXGL chat at: https://gitter.im/AlmasB/FXGL
10:08:18.267 [JavaFX Application Thread] DEBUG PrimaryStageWindow   - Creating a JavaFX scene
10:08:18.323 [JavaFX Application Thread] DEBUG PrimaryStageWindow   - Target settings size: 600.0 x 600.0
10:08:18.323 [JavaFX Application Thread] DEBUG PrimaryStageWindow   - Scaled scene size:    600.0 x 600.0
10:08:18.323 [JavaFX Application Thread] DEBUG PrimaryStageWindow   - Scaled ratio: (1.0, 1.0)
10:08:18.325 [JavaFX Application Thread] DEBUG PrimaryStageWindow   - Set initial scene to FXGLStartupScene
10:08:18.335 [JavaFX Application Thread] DEBUG PrimaryStageWindow   - Opening main window
10:08:18.458 [JavaFX Application Thread] DEBUG PrimaryStageWindow   - Window border size: (16.0, 39.0)
10:08:18.458 [JavaFX Application Thread] DEBUG PrimaryStageWindow   - Scaled size: 600.0 x 600.0
10:08:18.459 [JavaFX Application Thread] DEBUG PrimaryStageWindow   - Scaled ratio: (1.0, 1.0)
10:08:18.459 [JavaFX Application Thread] DEBUG PrimaryStageWindow   - Scene size: 600.0 x 600.0
10:08:18.459 [JavaFX Application Thread] DEBUG PrimaryStageWindow   - Stage size: 616.0 x 639.0
10:08:18.472 [FXGL Background Thread 1 ] DEBUG Engine               - Initializing environment variables
10:08:18.560 [FXGL Background Thread 1 ] DEBUG FXGLAssetLoaderServi - User app class for loading assets: class com.ward_cunningham_38.teacherbomber.TeacherBomberApp
10:08:18.560 [FXGL Background Thread 1 ] DEBUG GameApplicationServi - Applying CSS: fxgl_dark.css
10:08:18.561 [FXGL Background Thread 1 ] DEBUG FXGLAssetLoaderServi - Loading from file system: jar:file:/C:/Users/Christiaan/.m2/repository/com/github/almasb/fxgl/11.15/fxgl-11.15.jar!/fxglassets/ui/css/fxgl_dark.css
10:08:18.616 [FXGL Background Thread 1 ] DEBUG GameApplicationServi - Initializing application scenes
10:08:18.670 [FXGL Background Thread 1 ] DEBUG GameWorld            - Game world initialized
10:08:18.776 [FXGL Background Thread 1 ] DEBUG PhysicsWorld         - Physics world initialized: appHeight=600, physics.ppm=50,0
10:08:18.777 [FXGL Background Thread 1 ] DEBUG PhysicsWorld         - Using strategy: BRUTE_FORCE
10:08:18.779 [FXGL Background Thread 1 ] DEBUG GameScene            - Game scene initialized: 600x600
10:08:18.782 [FXGL Background Thread 1 ] WARN  FXGLAssetLoaderServi - Asset "/assets/textures/background.png" was not found!
10:08:18.789 [FXGL Background Thread 1 ] WARN  FXGLAssetLoaderServi - Failed to load RESIZABLE_IMAGE
10:08:18.852 [FXGL Background Thread 1 ] WARN  FXGL.DefaultMenu     - FXGLDefaultMenu is not designed for resolutions < 800x600
10:08:18.852 [FXGL Background Thread 1 ] DEBUG FXGL.DefaultMenu     - createMenuBodyGameMenu()
10:08:18.866 [FXGL Background Thread 1 ] DEBUG FXGL.DefaultMenu     - createOptionsMenu()
10:08:18.872 [FXGL Background Thread 1 ] DEBUG FXGLAssetLoaderServi - Loading from file system: jar:file:/C:/Users/Christiaan/.m2/repository/com/github/almasb/fxgl/11.15/fxgl-11.15.jar!/fxglassets/textures/particles/smoke.png
10:08:19.017 [FXGL Background Thread 1 ] DEBUG FXGLAssetLoaderServi - Loading from file system: jar:file:/C:/Users/Christiaan/.m2/repository/com/github/almasb/fxgl/11.15/fxgl-11.15.jar!/fxglassets/textures/particles/trace_horizontal.png
10:08:19.051 [FXGL Background Thread 1 ] DEBUG GameApplicationServi - Application scenes initialized
10:08:19.069 [FXGL Background Thread 1 ] DEBUG SystemBundleService  - Loading default FXGL system data
10:08:19.070 [FXGL Background Thread 1 ] DEBUG UpdaterService       - Checking for updates
10:08:19.074 [FXGL Background Thread 4 ] DEBUG FXGLApplication      - Loading fonts
10:08:19.075 [FXGL Background Thread 1 ] DEBUG FXGLApplication      - Loading default localization
10:08:19.075 [FXGL Background Thread 4 ] DEBUG FXGLAssetLoaderServi - Loading from file system: jar:file:/C:/Users/Christiaan/.m2/repository/com/github/almasb/fxgl/11.15/fxgl-11.15.jar!/fxglassets/ui/fonts/VarelaRound-Regular.ttf
10:08:19.076 [FXGL Background Thread 1 ] DEBUG FXGLAssetLoaderServi - Loading from file system: jar:file:/C:/Users/Christiaan/.m2/repository/com/github/almasb/fxgl/11.15/fxgl-11.15.jar!/fxglassets/languages/english.lang
10:08:19.111 [FXGL Background Thread 1 ] INFO  FXGLApplication      - FXGL initialization took: 0,639 sec
10:08:19.132 [JavaFX Application Thread] DEBUG Input                - Registered new binding: Move Up W - W
10:08:19.132 [JavaFX Application Thread] DEBUG Input                - Registered new binding: Move Left A - A
10:08:19.132 [JavaFX Application Thread] DEBUG Input                - Registered new binding: Move Down S - S
10:08:19.132 [JavaFX Application Thread] DEBUG Input                - Registered new binding: Move Right D - D
10:08:19.133 [JavaFX Application Thread] DEBUG Input                - Registered new binding: Place Bomb F - F
10:08:19.133 [JavaFX Application Thread] DEBUG Input                - Registered new binding: Move Up Arrow - Up
10:08:19.133 [JavaFX Application Thread] DEBUG Input                - Registered new binding: Move Left Arrow - Left
10:08:19.133 [JavaFX Application Thread] DEBUG Input                - Registered new binding: Move Down Arrow - Down
10:08:19.134 [JavaFX Application Thread] DEBUG Input                - Registered new binding: Move Right Arrow - Right
10:08:19.134 [JavaFX Application Thread] DEBUG Input                - Registered new binding: Place Bomb NUM0 - Numpad 0
10:08:19.135 [JavaFX Application Thread] DEBUG FXGLAssetLoaderServi - Loading from file system: jar:file:/C:/Users/Christiaan/.m2/repository/com/github/almasb/fxgl/11.15/fxgl-11.15.jar!/fxglassets/textures/fxgl_icon.png
10:08:19.182 [JavaFX Application Thread] DEBUG FXGLAssetLoaderServi - Loading from file system: jar:file:/C:/Users/Christiaan/.m2/repository/com/github/almasb/fxgl/11.15/fxgl-11.15.jar!/fxglassets/ui/cursors/fxgl_default.png
10:08:19.187 [JavaFX Application Thread] DEBUG Input                - Registered new binding: Screenshot - CTRL+8
10:08:19.189 [JavaFX Application Thread] DEBUG Input                - Registered new binding: System info dump - CTRL+9
10:08:19.190 [JavaFX Application Thread] DEBUG Input                - Registered new binding: Restart - CTRL+R
10:08:19.192 [JavaFX Application Thread] DEBUG Input                - Registered new binding: Toggle Debug Camera - CTRL+C
10:08:19.196 [JavaFX Application Thread] DEBUG LoopRunner           - Starting loop
10:08:19.196 [JavaFX Application Thread] DEBUG LoopRunner           - Initializing JavaFX AnimationTimerLoop
10:08:19.201 [JavaFX Application Thread] DEBUG Input                - Clearing active input actions
10:08:19.214 [JavaFX Application Thread] DEBUG GameApplicationServi - Removing overlay from FXGLStartupScene and adding to FXGLMainMenuDummyScene
10:08:19.214 [JavaFX Application Thread] DEBUG PrimaryStageWindow   - FXGLStartupScene -> FXGLMainMenuDummyScene
10:08:19.214 [JavaFX Application Thread] DEBUG PrimaryStageWindow   - Push state: MyGameMenu
10:08:19.218 [FXGL Background Thread 4 ] DEBUG FXGLAssetLoaderServi - Loading from file system: jar:file:/C:/Users/Christiaan/.m2/repository/com/github/almasb/fxgl/11.15/fxgl-11.15.jar!/fxglassets/ui/fonts/Abel-Regular.ttf
10:08:19.222 [FXGL Background Thread 4 ] DEBUG FXGLAssetLoaderServi - Loading from file system: jar:file:/C:/Users/Christiaan/.m2/repository/com/github/almasb/fxgl/11.15/fxgl-11.15.jar!/fxglassets/ui/fonts/lucida_console.ttf
10:08:19.230 [FXGL Background Thread 4 ] DEBUG FXGLAssetLoaderServi - Loading from file system: jar:file:/C:/Users/Christiaan/.m2/repository/com/github/almasb/fxgl/11.15/fxgl-11.15.jar!/fxglassets/ui/fonts/Courier-Prime.ttf
10:08:19.231 [JavaFX Application Thread] DEBUG Input                - Clearing active input actions
10:08:19.238 [JavaFX Application Thread] DEBUG GameApplicationServi - Removing overlay from FXGLMainMenuDummyScene and adding to MyGameMenu
10:08:19.239 [JavaFX Application Thread] DEBUG PrimaryStageWindow   - FXGLMainMenuDummyScene -> MyGameMenu
10:08:19.269 [JavaFX Application Thread] DEBUG FXGLApplication      - Registering font factories with UI factory
10:08:19.805 [FXGL Background Thread 2 ] INFO  UpdaterService       - Your current version:  11.15
10:08:19.805 [FXGL Background Thread 2 ] INFO  UpdaterService       - Latest stable version: 17.1
10:08:21.932 [JavaFX Application Thread] DEBUG Menu                 - fireNewGame()
10:08:21.932 [JavaFX Application Thread] DEBUG GameApplicationServi - Starting new game
10:08:21.932 [JavaFX Application Thread] DEBUG PrimaryStageWindow   - Pop state: MyGameMenu
10:08:21.932 [JavaFX Application Thread] DEBUG Input                - Clearing active input actions
10:08:21.933 [JavaFX Application Thread] DEBUG GameApplicationServi - Removing overlay from MyGameMenu and adding to FXGLMainMenuDummyScene
10:08:21.933 [JavaFX Application Thread] DEBUG PrimaryStageWindow   - FXGLMainMenuDummyScene <- MyGameMenu
10:08:21.933 [JavaFX Application Thread] DEBUG Input                - Clearing active input actions
10:08:21.943 [JavaFX Application Thread] DEBUG GameApplicationServi - Removing overlay from FXGLMainMenuDummyScene and adding to FXGLLoadingScene
10:08:21.943 [JavaFX Application Thread] DEBUG PrimaryStageWindow   - FXGLMainMenuDummyScene -> FXGLLoadingScene
10:08:21.943 [JavaFX Application Thread] DEBUG GameApplicationServi - Clearing previous game
10:08:21.943 [JavaFX Application Thread] DEBUG GameScene            - Clearing game scene
10:08:21.943 [JavaFX Application Thread] DEBUG GameWorld            - Clearing game world
10:08:21.943 [JavaFX Application Thread] DEBUG PhysicsWorld         - Clearing physics world
10:08:21.945 [FXGL Background Thread 2 ] DEBUG FXGLApplication      - Initializing game
10:08:21.963 [FXGL Background Thread 2 ] DEBUG FXGLAssetLoaderServi - Loading from file system: file:/C:/Users/Christiaan/Documents/GitHub/IPOSE-TeacherBomber/Bomberman/target/classes/assets/textures/brick.png
10:08:22.048 [FXGL Background Thread 2 ] DEBUG GameWorld            - Clearing removable entities
10:08:22.048 [FXGL Background Thread 2 ] DEBUG GameWorld            - Setting level: com.almasb.fxgl.entity.level.Level@7916bfef
10:08:22.075 [FXGL Background Thread 3 ] DEBUG Engine               - Logging environment variables
10:08:22.075 [FXGL Background Thread 3 ] DEBUG Engine               - achievements: []
10:08:22.076 [FXGL Background Thread 3 ] DEBUG Engine               - actualHeight: 600.0
10:08:22.076 [FXGL Background Thread 3 ] DEBUG Engine               - actualHeightProperty: ReadOnlyDoubleProperty [value: 600.0]
10:08:22.076 [FXGL Background Thread 3 ] DEBUG Engine               - actualWidth: 600.0
10:08:22.076 [FXGL Background Thread 3 ] DEBUG Engine               - actualWidthProperty: ReadOnlyDoubleProperty [value: 600.0]
10:08:22.076 [FXGL Background Thread 3 ] DEBUG Engine               - appIcon: fxgl_icon.png
10:08:22.076 [FXGL Background Thread 3 ] DEBUG Engine               - applicationMode: DEVELOPER
10:08:22.076 [FXGL Background Thread 3 ] DEBUG Engine               - cSSList: [fxgl_dark.css]
10:08:22.077 [FXGL Background Thread 3 ] DEBUG Engine               - collisionDetectionStrategy: BRUTE_FORCE
10:08:22.077 [FXGL Background Thread 3 ] DEBUG Engine               - configClass: Optional.empty
10:08:22.077 [FXGL Background Thread 3 ] DEBUG Engine               - credits: []
10:08:22.077 [FXGL Background Thread 3 ] DEBUG Engine               - devBBoxColorProperty: ObjectProperty [value: 0xff0000ff]
10:08:22.077 [FXGL Background Thread 3 ] DEBUG Engine               - devEnableDebugCameraProperty: BooleanProperty [value: false]
10:08:22.077 [FXGL Background Thread 3 ] DEBUG Engine               - devSensorColorProperty: ObjectProperty [value: 0xffff00ff]
10:08:22.078 [FXGL Background Thread 3 ] DEBUG Engine               - devShowBBoxProperty: BooleanProperty [value: false]
10:08:22.078 [FXGL Background Thread 3 ] DEBUG Engine               - devShowPositionProperty: BooleanProperty [value: false]
10:08:22.078 [FXGL Background Thread 3 ] DEBUG Engine               - enabledMenuItems: []
10:08:22.078 [FXGL Background Thread 3 ] DEBUG Engine               - engineServices: [class com.almasb.fxgl.app.services.FXGLAssetLoaderService, class com.almasb.fxgl.app.FXGLApplication$GameApplicationService, class com.almasb.fxgl.app.services.FXGLDialogService, class com.almasb.fxgl.app.services.IOTaskExecutorService, class com.almasb.fxgl.event.EventBusService, class com.almasb.fxgl.io.FileSystemService, class com.almasb.fxgl.localization.LocalizationService, class com.almasb.fxgl.app.services.SystemBundleService, class com.almasb.fxgl.profile.SaveLoadService, class com.almasb.fxgl.ui.FXGLUIFactoryServiceProvider, class com.almasb.fxgl.ui.FXGLDialogFactoryServiceProvider, class com.almasb.fxgl.audio.AudioPlayer, class com.almasb.fxgl.notification.impl.NotificationServiceProvider, class com.almasb.fxgl.achievement.AchievementService, class com.almasb.fxgl.cutscene.CutsceneService, class com.almasb.fxgl.minigames.MiniGameService, class com.almasb.fxgl.net.NetService, class com.almasb.fxgl.app.services.UpdaterService, class com.almasb.fxgl.dev.DevService]
10:08:22.078 [FXGL Background Thread 3 ] DEBUG Engine               - fontGame: Abel-Regular.ttf
10:08:22.078 [FXGL Background Thread 3 ] DEBUG Engine               - fontMono: lucida_console.ttf
10:08:22.078 [FXGL Background Thread 3 ] DEBUG Engine               - fontText: Courier-Prime.ttf
10:08:22.078 [FXGL Background Thread 3 ] DEBUG Engine               - fontUI: VarelaRound-Regular.ttf
10:08:22.079 [FXGL Background Thread 3 ] DEBUG Engine               - fullScreen: BooleanProperty [value: false]
10:08:22.079 [FXGL Background Thread 3 ] DEBUG Engine               - gameDifficulty: MEDIUM
10:08:22.079 [FXGL Background Thread 3 ] DEBUG Engine               - gameDifficultyProperty: ObjectProperty [value: MEDIUM]
10:08:22.079 [FXGL Background Thread 3 ] DEBUG Engine               - globalMusicVolume: 0.5
10:08:22.079 [FXGL Background Thread 3 ] DEBUG Engine               - globalMusicVolumeProperty: DoubleProperty [value: 0.5]
10:08:22.080 [FXGL Background Thread 3 ] DEBUG Engine               - globalSoundVolume: 0.5
10:08:22.080 [FXGL Background Thread 3 ] DEBUG Engine               - globalSoundVolumeProperty: DoubleProperty [value: 0.5]
10:08:22.080 [FXGL Background Thread 3 ] DEBUG Engine               - height: 600
10:08:22.080 [FXGL Background Thread 3 ] DEBUG Engine               - isAndroid: false
10:08:22.080 [FXGL Background Thread 3 ] DEBUG Engine               - isBrowser: false
10:08:22.081 [FXGL Background Thread 3 ] DEBUG Engine               - isClickFeedbackEnabled: false
10:08:22.081 [FXGL Background Thread 3 ] DEBUG Engine               - isCloseConfirmation: false
10:08:22.081 [FXGL Background Thread 3 ] DEBUG Engine               - isDesktop: true
10:08:22.081 [FXGL Background Thread 3 ] DEBUG Engine               - isDeveloperMenuEnabled: false
10:08:22.081 [FXGL Background Thread 3 ] DEBUG Engine               - isEntityPreloadEnabled: true
10:08:22.082 [FXGL Background Thread 3 ] DEBUG Engine               - isExperimental3D: false
10:08:22.082 [FXGL Background Thread 3 ] DEBUG Engine               - isExperimentalNative: false
10:08:22.082 [FXGL Background Thread 3 ] DEBUG Engine               - isExperimentalTiledLargeMap: false
10:08:22.082 [FXGL Background Thread 3 ] DEBUG Engine               - isFileSystemWriteAllowed: true
10:08:22.082 [FXGL Background Thread 3 ] DEBUG Engine               - isFullScreenAllowed: false
10:08:22.083 [FXGL Background Thread 3 ] DEBUG Engine               - isFullScreenFromStart: false
10:08:22.083 [FXGL Background Thread 3 ] DEBUG Engine               - isGameMenuEnabled: true
10:08:22.083 [FXGL Background Thread 3 ] DEBUG Engine               - isIOS: false
10:08:22.083 [FXGL Background Thread 3 ] DEBUG Engine               - isIntroEnabled: false
10:08:22.083 [FXGL Background Thread 3 ] DEBUG Engine               - isLinux: false
10:08:22.083 [FXGL Background Thread 3 ] DEBUG Engine               - isMac: false
10:08:22.083 [FXGL Background Thread 3 ] DEBUG Engine               - isMainMenuEnabled: true
10:08:22.083 [FXGL Background Thread 3 ] DEBUG Engine               - isManualResizeEnabled: false
10:08:22.083 [FXGL Background Thread 3 ] DEBUG Engine               - isMobile: false
10:08:22.084 [FXGL Background Thread 3 ] DEBUG Engine               - isPreserveResizeRatio: false
10:08:22.084 [FXGL Background Thread 3 ] DEBUG Engine               - isProfilingEnabled: false
10:08:22.084 [FXGL Background Thread 3 ] DEBUG Engine               - isScaleAffectedOnResize: true
10:08:22.084 [FXGL Background Thread 3 ] DEBUG Engine               - isSingleStep: false
10:08:22.084 [FXGL Background Thread 3 ] DEBUG Engine               - isUserProfileEnabled: false
10:08:22.084 [FXGL Background Thread 3 ] DEBUG Engine               - isWindows: true
10:08:22.084 [FXGL Background Thread 3 ] DEBUG Engine               - language: ObjectProperty [value: ENGLISH]
10:08:22.084 [FXGL Background Thread 3 ] DEBUG Engine               - menuKey: ESCAPE
10:08:22.085 [FXGL Background Thread 3 ] DEBUG Engine               - notificationViewClass: class com.almasb.fxgl.notification.view.XboxNotificationView
10:08:22.085 [FXGL Background Thread 3 ] DEBUG Engine               - pixelsPerMeter: 50.0
10:08:22.085 [FXGL Background Thread 3 ] DEBUG Engine               - platform: WINDOWS
10:08:22.085 [FXGL Background Thread 3 ] DEBUG Engine               - prefHeightProperty: ReadOnlyDoubleProperty [value: 600.0]
10:08:22.085 [FXGL Background Thread 3 ] DEBUG Engine               - prefWidthProperty: ReadOnlyDoubleProperty [value: 600.0]
10:08:22.085 [FXGL Background Thread 3 ] DEBUG Engine               - profileDir: profiles/
10:08:22.085 [FXGL Background Thread 3 ] DEBUG Engine               - profileName: StringProperty [value: DEFAULT]
10:08:22.085 [FXGL Background Thread 3 ] DEBUG Engine               - randomSeed: -1
10:08:22.085 [FXGL Background Thread 3 ] DEBUG Engine               - runtimeInfo: RuntimeInfo(platform=WINDOWS, version=11.15, build=13.04.2021 08.23)
10:08:22.085 [FXGL Background Thread 3 ] DEBUG Engine               - saveFileExt: sav
10:08:22.086 [FXGL Background Thread 3 ] DEBUG Engine               - scaledHeightProp$fxgl: DoubleProperty [bound, value: 600.0]
10:08:22.086 [FXGL Background Thread 3 ] DEBUG Engine               - scaledWidthProp$fxgl: DoubleProperty [bound, value: 600.0]
10:08:22.086 [FXGL Background Thread 3 ] DEBUG Engine               - sceneFactory: com.ward_cunningham_38.teacherbomber.TeacherBomberApp$1@637120af
10:08:22.086 [FXGL Background Thread 3 ] DEBUG Engine               - secondsIn24h: 60
10:08:22.086 [FXGL Background Thread 3 ] DEBUG Engine               - soundMenuBack: menu/back.wav
10:08:22.086 [FXGL Background Thread 3 ] DEBUG Engine               - soundMenuPress: menu/press.wav
10:08:22.086 [FXGL Background Thread 3 ] DEBUG Engine               - soundMenuSelect: menu/select.wav
10:08:22.086 [FXGL Background Thread 3 ] DEBUG Engine               - soundNotification: core/notification.wav
10:08:22.087 [FXGL Background Thread 3 ] DEBUG Engine               - stageStyle: DECORATED
10:08:22.087 [FXGL Background Thread 3 ] DEBUG Engine               - supportedLanguages: [ENGLISH, FRENCH, GERMAN, HUNGARIAN, RUSSIAN]
10:08:22.087 [FXGL Background Thread 3 ] DEBUG Engine               - ticksPerSecond: -1
10:08:22.087 [FXGL Background Thread 3 ] DEBUG Engine               - title: Bomberman App
10:08:22.087 [FXGL Background Thread 3 ] DEBUG Engine               - urlGithub: https://github.com/AlmasB/FXGL
10:08:22.087 [FXGL Background Thread 3 ] DEBUG Engine               - urlLeaderboard: http://fxgl-top.herokuapp.com/
10:08:22.087 [FXGL Background Thread 3 ] DEBUG Engine               - urlPOM: https://raw.githubusercontent.com/AlmasB/FXGL/release/README.md
10:08:22.088 [FXGL Background Thread 3 ] DEBUG Engine               - userAppClass: class com.ward_cunningham_38.teacherbomber.TeacherBomberApp
10:08:22.088 [FXGL Background Thread 3 ] DEBUG Engine               - version:  
10:08:22.088 [FXGL Background Thread 3 ] DEBUG Engine               - versionCheckDays: 7
10:08:22.088 [FXGL Background Thread 3 ] DEBUG Engine               - width: 600
10:08:22.088 [FXGL Background Thread 3 ] DEBUG Engine               - Logging services
10:08:22.088 [FXGL Background Thread 3 ] DEBUG Engine               - class com.almasb.fxgl.app.services.FXGLAssetLoaderService
10:08:22.089 [FXGL Background Thread 3 ] DEBUG Engine               - class com.almasb.fxgl.app.FXGLApplication$GameApplicationService
10:08:22.089 [FXGL Background Thread 3 ] DEBUG Engine               - class com.almasb.fxgl.app.services.FXGLDialogService
10:08:22.089 [FXGL Background Thread 3 ] DEBUG Engine               - class com.almasb.fxgl.app.services.IOTaskExecutorService
10:08:22.089 [FXGL Background Thread 3 ] DEBUG Engine               - class com.almasb.fxgl.event.EventBusService
10:08:22.089 [FXGL Background Thread 3 ] DEBUG Engine               - class com.almasb.fxgl.io.FileSystemService
10:08:22.089 [FXGL Background Thread 3 ] DEBUG Engine               - class com.almasb.fxgl.localization.LocalizationService
10:08:22.089 [FXGL Background Thread 3 ] DEBUG Engine               - class com.almasb.fxgl.app.services.SystemBundleService
10:08:22.089 [FXGL Background Thread 3 ] DEBUG Engine               - class com.almasb.fxgl.profile.SaveLoadService
10:08:22.089 [FXGL Background Thread 3 ] DEBUG Engine               - class com.almasb.fxgl.ui.FXGLUIFactoryServiceProvider
10:08:22.089 [FXGL Background Thread 3 ] DEBUG Engine               - class com.almasb.fxgl.ui.FXGLDialogFactoryServiceProvider
10:08:22.089 [FXGL Background Thread 3 ] DEBUG Engine               - class com.almasb.fxgl.audio.AudioPlayer
10:08:22.090 [FXGL Background Thread 3 ] DEBUG Engine               - class com.almasb.fxgl.notification.impl.NotificationServiceProvider
10:08:22.090 [FXGL Background Thread 3 ] DEBUG Engine               - class com.almasb.fxgl.achievement.AchievementService
10:08:22.090 [FXGL Background Thread 3 ] DEBUG Engine               - class com.almasb.fxgl.cutscene.CutsceneService
10:08:22.090 [FXGL Background Thread 3 ] DEBUG Engine               - class com.almasb.fxgl.minigames.MiniGameService
10:08:22.090 [FXGL Background Thread 3 ] DEBUG Engine               - class com.almasb.fxgl.net.NetService
10:08:22.090 [FXGL Background Thread 3 ] DEBUG Engine               - class com.almasb.fxgl.app.services.UpdaterService
10:08:22.090 [FXGL Background Thread 3 ] DEBUG Engine               - class com.almasb.fxgl.dev.DevService
10:08:22.114 [FXGL Background Thread 2 ] INFO  FXGLApplication      - Game initialization took: 0,168 sec
10:08:22.115 [JavaFX Application Thread] DEBUG Input                - Clearing active input actions
10:08:22.129 [JavaFX Application Thread] DEBUG GameApplicationServi - Removing overlay from FXGLLoadingScene and adding to GameScene
10:08:22.129 [JavaFX Application Thread] DEBUG PrimaryStageWindow   - FXGLLoadingScene -> GameScene
10:08:24.065 [JavaFX Application Thread] DEBUG FXGLAssetLoaderServi - Loading from file system: file:/C:/Users/Christiaan/Documents/GitHub/IPOSE-TeacherBomber/Bomberman/target/classes/assets/textures/bomb.png
10:08:37.615 [JavaFX Application Thread] DEBUG FXGLApplication      - Exiting FXGL
10:08:37.615 [JavaFX Application Thread] DEBUG LoopRunner           - Stopping loop
10:08:37.615 [JavaFX Application Thread] DEBUG SystemBundleService  - Saving FXGL system data
10:08:37.619 [JavaFX Application Thread] DEBUG FileSystemAccess     - Writing to: C:\Users\Christiaan\Documents\GitHub\IPOSE-TeacherBomber\Bomberman\system\fxgl.bundle
10:08:37.630 [JavaFX Application Thread] DEBUG Async                - Shutting down background threads
10:08:37.630 [JavaFX Application Thread] DEBUG PrimaryStageWindow   - Closing main window
10:08:37.649 [JavaFX Application Thread] DEBUG Logger               - Closing Logger
