14:01:53.677 [main                     ] DEBUG Logger               - Configured Logger
14:01:53.680 [main                     ] DEBUG GameApplication      - Logging settings
Title: Bomberman App
Version: 0.1
Width: 600
Height: 600
Fullscreen: false
Intro: false
Profiling: false
Single step:false
App Mode: DEVELOPER
Menu Key: ESCAPE
Stage Style: DECORATED
Scene Factory: class com.ward_cunningham_38.teacherbomber.TeacherBomberApp$1

14:01:54.172 [JavaFX Application Thread] DEBUG FXGLApplication      - Initializing FXGL
14:01:54.174 [JavaFX Application Thread] INFO  Engine               - FXGL-11.15 (13.04.2021 08.23) on WINDOWS (J:18 FX:15)
14:01:54.175 [JavaFX Application Thread] DEBUG Engine               - JRE Vendor Name: Oracle Corporation
14:01:54.175 [JavaFX Application Thread] DEBUG Engine               - Running on OS: Windows 10 version 10.0
14:01:54.175 [JavaFX Application Thread] DEBUG Engine               - Architecture: amd64
14:01:54.175 [JavaFX Application Thread] INFO  Engine               - Source code and latest versions at: https://github.com/AlmasB/FXGL
14:01:54.176 [JavaFX Application Thread] INFO  Engine               -              Join the FXGL chat at: https://gitter.im/AlmasB/FXGL
14:01:54.289 [JavaFX Application Thread] DEBUG PrimaryStageWindow   - Creating a JavaFX scene
14:01:54.335 [JavaFX Application Thread] DEBUG PrimaryStageWindow   - Target settings size: 600.0 x 600.0
14:01:54.335 [JavaFX Application Thread] DEBUG PrimaryStageWindow   - Scaled scene size:    600.0 x 600.0
14:01:54.336 [JavaFX Application Thread] DEBUG PrimaryStageWindow   - Scaled ratio: (1.0, 1.0)
14:01:54.337 [JavaFX Application Thread] DEBUG PrimaryStageWindow   - Set initial scene to FXGLStartupScene
14:01:54.343 [JavaFX Application Thread] DEBUG PrimaryStageWindow   - Opening main window
14:01:54.428 [JavaFX Application Thread] DEBUG PrimaryStageWindow   - Window border size: (16.0, 39.0)
14:01:54.428 [JavaFX Application Thread] DEBUG PrimaryStageWindow   - Scaled size: 600.0 x 600.0
14:01:54.429 [JavaFX Application Thread] DEBUG PrimaryStageWindow   - Scaled ratio: (1.0, 1.0)
14:01:54.429 [JavaFX Application Thread] DEBUG PrimaryStageWindow   - Scene size: 600.0 x 600.0
14:01:54.429 [JavaFX Application Thread] DEBUG PrimaryStageWindow   - Stage size: 616.0 x 639.0
14:01:54.436 [FXGL Background Thread 1 ] DEBUG Engine               - Initializing environment variables
14:01:54.493 [FXGL Background Thread 1 ] DEBUG FXGLAssetLoaderServi - User app class for loading assets: class com.ward_cunningham_38.teacherbomber.TeacherBomberApp
14:01:54.494 [FXGL Background Thread 1 ] DEBUG GameApplicationServi - Applying CSS: fxgl_dark.css
14:01:54.494 [FXGL Background Thread 1 ] DEBUG FXGLAssetLoaderServi - Loading from file system: jar:file:/C:/Users/Christiaan/.m2/repository/com/github/almasb/fxgl/11.15/fxgl-11.15.jar!/fxglassets/ui/css/fxgl_dark.css
14:01:54.541 [FXGL Background Thread 1 ] DEBUG GameApplicationServi - Initializing application scenes
14:01:54.582 [FXGL Background Thread 1 ] DEBUG GameWorld            - Game world initialized
14:01:54.651 [FXGL Background Thread 1 ] DEBUG PhysicsWorld         - Physics world initialized: appHeight=600, physics.ppm=50,0
14:01:54.651 [FXGL Background Thread 1 ] DEBUG PhysicsWorld         - Using strategy: BRUTE_FORCE
14:01:54.654 [FXGL Background Thread 1 ] DEBUG GameScene            - Game scene initialized: 600x600
14:01:54.660 [FXGL Background Thread 1 ] DEBUG FXGLAssetLoaderServi - Loading from file system: jar:file:/C:/Users/Christiaan/.m2/repository/com/github/almasb/fxgl/11.15/fxgl-11.15.jar!/fxglassets/textures/pause_menu_bg.png
14:01:54.703 [FXGL Background Thread 1 ] DEBUG GameApplicationServi - Application scenes initialized
14:01:54.715 [FXGL Background Thread 1 ] DEBUG SystemBundleService  - Loading FXGL system data
14:01:54.718 [FXGL Background Thread 1 ] DEBUG FileSystemAccess     - Reading from: C:\Users\Christiaan\Documents\GitHub\IPOSE-TeacherBomber\Bomberman\system\fxgl.bundle
14:01:54.724 [FXGL Background Thread 1 ] DEBUG SystemBundleService  - Bundle FXGL: {}
14:01:54.724 [FXGL Background Thread 1 ] DEBUG UpdaterService       - Checking for updates
14:01:54.729 [FXGL Background Thread 4 ] DEBUG FXGLApplication      - Loading fonts
14:01:54.730 [FXGL Background Thread 1 ] DEBUG FXGLApplication      - Loading default localization
14:01:54.730 [FXGL Background Thread 1 ] DEBUG FXGLAssetLoaderServi - Loading from file system: jar:file:/C:/Users/Christiaan/.m2/repository/com/github/almasb/fxgl/11.15/fxgl-11.15.jar!/fxglassets/languages/english.lang
14:01:54.756 [FXGL Background Thread 1 ] INFO  FXGLApplication      - FXGL initialization took: 0,319 sec
14:01:54.766 [JavaFX Application Thread] DEBUG Input                - Registered new binding: Move Up W - W
14:01:54.766 [JavaFX Application Thread] DEBUG Input                - Registered new binding: Move Left A - A
14:01:54.767 [JavaFX Application Thread] DEBUG Input                - Registered new binding: Move Down S - S
14:01:54.767 [JavaFX Application Thread] DEBUG Input                - Registered new binding: Move Right D - D
14:01:54.767 [JavaFX Application Thread] DEBUG Input                - Registered new binding: Place Bomb F - F
14:01:54.767 [JavaFX Application Thread] DEBUG Input                - Registered new binding: Move Up Arrow - Up
14:01:54.767 [JavaFX Application Thread] DEBUG Input                - Registered new binding: Move Left Arrow - Left
14:01:54.767 [JavaFX Application Thread] DEBUG Input                - Registered new binding: Move Down Arrow - Down
14:01:54.767 [JavaFX Application Thread] DEBUG Input                - Registered new binding: Move Right Arrow - Right
14:01:54.767 [JavaFX Application Thread] DEBUG Input                - Registered new binding: Place Bomb NUM0 - Numpad 0
14:01:54.768 [JavaFX Application Thread] DEBUG FXGLAssetLoaderServi - Loading from file system: jar:file:/C:/Users/Christiaan/.m2/repository/com/github/almasb/fxgl/11.15/fxgl-11.15.jar!/fxglassets/textures/fxgl_icon.png
14:01:54.805 [FXGL Background Thread 4 ] DEBUG FXGLAssetLoaderServi - Loading from file system: jar:file:/C:/Users/Christiaan/.m2/repository/com/github/almasb/fxgl/11.15/fxgl-11.15.jar!/fxglassets/ui/fonts/Abel-Regular.ttf
14:01:54.816 [FXGL Background Thread 4 ] DEBUG FXGLAssetLoaderServi - Loading from file system: jar:file:/C:/Users/Christiaan/.m2/repository/com/github/almasb/fxgl/11.15/fxgl-11.15.jar!/fxglassets/ui/fonts/lucida_console.ttf
14:01:54.818 [JavaFX Application Thread] DEBUG FXGLAssetLoaderServi - Loading from file system: jar:file:/C:/Users/Christiaan/.m2/repository/com/github/almasb/fxgl/11.15/fxgl-11.15.jar!/fxglassets/ui/cursors/fxgl_default.png
14:01:54.820 [JavaFX Application Thread] DEBUG Input                - Registered new binding: Screenshot - CTRL+8
14:01:54.821 [JavaFX Application Thread] DEBUG Input                - Registered new binding: System info dump - CTRL+9
14:01:54.821 [FXGL Background Thread 4 ] DEBUG FXGLAssetLoaderServi - Loading from file system: jar:file:/C:/Users/Christiaan/.m2/repository/com/github/almasb/fxgl/11.15/fxgl-11.15.jar!/fxglassets/ui/fonts/Courier-Prime.ttf
14:01:54.821 [JavaFX Application Thread] DEBUG Input                - Registered new binding: Restart - CTRL+R
14:01:54.822 [JavaFX Application Thread] DEBUG Input                - Registered new binding: Toggle Debug Camera - CTRL+C
14:01:54.825 [JavaFX Application Thread] DEBUG LoopRunner           - Starting loop
14:01:54.825 [JavaFX Application Thread] DEBUG LoopRunner           - Initializing JavaFX AnimationTimerLoop
14:01:54.827 [JavaFX Application Thread] DEBUG GameApplicationServi - Starting new game
14:01:54.827 [JavaFX Application Thread] DEBUG Input                - Clearing active input actions
14:01:54.836 [JavaFX Application Thread] DEBUG GameApplicationServi - Removing overlay from FXGLStartupScene and adding to FXGLLoadingScene
14:01:54.837 [JavaFX Application Thread] DEBUG PrimaryStageWindow   - FXGLStartupScene -> FXGLLoadingScene
14:01:54.837 [JavaFX Application Thread] DEBUG GameApplicationServi - Clearing previous game
14:01:54.837 [JavaFX Application Thread] DEBUG GameScene            - Clearing game scene
14:01:54.837 [JavaFX Application Thread] DEBUG GameWorld            - Clearing game world
14:01:54.837 [JavaFX Application Thread] DEBUG PhysicsWorld         - Clearing physics world
14:01:54.838 [JavaFX Application Thread] DEBUG FXGLApplication      - Registering font factories with UI factory
14:01:54.838 [FXGL Background Thread 4 ] DEBUG FXGLApplication      - Initializing game
14:01:54.851 [FXGL Background Thread 4 ] DEBUG FXGLAssetLoaderServi - Loading from file system: file:/C:/Users/Christiaan/Documents/GitHub/IPOSE-TeacherBomber/Bomberman/target/classes/assets/textures/brick.png
14:01:54.896 [FXGL Background Thread 4 ] DEBUG GameWorld            - Clearing removable entities
14:01:54.897 [FXGL Background Thread 4 ] DEBUG GameWorld            - Setting level: com.almasb.fxgl.entity.level.Level@61249bfd
14:01:54.944 [FXGL Background Thread 4 ] INFO  FXGLApplication      - Game initialization took: 0,105 sec
14:01:55.003 [JavaFX Application Thread] DEBUG Input                - Clearing active input actions
14:01:55.013 [JavaFX Application Thread] DEBUG GameApplicationServi - Removing overlay from FXGLLoadingScene and adding to GameScene
14:01:55.013 [JavaFX Application Thread] DEBUG PrimaryStageWindow   - FXGLLoadingScene -> GameScene
14:01:55.127 [FXGL Background Thread 2 ] INFO  UpdaterService       - Your current version:  11.15
14:01:55.128 [FXGL Background Thread 2 ] INFO  UpdaterService       - Latest stable version: 17.1
14:01:57.729 [FXGL Background Thread 3 ] DEBUG Engine               - Logging environment variables
14:01:57.729 [FXGL Background Thread 3 ] DEBUG Engine               - achievements: []
14:01:57.729 [FXGL Background Thread 3 ] DEBUG Engine               - actualHeight: 600.0
14:01:57.729 [FXGL Background Thread 3 ] DEBUG Engine               - actualHeightProperty: ReadOnlyDoubleProperty [value: 600.0]
14:01:57.729 [FXGL Background Thread 3 ] DEBUG Engine               - actualWidth: 600.0
14:01:57.729 [FXGL Background Thread 3 ] DEBUG Engine               - actualWidthProperty: ReadOnlyDoubleProperty [value: 600.0]
14:01:57.729 [FXGL Background Thread 3 ] DEBUG Engine               - appIcon: fxgl_icon.png
14:01:57.730 [FXGL Background Thread 3 ] DEBUG Engine               - applicationMode: DEVELOPER
14:01:57.730 [FXGL Background Thread 3 ] DEBUG Engine               - cSSList: [fxgl_dark.css]
14:01:57.730 [FXGL Background Thread 3 ] DEBUG Engine               - collisionDetectionStrategy: BRUTE_FORCE
14:01:57.730 [FXGL Background Thread 3 ] DEBUG Engine               - configClass: Optional.empty
14:01:57.730 [FXGL Background Thread 3 ] DEBUG Engine               - credits: []
14:01:57.730 [FXGL Background Thread 3 ] DEBUG Engine               - devBBoxColorProperty: ObjectProperty [value: 0xff0000ff]
14:01:57.730 [FXGL Background Thread 3 ] DEBUG Engine               - devEnableDebugCameraProperty: BooleanProperty [value: false]
14:01:57.730 [FXGL Background Thread 3 ] DEBUG Engine               - devSensorColorProperty: ObjectProperty [value: 0xffff00ff]
14:01:57.730 [FXGL Background Thread 3 ] DEBUG Engine               - devShowBBoxProperty: BooleanProperty [value: false]
14:01:57.730 [FXGL Background Thread 3 ] DEBUG Engine               - devShowPositionProperty: BooleanProperty [value: false]
14:01:57.730 [FXGL Background Thread 3 ] DEBUG Engine               - enabledMenuItems: []
14:01:57.730 [FXGL Background Thread 3 ] DEBUG Engine               - engineServices: [class com.almasb.fxgl.app.services.FXGLAssetLoaderService, class com.almasb.fxgl.app.FXGLApplication$GameApplicationService, class com.almasb.fxgl.app.services.FXGLDialogService, class com.almasb.fxgl.app.services.IOTaskExecutorService, class com.almasb.fxgl.event.EventBusService, class com.almasb.fxgl.io.FileSystemService, class com.almasb.fxgl.localization.LocalizationService, class com.almasb.fxgl.app.services.SystemBundleService, class com.almasb.fxgl.profile.SaveLoadService, class com.almasb.fxgl.ui.FXGLUIFactoryServiceProvider, class com.almasb.fxgl.ui.FXGLDialogFactoryServiceProvider, class com.almasb.fxgl.audio.AudioPlayer, class com.almasb.fxgl.notification.impl.NotificationServiceProvider, class com.almasb.fxgl.achievement.AchievementService, class com.almasb.fxgl.cutscene.CutsceneService, class com.almasb.fxgl.minigames.MiniGameService, class com.almasb.fxgl.net.NetService, class com.almasb.fxgl.app.services.UpdaterService, class com.almasb.fxgl.dev.DevService]
14:01:57.730 [FXGL Background Thread 3 ] DEBUG Engine               - fontGame: Abel-Regular.ttf
14:01:57.730 [FXGL Background Thread 3 ] DEBUG Engine               - fontMono: lucida_console.ttf
14:01:57.730 [FXGL Background Thread 3 ] DEBUG Engine               - fontText: Courier-Prime.ttf
14:01:57.731 [FXGL Background Thread 3 ] DEBUG Engine               - fontUI: VarelaRound-Regular.ttf
14:01:57.731 [FXGL Background Thread 3 ] DEBUG Engine               - fullScreen: BooleanProperty [value: false]
14:01:57.731 [FXGL Background Thread 3 ] DEBUG Engine               - gameDifficulty: MEDIUM
14:01:57.731 [FXGL Background Thread 3 ] DEBUG Engine               - gameDifficultyProperty: ObjectProperty [value: MEDIUM]
14:01:57.731 [FXGL Background Thread 3 ] DEBUG Engine               - globalMusicVolume: 0.5
14:01:57.731 [FXGL Background Thread 3 ] DEBUG Engine               - globalMusicVolumeProperty: DoubleProperty [value: 0.5]
14:01:57.731 [FXGL Background Thread 3 ] DEBUG Engine               - globalSoundVolume: 0.5
14:01:57.731 [FXGL Background Thread 3 ] DEBUG Engine               - globalSoundVolumeProperty: DoubleProperty [value: 0.5]
14:01:57.731 [FXGL Background Thread 3 ] DEBUG Engine               - height: 600
14:01:57.731 [FXGL Background Thread 3 ] DEBUG Engine               - isAndroid: false
14:01:57.731 [FXGL Background Thread 3 ] DEBUG Engine               - isBrowser: false
14:01:57.731 [FXGL Background Thread 3 ] DEBUG Engine               - isClickFeedbackEnabled: false
14:01:57.731 [FXGL Background Thread 3 ] DEBUG Engine               - isCloseConfirmation: false
14:01:57.731 [FXGL Background Thread 3 ] DEBUG Engine               - isDesktop: true
14:01:57.731 [FXGL Background Thread 3 ] DEBUG Engine               - isDeveloperMenuEnabled: false
14:01:57.731 [FXGL Background Thread 3 ] DEBUG Engine               - isEntityPreloadEnabled: true
14:01:57.731 [FXGL Background Thread 3 ] DEBUG Engine               - isExperimental3D: false
14:01:57.731 [FXGL Background Thread 3 ] DEBUG Engine               - isExperimentalNative: false
14:01:57.731 [FXGL Background Thread 3 ] DEBUG Engine               - isExperimentalTiledLargeMap: false
14:01:57.732 [FXGL Background Thread 3 ] DEBUG Engine               - isFileSystemWriteAllowed: true
14:01:57.732 [FXGL Background Thread 3 ] DEBUG Engine               - isFullScreenAllowed: false
14:01:57.732 [FXGL Background Thread 3 ] DEBUG Engine               - isFullScreenFromStart: false
14:01:57.732 [FXGL Background Thread 3 ] DEBUG Engine               - isGameMenuEnabled: true
14:01:57.732 [FXGL Background Thread 3 ] DEBUG Engine               - isIOS: false
14:01:57.732 [FXGL Background Thread 3 ] DEBUG Engine               - isIntroEnabled: false
14:01:57.732 [FXGL Background Thread 3 ] DEBUG Engine               - isLinux: false
14:01:57.732 [FXGL Background Thread 3 ] DEBUG Engine               - isMac: false
14:01:57.732 [FXGL Background Thread 3 ] DEBUG Engine               - isMainMenuEnabled: false
14:01:57.732 [FXGL Background Thread 3 ] DEBUG Engine               - isManualResizeEnabled: false
14:01:57.732 [FXGL Background Thread 3 ] DEBUG Engine               - isMobile: false
14:01:57.732 [FXGL Background Thread 3 ] DEBUG Engine               - isPreserveResizeRatio: false
14:01:57.732 [FXGL Background Thread 3 ] DEBUG Engine               - isProfilingEnabled: false
14:01:57.732 [FXGL Background Thread 3 ] DEBUG Engine               - isScaleAffectedOnResize: true
14:01:57.732 [FXGL Background Thread 3 ] DEBUG Engine               - isSingleStep: false
14:01:57.732 [FXGL Background Thread 3 ] DEBUG Engine               - isUserProfileEnabled: false
14:01:57.732 [FXGL Background Thread 3 ] DEBUG Engine               - isWindows: true
14:01:57.732 [FXGL Background Thread 3 ] DEBUG Engine               - language: ObjectProperty [value: ENGLISH]
14:01:57.732 [FXGL Background Thread 3 ] DEBUG Engine               - menuKey: ESCAPE
14:01:57.732 [FXGL Background Thread 3 ] DEBUG Engine               - notificationViewClass: class com.almasb.fxgl.notification.view.XboxNotificationView
14:01:57.733 [FXGL Background Thread 3 ] DEBUG Engine               - pixelsPerMeter: 50.0
14:01:57.733 [FXGL Background Thread 3 ] DEBUG Engine               - platform: WINDOWS
14:01:57.733 [FXGL Background Thread 3 ] DEBUG Engine               - prefHeightProperty: ReadOnlyDoubleProperty [value: 600.0]
14:01:57.733 [FXGL Background Thread 3 ] DEBUG Engine               - prefWidthProperty: ReadOnlyDoubleProperty [value: 600.0]
14:01:57.733 [FXGL Background Thread 3 ] DEBUG Engine               - profileDir: profiles/
14:01:57.733 [FXGL Background Thread 3 ] DEBUG Engine               - profileName: StringProperty [value: DEFAULT]
14:01:57.733 [FXGL Background Thread 3 ] DEBUG Engine               - randomSeed: -1
14:01:57.733 [FXGL Background Thread 3 ] DEBUG Engine               - runtimeInfo: RuntimeInfo(platform=WINDOWS, version=11.15, build=13.04.2021 08.23)
14:01:57.733 [FXGL Background Thread 3 ] DEBUG Engine               - saveFileExt: sav
14:01:57.733 [FXGL Background Thread 3 ] DEBUG Engine               - scaledHeightProp$fxgl: DoubleProperty [bound, value: 600.0]
14:01:57.733 [FXGL Background Thread 3 ] DEBUG Engine               - scaledWidthProp$fxgl: DoubleProperty [bound, value: 600.0]
14:01:57.733 [FXGL Background Thread 3 ] DEBUG Engine               - sceneFactory: com.ward_cunningham_38.teacherbomber.TeacherBomberApp$1@7e5f397f
14:01:57.733 [FXGL Background Thread 3 ] DEBUG Engine               - secondsIn24h: 60
14:01:57.733 [FXGL Background Thread 3 ] DEBUG Engine               - soundMenuBack: menu/back.wav
14:01:57.733 [FXGL Background Thread 3 ] DEBUG Engine               - soundMenuPress: menu/press.wav
14:01:57.733 [FXGL Background Thread 3 ] DEBUG Engine               - soundMenuSelect: menu/select.wav
14:01:57.733 [FXGL Background Thread 3 ] DEBUG Engine               - soundNotification: core/notification.wav
14:01:57.733 [FXGL Background Thread 3 ] DEBUG Engine               - stageStyle: DECORATED
14:01:57.733 [FXGL Background Thread 3 ] DEBUG Engine               - supportedLanguages: [ENGLISH, FRENCH, GERMAN, HUNGARIAN, RUSSIAN]
14:01:57.733 [FXGL Background Thread 3 ] DEBUG Engine               - ticksPerSecond: -1
14:01:57.733 [FXGL Background Thread 3 ] DEBUG Engine               - title: Bomberman App
14:01:57.734 [FXGL Background Thread 3 ] DEBUG Engine               - urlGithub: https://github.com/AlmasB/FXGL
14:01:57.734 [FXGL Background Thread 3 ] DEBUG Engine               - urlLeaderboard: http://fxgl-top.herokuapp.com/
14:01:57.734 [FXGL Background Thread 3 ] DEBUG Engine               - urlPOM: https://raw.githubusercontent.com/AlmasB/FXGL/release/README.md
14:01:57.734 [FXGL Background Thread 3 ] DEBUG Engine               - userAppClass: class com.ward_cunningham_38.teacherbomber.TeacherBomberApp
14:01:57.734 [FXGL Background Thread 3 ] DEBUG Engine               - version: 0.1
14:01:57.734 [FXGL Background Thread 3 ] DEBUG Engine               - versionCheckDays: 7
14:01:57.734 [FXGL Background Thread 3 ] DEBUG Engine               - width: 600
14:01:57.734 [FXGL Background Thread 3 ] DEBUG Engine               - Logging services
14:01:57.734 [FXGL Background Thread 3 ] DEBUG Engine               - class com.almasb.fxgl.app.services.FXGLAssetLoaderService
14:01:57.734 [FXGL Background Thread 3 ] DEBUG Engine               - class com.almasb.fxgl.app.FXGLApplication$GameApplicationService
14:01:57.734 [FXGL Background Thread 3 ] DEBUG Engine               - class com.almasb.fxgl.app.services.FXGLDialogService
14:01:57.734 [FXGL Background Thread 3 ] DEBUG Engine               - class com.almasb.fxgl.app.services.IOTaskExecutorService
14:01:57.734 [FXGL Background Thread 3 ] DEBUG Engine               - class com.almasb.fxgl.event.EventBusService
14:01:57.734 [FXGL Background Thread 3 ] DEBUG Engine               - class com.almasb.fxgl.io.FileSystemService
14:01:57.734 [FXGL Background Thread 3 ] DEBUG Engine               - class com.almasb.fxgl.localization.LocalizationService
14:01:57.734 [FXGL Background Thread 3 ] DEBUG Engine               - class com.almasb.fxgl.app.services.SystemBundleService
14:01:57.734 [FXGL Background Thread 3 ] DEBUG Engine               - class com.almasb.fxgl.profile.SaveLoadService
14:01:57.734 [FXGL Background Thread 3 ] DEBUG Engine               - class com.almasb.fxgl.ui.FXGLUIFactoryServiceProvider
14:01:57.734 [FXGL Background Thread 3 ] DEBUG Engine               - class com.almasb.fxgl.ui.FXGLDialogFactoryServiceProvider
14:01:57.734 [FXGL Background Thread 3 ] DEBUG Engine               - class com.almasb.fxgl.audio.AudioPlayer
14:01:57.734 [FXGL Background Thread 3 ] DEBUG Engine               - class com.almasb.fxgl.notification.impl.NotificationServiceProvider
14:01:57.734 [FXGL Background Thread 3 ] DEBUG Engine               - class com.almasb.fxgl.achievement.AchievementService
14:01:57.734 [FXGL Background Thread 3 ] DEBUG Engine               - class com.almasb.fxgl.cutscene.CutsceneService
14:01:57.734 [FXGL Background Thread 3 ] DEBUG Engine               - class com.almasb.fxgl.minigames.MiniGameService
14:01:57.734 [FXGL Background Thread 3 ] DEBUG Engine               - class com.almasb.fxgl.net.NetService
14:01:57.735 [FXGL Background Thread 3 ] DEBUG Engine               - class com.almasb.fxgl.app.services.UpdaterService
14:01:57.735 [FXGL Background Thread 3 ] DEBUG Engine               - class com.almasb.fxgl.dev.DevService
14:01:59.874 [JavaFX Application Thread] DEBUG FXGLAssetLoaderServi - Loading from file system: file:/C:/Users/Christiaan/Documents/GitHub/IPOSE-TeacherBomber/Bomberman/target/classes/assets/textures/bomb.png
14:02:39.397 [JavaFX Application Thread] DEBUG FXGLApplication      - Exiting FXGL
14:02:39.397 [JavaFX Application Thread] DEBUG LoopRunner           - Stopping loop
14:02:39.397 [JavaFX Application Thread] DEBUG SystemBundleService  - Saving FXGL system data
14:02:39.399 [JavaFX Application Thread] DEBUG FileSystemAccess     - Writing to: C:\Users\Christiaan\Documents\GitHub\IPOSE-TeacherBomber\Bomberman\system\fxgl.bundle
14:02:39.400 [JavaFX Application Thread] DEBUG Async                - Shutting down background threads
14:02:39.400 [JavaFX Application Thread] DEBUG PrimaryStageWindow   - Closing main window
14:02:39.411 [JavaFX Application Thread] DEBUG Logger               - Closing Logger
