11:25:00.721 [main                     ] DEBUG Logger               - Configured Logger
11:25:00.725 [main                     ] DEBUG GameApplication      - Logging settings
Title: Bomberman App
Version:  
Width: 600
Height: 600
Fullscreen: false
Intro: false
Profiling: false
Single step:false
App Mode: DEVELOPER
Menu Key: ESCAPE
Stage Style: DECORATED
Scene Factory: class com.ward_cunningham_38.teacherbomber.TeacherBomberApp$1

11:25:01.941 [JavaFX Application Thread] DEBUG FXGLApplication      - Initializing FXGL
11:25:01.943 [JavaFX Application Thread] INFO  Engine               - FXGL-dev-SNAPSHOT (28.07.2021 16.39) on WINDOWS (J:18 FX:16)
11:25:01.943 [JavaFX Application Thread] DEBUG Engine               - JRE Vendor Name: Oracle Corporation
11:25:01.943 [JavaFX Application Thread] DEBUG Engine               - Running on OS: Windows 10 version 10.0
11:25:01.943 [JavaFX Application Thread] DEBUG Engine               - Architecture: amd64
11:25:01.943 [JavaFX Application Thread] INFO  Engine               - Source code and latest versions at: https://github.com/AlmasB/FXGL
11:25:01.944 [JavaFX Application Thread] INFO  Engine               -              Join the FXGL chat at: https://gitter.im/AlmasB/FXGL
11:25:02.062 [JavaFX Application Thread] DEBUG PrimaryStageWindow   - Creating a JavaFX scene
11:25:02.112 [JavaFX Application Thread] DEBUG PrimaryStageWindow   - Target settings size: 600.0 x 600.0
11:25:02.112 [JavaFX Application Thread] DEBUG PrimaryStageWindow   - Scaled scene size:    600.0 x 600.0
11:25:02.112 [JavaFX Application Thread] DEBUG PrimaryStageWindow   - Scaled ratio: (1.0, 1.0)
11:25:02.113 [JavaFX Application Thread] DEBUG PrimaryStageWindow   - Set initial scene to FXGLStartupScene
11:25:02.121 [JavaFX Application Thread] DEBUG PrimaryStageWindow   - Opening main window
11:25:02.235 [JavaFX Application Thread] DEBUG PrimaryStageWindow   - Window border size: (16.0, 39.0)
11:25:02.236 [JavaFX Application Thread] DEBUG PrimaryStageWindow   - Scaled size: 600.0 x 600.0
11:25:02.236 [JavaFX Application Thread] DEBUG PrimaryStageWindow   - Scaled ratio: (1.0, 1.0)
11:25:02.236 [JavaFX Application Thread] DEBUG PrimaryStageWindow   - Scene size: 600.0 x 600.0
11:25:02.236 [JavaFX Application Thread] DEBUG PrimaryStageWindow   - Stage size: 616.0 x 639.0
11:25:02.248 [FXGL Background Thread 1 ] DEBUG Engine               - Initializing environment variables
11:25:02.332 [FXGL Background Thread 1 ] DEBUG FXGLAssetLoaderServi - User app class for loading assets: class com.ward_cunningham_38.teacherbomber.TeacherBomberApp
11:25:02.333 [FXGL Background Thread 1 ] DEBUG GameApplicationServi - Applying CSS: fxgl_dark.css
11:25:02.334 [FXGL Background Thread 1 ] DEBUG FXGLAssetLoaderServi - Loading from file system: jar:file:/C:/Users/Raven/.m2/repository/com/github/almasb/fxgl/dev-SNAPSHOT/fxgl-dev-20210728.163953-1821.jar!/fxglassets/ui/css/fxgl_dark.css
11:25:02.376 [FXGL Background Thread 1 ] DEBUG GameApplicationServi - Initializing application scenes
11:25:02.425 [FXGL Background Thread 1 ] DEBUG GameWorld            - Game world initialized
11:25:02.507 [FXGL Background Thread 1 ] DEBUG PhysicsWorld         - Physics world initialized: appHeight=600, physics.ppm=50.0
11:25:02.507 [FXGL Background Thread 1 ] DEBUG PhysicsWorld         - Using strategy: BRUTE_FORCE
11:25:02.510 [FXGL Background Thread 1 ] DEBUG GameScene            - Game scene initialized: 600x600
11:25:02.513 [FXGL Background Thread 1 ] WARN  FXGLAssetLoaderServi - Asset "/assets/textures/background.png" was not found!
11:25:02.518 [FXGL Background Thread 1 ] WARN  FXGLAssetLoaderServi - Failed to load RESIZABLE_IMAGE
11:25:02.583 [FXGL Background Thread 1 ] WARN  FXGL.DefaultMenu     - FXGLDefaultMenu is not designed for resolutions < 800x600
11:25:02.583 [FXGL Background Thread 1 ] DEBUG FXGL.DefaultMenu     - createMenuBodyGameMenu()
11:25:02.601 [FXGL Background Thread 1 ] DEBUG FXGL.DefaultMenu     - createOptionsMenu()
11:25:02.609 [FXGL Background Thread 1 ] DEBUG FXGLAssetLoaderServi - Loading from file system: jar:file:/C:/Users/Raven/.m2/repository/com/github/almasb/fxgl/dev-SNAPSHOT/fxgl-dev-20210728.163953-1821.jar!/fxglassets/textures/particles/smoke.png
11:25:02.710 [FXGL Background Thread 1 ] DEBUG FXGLAssetLoaderServi - Loading from file system: jar:file:/C:/Users/Raven/.m2/repository/com/github/almasb/fxgl/dev-SNAPSHOT/fxgl-dev-20210728.163953-1821.jar!/fxglassets/textures/particles/trace_horizontal.png
11:25:02.747 [FXGL Background Thread 1 ] DEBUG GameApplicationServi - Application scenes initialized
11:25:02.765 [FXGL Background Thread 1 ] DEBUG SystemBundleService  - Loading FXGL system data
11:25:02.770 [FXGL Background Thread 1 ] DEBUG FileSystemAccess     - Reading from: C:\Users\Raven\Documents\School\IPOSE\IPOSE-TeacherBomber\Bomberman\system\fxgl.bundle
11:25:02.784 [FXGL Background Thread 1 ] DEBUG SystemBundleService  - Bundle FXGL: {}
11:25:02.785 [FXGL Background Thread 1 ] DEBUG UpdaterService       - Checking for updates
11:25:02.791 [FXGL Background Thread 4 ] DEBUG FXGLApplication      - Loading fonts
11:25:02.792 [FXGL Background Thread 4 ] DEBUG FXGLAssetLoaderServi - Loading from file system: jar:file:/C:/Users/Raven/.m2/repository/com/github/almasb/fxgl/dev-SNAPSHOT/fxgl-dev-20210728.163953-1821.jar!/fxglassets/ui/fonts/VarelaRound-Regular.ttf
11:25:02.792 [FXGL Background Thread 1 ] DEBUG FXGLApplication      - Loading default localization
11:25:02.793 [FXGL Background Thread 1 ] DEBUG FXGLAssetLoaderServi - Loading from file system: jar:file:/C:/Users/Raven/.m2/repository/com/github/almasb/fxgl/dev-SNAPSHOT/fxgl-dev-20210728.163953-1821.jar!/fxglassets/languages/english.lang
11:25:02.821 [FXGL Background Thread 1 ] INFO  FXGLApplication      - FXGL initialization took: 0.574 sec
11:25:02.844 [JavaFX Application Thread] DEBUG Input                - Registered new binding: Move Up W - W
11:25:02.845 [JavaFX Application Thread] DEBUG Input                - Registered new binding: Move Left A - A
11:25:02.845 [JavaFX Application Thread] DEBUG Input                - Registered new binding: Move Down S - S
11:25:02.845 [JavaFX Application Thread] DEBUG Input                - Registered new binding: Move Right D - D
11:25:02.845 [JavaFX Application Thread] DEBUG Input                - Registered new binding: Place Bomb F - F
11:25:02.846 [JavaFX Application Thread] DEBUG Input                - Registered new binding: Move Up Arrow - Up
11:25:02.846 [JavaFX Application Thread] DEBUG Input                - Registered new binding: Move Left Arrow - Left
11:25:02.846 [JavaFX Application Thread] DEBUG Input                - Registered new binding: Move Down Arrow - Down
11:25:02.846 [JavaFX Application Thread] DEBUG Input                - Registered new binding: Move Right Arrow - Right
11:25:02.846 [JavaFX Application Thread] DEBUG Input                - Registered new binding: Place Bomb  - Numpad 0
11:25:02.847 [JavaFX Application Thread] DEBUG FXGLAssetLoaderServi - Loading from file system: jar:file:/C:/Users/Raven/.m2/repository/com/github/almasb/fxgl/dev-SNAPSHOT/fxgl-dev-20210728.163953-1821.jar!/fxglassets/textures/fxgl_icon.png
11:25:02.886 [JavaFX Application Thread] DEBUG FXGLAssetLoaderServi - Loading from file system: jar:file:/C:/Users/Raven/.m2/repository/com/github/almasb/fxgl/dev-SNAPSHOT/fxgl-dev-20210728.163953-1821.jar!/fxglassets/textures/fxgl_default_cursor.png
11:25:02.890 [JavaFX Application Thread] DEBUG Input                - Registered new binding: Screenshot - CTRL+8
11:25:02.891 [JavaFX Application Thread] DEBUG Input                - Registered new binding: System info dump - CTRL+9
11:25:02.892 [JavaFX Application Thread] DEBUG Input                - Registered new binding: Restart - CTRL+R
11:25:02.893 [JavaFX Application Thread] DEBUG Input                - Registered new binding: Toggle Debug Camera - CTRL+C
11:25:02.896 [JavaFX Application Thread] DEBUG LoopRunner           - Starting loop
11:25:02.897 [JavaFX Application Thread] DEBUG LoopRunner           - Initializing JavaFX AnimationTimerLoop
11:25:02.901 [JavaFX Application Thread] DEBUG Input                - Clearing active input actions
11:25:02.911 [JavaFX Application Thread] DEBUG GameApplicationServi - Removing overlay from FXGLStartupScene and adding to FXGLMainMenuDummyScene
11:25:02.912 [JavaFX Application Thread] DEBUG PrimaryStageWindow   - FXGLStartupScene -> FXGLMainMenuDummyScene
11:25:02.912 [JavaFX Application Thread] DEBUG PrimaryStageWindow   - Push state: MyGameMenu
11:25:02.928 [JavaFX Application Thread] DEBUG Input                - Clearing active input actions
11:25:02.936 [JavaFX Application Thread] DEBUG GameApplicationServi - Removing overlay from FXGLMainMenuDummyScene and adding to MyGameMenu
11:25:02.937 [JavaFX Application Thread] DEBUG PrimaryStageWindow   - FXGLMainMenuDummyScene -> MyGameMenu
11:25:02.948 [FXGL Background Thread 4 ] DEBUG FXGLAssetLoaderServi - Loading from file system: jar:file:/C:/Users/Raven/.m2/repository/com/github/almasb/fxgl/dev-SNAPSHOT/fxgl-dev-20210728.163953-1821.jar!/fxglassets/ui/fonts/Abel-Regular.ttf
11:25:02.971 [FXGL Background Thread 4 ] DEBUG FXGLAssetLoaderServi - Loading from file system: jar:file:/C:/Users/Raven/.m2/repository/com/github/almasb/fxgl/dev-SNAPSHOT/fxgl-dev-20210728.163953-1821.jar!/fxglassets/ui/fonts/lucida_console.ttf
11:25:02.993 [FXGL Background Thread 4 ] DEBUG FXGLAssetLoaderServi - Loading from file system: jar:file:/C:/Users/Raven/.m2/repository/com/github/almasb/fxgl/dev-SNAPSHOT/fxgl-dev-20210728.163953-1821.jar!/fxglassets/ui/fonts/Courier-Prime.ttf
11:25:03.042 [JavaFX Application Thread] DEBUG FXGLApplication      - Registering font factories with UI factory
11:25:03.265 [FXGL Background Thread 2 ] INFO  UpdaterService       - Your current version:  dev-SNAPSHOT
11:25:03.265 [FXGL Background Thread 2 ] INFO  UpdaterService       - Latest stable version: 17.1
11:25:05.774 [JavaFX Application Thread] DEBUG FXGLApplication      - Exiting FXGL
11:25:05.774 [JavaFX Application Thread] DEBUG LoopRunner           - Stopping loop
11:25:05.774 [JavaFX Application Thread] DEBUG SystemBundleService  - Saving FXGL system data
11:25:05.776 [JavaFX Application Thread] DEBUG FileSystemAccess     - Writing to: C:\Users\Raven\Documents\School\IPOSE\IPOSE-TeacherBomber\Bomberman\system\fxgl.bundle
11:25:05.779 [JavaFX Application Thread] DEBUG Async                - Shutting down background threads
11:25:05.779 [JavaFX Application Thread] DEBUG PrimaryStageWindow   - Closing main window
11:25:05.800 [JavaFX Application Thread] DEBUG Logger               - Closing Logger
