14:55:33.212 [main                     ] DEBUG Logger               - Configured Logger
14:55:33.215 [main                     ] DEBUG GameApplication      - Logging settings
Title: Bomberman App
Version: 0.1
Width: 600
Height: 600
Fullscreen: false
Intro: false
Profiling: false
Single step:false
App Mode: DEVELOPER
Menu Key: ESCAPE
Stage Style: DECORATED
Scene Factory: class com.ward_cunningham_38.teacherbomber.TeacherBomberApp$1

14:55:34.651 [JavaFX Application Thread] DEBUG FXGLApplication      - Initializing FXGL
14:55:34.653 [JavaFX Application Thread] INFO  Engine               - FXGL-dev-SNAPSHOT (28.07.2021 16.39) on WINDOWS (J:18 FX:16)
14:55:34.654 [JavaFX Application Thread] DEBUG Engine               - JRE Vendor Name: Oracle Corporation
14:55:34.654 [JavaFX Application Thread] DEBUG Engine               - Running on OS: Windows 10 version 10.0
14:55:34.654 [JavaFX Application Thread] DEBUG Engine               - Architecture: amd64
14:55:34.655 [JavaFX Application Thread] INFO  Engine               - Source code and latest versions at: https://github.com/AlmasB/FXGL
14:55:34.655 [JavaFX Application Thread] INFO  Engine               -              Join the FXGL chat at: https://gitter.im/AlmasB/FXGL
14:55:34.777 [JavaFX Application Thread] DEBUG PrimaryStageWindow   - Creating a JavaFX scene
14:55:34.833 [JavaFX Application Thread] DEBUG PrimaryStageWindow   - Target settings size: 600.0 x 600.0
14:55:34.833 [JavaFX Application Thread] DEBUG PrimaryStageWindow   - Scaled scene size:    600.0 x 600.0
14:55:34.833 [JavaFX Application Thread] DEBUG PrimaryStageWindow   - Scaled ratio: (1.0, 1.0)
14:55:34.834 [JavaFX Application Thread] DEBUG PrimaryStageWindow   - Set initial scene to FXGLStartupScene
14:55:34.845 [JavaFX Application Thread] DEBUG PrimaryStageWindow   - Opening main window
14:55:34.979 [JavaFX Application Thread] DEBUG PrimaryStageWindow   - Window border size: (16.0, 39.0)
14:55:34.979 [JavaFX Application Thread] DEBUG PrimaryStageWindow   - Scaled size: 600.0 x 600.0
14:55:34.980 [JavaFX Application Thread] DEBUG PrimaryStageWindow   - Scaled ratio: (1.0, 1.0)
14:55:34.980 [JavaFX Application Thread] DEBUG PrimaryStageWindow   - Scene size: 600.0 x 600.0
14:55:34.980 [JavaFX Application Thread] DEBUG PrimaryStageWindow   - Stage size: 616.0 x 639.0
14:55:34.993 [FXGL Background Thread 1 ] DEBUG Engine               - Initializing environment variables
14:55:35.079 [FXGL Background Thread 1 ] DEBUG FXGLAssetLoaderServi - User app class for loading assets: class com.ward_cunningham_38.teacherbomber.TeacherBomberApp
14:55:35.079 [FXGL Background Thread 1 ] DEBUG GameApplicationServi - Applying CSS: fxgl_dark.css
14:55:35.080 [FXGL Background Thread 1 ] DEBUG FXGLAssetLoaderServi - Loading from file system: jar:file:/C:/Users/Raven/.m2/repository/com/github/almasb/fxgl/dev-SNAPSHOT/fxgl-dev-20210728.163953-1821.jar!/fxglassets/ui/css/fxgl_dark.css
14:55:35.123 [FXGL Background Thread 1 ] DEBUG GameApplicationServi - Initializing application scenes
14:55:35.172 [FXGL Background Thread 1 ] DEBUG GameWorld            - Game world initialized
14:55:35.249 [FXGL Background Thread 1 ] DEBUG PhysicsWorld         - Physics world initialized: appHeight=600, physics.ppm=50.0
14:55:35.249 [FXGL Background Thread 1 ] DEBUG PhysicsWorld         - Using strategy: BRUTE_FORCE
14:55:35.252 [FXGL Background Thread 1 ] DEBUG GameScene            - Game scene initialized: 600x600
14:55:35.262 [FXGL Background Thread 1 ] DEBUG FXGLAssetLoaderServi - Loading from file system: jar:file:/C:/Users/Raven/.m2/repository/com/github/almasb/fxgl/dev-SNAPSHOT/fxgl-dev-20210728.163953-1821.jar!/fxglassets/textures/pause_menu_bg.png
14:55:35.346 [FXGL Background Thread 1 ] DEBUG GameApplicationServi - Application scenes initialized
14:55:35.374 [FXGL Background Thread 1 ] DEBUG SystemBundleService  - Loading FXGL system data
14:55:35.380 [FXGL Background Thread 1 ] DEBUG FileSystemAccess     - Reading from: C:\Users\Raven\Documents\School\IPOSE\IPOSE-TeacherBomber\Bomberman\system\fxgl.bundle
14:55:35.393 [FXGL Background Thread 1 ] DEBUG SystemBundleService  - Bundle FXGL: {}
14:55:35.393 [FXGL Background Thread 1 ] DEBUG UpdaterService       - Checking for updates
14:55:35.403 [FXGL Background Thread 4 ] DEBUG FXGLApplication      - Loading fonts
14:55:35.403 [FXGL Background Thread 4 ] DEBUG FXGLAssetLoaderServi - Loading from file system: jar:file:/C:/Users/Raven/.m2/repository/com/github/almasb/fxgl/dev-SNAPSHOT/fxgl-dev-20210728.163953-1821.jar!/fxglassets/ui/fonts/VarelaRound-Regular.ttf
14:55:35.404 [FXGL Background Thread 1 ] DEBUG FXGLApplication      - Loading default localization
14:55:35.404 [FXGL Background Thread 1 ] DEBUG FXGLAssetLoaderServi - Loading from file system: jar:file:/C:/Users/Raven/.m2/repository/com/github/almasb/fxgl/dev-SNAPSHOT/fxgl-dev-20210728.163953-1821.jar!/fxglassets/languages/english.lang
14:55:35.455 [FXGL Background Thread 1 ] INFO  FXGLApplication      - FXGL initialization took: 0.462 sec
14:55:35.472 [JavaFX Application Thread] DEBUG Input                - Registered new binding: Move Up W - W
14:55:35.472 [JavaFX Application Thread] DEBUG Input                - Registered new binding: Move Left A - A
14:55:35.472 [JavaFX Application Thread] DEBUG Input                - Registered new binding: Move Down S - S
14:55:35.472 [JavaFX Application Thread] DEBUG Input                - Registered new binding: Move Right D - D
14:55:35.473 [JavaFX Application Thread] DEBUG Input                - Registered new binding: Place Bomb F - F
14:55:35.473 [JavaFX Application Thread] DEBUG Input                - Registered new binding: Move Up Arrow - Up
14:55:35.473 [JavaFX Application Thread] DEBUG Input                - Registered new binding: Move Left Arrow - Left
14:55:35.473 [JavaFX Application Thread] DEBUG Input                - Registered new binding: Move Down Arrow - Down
14:55:35.474 [JavaFX Application Thread] DEBUG Input                - Registered new binding: Move Right Arrow - Right
14:55:35.474 [JavaFX Application Thread] DEBUG Input                - Registered new binding: Place Bomb  - Numpad 0
14:55:35.475 [JavaFX Application Thread] DEBUG FXGLAssetLoaderServi - Loading from file system: jar:file:/C:/Users/Raven/.m2/repository/com/github/almasb/fxgl/dev-SNAPSHOT/fxgl-dev-20210728.163953-1821.jar!/fxglassets/textures/fxgl_icon.png
14:55:35.531 [JavaFX Application Thread] DEBUG FXGLAssetLoaderServi - Loading from file system: jar:file:/C:/Users/Raven/.m2/repository/com/github/almasb/fxgl/dev-SNAPSHOT/fxgl-dev-20210728.163953-1821.jar!/fxglassets/textures/fxgl_default_cursor.png
14:55:35.535 [JavaFX Application Thread] DEBUG Input                - Registered new binding: Screenshot - CTRL+8
14:55:35.536 [JavaFX Application Thread] DEBUG Input                - Registered new binding: System info dump - CTRL+9
14:55:35.537 [JavaFX Application Thread] DEBUG Input                - Registered new binding: Restart - CTRL+R
14:55:35.538 [JavaFX Application Thread] DEBUG Input                - Registered new binding: Toggle Debug Camera - CTRL+C
14:55:35.542 [JavaFX Application Thread] DEBUG LoopRunner           - Starting loop
14:55:35.542 [JavaFX Application Thread] DEBUG LoopRunner           - Initializing JavaFX AnimationTimerLoop
14:55:35.544 [JavaFX Application Thread] DEBUG GameApplicationServi - Starting new game
14:55:35.545 [JavaFX Application Thread] DEBUG Input                - Clearing active input actions
14:55:35.566 [JavaFX Application Thread] DEBUG GameApplicationServi - Removing overlay from FXGLStartupScene and adding to FXGLLoadingScene
14:55:35.567 [JavaFX Application Thread] DEBUG PrimaryStageWindow   - FXGLStartupScene -> FXGLLoadingScene
14:55:35.567 [JavaFX Application Thread] DEBUG GameApplicationServi - Clearing previous game
14:55:35.567 [JavaFX Application Thread] DEBUG GameScene            - Clearing game scene
14:55:35.567 [JavaFX Application Thread] DEBUG GameWorld            - Clearing game world
14:55:35.567 [JavaFX Application Thread] DEBUG PhysicsWorld         - Clearing physics world
14:55:35.570 [FXGL Background Thread 1 ] DEBUG FXGLApplication      - Initializing game
14:55:35.586 [FXGL Background Thread 1 ] DEBUG FXGLAssetLoaderServi - Loading from file system: file:/C:/Users/Raven/Documents/School/IPOSE/IPOSE-TeacherBomber/Bomberman/target/classes/assets/textures/brick.png
14:55:35.664 [FXGL Background Thread 1 ] DEBUG GameWorld            - Clearing removable entities
14:55:35.665 [FXGL Background Thread 1 ] DEBUG GameWorld            - Setting level: com.almasb.fxgl.entity.level.Level@4ebd0f1f
14:55:35.727 [FXGL Background Thread 4 ] DEBUG FXGLAssetLoaderServi - Loading from file system: jar:file:/C:/Users/Raven/.m2/repository/com/github/almasb/fxgl/dev-SNAPSHOT/fxgl-dev-20210728.163953-1821.jar!/fxglassets/ui/fonts/Abel-Regular.ttf
14:55:35.737 [FXGL Background Thread 1 ] INFO  FXGLApplication      - Game initialization took: 0.167 sec
14:55:35.741 [FXGL Background Thread 4 ] DEBUG FXGLAssetLoaderServi - Loading from file system: jar:file:/C:/Users/Raven/.m2/repository/com/github/almasb/fxgl/dev-SNAPSHOT/fxgl-dev-20210728.163953-1821.jar!/fxglassets/ui/fonts/lucida_console.ttf
14:55:35.760 [FXGL Background Thread 4 ] DEBUG FXGLAssetLoaderServi - Loading from file system: jar:file:/C:/Users/Raven/.m2/repository/com/github/almasb/fxgl/dev-SNAPSHOT/fxgl-dev-20210728.163953-1821.jar!/fxglassets/ui/fonts/Courier-Prime.ttf
14:55:35.785 [JavaFX Application Thread] DEBUG Input                - Clearing active input actions
14:55:35.810 [JavaFX Application Thread] DEBUG GameApplicationServi - Removing overlay from FXGLLoadingScene and adding to GameScene
14:55:35.811 [JavaFX Application Thread] DEBUG PrimaryStageWindow   - FXGLLoadingScene -> GameScene
14:55:35.811 [JavaFX Application Thread] DEBUG FXGLApplication      - Registering font factories with UI factory
14:55:36.037 [FXGL Background Thread 2 ] INFO  UpdaterService       - Your current version:  dev-SNAPSHOT
14:55:36.037 [FXGL Background Thread 2 ] INFO  UpdaterService       - Latest stable version: 17.1
14:55:38.400 [FXGL Background Thread 3 ] DEBUG Engine               - Logging environment variables
14:55:38.400 [FXGL Background Thread 3 ] DEBUG Engine               - achievements: []
14:55:38.401 [FXGL Background Thread 3 ] DEBUG Engine               - actualHeight: 600.0
14:55:38.401 [FXGL Background Thread 3 ] DEBUG Engine               - actualHeightProperty: ReadOnlyDoubleProperty [value: 600.0]
14:55:38.401 [FXGL Background Thread 3 ] DEBUG Engine               - actualWidth: 600.0
14:55:38.401 [FXGL Background Thread 3 ] DEBUG Engine               - actualWidthProperty: ReadOnlyDoubleProperty [value: 600.0]
14:55:38.401 [FXGL Background Thread 3 ] DEBUG Engine               - appIcon: fxgl_icon.png
14:55:38.401 [FXGL Background Thread 3 ] DEBUG Engine               - applicationMode: DEVELOPER
14:55:38.401 [FXGL Background Thread 3 ] DEBUG Engine               - cSSList: [fxgl_dark.css]
14:55:38.401 [FXGL Background Thread 3 ] DEBUG Engine               - collisionDetectionStrategy: BRUTE_FORCE
14:55:38.401 [FXGL Background Thread 3 ] DEBUG Engine               - configClass: Optional.empty
14:55:38.402 [FXGL Background Thread 3 ] DEBUG Engine               - credits: []
14:55:38.402 [FXGL Background Thread 3 ] DEBUG Engine               - defaultCursor: CursorInfo(imageName=fxgl_default_cursor.png, hotspotX=7.0, hotspotY=6.0)
14:55:38.402 [FXGL Background Thread 3 ] DEBUG Engine               - devBBoxColorProperty: ObjectProperty [value: 0xff0000ff]
14:55:38.402 [FXGL Background Thread 3 ] DEBUG Engine               - devEnableDebugCameraProperty: BooleanProperty [value: false]
14:55:38.402 [FXGL Background Thread 3 ] DEBUG Engine               - devSensorColorProperty: ObjectProperty [value: 0xffff00ff]
14:55:38.402 [FXGL Background Thread 3 ] DEBUG Engine               - devShowBBoxProperty: BooleanProperty [value: false]
14:55:38.402 [FXGL Background Thread 3 ] DEBUG Engine               - devShowPositionProperty: BooleanProperty [value: false]
14:55:38.402 [FXGL Background Thread 3 ] DEBUG Engine               - enabledMenuItems: []
14:55:38.403 [FXGL Background Thread 3 ] DEBUG Engine               - engineServices: [class com.almasb.fxgl.app.services.FXGLAssetLoaderService, class com.almasb.fxgl.app.FXGLApplication$GameApplicationService, class com.almasb.fxgl.app.services.FXGLDialogService, class com.almasb.fxgl.app.services.IOTaskExecutorService, class com.almasb.fxgl.io.FileSystemService, class com.almasb.fxgl.localization.LocalizationService, class com.almasb.fxgl.app.services.SystemBundleService, class com.almasb.fxgl.profile.SaveLoadService, class com.almasb.fxgl.ui.FXGLUIFactoryServiceProvider, class com.almasb.fxgl.ui.FXGLDialogFactoryServiceProvider, class com.almasb.fxgl.audio.AudioPlayer, class com.almasb.fxgl.notification.impl.NotificationServiceProvider, class com.almasb.fxgl.achievement.AchievementService, class com.almasb.fxgl.cutscene.CutsceneService, class com.almasb.fxgl.minigames.MiniGameService, class com.almasb.fxgl.net.NetService, class com.almasb.fxgl.app.services.UpdaterService, class com.almasb.fxgl.dev.DevService]
14:55:38.403 [FXGL Background Thread 3 ] DEBUG Engine               - fontGame: Abel-Regular.ttf
14:55:38.403 [FXGL Background Thread 3 ] DEBUG Engine               - fontMono: lucida_console.ttf
14:55:38.403 [FXGL Background Thread 3 ] DEBUG Engine               - fontText: Courier-Prime.ttf
14:55:38.403 [FXGL Background Thread 3 ] DEBUG Engine               - fontUI: VarelaRound-Regular.ttf
14:55:38.403 [FXGL Background Thread 3 ] DEBUG Engine               - fullScreen: BooleanProperty [value: false]
14:55:38.403 [FXGL Background Thread 3 ] DEBUG Engine               - gameDifficulty: MEDIUM
14:55:38.403 [FXGL Background Thread 3 ] DEBUG Engine               - gameDifficultyProperty: ObjectProperty [value: MEDIUM]
14:55:38.403 [FXGL Background Thread 3 ] DEBUG Engine               - globalMusicVolume: 0.5
14:55:38.403 [FXGL Background Thread 3 ] DEBUG Engine               - globalMusicVolumeProperty: DoubleProperty [value: 0.5]
14:55:38.403 [FXGL Background Thread 3 ] DEBUG Engine               - globalSoundVolume: 0.5
14:55:38.404 [FXGL Background Thread 3 ] DEBUG Engine               - globalSoundVolumeProperty: DoubleProperty [value: 0.5]
14:55:38.404 [FXGL Background Thread 3 ] DEBUG Engine               - height: 600
14:55:38.404 [FXGL Background Thread 3 ] DEBUG Engine               - is3D: false
14:55:38.404 [FXGL Background Thread 3 ] DEBUG Engine               - isAndroid: false
14:55:38.404 [FXGL Background Thread 3 ] DEBUG Engine               - isBrowser: false
14:55:38.404 [FXGL Background Thread 3 ] DEBUG Engine               - isClickFeedbackEnabled: false
14:55:38.404 [FXGL Background Thread 3 ] DEBUG Engine               - isCloseConfirmation: false
14:55:38.404 [FXGL Background Thread 3 ] DEBUG Engine               - isDesktop: true
14:55:38.404 [FXGL Background Thread 3 ] DEBUG Engine               - isDeveloperMenuEnabled: false
14:55:38.404 [FXGL Background Thread 3 ] DEBUG Engine               - isEmbedded: false
14:55:38.404 [FXGL Background Thread 3 ] DEBUG Engine               - isEntityPreloadEnabled: true
14:55:38.404 [FXGL Background Thread 3 ] DEBUG Engine               - isExperimentalTiledLargeMap: false
14:55:38.405 [FXGL Background Thread 3 ] DEBUG Engine               - isFileSystemWriteAllowed: true
14:55:38.405 [FXGL Background Thread 3 ] DEBUG Engine               - isFullScreenAllowed: false
14:55:38.405 [FXGL Background Thread 3 ] DEBUG Engine               - isFullScreenFromStart: false
14:55:38.405 [FXGL Background Thread 3 ] DEBUG Engine               - isGameMenuEnabled: true
14:55:38.405 [FXGL Background Thread 3 ] DEBUG Engine               - isIOS: false
14:55:38.405 [FXGL Background Thread 3 ] DEBUG Engine               - isIntroEnabled: false
14:55:38.405 [FXGL Background Thread 3 ] DEBUG Engine               - isLinux: false
14:55:38.405 [FXGL Background Thread 3 ] DEBUG Engine               - isMac: false
14:55:38.405 [FXGL Background Thread 3 ] DEBUG Engine               - isMainMenuEnabled: false
14:55:38.405 [FXGL Background Thread 3 ] DEBUG Engine               - isManualResizeEnabled: false
14:55:38.406 [FXGL Background Thread 3 ] DEBUG Engine               - isMobile: false
14:55:38.406 [FXGL Background Thread 3 ] DEBUG Engine               - isNative: false
14:55:38.406 [FXGL Background Thread 3 ] DEBUG Engine               - isPauseMusicWhenMinimized: true
14:55:38.406 [FXGL Background Thread 3 ] DEBUG Engine               - isPreserveResizeRatio: false
14:55:38.406 [FXGL Background Thread 3 ] DEBUG Engine               - isProfilingEnabled: false
14:55:38.406 [FXGL Background Thread 3 ] DEBUG Engine               - isScaleAffectedOnResize: true
14:55:38.406 [FXGL Background Thread 3 ] DEBUG Engine               - isSingleStep: false
14:55:38.406 [FXGL Background Thread 3 ] DEBUG Engine               - isUserProfileEnabled: false
14:55:38.406 [FXGL Background Thread 3 ] DEBUG Engine               - isWindows: true
14:55:38.406 [FXGL Background Thread 3 ] DEBUG Engine               - language: ObjectProperty [value: ENGLISH]
14:55:38.406 [FXGL Background Thread 3 ] DEBUG Engine               - menuKey: ESCAPE
14:55:38.406 [FXGL Background Thread 3 ] DEBUG Engine               - mouseSensitivity: 0.2
14:55:38.407 [FXGL Background Thread 3 ] DEBUG Engine               - notificationViewClass: class com.almasb.fxgl.notification.view.XboxNotificationView
14:55:38.407 [FXGL Background Thread 3 ] DEBUG Engine               - pixelsPerMeter: 50.0
14:55:38.407 [FXGL Background Thread 3 ] DEBUG Engine               - platform: WINDOWS
14:55:38.407 [FXGL Background Thread 3 ] DEBUG Engine               - prefHeightProperty: ReadOnlyDoubleProperty [value: 600.0]
14:55:38.407 [FXGL Background Thread 3 ] DEBUG Engine               - prefWidthProperty: ReadOnlyDoubleProperty [value: 600.0]
14:55:38.407 [FXGL Background Thread 3 ] DEBUG Engine               - profileDir: profiles/
14:55:38.407 [FXGL Background Thread 3 ] DEBUG Engine               - profileName: StringProperty [value: DEFAULT]
14:55:38.407 [FXGL Background Thread 3 ] DEBUG Engine               - randomSeed: -1
14:55:38.407 [FXGL Background Thread 3 ] DEBUG Engine               - runtimeInfo: RuntimeInfo(platform=WINDOWS, version=dev-SNAPSHOT, build=28.07.2021 16.39)
14:55:38.407 [FXGL Background Thread 3 ] DEBUG Engine               - saveFileExt: sav
14:55:38.407 [FXGL Background Thread 3 ] DEBUG Engine               - scaledHeightProp$fxgl: DoubleProperty [bound, value: 600.0]
14:55:38.408 [FXGL Background Thread 3 ] DEBUG Engine               - scaledWidthProp$fxgl: DoubleProperty [bound, value: 600.0]
14:55:38.408 [FXGL Background Thread 3 ] DEBUG Engine               - sceneFactory: com.ward_cunningham_38.teacherbomber.TeacherBomberApp$1@e2bfd38
14:55:38.408 [FXGL Background Thread 3 ] DEBUG Engine               - secondsIn24h: 60
14:55:38.408 [FXGL Background Thread 3 ] DEBUG Engine               - soundMenuBack: menu/back.wav
14:55:38.408 [FXGL Background Thread 3 ] DEBUG Engine               - soundMenuPress: menu/press.wav
14:55:38.408 [FXGL Background Thread 3 ] DEBUG Engine               - soundMenuSelect: menu/select.wav
14:55:38.408 [FXGL Background Thread 3 ] DEBUG Engine               - soundNotification: core/notification.wav
14:55:38.408 [FXGL Background Thread 3 ] DEBUG Engine               - stageStyle: DECORATED
14:55:38.408 [FXGL Background Thread 3 ] DEBUG Engine               - supportedLanguages: [ENGLISH, FRENCH, GERMAN, HUNGARIAN, RUSSIAN]
14:55:38.408 [FXGL Background Thread 3 ] DEBUG Engine               - ticksPerSecond: -1
14:55:38.408 [FXGL Background Thread 3 ] DEBUG Engine               - title: Bomberman App
14:55:38.408 [FXGL Background Thread 3 ] DEBUG Engine               - urlGithub: https://github.com/AlmasB/FXGL
14:55:38.408 [FXGL Background Thread 3 ] DEBUG Engine               - urlLeaderboard: http://fxgl-top.herokuapp.com/
14:55:38.409 [FXGL Background Thread 3 ] DEBUG Engine               - urlPOM: https://raw.githubusercontent.com/AlmasB/FXGL/release/README.md
14:55:38.409 [FXGL Background Thread 3 ] DEBUG Engine               - userAppClass: class com.ward_cunningham_38.teacherbomber.TeacherBomberApp
14:55:38.409 [FXGL Background Thread 3 ] DEBUG Engine               - version: 0.1
14:55:38.409 [FXGL Background Thread 3 ] DEBUG Engine               - versionCheckDays: 7
14:55:38.409 [FXGL Background Thread 3 ] DEBUG Engine               - width: 600
14:55:38.409 [FXGL Background Thread 3 ] DEBUG Engine               - Logging services
14:55:38.409 [FXGL Background Thread 3 ] DEBUG Engine               - class com.almasb.fxgl.app.services.FXGLAssetLoaderService
14:55:38.409 [FXGL Background Thread 3 ] DEBUG Engine               - class com.almasb.fxgl.app.FXGLApplication$GameApplicationService
14:55:38.409 [FXGL Background Thread 3 ] DEBUG Engine               - class com.almasb.fxgl.app.services.FXGLDialogService
14:55:38.409 [FXGL Background Thread 3 ] DEBUG Engine               - class com.almasb.fxgl.app.services.IOTaskExecutorService
14:55:38.409 [FXGL Background Thread 3 ] DEBUG Engine               - class com.almasb.fxgl.io.FileSystemService
14:55:38.409 [FXGL Background Thread 3 ] DEBUG Engine               - class com.almasb.fxgl.localization.LocalizationService
14:55:38.409 [FXGL Background Thread 3 ] DEBUG Engine               - class com.almasb.fxgl.app.services.SystemBundleService
14:55:38.409 [FXGL Background Thread 3 ] DEBUG Engine               - class com.almasb.fxgl.profile.SaveLoadService
14:55:38.410 [FXGL Background Thread 3 ] DEBUG Engine               - class com.almasb.fxgl.ui.FXGLUIFactoryServiceProvider
14:55:38.410 [FXGL Background Thread 3 ] DEBUG Engine               - class com.almasb.fxgl.ui.FXGLDialogFactoryServiceProvider
14:55:38.410 [FXGL Background Thread 3 ] DEBUG Engine               - class com.almasb.fxgl.audio.AudioPlayer
14:55:38.410 [FXGL Background Thread 3 ] DEBUG Engine               - class com.almasb.fxgl.notification.impl.NotificationServiceProvider
14:55:38.410 [FXGL Background Thread 3 ] DEBUG Engine               - class com.almasb.fxgl.achievement.AchievementService
14:55:38.410 [FXGL Background Thread 3 ] DEBUG Engine               - class com.almasb.fxgl.cutscene.CutsceneService
14:55:38.410 [FXGL Background Thread 3 ] DEBUG Engine               - class com.almasb.fxgl.minigames.MiniGameService
14:55:38.410 [FXGL Background Thread 3 ] DEBUG Engine               - class com.almasb.fxgl.net.NetService
14:55:38.410 [FXGL Background Thread 3 ] DEBUG Engine               - class com.almasb.fxgl.app.services.UpdaterService
14:55:38.410 [FXGL Background Thread 3 ] DEBUG Engine               - class com.almasb.fxgl.dev.DevService
14:55:38.525 [JavaFX Application Thread] DEBUG FXGLApplication      - Exiting FXGL
14:55:38.525 [JavaFX Application Thread] DEBUG LoopRunner           - Stopping loop
14:55:38.525 [JavaFX Application Thread] DEBUG SystemBundleService  - Saving FXGL system data
14:55:38.529 [JavaFX Application Thread] DEBUG FileSystemAccess     - Writing to: C:\Users\Raven\Documents\School\IPOSE\IPOSE-TeacherBomber\Bomberman\system\fxgl.bundle
14:55:38.531 [JavaFX Application Thread] DEBUG Async                - Shutting down background threads
14:55:38.531 [JavaFX Application Thread] DEBUG PrimaryStageWindow   - Closing main window
14:55:38.544 [JavaFX Application Thread] DEBUG Logger               - Closing Logger
