11:24:03.650 [main                     ] DEBUG Logger               - Configured Logger
11:24:03.653 [main                     ] DEBUG GameApplication      - Logging settings
Title: Bomberman App
Version: 0.1
Width: 600
Height: 600
Fullscreen: false
Intro: false
Profiling: false
Single step:false
App Mode: DEVELOPER
Menu Key: ESCAPE
Stage Style: DECORATED
Scene Factory: class com.ward_cunningham_38.teacherbomber.TeacherBomberApp$1

11:24:05.059 [JavaFX Application Thread] DEBUG FXGLApplication      - Initializing FXGL
11:24:05.061 [JavaFX Application Thread] INFO  Engine               - FXGL-dev-SNAPSHOT (28.07.2021 16.39) on WINDOWS (J:18 FX:16)
11:24:05.062 [JavaFX Application Thread] DEBUG Engine               - JRE Vendor Name: Oracle Corporation
11:24:05.062 [JavaFX Application Thread] DEBUG Engine               - Running on OS: Windows 10 version 10.0
11:24:05.062 [JavaFX Application Thread] DEBUG Engine               - Architecture: amd64
11:24:05.062 [JavaFX Application Thread] INFO  Engine               - Source code and latest versions at: https://github.com/AlmasB/FXGL
11:24:05.062 [JavaFX Application Thread] INFO  Engine               -              Join the FXGL chat at: https://gitter.im/AlmasB/FXGL
11:24:05.188 [JavaFX Application Thread] DEBUG PrimaryStageWindow   - Creating a JavaFX scene
11:24:05.239 [JavaFX Application Thread] DEBUG PrimaryStageWindow   - Target settings size: 600.0 x 600.0
11:24:05.239 [JavaFX Application Thread] DEBUG PrimaryStageWindow   - Scaled scene size:    600.0 x 600.0
11:24:05.239 [JavaFX Application Thread] DEBUG PrimaryStageWindow   - Scaled ratio: (1.0, 1.0)
11:24:05.241 [JavaFX Application Thread] DEBUG PrimaryStageWindow   - Set initial scene to FXGLStartupScene
11:24:05.249 [JavaFX Application Thread] DEBUG PrimaryStageWindow   - Opening main window
11:24:05.360 [JavaFX Application Thread] DEBUG PrimaryStageWindow   - Window border size: (16.0, 39.0)
11:24:05.361 [JavaFX Application Thread] DEBUG PrimaryStageWindow   - Scaled size: 600.0 x 600.0
11:24:05.361 [JavaFX Application Thread] DEBUG PrimaryStageWindow   - Scaled ratio: (1.0, 1.0)
11:24:05.361 [JavaFX Application Thread] DEBUG PrimaryStageWindow   - Scene size: 600.0 x 600.0
11:24:05.361 [JavaFX Application Thread] DEBUG PrimaryStageWindow   - Stage size: 616.0 x 639.0
11:24:05.373 [FXGL Background Thread 1 ] DEBUG Engine               - Initializing environment variables
11:24:05.462 [FXGL Background Thread 1 ] DEBUG FXGLAssetLoaderServi - User app class for loading assets: class com.ward_cunningham_38.teacherbomber.TeacherBomberApp
11:24:05.462 [FXGL Background Thread 1 ] DEBUG GameApplicationServi - Applying CSS: fxgl_dark.css
11:24:05.463 [FXGL Background Thread 1 ] DEBUG FXGLAssetLoaderServi - Loading from file system: jar:file:/C:/Users/Raven/.m2/repository/com/github/almasb/fxgl/dev-SNAPSHOT/fxgl-dev-20210728.163953-1821.jar!/fxglassets/ui/css/fxgl_dark.css
11:24:05.505 [FXGL Background Thread 1 ] DEBUG GameApplicationServi - Initializing application scenes
11:24:05.552 [FXGL Background Thread 1 ] DEBUG GameWorld            - Game world initialized
11:24:05.626 [FXGL Background Thread 1 ] DEBUG PhysicsWorld         - Physics world initialized: appHeight=600, physics.ppm=50.0
11:24:05.626 [FXGL Background Thread 1 ] DEBUG PhysicsWorld         - Using strategy: BRUTE_FORCE
11:24:05.628 [FXGL Background Thread 1 ] DEBUG GameScene            - Game scene initialized: 600x600
11:24:05.635 [FXGL Background Thread 1 ] DEBUG FXGLAssetLoaderServi - Loading from file system: jar:file:/C:/Users/Raven/.m2/repository/com/github/almasb/fxgl/dev-SNAPSHOT/fxgl-dev-20210728.163953-1821.jar!/fxglassets/textures/pause_menu_bg.png
11:24:05.688 [FXGL Background Thread 1 ] DEBUG GameApplicationServi - Application scenes initialized
11:24:05.714 [FXGL Background Thread 1 ] DEBUG SystemBundleService  - Loading FXGL system data
11:24:05.725 [FXGL Background Thread 1 ] DEBUG FileSystemAccess     - Reading from: C:\Users\Raven\Documents\School\IPOSE\IPOSE-TeacherBomber\Bomberman\system\fxgl.bundle
11:24:05.736 [FXGL Background Thread 1 ] DEBUG SystemBundleService  - Bundle FXGL: {}
11:24:05.736 [FXGL Background Thread 1 ] DEBUG UpdaterService       - Checking for updates
11:24:05.744 [FXGL Background Thread 4 ] DEBUG FXGLApplication      - Loading fonts
11:24:05.745 [FXGL Background Thread 4 ] DEBUG FXGLAssetLoaderServi - Loading from file system: jar:file:/C:/Users/Raven/.m2/repository/com/github/almasb/fxgl/dev-SNAPSHOT/fxgl-dev-20210728.163953-1821.jar!/fxglassets/ui/fonts/VarelaRound-Regular.ttf
11:24:05.745 [FXGL Background Thread 1 ] DEBUG FXGLApplication      - Loading default localization
11:24:05.745 [FXGL Background Thread 1 ] DEBUG FXGLAssetLoaderServi - Loading from file system: jar:file:/C:/Users/Raven/.m2/repository/com/github/almasb/fxgl/dev-SNAPSHOT/fxgl-dev-20210728.163953-1821.jar!/fxglassets/languages/english.lang
11:24:05.785 [FXGL Background Thread 1 ] INFO  FXGLApplication      - FXGL initialization took: 0.411 sec
11:24:05.803 [JavaFX Application Thread] DEBUG Input                - Registered new binding: Move Up - W
11:24:05.804 [JavaFX Application Thread] DEBUG Input                - Registered new binding: Move Left - A
11:24:05.804 [JavaFX Application Thread] DEBUG Input                - Registered new binding: Move Down - S
11:24:05.804 [JavaFX Application Thread] DEBUG Input                - Registered new binding: Move Right - D
11:24:05.804 [JavaFX Application Thread] DEBUG Input                - Registered new binding: Place Bomb - F
11:24:05.805 [JavaFX Application Thread] DEBUG FXGLAssetLoaderServi - Loading from file system: jar:file:/C:/Users/Raven/.m2/repository/com/github/almasb/fxgl/dev-SNAPSHOT/fxgl-dev-20210728.163953-1821.jar!/fxglassets/textures/fxgl_icon.png
11:24:05.863 [JavaFX Application Thread] DEBUG FXGLAssetLoaderServi - Loading from file system: jar:file:/C:/Users/Raven/.m2/repository/com/github/almasb/fxgl/dev-SNAPSHOT/fxgl-dev-20210728.163953-1821.jar!/fxglassets/textures/fxgl_default_cursor.png
11:24:05.868 [JavaFX Application Thread] DEBUG Input                - Registered new binding: Screenshot - CTRL+8
11:24:05.869 [JavaFX Application Thread] DEBUG Input                - Registered new binding: System info dump - CTRL+9
11:24:05.869 [JavaFX Application Thread] DEBUG Input                - Registered new binding: Restart - CTRL+R
11:24:05.871 [JavaFX Application Thread] DEBUG Input                - Registered new binding: Toggle Debug Camera - CTRL+C
11:24:05.875 [JavaFX Application Thread] DEBUG LoopRunner           - Starting loop
11:24:05.875 [JavaFX Application Thread] DEBUG LoopRunner           - Initializing JavaFX AnimationTimerLoop
11:24:05.878 [JavaFX Application Thread] DEBUG GameApplicationServi - Starting new game
11:24:05.879 [JavaFX Application Thread] DEBUG Input                - Clearing active input actions
11:24:05.898 [JavaFX Application Thread] DEBUG GameApplicationServi - Removing overlay from FXGLStartupScene and adding to FXGLLoadingScene
11:24:05.899 [JavaFX Application Thread] DEBUG PrimaryStageWindow   - FXGLStartupScene -> FXGLLoadingScene
11:24:05.899 [JavaFX Application Thread] DEBUG GameApplicationServi - Clearing previous game
11:24:05.899 [JavaFX Application Thread] DEBUG GameScene            - Clearing game scene
11:24:05.899 [JavaFX Application Thread] DEBUG GameWorld            - Clearing game world
11:24:05.900 [JavaFX Application Thread] DEBUG PhysicsWorld         - Clearing physics world
11:24:05.902 [FXGL Background Thread 1 ] DEBUG FXGLApplication      - Initializing game
11:24:05.929 [FXGL Background Thread 1 ] DEBUG FXGLAssetLoaderServi - Loading from file system: file:/C:/Users/Raven/Documents/School/IPOSE/IPOSE-TeacherBomber/Bomberman/target/classes/assets/textures/brick.png
11:24:05.993 [FXGL Background Thread 4 ] DEBUG FXGLAssetLoaderServi - Loading from file system: jar:file:/C:/Users/Raven/.m2/repository/com/github/almasb/fxgl/dev-SNAPSHOT/fxgl-dev-20210728.163953-1821.jar!/fxglassets/ui/fonts/Abel-Regular.ttf
11:24:06.007 [FXGL Background Thread 4 ] DEBUG FXGLAssetLoaderServi - Loading from file system: jar:file:/C:/Users/Raven/.m2/repository/com/github/almasb/fxgl/dev-SNAPSHOT/fxgl-dev-20210728.163953-1821.jar!/fxglassets/ui/fonts/lucida_console.ttf
11:24:06.009 [FXGL Background Thread 1 ] DEBUG GameWorld            - Clearing removable entities
11:24:06.009 [FXGL Background Thread 1 ] DEBUG GameWorld            - Setting level: com.almasb.fxgl.entity.level.Level@16fa938b
11:24:06.025 [FXGL Background Thread 4 ] DEBUG FXGLAssetLoaderServi - Loading from file system: jar:file:/C:/Users/Raven/.m2/repository/com/github/almasb/fxgl/dev-SNAPSHOT/fxgl-dev-20210728.163953-1821.jar!/fxglassets/ui/fonts/Courier-Prime.ttf
11:24:06.111 [JavaFX Application Thread] DEBUG FXGLApplication      - Registering font factories with UI factory
11:24:06.112 [JavaFX Application Thread] DEBUG LoopRunner           - Stopping loop
11:24:06.115 [JavaFX Application Thread] FATAL FXGLApplication      - Uncaught Exception:
java.lang.RuntimeException: Initialization failed
	at com.almasb.fxgl.app.FXGLApplication$InitAppTask.failed(FXGLApplication.kt:343)
	at javafx.concurrent.Task.setState(Task.java:710)
	at javafx.concurrent.Task$TaskCallable.lambda$call$2(Task.java:1455)
	at com.sun.javafx.application.PlatformImpl.lambda$runLater$10(PlatformImpl.java:447)
	at java.base/java.security.AccessController.doPrivileged(AccessController.java:399)
	at com.sun.javafx.application.PlatformImpl.lambda$runLater$11(PlatformImpl.java:446)
	at com.sun.glass.ui.InvokeLaterDispatcher$Future.run(InvokeLaterDispatcher.java:96)
	at com.sun.glass.ui.win.WinApplication._runLoop(Native Method)
	at com.sun.glass.ui.win.WinApplication.lambda$runLoop$3(WinApplication.java:174)
	at java.base/java.lang.Thread.run(Thread.java:833)
Caused by: java.lang.IllegalArgumentException: No EntityFactory has a method annotated @Spawns(Player)
	at com.almasb.fxgl.entity.GameWorld.create(GameWorld.kt:413)
	at com.almasb.fxgl.entity.GameWorld.spawn(GameWorld.kt:396)
	at com.almasb.fxgl.entity.GameWorld.spawn(GameWorld.kt:384)
	at com.almasb.fxgl.entity.GameWorld.spawn(GameWorld.kt:359)
	at com.almasb.fxgl.dsl.FXGL$Companion.spawn(FXGL.kt:448)
	at com.almasb.fxgl.dsl.FXGL.spawn(FXGL.kt)
	at com.ward_cunningham_38.teacherbomber.TeacherBomberApp.initGame(TeacherBomberApp.java:131)
	at com.almasb.fxgl.app.FXGLApplication$InitAppTask.initGame(FXGLApplication.kt:339)
	at com.almasb.fxgl.app.FXGLApplication$InitAppTask.call(FXGLApplication.kt:319)
	at com.almasb.fxgl.app.FXGLApplication$InitAppTask.call(FXGLApplication.kt:311)
	at javafx.concurrent.Task$TaskCallable.call(Task.java:1425)
	at java.base/java.util.concurrent.FutureTask.run(FutureTask.java:264)
	at java.base/java.util.concurrent.Executors$RunnableAdapter.call(Executors.java:539)
	at java.base/java.util.concurrent.FutureTask.run(FutureTask.java:264)
	at java.base/java.util.concurrent.ThreadPoolExecutor.runWorker(ThreadPoolExecutor.java:1136)
	at java.base/java.util.concurrent.ThreadPoolExecutor$Worker.run(ThreadPoolExecutor.java:635)
	... 1 more

11:24:06.115 [JavaFX Application Thread] FATAL FXGLApplication      - Application will now exit
11:24:06.137 [JavaFX Application Thread] DEBUG PrimaryStageWindow   - Push state: ErrorSubScene
11:24:06.137 [JavaFX Application Thread] DEBUG Input                - Clearing active input actions
11:24:06.145 [JavaFX Application Thread] DEBUG GameApplicationServi - Removing overlay from FXGLLoadingScene and adding to ErrorSubScene
11:24:06.145 [JavaFX Application Thread] DEBUG PrimaryStageWindow   - FXGLLoadingScene -> ErrorSubScene
11:24:06.330 [FXGL Background Thread 2 ] INFO  UpdaterService       - Your current version:  dev-SNAPSHOT
11:24:06.331 [FXGL Background Thread 2 ] INFO  UpdaterService       - Latest stable version: 17.1
11:24:08.742 [FXGL Background Thread 3 ] DEBUG Engine               - Logging environment variables
11:24:08.742 [FXGL Background Thread 3 ] DEBUG Engine               - achievements: []
11:24:08.742 [FXGL Background Thread 3 ] DEBUG Engine               - actualHeight: 600.0
11:24:08.742 [FXGL Background Thread 3 ] DEBUG Engine               - actualHeightProperty: ReadOnlyDoubleProperty [value: 600.0]
11:24:08.742 [FXGL Background Thread 3 ] DEBUG Engine               - actualWidth: 600.0
11:24:08.742 [FXGL Background Thread 3 ] DEBUG Engine               - actualWidthProperty: ReadOnlyDoubleProperty [value: 600.0]
11:24:08.742 [FXGL Background Thread 3 ] DEBUG Engine               - appIcon: fxgl_icon.png
11:24:08.742 [FXGL Background Thread 3 ] DEBUG Engine               - applicationMode: DEVELOPER
11:24:08.742 [FXGL Background Thread 3 ] DEBUG Engine               - cSSList: [fxgl_dark.css]
11:24:08.742 [FXGL Background Thread 3 ] DEBUG Engine               - collisionDetectionStrategy: BRUTE_FORCE
11:24:08.742 [FXGL Background Thread 3 ] DEBUG Engine               - configClass: Optional.empty
11:24:08.742 [FXGL Background Thread 3 ] DEBUG Engine               - credits: []
11:24:08.742 [FXGL Background Thread 3 ] DEBUG Engine               - defaultCursor: CursorInfo(imageName=fxgl_default_cursor.png, hotspotX=7.0, hotspotY=6.0)
11:24:08.742 [FXGL Background Thread 3 ] DEBUG Engine               - devBBoxColorProperty: ObjectProperty [value: 0xff0000ff]
11:24:08.742 [FXGL Background Thread 3 ] DEBUG Engine               - devEnableDebugCameraProperty: BooleanProperty [value: false]
11:24:08.743 [FXGL Background Thread 3 ] DEBUG Engine               - devSensorColorProperty: ObjectProperty [value: 0xffff00ff]
11:24:08.743 [FXGL Background Thread 3 ] DEBUG Engine               - devShowBBoxProperty: BooleanProperty [value: false]
11:24:08.743 [FXGL Background Thread 3 ] DEBUG Engine               - devShowPositionProperty: BooleanProperty [value: false]
11:24:08.743 [FXGL Background Thread 3 ] DEBUG Engine               - enabledMenuItems: []
11:24:08.743 [FXGL Background Thread 3 ] DEBUG Engine               - engineServices: [class com.almasb.fxgl.app.services.FXGLAssetLoaderService, class com.almasb.fxgl.app.FXGLApplication$GameApplicationService, class com.almasb.fxgl.app.services.FXGLDialogService, class com.almasb.fxgl.app.services.IOTaskExecutorService, class com.almasb.fxgl.io.FileSystemService, class com.almasb.fxgl.localization.LocalizationService, class com.almasb.fxgl.app.services.SystemBundleService, class com.almasb.fxgl.profile.SaveLoadService, class com.almasb.fxgl.ui.FXGLUIFactoryServiceProvider, class com.almasb.fxgl.ui.FXGLDialogFactoryServiceProvider, class com.almasb.fxgl.audio.AudioPlayer, class com.almasb.fxgl.notification.impl.NotificationServiceProvider, class com.almasb.fxgl.achievement.AchievementService, class com.almasb.fxgl.cutscene.CutsceneService, class com.almasb.fxgl.minigames.MiniGameService, class com.almasb.fxgl.net.NetService, class com.almasb.fxgl.app.services.UpdaterService, class com.almasb.fxgl.dev.DevService]
11:24:08.743 [FXGL Background Thread 3 ] DEBUG Engine               - fontGame: Abel-Regular.ttf
11:24:08.743 [FXGL Background Thread 3 ] DEBUG Engine               - fontMono: lucida_console.ttf
11:24:08.743 [FXGL Background Thread 3 ] DEBUG Engine               - fontText: Courier-Prime.ttf
11:24:08.743 [FXGL Background Thread 3 ] DEBUG Engine               - fontUI: VarelaRound-Regular.ttf
11:24:08.743 [FXGL Background Thread 3 ] DEBUG Engine               - fullScreen: BooleanProperty [value: false]
11:24:08.743 [FXGL Background Thread 3 ] DEBUG Engine               - gameDifficulty: MEDIUM
11:24:08.743 [FXGL Background Thread 3 ] DEBUG Engine               - gameDifficultyProperty: ObjectProperty [value: MEDIUM]
11:24:08.743 [FXGL Background Thread 3 ] DEBUG Engine               - globalMusicVolume: 0.5
11:24:08.743 [FXGL Background Thread 3 ] DEBUG Engine               - globalMusicVolumeProperty: DoubleProperty [value: 0.5]
11:24:08.743 [FXGL Background Thread 3 ] DEBUG Engine               - globalSoundVolume: 0.5
11:24:08.744 [FXGL Background Thread 3 ] DEBUG Engine               - globalSoundVolumeProperty: DoubleProperty [value: 0.5]
11:24:08.744 [FXGL Background Thread 3 ] DEBUG Engine               - height: 600
11:24:08.744 [FXGL Background Thread 3 ] DEBUG Engine               - is3D: false
11:24:08.744 [FXGL Background Thread 3 ] DEBUG Engine               - isAndroid: false
11:24:08.744 [FXGL Background Thread 3 ] DEBUG Engine               - isBrowser: false
11:24:08.744 [FXGL Background Thread 3 ] DEBUG Engine               - isClickFeedbackEnabled: false
11:24:08.744 [FXGL Background Thread 3 ] DEBUG Engine               - isCloseConfirmation: false
11:24:08.744 [FXGL Background Thread 3 ] DEBUG Engine               - isDesktop: true
11:24:08.744 [FXGL Background Thread 3 ] DEBUG Engine               - isDeveloperMenuEnabled: false
11:24:08.744 [FXGL Background Thread 3 ] DEBUG Engine               - isEmbedded: false
11:24:08.744 [FXGL Background Thread 3 ] DEBUG Engine               - isEntityPreloadEnabled: true
11:24:08.745 [FXGL Background Thread 3 ] DEBUG Engine               - isExperimentalTiledLargeMap: false
11:24:08.745 [FXGL Background Thread 3 ] DEBUG Engine               - isFileSystemWriteAllowed: true
11:24:08.745 [FXGL Background Thread 3 ] DEBUG Engine               - isFullScreenAllowed: false
11:24:08.745 [FXGL Background Thread 3 ] DEBUG Engine               - isFullScreenFromStart: false
11:24:08.745 [FXGL Background Thread 3 ] DEBUG Engine               - isGameMenuEnabled: true
11:24:08.745 [FXGL Background Thread 3 ] DEBUG Engine               - isIOS: false
11:24:08.745 [FXGL Background Thread 3 ] DEBUG Engine               - isIntroEnabled: false
11:24:08.745 [FXGL Background Thread 3 ] DEBUG Engine               - isLinux: false
11:24:08.746 [FXGL Background Thread 3 ] DEBUG Engine               - isMac: false
11:24:08.746 [FXGL Background Thread 3 ] DEBUG Engine               - isMainMenuEnabled: false
11:24:08.746 [FXGL Background Thread 3 ] DEBUG Engine               - isManualResizeEnabled: false
11:24:08.746 [FXGL Background Thread 3 ] DEBUG Engine               - isMobile: false
11:24:08.746 [FXGL Background Thread 3 ] DEBUG Engine               - isNative: false
11:24:08.746 [FXGL Background Thread 3 ] DEBUG Engine               - isPauseMusicWhenMinimized: true
11:24:08.746 [FXGL Background Thread 3 ] DEBUG Engine               - isPreserveResizeRatio: false
11:24:08.746 [FXGL Background Thread 3 ] DEBUG Engine               - isProfilingEnabled: false
11:24:08.746 [FXGL Background Thread 3 ] DEBUG Engine               - isScaleAffectedOnResize: true
11:24:08.746 [FXGL Background Thread 3 ] DEBUG Engine               - isSingleStep: false
11:24:08.746 [FXGL Background Thread 3 ] DEBUG Engine               - isUserProfileEnabled: false
11:24:08.746 [FXGL Background Thread 3 ] DEBUG Engine               - isWindows: true
11:24:08.746 [FXGL Background Thread 3 ] DEBUG Engine               - language: ObjectProperty [value: ENGLISH]
11:24:08.747 [FXGL Background Thread 3 ] DEBUG Engine               - menuKey: ESCAPE
11:24:08.747 [FXGL Background Thread 3 ] DEBUG Engine               - mouseSensitivity: 0.2
11:24:08.747 [FXGL Background Thread 3 ] DEBUG Engine               - notificationViewClass: class com.almasb.fxgl.notification.view.XboxNotificationView
11:24:08.747 [FXGL Background Thread 3 ] DEBUG Engine               - pixelsPerMeter: 50.0
11:24:08.747 [FXGL Background Thread 3 ] DEBUG Engine               - platform: WINDOWS
11:24:08.747 [FXGL Background Thread 3 ] DEBUG Engine               - prefHeightProperty: ReadOnlyDoubleProperty [value: 600.0]
11:24:08.747 [FXGL Background Thread 3 ] DEBUG Engine               - prefWidthProperty: ReadOnlyDoubleProperty [value: 600.0]
11:24:08.747 [FXGL Background Thread 3 ] DEBUG Engine               - profileDir: profiles/
11:24:08.747 [FXGL Background Thread 3 ] DEBUG Engine               - profileName: StringProperty [value: DEFAULT]
11:24:08.747 [FXGL Background Thread 3 ] DEBUG Engine               - randomSeed: -1
11:24:08.747 [FXGL Background Thread 3 ] DEBUG Engine               - runtimeInfo: RuntimeInfo(platform=WINDOWS, version=dev-SNAPSHOT, build=28.07.2021 16.39)
11:24:08.747 [FXGL Background Thread 3 ] DEBUG Engine               - saveFileExt: sav
11:24:08.747 [FXGL Background Thread 3 ] DEBUG Engine               - scaledHeightProp$fxgl: DoubleProperty [bound, value: 600.0]
11:24:08.747 [FXGL Background Thread 3 ] DEBUG Engine               - scaledWidthProp$fxgl: DoubleProperty [bound, value: 600.0]
11:24:08.747 [FXGL Background Thread 3 ] DEBUG Engine               - sceneFactory: com.ward_cunningham_38.teacherbomber.TeacherBomberApp$1@f7d0aba
11:24:08.748 [FXGL Background Thread 3 ] DEBUG Engine               - secondsIn24h: 60
11:24:08.748 [FXGL Background Thread 3 ] DEBUG Engine               - soundMenuBack: menu/back.wav
11:24:08.748 [FXGL Background Thread 3 ] DEBUG Engine               - soundMenuPress: menu/press.wav
11:24:08.748 [FXGL Background Thread 3 ] DEBUG Engine               - soundMenuSelect: menu/select.wav
11:24:08.748 [FXGL Background Thread 3 ] DEBUG Engine               - soundNotification: core/notification.wav
11:24:08.748 [FXGL Background Thread 3 ] DEBUG Engine               - stageStyle: DECORATED
11:24:08.748 [FXGL Background Thread 3 ] DEBUG Engine               - supportedLanguages: [ENGLISH, FRENCH, GERMAN, HUNGARIAN, RUSSIAN]
11:24:08.748 [FXGL Background Thread 3 ] DEBUG Engine               - ticksPerSecond: -1
11:24:08.748 [FXGL Background Thread 3 ] DEBUG Engine               - title: Bomberman App
11:24:08.748 [FXGL Background Thread 3 ] DEBUG Engine               - urlGithub: https://github.com/AlmasB/FXGL
11:24:08.748 [FXGL Background Thread 3 ] DEBUG Engine               - urlLeaderboard: http://fxgl-top.herokuapp.com/
11:24:08.748 [FXGL Background Thread 3 ] DEBUG Engine               - urlPOM: https://raw.githubusercontent.com/AlmasB/FXGL/release/README.md
11:24:08.748 [FXGL Background Thread 3 ] DEBUG Engine               - userAppClass: class com.ward_cunningham_38.teacherbomber.TeacherBomberApp
11:24:08.748 [FXGL Background Thread 3 ] DEBUG Engine               - version: 0.1
11:24:08.748 [FXGL Background Thread 3 ] DEBUG Engine               - versionCheckDays: 7
11:24:08.748 [FXGL Background Thread 3 ] DEBUG Engine               - width: 600
11:24:08.748 [FXGL Background Thread 3 ] DEBUG Engine               - Logging services
11:24:08.748 [FXGL Background Thread 3 ] DEBUG Engine               - class com.almasb.fxgl.app.services.FXGLAssetLoaderService
11:24:08.749 [FXGL Background Thread 3 ] DEBUG Engine               - class com.almasb.fxgl.app.FXGLApplication$GameApplicationService
11:24:08.749 [FXGL Background Thread 3 ] DEBUG Engine               - class com.almasb.fxgl.app.services.FXGLDialogService
11:24:08.749 [FXGL Background Thread 3 ] DEBUG Engine               - class com.almasb.fxgl.app.services.IOTaskExecutorService
11:24:08.749 [FXGL Background Thread 3 ] DEBUG Engine               - class com.almasb.fxgl.io.FileSystemService
11:24:08.749 [FXGL Background Thread 3 ] DEBUG Engine               - class com.almasb.fxgl.localization.LocalizationService
11:24:08.749 [FXGL Background Thread 3 ] DEBUG Engine               - class com.almasb.fxgl.app.services.SystemBundleService
11:24:08.749 [FXGL Background Thread 3 ] DEBUG Engine               - class com.almasb.fxgl.profile.SaveLoadService
11:24:08.749 [FXGL Background Thread 3 ] DEBUG Engine               - class com.almasb.fxgl.ui.FXGLUIFactoryServiceProvider
11:24:08.749 [FXGL Background Thread 3 ] DEBUG Engine               - class com.almasb.fxgl.ui.FXGLDialogFactoryServiceProvider
11:24:08.749 [FXGL Background Thread 3 ] DEBUG Engine               - class com.almasb.fxgl.audio.AudioPlayer
11:24:08.749 [FXGL Background Thread 3 ] DEBUG Engine               - class com.almasb.fxgl.notification.impl.NotificationServiceProvider
11:24:08.749 [FXGL Background Thread 3 ] DEBUG Engine               - class com.almasb.fxgl.achievement.AchievementService
11:24:08.749 [FXGL Background Thread 3 ] DEBUG Engine               - class com.almasb.fxgl.cutscene.CutsceneService
11:24:08.749 [FXGL Background Thread 3 ] DEBUG Engine               - class com.almasb.fxgl.minigames.MiniGameService
11:24:08.749 [FXGL Background Thread 3 ] DEBUG Engine               - class com.almasb.fxgl.net.NetService
11:24:08.749 [FXGL Background Thread 3 ] DEBUG Engine               - class com.almasb.fxgl.app.services.UpdaterService
11:24:08.749 [FXGL Background Thread 3 ] DEBUG Engine               - class com.almasb.fxgl.dev.DevService
11:24:22.939 [JavaFX Application Thread] DEBUG FXGLApplication      - Exiting FXGL
11:24:22.939 [JavaFX Application Thread] DEBUG Async                - Shutting down background threads
11:24:22.939 [JavaFX Application Thread] DEBUG PrimaryStageWindow   - Closing main window
11:24:22.955 [JavaFX Application Thread] DEBUG Logger               - Closing Logger
