12:10:35.680 [main                     ] DEBUG Logger               - Configured Logger
12:10:35.684 [main                     ] DEBUG GameApplication      - Logging settings
Title: Bomberman App
Version: 0.1
Width: 600
Height: 600
Fullscreen: true
Intro: false
Profiling: false
Single step:false
App Mode: DEVELOPER
Menu Key: ESCAPE
Stage Style: DECORATED
Scene Factory: class com.almasb.fxglgames.bomberman.BombermanApp$1

12:10:36.266 [JavaFX Application Thread] DEBUG FXGLApplication      - Initializing FXGL
12:10:36.268 [JavaFX Application Thread] INFO  Engine               - FXGL-dev-SNAPSHOT (28.07.2021 16.39) on WINDOWS (J:18 FX:16)
12:10:36.268 [JavaFX Application Thread] DEBUG Engine               - JRE Vendor Name: Oracle Corporation
12:10:36.269 [JavaFX Application Thread] DEBUG Engine               - Running on OS: Windows 10 version 10.0
12:10:36.269 [JavaFX Application Thread] DEBUG Engine               - Architecture: amd64
12:10:36.269 [JavaFX Application Thread] INFO  Engine               - Source code and latest versions at: https://github.com/AlmasB/FXGL
12:10:36.269 [JavaFX Application Thread] INFO  Engine               -              Join the FXGL chat at: https://gitter.im/AlmasB/FXGL
12:10:36.392 [JavaFX Application Thread] DEBUG PrimaryStageWindow   - Creating a JavaFX scene
12:10:36.443 [JavaFX Application Thread] DEBUG PrimaryStageWindow   - Target settings size: 600.0 x 600.0
12:10:36.444 [JavaFX Application Thread] DEBUG PrimaryStageWindow   - Scaled scene size:    600.0 x 600.0
12:10:36.444 [JavaFX Application Thread] DEBUG PrimaryStageWindow   - Scaled ratio: (1.0, 1.0)
12:10:36.445 [JavaFX Application Thread] DEBUG PrimaryStageWindow   - Set initial scene to FXGLStartupScene
12:10:36.453 [JavaFX Application Thread] DEBUG PrimaryStageWindow   - Opening main window
12:10:36.547 [JavaFX Application Thread] DEBUG PrimaryStageWindow   - Window border size: (14.66668701171875, 37.33331298828125)
12:10:36.547 [JavaFX Application Thread] DEBUG PrimaryStageWindow   - Scaled size: 600.0 x 600.0
12:10:36.547 [JavaFX Application Thread] DEBUG PrimaryStageWindow   - Scaled ratio: (1.0, 1.0)
12:10:36.547 [JavaFX Application Thread] DEBUG PrimaryStageWindow   - Scene size: 600.0 x 600.0
12:10:36.547 [JavaFX Application Thread] DEBUG PrimaryStageWindow   - Stage size: 614.6666870117188 x 637.3333129882812
12:10:36.603 [JavaFX Application Thread] DEBUG PrimaryStageWindow   - Going fullscreen
12:10:36.611 [FXGL Background Thread 1 ] DEBUG Engine               - Initializing environment variables
12:10:36.674 [FXGL Background Thread 1 ] DEBUG FXGLAssetLoaderServi - User app class for loading assets: class com.almasb.fxglgames.bomberman.BombermanApp
12:10:36.674 [FXGL Background Thread 1 ] DEBUG GameApplicationServi - Applying CSS: fxgl_dark.css
12:10:36.675 [FXGL Background Thread 1 ] DEBUG FXGLAssetLoaderServi - Loading from file system: jar:file:/C:/Users/Abrah/.m2/repository/com/github/almasb/fxgl/dev-SNAPSHOT/fxgl-dev-20210728.163953-1821.jar!/fxglassets/ui/css/fxgl_dark.css
12:10:36.716 [FXGL Background Thread 1 ] DEBUG GameApplicationServi - Initializing application scenes
12:10:36.754 [FXGL Background Thread 1 ] DEBUG GameWorld            - Game world initialized
12:10:36.805 [FXGL Background Thread 1 ] DEBUG PhysicsWorld         - Physics world initialized: appHeight=600, physics.ppm=50,0
12:10:36.805 [FXGL Background Thread 1 ] DEBUG PhysicsWorld         - Using strategy: BRUTE_FORCE
12:10:36.808 [FXGL Background Thread 1 ] DEBUG GameScene            - Game scene initialized: 600x600
12:10:36.821 [FXGL Background Thread 1 ] WARN  FXGL.DefaultMenu     - FXGLDefaultMenu is not designed for resolutions < 800x600
12:10:36.822 [FXGL Background Thread 1 ] DEBUG FXGL.DefaultMenu     - createMenuBodyMainMenu()
12:10:36.841 [FXGL Background Thread 1 ] DEBUG FXGL.DefaultMenu     - createOptionsMenu()
12:10:36.863 [FXGL Background Thread 1 ] DEBUG FXGLAssetLoaderServi - Loading from file system: jar:file:/C:/Users/Abrah/.m2/repository/com/github/almasb/fxgl/dev-SNAPSHOT/fxgl-dev-20210728.163953-1821.jar!/fxglassets/textures/particles/smoke.png
12:10:36.965 [FXGL Background Thread 1 ] DEBUG FXGLAssetLoaderServi - Loading from file system: jar:file:/C:/Users/Abrah/.m2/repository/com/github/almasb/fxgl/dev-SNAPSHOT/fxgl-dev-20210728.163953-1821.jar!/fxglassets/textures/particles/trace_horizontal.png
12:10:36.993 [FXGL Background Thread 1 ] DEBUG FXGLAssetLoaderServi - Loading from file system: jar:file:/C:/Users/Abrah/.m2/repository/com/github/almasb/fxgl/dev-SNAPSHOT/fxgl-dev-20210728.163953-1821.jar!/fxglassets/textures/pause_menu_bg.png
12:10:37.009 [FXGL Background Thread 1 ] DEBUG GameApplicationServi - Application scenes initialized
12:10:37.020 [FXGL Background Thread 1 ] DEBUG SystemBundleService  - Loading FXGL system data
12:10:37.024 [FXGL Background Thread 1 ] DEBUG FileSystemAccess     - Reading from: C:\Users\Abrah\OneDrive - Hogeschool Leiden\Programmeren\IPOSE-TeacherBomber\system\fxgl.bundle
12:10:37.033 [FXGL Background Thread 1 ] DEBUG SystemBundleService  - Bundle FXGL: {}
12:10:37.033 [FXGL Background Thread 1 ] DEBUG UpdaterService       - Checking for updates
12:10:37.036 [FXGL Background Thread 4 ] DEBUG FXGLApplication      - Loading fonts
12:10:37.037 [FXGL Background Thread 1 ] DEBUG FXGLApplication      - Loading default localization
12:10:37.037 [FXGL Background Thread 4 ] DEBUG FXGLAssetLoaderServi - Loading from file system: jar:file:/C:/Users/Abrah/.m2/repository/com/github/almasb/fxgl/dev-SNAPSHOT/fxgl-dev-20210728.163953-1821.jar!/fxglassets/ui/fonts/VarelaRound-Regular.ttf
12:10:37.037 [FXGL Background Thread 1 ] DEBUG FXGLAssetLoaderServi - Loading from file system: jar:file:/C:/Users/Abrah/.m2/repository/com/github/almasb/fxgl/dev-SNAPSHOT/fxgl-dev-20210728.163953-1821.jar!/fxglassets/languages/english.lang
12:10:37.053 [FXGL Background Thread 1 ] INFO  FXGLApplication      - FXGL initialization took: 0,442 sec
12:10:37.066 [JavaFX Application Thread] DEBUG Input                - Registered new binding: Move Up - W
12:10:37.067 [JavaFX Application Thread] DEBUG Input                - Registered new binding: Move Left - A
12:10:37.067 [JavaFX Application Thread] DEBUG Input                - Registered new binding: Move Down - S
12:10:37.067 [JavaFX Application Thread] DEBUG Input                - Registered new binding: Move Right - D
12:10:37.067 [JavaFX Application Thread] DEBUG Input                - Registered new binding: Place Bomb - F
12:10:37.068 [JavaFX Application Thread] DEBUG FXGLAssetLoaderServi - Loading from file system: jar:file:/C:/Users/Abrah/.m2/repository/com/github/almasb/fxgl/dev-SNAPSHOT/fxgl-dev-20210728.163953-1821.jar!/fxglassets/textures/fxgl_icon.png
12:10:37.088 [JavaFX Application Thread] DEBUG FXGLAssetLoaderServi - Loading from file system: jar:file:/C:/Users/Abrah/.m2/repository/com/github/almasb/fxgl/dev-SNAPSHOT/fxgl-dev-20210728.163953-1821.jar!/fxglassets/textures/fxgl_default_cursor.png
12:10:37.091 [JavaFX Application Thread] DEBUG Input                - Registered new binding: Screenshot - CTRL+8
12:10:37.091 [JavaFX Application Thread] DEBUG Input                - Registered new binding: System info dump - CTRL+9
12:10:37.092 [JavaFX Application Thread] DEBUG Input                - Registered new binding: Restart - CTRL+R
12:10:37.093 [JavaFX Application Thread] DEBUG Input                - Registered new binding: Toggle Debug Camera - CTRL+C
12:10:37.095 [JavaFX Application Thread] DEBUG LoopRunner           - Starting loop
12:10:37.095 [JavaFX Application Thread] DEBUG LoopRunner           - Initializing JavaFX AnimationTimerLoop
12:10:37.098 [JavaFX Application Thread] DEBUG Input                - Clearing active input actions
12:10:37.108 [JavaFX Application Thread] DEBUG GameApplicationServi - Removing overlay from FXGLStartupScene and adding to FXGLMainMenuDummyScene
12:10:37.108 [JavaFX Application Thread] DEBUG PrimaryStageWindow   - FXGLStartupScene -> FXGLMainMenuDummyScene
12:10:37.109 [JavaFX Application Thread] DEBUG PrimaryStageWindow   - Push state: FXGLDefaultMenu
12:10:37.109 [JavaFX Application Thread] DEBUG Input                - Clearing active input actions
12:10:37.115 [FXGL Background Thread 4 ] DEBUG FXGLAssetLoaderServi - Loading from file system: jar:file:/C:/Users/Abrah/.m2/repository/com/github/almasb/fxgl/dev-SNAPSHOT/fxgl-dev-20210728.163953-1821.jar!/fxglassets/ui/fonts/Abel-Regular.ttf
12:10:37.118 [FXGL Background Thread 4 ] DEBUG FXGLAssetLoaderServi - Loading from file system: jar:file:/C:/Users/Abrah/.m2/repository/com/github/almasb/fxgl/dev-SNAPSHOT/fxgl-dev-20210728.163953-1821.jar!/fxglassets/ui/fonts/lucida_console.ttf
12:10:37.122 [JavaFX Application Thread] DEBUG GameApplicationServi - Removing overlay from FXGLMainMenuDummyScene and adding to FXGLDefaultMenu
12:10:37.122 [JavaFX Application Thread] DEBUG PrimaryStageWindow   - FXGLMainMenuDummyScene -> FXGLDefaultMenu
12:10:37.124 [FXGL Background Thread 4 ] DEBUG FXGLAssetLoaderServi - Loading from file system: jar:file:/C:/Users/Abrah/.m2/repository/com/github/almasb/fxgl/dev-SNAPSHOT/fxgl-dev-20210728.163953-1821.jar!/fxglassets/ui/fonts/Courier-Prime.ttf
12:10:37.206 [JavaFX Application Thread] DEBUG FXGLApplication      - Registering font factories with UI factory
12:10:37.432 [FXGL Background Thread 2 ] INFO  UpdaterService       - Your current version:  dev-SNAPSHOT
12:10:37.432 [FXGL Background Thread 2 ] INFO  UpdaterService       - Latest stable version: 17.1
12:10:39.318 [JavaFX Application Thread] DEBUG Menu                 - fireNewGame()
12:10:39.318 [JavaFX Application Thread] DEBUG GameApplicationServi - Starting new game
12:10:39.321 [JavaFX Application Thread] DEBUG PrimaryStageWindow   - Pop state: FXGLDefaultMenu
12:10:39.322 [JavaFX Application Thread] DEBUG Input                - Clearing active input actions
12:10:39.324 [JavaFX Application Thread] DEBUG GameApplicationServi - Removing overlay from FXGLDefaultMenu and adding to FXGLMainMenuDummyScene
12:10:39.324 [JavaFX Application Thread] DEBUG PrimaryStageWindow   - FXGLMainMenuDummyScene <- FXGLDefaultMenu
12:10:39.324 [JavaFX Application Thread] DEBUG Input                - Clearing active input actions
12:10:39.328 [JavaFX Application Thread] DEBUG GameApplicationServi - Removing overlay from FXGLMainMenuDummyScene and adding to FXGLLoadingScene
12:10:39.329 [JavaFX Application Thread] DEBUG PrimaryStageWindow   - FXGLMainMenuDummyScene -> FXGLLoadingScene
12:10:39.329 [JavaFX Application Thread] DEBUG GameApplicationServi - Clearing previous game
12:10:39.329 [JavaFX Application Thread] DEBUG GameScene            - Clearing game scene
12:10:39.329 [JavaFX Application Thread] DEBUG GameWorld            - Clearing game world
12:10:39.329 [JavaFX Application Thread] DEBUG PhysicsWorld         - Clearing physics world
12:10:39.331 [FXGL Background Thread 2 ] DEBUG FXGLApplication      - Initializing game
12:10:39.341 [FXGL Background Thread 2 ] DEBUG FXGLAssetLoaderServi - Loading from file system: file:/C:/Users/Abrah/OneDrive%20-%20Hogeschool%20Leiden/Programmeren/IPOSE-TeacherBomber/Bomberman/target/classes/assets/textures/brick.png
12:10:39.352 [FXGL Background Thread 2 ] DEBUG FXGLAssetLoaderServi - Loading from file system: file:/C:/Users/Abrah/OneDrive%20-%20Hogeschool%20Leiden/Programmeren/IPOSE-TeacherBomber/Bomberman/target/classes/assets/textures/stonewall.jpg
12:10:39.393 [FXGL Background Thread 2 ] DEBUG GameWorld            - Clearing removable entities
12:10:39.393 [FXGL Background Thread 2 ] DEBUG GameWorld            - Setting level: com.almasb.fxgl.entity.level.Level@5529774d
12:10:39.398 [FXGL Background Thread 2 ] DEBUG FXGLAssetLoaderServi - Loading from file system: file:/C:/Users/Abrah/OneDrive%20-%20Hogeschool%20Leiden/Programmeren/IPOSE-TeacherBomber/Bomberman/target/classes/assets/textures/sand.jpg
12:10:39.423 [FXGL Background Thread 2 ] DEBUG FXGLAssetLoaderServi - Loading from file system: file:/C:/Users/Abrah/OneDrive%20-%20Hogeschool%20Leiden/Programmeren/IPOSE-TeacherBomber/Bomberman/target/classes/assets/textures/koen.png
12:10:39.442 [FXGL Background Thread 2 ] INFO  FXGLApplication      - Game initialization took: 0,110 sec
12:10:39.442 [JavaFX Application Thread] DEBUG Input                - Clearing active input actions
12:10:39.448 [JavaFX Application Thread] DEBUG GameApplicationServi - Removing overlay from FXGLLoadingScene and adding to GameScene
12:10:39.448 [JavaFX Application Thread] DEBUG PrimaryStageWindow   - FXGLLoadingScene -> GameScene
12:10:40.037 [FXGL Background Thread 3 ] DEBUG Engine               - Logging environment variables
12:10:40.037 [FXGL Background Thread 3 ] DEBUG Engine               - achievements: []
12:10:40.037 [FXGL Background Thread 3 ] DEBUG Engine               - actualHeight: 1066.6666259765625
12:10:40.037 [FXGL Background Thread 3 ] DEBUG Engine               - actualHeightProperty: ReadOnlyDoubleProperty [value: 1066.6666259765625]
12:10:40.037 [FXGL Background Thread 3 ] DEBUG Engine               - actualWidth: 1706.6666259765625
12:10:40.037 [FXGL Background Thread 3 ] DEBUG Engine               - actualWidthProperty: ReadOnlyDoubleProperty [value: 1706.6666259765625]
12:10:40.037 [FXGL Background Thread 3 ] DEBUG Engine               - appIcon: fxgl_icon.png
12:10:40.037 [FXGL Background Thread 3 ] DEBUG Engine               - applicationMode: DEVELOPER
12:10:40.037 [FXGL Background Thread 3 ] DEBUG Engine               - cSSList: [fxgl_dark.css]
12:10:40.038 [FXGL Background Thread 3 ] DEBUG Engine               - collisionDetectionStrategy: BRUTE_FORCE
12:10:40.038 [FXGL Background Thread 3 ] DEBUG Engine               - configClass: Optional.empty
12:10:40.038 [FXGL Background Thread 3 ] DEBUG Engine               - credits: []
12:10:40.038 [FXGL Background Thread 3 ] DEBUG Engine               - defaultCursor: CursorInfo(imageName=fxgl_default_cursor.png, hotspotX=7.0, hotspotY=6.0)
12:10:40.038 [FXGL Background Thread 3 ] DEBUG Engine               - devBBoxColorProperty: ObjectProperty [value: 0xff0000ff]
12:10:40.038 [FXGL Background Thread 3 ] DEBUG Engine               - devEnableDebugCameraProperty: BooleanProperty [value: false]
12:10:40.038 [FXGL Background Thread 3 ] DEBUG Engine               - devSensorColorProperty: ObjectProperty [value: 0xffff00ff]
12:10:40.038 [FXGL Background Thread 3 ] DEBUG Engine               - devShowBBoxProperty: BooleanProperty [value: false]
12:10:40.038 [FXGL Background Thread 3 ] DEBUG Engine               - devShowPositionProperty: BooleanProperty [value: false]
12:10:40.038 [FXGL Background Thread 3 ] DEBUG Engine               - enabledMenuItems: []
12:10:40.038 [FXGL Background Thread 3 ] DEBUG Engine               - engineServices: [class com.almasb.fxgl.app.services.FXGLAssetLoaderService, class com.almasb.fxgl.app.FXGLApplication$GameApplicationService, class com.almasb.fxgl.app.services.FXGLDialogService, class com.almasb.fxgl.app.services.IOTaskExecutorService, class com.almasb.fxgl.io.FileSystemService, class com.almasb.fxgl.localization.LocalizationService, class com.almasb.fxgl.app.services.SystemBundleService, class com.almasb.fxgl.profile.SaveLoadService, class com.almasb.fxgl.ui.FXGLUIFactoryServiceProvider, class com.almasb.fxgl.ui.FXGLDialogFactoryServiceProvider, class com.almasb.fxgl.audio.AudioPlayer, class com.almasb.fxgl.notification.impl.NotificationServiceProvider, class com.almasb.fxgl.achievement.AchievementService, class com.almasb.fxgl.cutscene.CutsceneService, class com.almasb.fxgl.minigames.MiniGameService, class com.almasb.fxgl.net.NetService, class com.almasb.fxgl.app.services.UpdaterService, class com.almasb.fxgl.dev.DevService]
12:10:40.038 [FXGL Background Thread 3 ] DEBUG Engine               - fontGame: Abel-Regular.ttf
12:10:40.038 [FXGL Background Thread 3 ] DEBUG Engine               - fontMono: lucida_console.ttf
12:10:40.038 [FXGL Background Thread 3 ] DEBUG Engine               - fontText: Courier-Prime.ttf
12:10:40.038 [FXGL Background Thread 3 ] DEBUG Engine               - fontUI: VarelaRound-Regular.ttf
12:10:40.038 [FXGL Background Thread 3 ] DEBUG Engine               - fullScreen: BooleanProperty [value: true]
12:10:40.038 [FXGL Background Thread 3 ] DEBUG Engine               - gameDifficulty: MEDIUM
12:10:40.038 [FXGL Background Thread 3 ] DEBUG Engine               - gameDifficultyProperty: ObjectProperty [value: MEDIUM]
12:10:40.038 [FXGL Background Thread 3 ] DEBUG Engine               - globalMusicVolume: 0.5
12:10:40.039 [FXGL Background Thread 3 ] DEBUG Engine               - globalMusicVolumeProperty: DoubleProperty [value: 0.5]
12:10:40.039 [FXGL Background Thread 3 ] DEBUG Engine               - globalSoundVolume: 0.5
12:10:40.039 [FXGL Background Thread 3 ] DEBUG Engine               - globalSoundVolumeProperty: DoubleProperty [value: 0.5]
12:10:40.039 [FXGL Background Thread 3 ] DEBUG Engine               - height: 600
12:10:40.039 [FXGL Background Thread 3 ] DEBUG Engine               - is3D: false
12:10:40.039 [FXGL Background Thread 3 ] DEBUG Engine               - isAndroid: false
12:10:40.039 [FXGL Background Thread 3 ] DEBUG Engine               - isBrowser: false
12:10:40.039 [FXGL Background Thread 3 ] DEBUG Engine               - isClickFeedbackEnabled: false
12:10:40.039 [FXGL Background Thread 3 ] DEBUG Engine               - isCloseConfirmation: false
12:10:40.039 [FXGL Background Thread 3 ] DEBUG Engine               - isDesktop: true
12:10:40.039 [FXGL Background Thread 3 ] DEBUG Engine               - isDeveloperMenuEnabled: false
12:10:40.039 [FXGL Background Thread 3 ] DEBUG Engine               - isEmbedded: false
12:10:40.039 [FXGL Background Thread 3 ] DEBUG Engine               - isEntityPreloadEnabled: true
12:10:40.039 [FXGL Background Thread 3 ] DEBUG Engine               - isExperimentalTiledLargeMap: false
12:10:40.039 [FXGL Background Thread 3 ] DEBUG Engine               - isFileSystemWriteAllowed: true
12:10:40.039 [FXGL Background Thread 3 ] DEBUG Engine               - isFullScreenAllowed: true
12:10:40.039 [FXGL Background Thread 3 ] DEBUG Engine               - isFullScreenFromStart: true
12:10:40.039 [FXGL Background Thread 3 ] DEBUG Engine               - isGameMenuEnabled: true
12:10:40.039 [FXGL Background Thread 3 ] DEBUG Engine               - isIOS: false
12:10:40.039 [FXGL Background Thread 3 ] DEBUG Engine               - isIntroEnabled: false
12:10:40.039 [FXGL Background Thread 3 ] DEBUG Engine               - isLinux: false
12:10:40.039 [FXGL Background Thread 3 ] DEBUG Engine               - isMac: false
12:10:40.039 [FXGL Background Thread 3 ] DEBUG Engine               - isMainMenuEnabled: true
12:10:40.039 [FXGL Background Thread 3 ] DEBUG Engine               - isManualResizeEnabled: false
12:10:40.039 [FXGL Background Thread 3 ] DEBUG Engine               - isMobile: false
12:10:40.039 [FXGL Background Thread 3 ] DEBUG Engine               - isNative: false
12:10:40.039 [FXGL Background Thread 3 ] DEBUG Engine               - isPauseMusicWhenMinimized: true
12:10:40.039 [FXGL Background Thread 3 ] DEBUG Engine               - isPreserveResizeRatio: false
12:10:40.039 [FXGL Background Thread 3 ] DEBUG Engine               - isProfilingEnabled: false
12:10:40.040 [FXGL Background Thread 3 ] DEBUG Engine               - isScaleAffectedOnResize: true
12:10:40.040 [FXGL Background Thread 3 ] DEBUG Engine               - isSingleStep: false
12:10:40.040 [FXGL Background Thread 3 ] DEBUG Engine               - isUserProfileEnabled: false
12:10:40.040 [FXGL Background Thread 3 ] DEBUG Engine               - isWindows: true
12:10:40.040 [FXGL Background Thread 3 ] DEBUG Engine               - language: ObjectProperty [value: ENGLISH]
12:10:40.040 [FXGL Background Thread 3 ] DEBUG Engine               - menuKey: ESCAPE
12:10:40.040 [FXGL Background Thread 3 ] DEBUG Engine               - mouseSensitivity: 0.2
12:10:40.040 [FXGL Background Thread 3 ] DEBUG Engine               - notificationViewClass: class com.almasb.fxgl.notification.view.XboxNotificationView
12:10:40.040 [FXGL Background Thread 3 ] DEBUG Engine               - pixelsPerMeter: 50.0
12:10:40.040 [FXGL Background Thread 3 ] DEBUG Engine               - platform: WINDOWS
12:10:40.040 [FXGL Background Thread 3 ] DEBUG Engine               - prefHeightProperty: ReadOnlyDoubleProperty [value: 600.0]
12:10:40.040 [FXGL Background Thread 3 ] DEBUG Engine               - prefWidthProperty: ReadOnlyDoubleProperty [value: 600.0]
12:10:40.040 [FXGL Background Thread 3 ] DEBUG Engine               - profileDir: profiles/
12:10:40.040 [FXGL Background Thread 3 ] DEBUG Engine               - profileName: StringProperty [value: DEFAULT]
12:10:40.040 [FXGL Background Thread 3 ] DEBUG Engine               - randomSeed: -1
12:10:40.040 [FXGL Background Thread 3 ] DEBUG Engine               - runtimeInfo: RuntimeInfo(platform=WINDOWS, version=dev-SNAPSHOT, build=28.07.2021 16.39)
12:10:40.040 [FXGL Background Thread 3 ] DEBUG Engine               - saveFileExt: sav
12:10:40.040 [FXGL Background Thread 3 ] DEBUG Engine               - scaledHeightProp$fxgl: DoubleProperty [bound, value: 1066.6666259765625]
12:10:40.040 [FXGL Background Thread 3 ] DEBUG Engine               - scaledWidthProp$fxgl: DoubleProperty [bound, value: 1706.6666259765625]
12:10:40.040 [FXGL Background Thread 3 ] DEBUG Engine               - sceneFactory: com.almasb.fxglgames.bomberman.BombermanApp$1@7642f10c
12:10:40.040 [FXGL Background Thread 3 ] DEBUG Engine               - secondsIn24h: 60
12:10:40.040 [FXGL Background Thread 3 ] DEBUG Engine               - soundMenuBack: menu/back.wav
12:10:40.040 [FXGL Background Thread 3 ] DEBUG Engine               - soundMenuPress: menu/press.wav
12:10:40.040 [FXGL Background Thread 3 ] DEBUG Engine               - soundMenuSelect: menu/select.wav
12:10:40.040 [FXGL Background Thread 3 ] DEBUG Engine               - soundNotification: core/notification.wav
12:10:40.040 [FXGL Background Thread 3 ] DEBUG Engine               - stageStyle: DECORATED
12:10:40.040 [FXGL Background Thread 3 ] DEBUG Engine               - supportedLanguages: [ENGLISH, FRENCH, GERMAN, HUNGARIAN, RUSSIAN]
12:10:40.040 [FXGL Background Thread 3 ] DEBUG Engine               - ticksPerSecond: -1
12:10:40.040 [FXGL Background Thread 3 ] DEBUG Engine               - title: Bomberman App
12:10:40.040 [FXGL Background Thread 3 ] DEBUG Engine               - urlGithub: https://github.com/AlmasB/FXGL
12:10:40.040 [FXGL Background Thread 3 ] DEBUG Engine               - urlLeaderboard: http://fxgl-top.herokuapp.com/
12:10:40.040 [FXGL Background Thread 3 ] DEBUG Engine               - urlPOM: https://raw.githubusercontent.com/AlmasB/FXGL/release/README.md
12:10:40.040 [FXGL Background Thread 3 ] DEBUG Engine               - userAppClass: class com.almasb.fxglgames.bomberman.BombermanApp
12:10:40.040 [FXGL Background Thread 3 ] DEBUG Engine               - version: 0.1
12:10:40.040 [FXGL Background Thread 3 ] DEBUG Engine               - versionCheckDays: 7
12:10:40.041 [FXGL Background Thread 3 ] DEBUG Engine               - width: 600
12:10:40.041 [FXGL Background Thread 3 ] DEBUG Engine               - Logging services
12:10:40.041 [FXGL Background Thread 3 ] DEBUG Engine               - class com.almasb.fxgl.app.services.FXGLAssetLoaderService
12:10:40.041 [FXGL Background Thread 3 ] DEBUG Engine               - class com.almasb.fxgl.app.FXGLApplication$GameApplicationService
12:10:40.041 [FXGL Background Thread 3 ] DEBUG Engine               - class com.almasb.fxgl.app.services.FXGLDialogService
12:10:40.041 [FXGL Background Thread 3 ] DEBUG Engine               - class com.almasb.fxgl.app.services.IOTaskExecutorService
12:10:40.041 [FXGL Background Thread 3 ] DEBUG Engine               - class com.almasb.fxgl.io.FileSystemService
12:10:40.041 [FXGL Background Thread 3 ] DEBUG Engine               - class com.almasb.fxgl.localization.LocalizationService
12:10:40.041 [FXGL Background Thread 3 ] DEBUG Engine               - class com.almasb.fxgl.app.services.SystemBundleService
12:10:40.041 [FXGL Background Thread 3 ] DEBUG Engine               - class com.almasb.fxgl.profile.SaveLoadService
12:10:40.041 [FXGL Background Thread 3 ] DEBUG Engine               - class com.almasb.fxgl.ui.FXGLUIFactoryServiceProvider
12:10:40.041 [FXGL Background Thread 3 ] DEBUG Engine               - class com.almasb.fxgl.ui.FXGLDialogFactoryServiceProvider
12:10:40.041 [FXGL Background Thread 3 ] DEBUG Engine               - class com.almasb.fxgl.audio.AudioPlayer
12:10:40.041 [FXGL Background Thread 3 ] DEBUG Engine               - class com.almasb.fxgl.notification.impl.NotificationServiceProvider
12:10:40.041 [FXGL Background Thread 3 ] DEBUG Engine               - class com.almasb.fxgl.achievement.AchievementService
12:10:40.041 [FXGL Background Thread 3 ] DEBUG Engine               - class com.almasb.fxgl.cutscene.CutsceneService
12:10:40.041 [FXGL Background Thread 3 ] DEBUG Engine               - class com.almasb.fxgl.minigames.MiniGameService
12:10:40.041 [FXGL Background Thread 3 ] DEBUG Engine               - class com.almasb.fxgl.net.NetService
12:10:40.041 [FXGL Background Thread 3 ] DEBUG Engine               - class com.almasb.fxgl.app.services.UpdaterService
12:10:40.041 [FXGL Background Thread 3 ] DEBUG Engine               - class com.almasb.fxgl.dev.DevService
12:10:43.431 [JavaFX Application Thread] DEBUG FXGLAssetLoaderServi - Loading from file system: file:/C:/Users/Abrah/OneDrive%20-%20Hogeschool%20Leiden/Programmeren/IPOSE-TeacherBomber/Bomberman/target/classes/assets/textures/bomb.png
12:11:18.271 [JavaFX Application Thread] DEBUG PrimaryStageWindow   - Push state: SimpleGameMenu
12:11:18.271 [JavaFX Application Thread] DEBUG Input                - Clearing active input actions
12:11:18.272 [JavaFX Application Thread] DEBUG GameApplicationServi - Removing overlay from GameScene and adding to SimpleGameMenu
12:11:18.272 [JavaFX Application Thread] DEBUG PrimaryStageWindow   - GameScene -> SimpleGameMenu
12:11:20.147 [JavaFX Application Thread] DEBUG Menu                 - fireExitToMainMenu()
12:11:20.149 [JavaFX Application Thread] DEBUG PrimaryStageWindow   - Push state: DialogSubScene
12:11:20.149 [JavaFX Application Thread] DEBUG Input                - Clearing active input actions
12:11:20.149 [JavaFX Application Thread] DEBUG GameApplicationServi - Removing overlay from SimpleGameMenu and adding to DialogSubScene
12:11:20.150 [JavaFX Application Thread] DEBUG PrimaryStageWindow   - SimpleGameMenu -> DialogSubScene
12:11:21.156 [JavaFX Application Thread] DEBUG PrimaryStageWindow   - Pop state: DialogSubScene
12:11:21.156 [JavaFX Application Thread] DEBUG Input                - Clearing active input actions
12:11:21.156 [JavaFX Application Thread] DEBUG GameApplicationServi - Removing overlay from DialogSubScene and adding to SimpleGameMenu
12:11:21.156 [JavaFX Application Thread] DEBUG PrimaryStageWindow   - SimpleGameMenu <- DialogSubScene
12:11:21.156 [JavaFX Application Thread] DEBUG PrimaryStageWindow   - Pop state: SimpleGameMenu
12:11:21.156 [JavaFX Application Thread] DEBUG Input                - Clearing active input actions
12:11:21.157 [JavaFX Application Thread] DEBUG GameApplicationServi - Removing overlay from SimpleGameMenu and adding to GameScene
12:11:21.157 [JavaFX Application Thread] DEBUG PrimaryStageWindow   - GameScene <- SimpleGameMenu
12:11:21.157 [JavaFX Application Thread] DEBUG Input                - Clearing active input actions
12:11:21.160 [JavaFX Application Thread] DEBUG GameApplicationServi - Removing overlay from GameScene and adding to FXGLMainMenuDummyScene
12:11:21.160 [JavaFX Application Thread] DEBUG PrimaryStageWindow   - GameScene -> FXGLMainMenuDummyScene
12:11:21.160 [JavaFX Application Thread] DEBUG PrimaryStageWindow   - Push state: FXGLDefaultMenu
12:11:21.160 [JavaFX Application Thread] DEBUG Input                - Clearing active input actions
12:11:21.165 [JavaFX Application Thread] DEBUG GameApplicationServi - Removing overlay from FXGLMainMenuDummyScene and adding to FXGLDefaultMenu
12:11:21.165 [JavaFX Application Thread] DEBUG PrimaryStageWindow   - FXGLMainMenuDummyScene -> FXGLDefaultMenu
12:11:23.040 [JavaFX Application Thread] DEBUG Menu                 - fireExit()
12:11:23.041 [JavaFX Application Thread] DEBUG PrimaryStageWindow   - Push state: DialogSubScene
12:11:23.041 [JavaFX Application Thread] DEBUG Input                - Clearing active input actions
12:11:23.042 [JavaFX Application Thread] DEBUG GameApplicationServi - Removing overlay from FXGLDefaultMenu and adding to DialogSubScene
12:11:23.042 [JavaFX Application Thread] DEBUG PrimaryStageWindow   - FXGLDefaultMenu -> DialogSubScene
12:11:23.926 [JavaFX Application Thread] DEBUG PrimaryStageWindow   - Pop state: DialogSubScene
12:11:23.926 [JavaFX Application Thread] DEBUG Input                - Clearing active input actions
12:11:23.927 [JavaFX Application Thread] DEBUG GameApplicationServi - Removing overlay from DialogSubScene and adding to FXGLDefaultMenu
12:11:23.927 [JavaFX Application Thread] DEBUG PrimaryStageWindow   - FXGLDefaultMenu <- DialogSubScene
12:11:23.927 [JavaFX Application Thread] DEBUG FXGLApplication      - Exiting FXGL
12:11:23.927 [JavaFX Application Thread] DEBUG LoopRunner           - Stopping loop
12:11:23.927 [JavaFX Application Thread] DEBUG SystemBundleService  - Saving FXGL system data
12:11:23.927 [JavaFX Application Thread] DEBUG FileSystemAccess     - Writing to: C:\Users\Abrah\OneDrive - Hogeschool Leiden\Programmeren\IPOSE-TeacherBomber\system\fxgl.bundle
12:11:23.931 [JavaFX Application Thread] DEBUG Async                - Shutting down background threads
12:11:23.931 [JavaFX Application Thread] DEBUG PrimaryStageWindow   - Closing main window
12:11:23.946 [JavaFX Application Thread] DEBUG Logger               - Closing Logger
