10:49:03.747 [main                     ] DEBUG Logger               - Configured Logger
10:49:03.755 [main                     ] DEBUG GameApplication      - Logging settings
Title: Bomberman App
Version: 0.1
Width: 600
Height: 600
Fullscreen: false
Intro: false
Profiling: false
Single step:false
App Mode: DEVELOPER
Menu Key: ESCAPE
Stage Style: DECORATED
Scene Factory: class com.almasb.fxglgames.bomberman.BombermanApp$1

10:49:04.822 [JavaFX Application Thread] DEBUG FXGLApplication      - Initializing FXGL
10:49:04.825 [JavaFX Application Thread] INFO  Engine               - FXGL-dev-SNAPSHOT (28.07.2021 16.39) on WINDOWS (J:18 FX:16)
10:49:04.825 [JavaFX Application Thread] DEBUG Engine               - JRE Vendor Name: Oracle Corporation
10:49:04.825 [JavaFX Application Thread] DEBUG Engine               - Running on OS: Windows 10 version 10.0
10:49:04.825 [JavaFX Application Thread] DEBUG Engine               - Architecture: amd64
10:49:04.825 [JavaFX Application Thread] INFO  Engine               - Source code and latest versions at: https://github.com/AlmasB/FXGL
10:49:04.825 [JavaFX Application Thread] INFO  Engine               -              Join the FXGL chat at: https://gitter.im/AlmasB/FXGL
10:49:05.060 [JavaFX Application Thread] DEBUG PrimaryStageWindow   - Creating a JavaFX scene
10:49:05.147 [JavaFX Application Thread] DEBUG PrimaryStageWindow   - Target settings size: 600.0 x 600.0
10:49:05.148 [JavaFX Application Thread] DEBUG PrimaryStageWindow   - Scaled scene size:    600.0 x 600.0
10:49:05.148 [JavaFX Application Thread] DEBUG PrimaryStageWindow   - Scaled ratio: (1.0, 1.0)
10:49:05.150 [JavaFX Application Thread] DEBUG PrimaryStageWindow   - Set initial scene to FXGLStartupScene
10:49:05.162 [JavaFX Application Thread] DEBUG PrimaryStageWindow   - Opening main window
10:49:05.299 [JavaFX Application Thread] DEBUG PrimaryStageWindow   - Window border size: (14.66668701171875, 37.33331298828125)
10:49:05.299 [JavaFX Application Thread] DEBUG PrimaryStageWindow   - Scaled size: 600.0 x 600.0
10:49:05.299 [JavaFX Application Thread] DEBUG PrimaryStageWindow   - Scaled ratio: (1.0, 1.0)
10:49:05.299 [JavaFX Application Thread] DEBUG PrimaryStageWindow   - Scene size: 600.0 x 600.0
10:49:05.300 [JavaFX Application Thread] DEBUG PrimaryStageWindow   - Stage size: 614.6666870117188 x 637.3333129882812
10:49:05.311 [FXGL Background Thread 1 ] DEBUG Engine               - Initializing environment variables
10:49:05.413 [FXGL Background Thread 1 ] DEBUG FXGLAssetLoaderServi - User app class for loading assets: class com.almasb.fxglgames.bomberman.BombermanApp
10:49:05.413 [FXGL Background Thread 1 ] DEBUG GameApplicationServi - Applying CSS: fxgl_dark.css
10:49:05.414 [FXGL Background Thread 1 ] DEBUG FXGLAssetLoaderServi - Loading from file system: jar:file:/C:/Users/Abrah/.m2/repository/com/github/almasb/fxgl/dev-SNAPSHOT/fxgl-dev-20210728.163953-1821.jar!/fxglassets/ui/css/fxgl_dark.css
10:49:05.479 [FXGL Background Thread 1 ] DEBUG GameApplicationServi - Initializing application scenes
10:49:05.544 [FXGL Background Thread 1 ] DEBUG GameWorld            - Game world initialized
10:49:05.628 [FXGL Background Thread 1 ] DEBUG PhysicsWorld         - Physics world initialized: appHeight=600, physics.ppm=50,0
10:49:05.628 [FXGL Background Thread 1 ] DEBUG PhysicsWorld         - Using strategy: BRUTE_FORCE
10:49:05.632 [FXGL Background Thread 1 ] DEBUG GameScene            - Game scene initialized: 600x600
10:49:05.643 [FXGL Background Thread 1 ] DEBUG FXGLAssetLoaderServi - Loading from file system: jar:file:/C:/Users/Abrah/.m2/repository/com/github/almasb/fxgl/dev-SNAPSHOT/fxgl-dev-20210728.163953-1821.jar!/fxglassets/textures/pause_menu_bg.png
10:49:05.728 [FXGL Background Thread 1 ] DEBUG GameApplicationServi - Application scenes initialized
10:49:05.755 [FXGL Background Thread 1 ] DEBUG SystemBundleService  - Loading FXGL system data
10:49:05.760 [FXGL Background Thread 1 ] DEBUG FileSystemAccess     - Reading from: C:\Users\Abrah\OneDrive - Hogeschool Leiden\Programmeren\IPOSE-TeacherBomber\system\fxgl.bundle
10:49:05.773 [FXGL Background Thread 1 ] DEBUG SystemBundleService  - Bundle FXGL: {}
10:49:05.773 [FXGL Background Thread 1 ] DEBUG UpdaterService       - Checking for updates
10:49:05.782 [FXGL Background Thread 4 ] DEBUG FXGLApplication      - Loading fonts
10:49:05.783 [FXGL Background Thread 4 ] DEBUG FXGLAssetLoaderServi - Loading from file system: jar:file:/C:/Users/Abrah/.m2/repository/com/github/almasb/fxgl/dev-SNAPSHOT/fxgl-dev-20210728.163953-1821.jar!/fxglassets/ui/fonts/VarelaRound-Regular.ttf
10:49:05.783 [FXGL Background Thread 1 ] DEBUG FXGLApplication      - Loading default localization
10:49:05.784 [FXGL Background Thread 1 ] DEBUG FXGLAssetLoaderServi - Loading from file system: jar:file:/C:/Users/Abrah/.m2/repository/com/github/almasb/fxgl/dev-SNAPSHOT/fxgl-dev-20210728.163953-1821.jar!/fxglassets/languages/english.lang
10:49:05.817 [FXGL Background Thread 1 ] INFO  FXGLApplication      - FXGL initialization took: 0,506 sec
10:49:05.836 [JavaFX Application Thread] DEBUG Input                - Registered new binding: Move Up - W
10:49:05.836 [JavaFX Application Thread] DEBUG Input                - Registered new binding: Move Left - A
10:49:05.837 [JavaFX Application Thread] DEBUG Input                - Registered new binding: Move Down - S
10:49:05.837 [JavaFX Application Thread] DEBUG Input                - Registered new binding: Move Right - D
10:49:05.837 [JavaFX Application Thread] DEBUG Input                - Registered new binding: Place Bomb - F
10:49:05.838 [JavaFX Application Thread] DEBUG FXGLAssetLoaderServi - Loading from file system: jar:file:/C:/Users/Abrah/.m2/repository/com/github/almasb/fxgl/dev-SNAPSHOT/fxgl-dev-20210728.163953-1821.jar!/fxglassets/textures/fxgl_icon.png
10:49:05.879 [JavaFX Application Thread] DEBUG FXGLAssetLoaderServi - Loading from file system: jar:file:/C:/Users/Abrah/.m2/repository/com/github/almasb/fxgl/dev-SNAPSHOT/fxgl-dev-20210728.163953-1821.jar!/fxglassets/textures/fxgl_default_cursor.png
10:49:05.884 [JavaFX Application Thread] DEBUG Input                - Registered new binding: Screenshot - CTRL+8
10:49:05.884 [JavaFX Application Thread] DEBUG Input                - Registered new binding: System info dump - CTRL+9
10:49:05.885 [JavaFX Application Thread] DEBUG Input                - Registered new binding: Restart - CTRL+R
10:49:05.887 [JavaFX Application Thread] DEBUG Input                - Registered new binding: Toggle Debug Camera - CTRL+C
10:49:05.890 [JavaFX Application Thread] DEBUG LoopRunner           - Starting loop
10:49:05.890 [JavaFX Application Thread] DEBUG LoopRunner           - Initializing JavaFX AnimationTimerLoop
10:49:05.893 [JavaFX Application Thread] DEBUG GameApplicationServi - Starting new game
10:49:05.893 [JavaFX Application Thread] DEBUG Input                - Clearing active input actions
10:49:05.897 [FXGL Background Thread 4 ] DEBUG FXGLAssetLoaderServi - Loading from file system: jar:file:/C:/Users/Abrah/.m2/repository/com/github/almasb/fxgl/dev-SNAPSHOT/fxgl-dev-20210728.163953-1821.jar!/fxglassets/ui/fonts/Abel-Regular.ttf
10:49:05.903 [FXGL Background Thread 4 ] DEBUG FXGLAssetLoaderServi - Loading from file system: jar:file:/C:/Users/Abrah/.m2/repository/com/github/almasb/fxgl/dev-SNAPSHOT/fxgl-dev-20210728.163953-1821.jar!/fxglassets/ui/fonts/lucida_console.ttf
10:49:05.915 [JavaFX Application Thread] DEBUG GameApplicationServi - Removing overlay from FXGLStartupScene and adding to FXGLLoadingScene
10:49:05.915 [JavaFX Application Thread] DEBUG PrimaryStageWindow   - FXGLStartupScene -> FXGLLoadingScene
10:49:05.915 [JavaFX Application Thread] DEBUG GameApplicationServi - Clearing previous game
10:49:05.915 [JavaFX Application Thread] DEBUG GameScene            - Clearing game scene
10:49:05.916 [JavaFX Application Thread] DEBUG GameWorld            - Clearing game world
10:49:05.916 [JavaFX Application Thread] DEBUG PhysicsWorld         - Clearing physics world
10:49:05.920 [FXGL Background Thread 1 ] DEBUG FXGLApplication      - Initializing game
10:49:05.922 [FXGL Background Thread 4 ] DEBUG FXGLAssetLoaderServi - Loading from file system: jar:file:/C:/Users/Abrah/.m2/repository/com/github/almasb/fxgl/dev-SNAPSHOT/fxgl-dev-20210728.163953-1821.jar!/fxglassets/ui/fonts/Courier-Prime.ttf
10:49:05.945 [FXGL Background Thread 1 ] DEBUG FXGLAssetLoaderServi - Loading from file system: file:/C:/Users/Abrah/OneDrive%20-%20Hogeschool%20Leiden/Programmeren/IPOSE-TeacherBomber/Bomberman/target/classes/assets/textures/brick.png
10:49:05.965 [FXGL Background Thread 1 ] DEBUG FXGLAssetLoaderServi - Loading from file system: file:/C:/Users/Abrah/OneDrive%20-%20Hogeschool%20Leiden/Programmeren/IPOSE-TeacherBomber/Bomberman/target/classes/assets/textures/stonewall.jpg
10:49:06.019 [JavaFX Application Thread] DEBUG FXGLApplication      - Registering font factories with UI factory
10:49:06.037 [FXGL Background Thread 1 ] DEBUG GameWorld            - Clearing removable entities
10:49:06.039 [FXGL Background Thread 1 ] DEBUG GameWorld            - Setting level: com.almasb.fxgl.entity.level.Level@18740a40
10:49:06.050 [FXGL Background Thread 1 ] DEBUG FXGLAssetLoaderServi - Loading from file system: file:/C:/Users/Abrah/OneDrive%20-%20Hogeschool%20Leiden/Programmeren/IPOSE-TeacherBomber/Bomberman/target/classes/assets/textures/sand.jpg
10:49:06.101 [FXGL Background Thread 1 ] DEBUG FXGLAssetLoaderServi - Loading from file system: file:/C:/Users/Abrah/OneDrive%20-%20Hogeschool%20Leiden/Programmeren/IPOSE-TeacherBomber/Bomberman/target/classes/assets/textures/koen.png
10:49:06.124 [FXGL Background Thread 1 ] INFO  FXGLApplication      - Game initialization took: 0,204 sec
10:49:06.157 [JavaFX Application Thread] DEBUG Input                - Clearing active input actions
10:49:06.174 [JavaFX Application Thread] DEBUG GameApplicationServi - Removing overlay from FXGLLoadingScene and adding to GameScene
10:49:06.175 [JavaFX Application Thread] DEBUG PrimaryStageWindow   - FXGLLoadingScene -> GameScene
10:49:06.519 [FXGL Background Thread 2 ] INFO  UpdaterService       - Your current version:  dev-SNAPSHOT
10:49:06.520 [FXGL Background Thread 2 ] INFO  UpdaterService       - Latest stable version: 17.1
10:49:07.927 [JavaFX Application Thread] DEBUG FXGLAssetLoaderServi - Loading from file system: file:/C:/Users/Abrah/OneDrive%20-%20Hogeschool%20Leiden/Programmeren/IPOSE-TeacherBomber/Bomberman/target/classes/assets/textures/bomb.png
10:49:08.782 [FXGL Background Thread 3 ] DEBUG Engine               - Logging environment variables
10:49:08.783 [FXGL Background Thread 3 ] DEBUG Engine               - achievements: []
10:49:08.783 [FXGL Background Thread 3 ] DEBUG Engine               - actualHeight: 600.0
10:49:08.783 [FXGL Background Thread 3 ] DEBUG Engine               - actualHeightProperty: ReadOnlyDoubleProperty [value: 600.0]
10:49:08.784 [FXGL Background Thread 3 ] DEBUG Engine               - actualWidth: 600.0
10:49:08.784 [FXGL Background Thread 3 ] DEBUG Engine               - actualWidthProperty: ReadOnlyDoubleProperty [value: 600.0]
10:49:08.784 [FXGL Background Thread 3 ] DEBUG Engine               - appIcon: fxgl_icon.png
10:49:08.784 [FXGL Background Thread 3 ] DEBUG Engine               - applicationMode: DEVELOPER
10:49:08.784 [FXGL Background Thread 3 ] DEBUG Engine               - cSSList: [fxgl_dark.css]
10:49:08.784 [FXGL Background Thread 3 ] DEBUG Engine               - collisionDetectionStrategy: BRUTE_FORCE
10:49:08.785 [FXGL Background Thread 3 ] DEBUG Engine               - configClass: Optional.empty
10:49:08.785 [FXGL Background Thread 3 ] DEBUG Engine               - credits: []
10:49:08.785 [FXGL Background Thread 3 ] DEBUG Engine               - defaultCursor: CursorInfo(imageName=fxgl_default_cursor.png, hotspotX=7.0, hotspotY=6.0)
10:49:08.785 [FXGL Background Thread 3 ] DEBUG Engine               - devBBoxColorProperty: ObjectProperty [value: 0xff0000ff]
10:49:08.785 [FXGL Background Thread 3 ] DEBUG Engine               - devEnableDebugCameraProperty: BooleanProperty [value: false]
10:49:08.786 [FXGL Background Thread 3 ] DEBUG Engine               - devSensorColorProperty: ObjectProperty [value: 0xffff00ff]
10:49:08.786 [FXGL Background Thread 3 ] DEBUG Engine               - devShowBBoxProperty: BooleanProperty [value: false]
10:49:08.786 [FXGL Background Thread 3 ] DEBUG Engine               - devShowPositionProperty: BooleanProperty [value: false]
10:49:08.786 [FXGL Background Thread 3 ] DEBUG Engine               - enabledMenuItems: []
10:49:08.786 [FXGL Background Thread 3 ] DEBUG Engine               - engineServices: [class com.almasb.fxgl.app.services.FXGLAssetLoaderService, class com.almasb.fxgl.app.FXGLApplication$GameApplicationService, class com.almasb.fxgl.app.services.FXGLDialogService, class com.almasb.fxgl.app.services.IOTaskExecutorService, class com.almasb.fxgl.io.FileSystemService, class com.almasb.fxgl.localization.LocalizationService, class com.almasb.fxgl.app.services.SystemBundleService, class com.almasb.fxgl.profile.SaveLoadService, class com.almasb.fxgl.ui.FXGLUIFactoryServiceProvider, class com.almasb.fxgl.ui.FXGLDialogFactoryServiceProvider, class com.almasb.fxgl.audio.AudioPlayer, class com.almasb.fxgl.notification.impl.NotificationServiceProvider, class com.almasb.fxgl.achievement.AchievementService, class com.almasb.fxgl.cutscene.CutsceneService, class com.almasb.fxgl.minigames.MiniGameService, class com.almasb.fxgl.net.NetService, class com.almasb.fxgl.app.services.UpdaterService, class com.almasb.fxgl.dev.DevService]
10:49:08.786 [FXGL Background Thread 3 ] DEBUG Engine               - fontGame: Abel-Regular.ttf
10:49:08.787 [FXGL Background Thread 3 ] DEBUG Engine               - fontMono: lucida_console.ttf
10:49:08.787 [FXGL Background Thread 3 ] DEBUG Engine               - fontText: Courier-Prime.ttf
10:49:08.787 [FXGL Background Thread 3 ] DEBUG Engine               - fontUI: VarelaRound-Regular.ttf
10:49:08.787 [FXGL Background Thread 3 ] DEBUG Engine               - fullScreen: BooleanProperty [value: false]
10:49:08.787 [FXGL Background Thread 3 ] DEBUG Engine               - gameDifficulty: MEDIUM
10:49:08.787 [FXGL Background Thread 3 ] DEBUG Engine               - gameDifficultyProperty: ObjectProperty [value: MEDIUM]
10:49:08.788 [FXGL Background Thread 3 ] DEBUG Engine               - globalMusicVolume: 0.5
10:49:08.788 [FXGL Background Thread 3 ] DEBUG Engine               - globalMusicVolumeProperty: DoubleProperty [value: 0.5]
10:49:08.788 [FXGL Background Thread 3 ] DEBUG Engine               - globalSoundVolume: 0.5
10:49:08.788 [FXGL Background Thread 3 ] DEBUG Engine               - globalSoundVolumeProperty: DoubleProperty [value: 0.5]
10:49:08.788 [FXGL Background Thread 3 ] DEBUG Engine               - height: 600
10:49:08.788 [FXGL Background Thread 3 ] DEBUG Engine               - is3D: false
10:49:08.789 [FXGL Background Thread 3 ] DEBUG Engine               - isAndroid: false
10:49:08.789 [FXGL Background Thread 3 ] DEBUG Engine               - isBrowser: false
10:49:08.789 [FXGL Background Thread 3 ] DEBUG Engine               - isClickFeedbackEnabled: false
10:49:08.789 [FXGL Background Thread 3 ] DEBUG Engine               - isCloseConfirmation: false
10:49:08.789 [FXGL Background Thread 3 ] DEBUG Engine               - isDesktop: true
10:49:08.789 [FXGL Background Thread 3 ] DEBUG Engine               - isDeveloperMenuEnabled: false
10:49:08.789 [FXGL Background Thread 3 ] DEBUG Engine               - isEmbedded: false
10:49:08.789 [FXGL Background Thread 3 ] DEBUG Engine               - isEntityPreloadEnabled: true
10:49:08.790 [FXGL Background Thread 3 ] DEBUG Engine               - isExperimentalTiledLargeMap: false
10:49:08.790 [FXGL Background Thread 3 ] DEBUG Engine               - isFileSystemWriteAllowed: true
10:49:08.790 [FXGL Background Thread 3 ] DEBUG Engine               - isFullScreenAllowed: false
10:49:08.790 [FXGL Background Thread 3 ] DEBUG Engine               - isFullScreenFromStart: false
10:49:08.790 [FXGL Background Thread 3 ] DEBUG Engine               - isGameMenuEnabled: true
10:49:08.790 [FXGL Background Thread 3 ] DEBUG Engine               - isIOS: false
10:49:08.790 [FXGL Background Thread 3 ] DEBUG Engine               - isIntroEnabled: false
10:49:08.791 [FXGL Background Thread 3 ] DEBUG Engine               - isLinux: false
10:49:08.791 [FXGL Background Thread 3 ] DEBUG Engine               - isMac: false
10:49:08.791 [FXGL Background Thread 3 ] DEBUG Engine               - isMainMenuEnabled: false
10:49:08.791 [FXGL Background Thread 3 ] DEBUG Engine               - isManualResizeEnabled: false
10:49:08.791 [FXGL Background Thread 3 ] DEBUG Engine               - isMobile: false
10:49:08.791 [FXGL Background Thread 3 ] DEBUG Engine               - isNative: false
10:49:08.791 [FXGL Background Thread 3 ] DEBUG Engine               - isPauseMusicWhenMinimized: true
10:49:08.792 [FXGL Background Thread 3 ] DEBUG Engine               - isPreserveResizeRatio: false
10:49:08.792 [FXGL Background Thread 3 ] DEBUG Engine               - isProfilingEnabled: false
10:49:08.792 [FXGL Background Thread 3 ] DEBUG Engine               - isScaleAffectedOnResize: true
10:49:08.792 [FXGL Background Thread 3 ] DEBUG Engine               - isSingleStep: false
10:49:08.792 [FXGL Background Thread 3 ] DEBUG Engine               - isUserProfileEnabled: false
10:49:08.792 [FXGL Background Thread 3 ] DEBUG Engine               - isWindows: true
10:49:08.792 [FXGL Background Thread 3 ] DEBUG Engine               - language: ObjectProperty [value: ENGLISH]
10:49:08.792 [FXGL Background Thread 3 ] DEBUG Engine               - menuKey: ESCAPE
10:49:08.793 [FXGL Background Thread 3 ] DEBUG Engine               - mouseSensitivity: 0.2
10:49:08.793 [FXGL Background Thread 3 ] DEBUG Engine               - notificationViewClass: class com.almasb.fxgl.notification.view.XboxNotificationView
10:49:08.793 [FXGL Background Thread 3 ] DEBUG Engine               - pixelsPerMeter: 50.0
10:49:08.793 [FXGL Background Thread 3 ] DEBUG Engine               - platform: WINDOWS
10:49:08.793 [FXGL Background Thread 3 ] DEBUG Engine               - prefHeightProperty: ReadOnlyDoubleProperty [value: 600.0]
10:49:08.793 [FXGL Background Thread 3 ] DEBUG Engine               - prefWidthProperty: ReadOnlyDoubleProperty [value: 600.0]
10:49:08.793 [FXGL Background Thread 3 ] DEBUG Engine               - profileDir: profiles/
10:49:08.794 [FXGL Background Thread 3 ] DEBUG Engine               - profileName: StringProperty [value: DEFAULT]
10:49:08.794 [FXGL Background Thread 3 ] DEBUG Engine               - randomSeed: -1
10:49:08.794 [FXGL Background Thread 3 ] DEBUG Engine               - runtimeInfo: RuntimeInfo(platform=WINDOWS, version=dev-SNAPSHOT, build=28.07.2021 16.39)
10:49:08.794 [FXGL Background Thread 3 ] DEBUG Engine               - saveFileExt: sav
10:49:08.794 [FXGL Background Thread 3 ] DEBUG Engine               - scaledHeightProp$fxgl: DoubleProperty [bound, value: 600.0]
10:49:08.794 [FXGL Background Thread 3 ] DEBUG Engine               - scaledWidthProp$fxgl: DoubleProperty [bound, value: 600.0]
10:49:08.794 [FXGL Background Thread 3 ] DEBUG Engine               - sceneFactory: com.almasb.fxglgames.bomberman.BombermanApp$1@5f43353d
10:49:08.795 [FXGL Background Thread 3 ] DEBUG Engine               - secondsIn24h: 60
10:49:08.795 [FXGL Background Thread 3 ] DEBUG Engine               - soundMenuBack: menu/back.wav
10:49:08.795 [FXGL Background Thread 3 ] DEBUG Engine               - soundMenuPress: menu/press.wav
10:49:08.795 [FXGL Background Thread 3 ] DEBUG Engine               - soundMenuSelect: menu/select.wav
10:49:08.795 [FXGL Background Thread 3 ] DEBUG Engine               - soundNotification: core/notification.wav
10:49:08.795 [FXGL Background Thread 3 ] DEBUG Engine               - stageStyle: DECORATED
10:49:08.795 [FXGL Background Thread 3 ] DEBUG Engine               - supportedLanguages: [ENGLISH, FRENCH, GERMAN, HUNGARIAN, RUSSIAN]
10:49:08.795 [FXGL Background Thread 3 ] DEBUG Engine               - ticksPerSecond: -1
10:49:08.795 [FXGL Background Thread 3 ] DEBUG Engine               - title: Bomberman App
10:49:08.795 [FXGL Background Thread 3 ] DEBUG Engine               - urlGithub: https://github.com/AlmasB/FXGL
10:49:08.795 [FXGL Background Thread 3 ] DEBUG Engine               - urlLeaderboard: http://fxgl-top.herokuapp.com/
10:49:08.796 [FXGL Background Thread 3 ] DEBUG Engine               - urlPOM: https://raw.githubusercontent.com/AlmasB/FXGL/release/README.md
10:49:08.796 [FXGL Background Thread 3 ] DEBUG Engine               - userAppClass: class com.almasb.fxglgames.bomberman.BombermanApp
10:49:08.796 [FXGL Background Thread 3 ] DEBUG Engine               - version: 0.1
10:49:08.796 [FXGL Background Thread 3 ] DEBUG Engine               - versionCheckDays: 7
10:49:08.796 [FXGL Background Thread 3 ] DEBUG Engine               - width: 600
10:49:08.796 [FXGL Background Thread 3 ] DEBUG Engine               - Logging services
10:49:08.796 [FXGL Background Thread 3 ] DEBUG Engine               - class com.almasb.fxgl.app.services.FXGLAssetLoaderService
10:49:08.797 [FXGL Background Thread 3 ] DEBUG Engine               - class com.almasb.fxgl.app.FXGLApplication$GameApplicationService
10:49:08.797 [FXGL Background Thread 3 ] DEBUG Engine               - class com.almasb.fxgl.app.services.FXGLDialogService
10:49:08.797 [FXGL Background Thread 3 ] DEBUG Engine               - class com.almasb.fxgl.app.services.IOTaskExecutorService
10:49:08.797 [FXGL Background Thread 3 ] DEBUG Engine               - class com.almasb.fxgl.io.FileSystemService
10:49:08.797 [FXGL Background Thread 3 ] DEBUG Engine               - class com.almasb.fxgl.localization.LocalizationService
10:49:08.797 [FXGL Background Thread 3 ] DEBUG Engine               - class com.almasb.fxgl.app.services.SystemBundleService
10:49:08.797 [FXGL Background Thread 3 ] DEBUG Engine               - class com.almasb.fxgl.profile.SaveLoadService
10:49:08.797 [FXGL Background Thread 3 ] DEBUG Engine               - class com.almasb.fxgl.ui.FXGLUIFactoryServiceProvider
10:49:08.797 [FXGL Background Thread 3 ] DEBUG Engine               - class com.almasb.fxgl.ui.FXGLDialogFactoryServiceProvider
10:49:08.797 [FXGL Background Thread 3 ] DEBUG Engine               - class com.almasb.fxgl.audio.AudioPlayer
10:49:08.797 [FXGL Background Thread 3 ] DEBUG Engine               - class com.almasb.fxgl.notification.impl.NotificationServiceProvider
10:49:08.797 [FXGL Background Thread 3 ] DEBUG Engine               - class com.almasb.fxgl.achievement.AchievementService
10:49:08.797 [FXGL Background Thread 3 ] DEBUG Engine               - class com.almasb.fxgl.cutscene.CutsceneService
10:49:08.798 [FXGL Background Thread 3 ] DEBUG Engine               - class com.almasb.fxgl.minigames.MiniGameService
10:49:08.798 [FXGL Background Thread 3 ] DEBUG Engine               - class com.almasb.fxgl.net.NetService
10:49:08.798 [FXGL Background Thread 3 ] DEBUG Engine               - class com.almasb.fxgl.app.services.UpdaterService
10:49:08.798 [FXGL Background Thread 3 ] DEBUG Engine               - class com.almasb.fxgl.dev.DevService
10:49:12.631 [JavaFX Application Thread] DEBUG FXGLApplication      - Exiting FXGL
10:49:12.631 [JavaFX Application Thread] DEBUG LoopRunner           - Stopping loop
10:49:12.631 [JavaFX Application Thread] DEBUG SystemBundleService  - Saving FXGL system data
10:49:12.636 [JavaFX Application Thread] DEBUG FileSystemAccess     - Writing to: C:\Users\Abrah\OneDrive - Hogeschool Leiden\Programmeren\IPOSE-TeacherBomber\system\fxgl.bundle
10:49:12.644 [JavaFX Application Thread] DEBUG Async                - Shutting down background threads
10:49:12.644 [JavaFX Application Thread] DEBUG PrimaryStageWindow   - Closing main window
10:49:12.674 [JavaFX Application Thread] DEBUG Logger               - Closing Logger
