13:33:02.242 [main                     ] DEBUG Logger               - Configured Logger
13:33:02.246 [main                     ] DEBUG GameApplication      - Logging settings
Title: Bomberman App
Version: 0.1
Width: 1920
Height: 1080
Fullscreen: true
Intro: false
Profiling: false
Single step:false
App Mode: DEVELOPER
Menu Key: ESCAPE
Stage Style: DECORATED
Scene Factory: class com.ward_cunningham_38.teacherbomber.TeacherBomberApp$1

13:33:02.863 [JavaFX Application Thread] DEBUG FXGLApplication      - Initializing FXGL
13:33:02.865 [JavaFX Application Thread] INFO  Engine               - FXGL-dev-SNAPSHOT (28.07.2021 16.39) on WINDOWS (J:18 FX:16)
13:33:02.865 [JavaFX Application Thread] DEBUG Engine               - JRE Vendor Name: Oracle Corporation
13:33:02.865 [JavaFX Application Thread] DEBUG Engine               - Running on OS: Windows 10 version 10.0
13:33:02.865 [JavaFX Application Thread] DEBUG Engine               - Architecture: amd64
13:33:02.865 [JavaFX Application Thread] INFO  Engine               - Source code and latest versions at: https://github.com/AlmasB/FXGL
13:33:02.866 [JavaFX Application Thread] INFO  Engine               -              Join the FXGL chat at: https://gitter.im/AlmasB/FXGL
13:33:03.000 [JavaFX Application Thread] DEBUG PrimaryStageWindow   - Creating a JavaFX scene
13:33:03.000 [JavaFX Application Thread] DEBUG PrimaryStageWindow   - Target size > screen size
13:33:03.052 [JavaFX Application Thread] DEBUG PrimaryStageWindow   - Target settings size: 1920.0 x 1080.0
13:33:03.053 [JavaFX Application Thread] DEBUG PrimaryStageWindow   - Scaled scene size:    1511.0 x 864.0
13:33:03.053 [JavaFX Application Thread] DEBUG PrimaryStageWindow   - Scaled ratio: (0.7869791666666667, 0.8)
13:33:03.054 [JavaFX Application Thread] DEBUG PrimaryStageWindow   - Set initial scene to FXGLStartupScene
13:33:03.064 [JavaFX Application Thread] DEBUG PrimaryStageWindow   - Opening main window
13:33:03.164 [JavaFX Application Thread] DEBUG PrimaryStageWindow   - Window border size: (14.5999755859375, 37.5999755859375)
13:33:03.164 [JavaFX Application Thread] DEBUG PrimaryStageWindow   - Scaled size: 1511.0 x 864.0
13:33:03.164 [JavaFX Application Thread] DEBUG PrimaryStageWindow   - Scaled ratio: (0.7869791666666667, 0.8)
13:33:03.165 [JavaFX Application Thread] DEBUG PrimaryStageWindow   - Scene size: 1511.0 x 864.0
13:33:03.165 [JavaFX Application Thread] DEBUG PrimaryStageWindow   - Stage size: 1525.5999755859375 x 901.5999755859375
13:33:03.251 [JavaFX Application Thread] DEBUG PrimaryStageWindow   - Going fullscreen
13:33:03.267 [FXGL Background Thread 1 ] DEBUG Engine               - Initializing environment variables
13:33:03.362 [FXGL Background Thread 1 ] DEBUG FXGLAssetLoaderServi - User app class for loading assets: class com.ward_cunningham_38.teacherbomber.TeacherBomberApp
13:33:03.362 [FXGL Background Thread 1 ] DEBUG GameApplicationServi - Applying CSS: fxgl_dark.css
13:33:03.363 [FXGL Background Thread 1 ] DEBUG FXGLAssetLoaderServi - Loading from file system: jar:file:/C:/Users/falco/.m2/repository/com/github/almasb/fxgl/dev-SNAPSHOT/fxgl-dev-20210728.163953-1821.jar!/fxglassets/ui/css/fxgl_dark.css
13:33:03.415 [FXGL Background Thread 1 ] DEBUG GameApplicationServi - Initializing application scenes
13:33:03.467 [FXGL Background Thread 1 ] DEBUG GameWorld            - Game world initialized
13:33:03.546 [FXGL Background Thread 1 ] DEBUG PhysicsWorld         - Physics world initialized: appHeight=1080, physics.ppm=50,0
13:33:03.547 [FXGL Background Thread 1 ] DEBUG PhysicsWorld         - Using strategy: BRUTE_FORCE
13:33:03.549 [FXGL Background Thread 1 ] DEBUG GameScene            - Game scene initialized: 1920x1080
13:33:03.558 [FXGL Background Thread 1 ] DEBUG FXGLAssetLoaderServi - Loading from file system: jar:file:/C:/Users/falco/.m2/repository/com/github/almasb/fxgl/dev-SNAPSHOT/fxgl-dev-20210728.163953-1821.jar!/fxglassets/textures/pause_menu_bg.png
13:33:03.607 [FXGL Background Thread 1 ] DEBUG GameApplicationServi - Application scenes initialized
13:33:03.623 [FXGL Background Thread 1 ] DEBUG SystemBundleService  - Loading FXGL system data
13:33:03.628 [FXGL Background Thread 1 ] DEBUG FileSystemAccess     - Reading from: C:\Users\falco\Documents\GitHub\Sites\IPOSE-TeacherBomber\system\fxgl.bundle
13:33:03.636 [FXGL Background Thread 1 ] DEBUG SystemBundleService  - Bundle FXGL: {}
13:33:03.636 [FXGL Background Thread 1 ] DEBUG UpdaterService       - Checking for updates
13:33:03.643 [FXGL Background Thread 4 ] DEBUG FXGLApplication      - Loading fonts
13:33:03.644 [FXGL Background Thread 4 ] DEBUG FXGLAssetLoaderServi - Loading from file system: jar:file:/C:/Users/falco/.m2/repository/com/github/almasb/fxgl/dev-SNAPSHOT/fxgl-dev-20210728.163953-1821.jar!/fxglassets/ui/fonts/VarelaRound-Regular.ttf
13:33:03.645 [FXGL Background Thread 1 ] DEBUG FXGLApplication      - Loading default localization
13:33:03.645 [FXGL Background Thread 1 ] DEBUG FXGLAssetLoaderServi - Loading from file system: jar:file:/C:/Users/falco/.m2/repository/com/github/almasb/fxgl/dev-SNAPSHOT/fxgl-dev-20210728.163953-1821.jar!/fxglassets/languages/english.lang
13:33:03.672 [FXGL Background Thread 1 ] INFO  FXGLApplication      - FXGL initialization took: 0,404 sec
13:33:03.687 [JavaFX Application Thread] DEBUG Input                - Registered new binding: Move Up - W
13:33:03.687 [JavaFX Application Thread] DEBUG Input                - Registered new binding: Move Left - A
13:33:03.687 [JavaFX Application Thread] DEBUG Input                - Registered new binding: Move Down - S
13:33:03.688 [JavaFX Application Thread] DEBUG Input                - Registered new binding: Move Right - D
13:33:03.688 [JavaFX Application Thread] DEBUG Input                - Registered new binding: Place Bomb - F
13:33:03.688 [JavaFX Application Thread] DEBUG FXGLAssetLoaderServi - Loading from file system: jar:file:/C:/Users/falco/.m2/repository/com/github/almasb/fxgl/dev-SNAPSHOT/fxgl-dev-20210728.163953-1821.jar!/fxglassets/textures/fxgl_icon.png
13:33:03.726 [JavaFX Application Thread] DEBUG FXGLAssetLoaderServi - Loading from file system: jar:file:/C:/Users/falco/.m2/repository/com/github/almasb/fxgl/dev-SNAPSHOT/fxgl-dev-20210728.163953-1821.jar!/fxglassets/textures/fxgl_default_cursor.png
13:33:03.729 [JavaFX Application Thread] DEBUG Input                - Registered new binding: Screenshot - CTRL+8
13:33:03.729 [JavaFX Application Thread] DEBUG Input                - Registered new binding: System info dump - CTRL+9
13:33:03.730 [JavaFX Application Thread] DEBUG Input                - Registered new binding: Restart - CTRL+R
13:33:03.731 [JavaFX Application Thread] DEBUG Input                - Registered new binding: Toggle Debug Camera - CTRL+C
13:33:03.734 [JavaFX Application Thread] DEBUG LoopRunner           - Starting loop
13:33:03.734 [JavaFX Application Thread] DEBUG LoopRunner           - Initializing JavaFX AnimationTimerLoop
13:33:03.736 [JavaFX Application Thread] DEBUG GameApplicationServi - Starting new game
13:33:03.737 [JavaFX Application Thread] DEBUG Input                - Clearing active input actions
13:33:03.748 [FXGL Background Thread 4 ] DEBUG FXGLAssetLoaderServi - Loading from file system: jar:file:/C:/Users/falco/.m2/repository/com/github/almasb/fxgl/dev-SNAPSHOT/fxgl-dev-20210728.163953-1821.jar!/fxglassets/ui/fonts/Abel-Regular.ttf
13:33:03.749 [JavaFX Application Thread] DEBUG GameApplicationServi - Removing overlay from FXGLStartupScene and adding to FXGLLoadingScene
13:33:03.750 [JavaFX Application Thread] DEBUG PrimaryStageWindow   - FXGLStartupScene -> FXGLLoadingScene
13:33:03.750 [JavaFX Application Thread] DEBUG GameApplicationServi - Clearing previous game
13:33:03.750 [JavaFX Application Thread] DEBUG GameScene            - Clearing game scene
13:33:03.750 [JavaFX Application Thread] DEBUG GameWorld            - Clearing game world
13:33:03.750 [JavaFX Application Thread] DEBUG PhysicsWorld         - Clearing physics world
13:33:03.753 [FXGL Background Thread 1 ] DEBUG FXGLApplication      - Initializing game
13:33:03.760 [FXGL Background Thread 4 ] DEBUG FXGLAssetLoaderServi - Loading from file system: jar:file:/C:/Users/falco/.m2/repository/com/github/almasb/fxgl/dev-SNAPSHOT/fxgl-dev-20210728.163953-1821.jar!/fxglassets/ui/fonts/lucida_console.ttf
13:33:03.775 [FXGL Background Thread 4 ] DEBUG FXGLAssetLoaderServi - Loading from file system: jar:file:/C:/Users/falco/.m2/repository/com/github/almasb/fxgl/dev-SNAPSHOT/fxgl-dev-20210728.163953-1821.jar!/fxglassets/ui/fonts/Courier-Prime.ttf
13:33:03.776 [FXGL Background Thread 1 ] DEBUG FXGLAssetLoaderServi - Loading from file system: file:/C:/Users/falco/Documents/GitHub/Sites/IPOSE-TeacherBomber/Bomberman/target/classes/assets/textures/wall.png
13:33:03.833 [JavaFX Application Thread] DEBUG FXGLApplication      - Registering font factories with UI factory
13:33:03.882 [FXGL Background Thread 1 ] DEBUG FXGLAssetLoaderServi - Loading from file system: file:/C:/Users/falco/Documents/GitHub/Sites/IPOSE-TeacherBomber/Bomberman/target/classes/assets/textures/brick.png
13:33:04.085 [FXGL Background Thread 2 ] INFO  UpdaterService       - Your current version:  dev-SNAPSHOT
13:33:04.085 [FXGL Background Thread 2 ] INFO  UpdaterService       - Latest stable version: 17.1
13:33:04.228 [FXGL Background Thread 1 ] DEBUG GameWorld            - Clearing removable entities
13:33:04.229 [FXGL Background Thread 1 ] DEBUG GameWorld            - Setting level: com.almasb.fxgl.entity.level.Level@57237f16
13:33:04.235 [FXGL Background Thread 1 ] DEBUG FXGLAssetLoaderServi - Loading from file system: file:/C:/Users/falco/Documents/GitHub/Sites/IPOSE-TeacherBomber/Bomberman/target/classes/assets/textures/Floor.png
13:33:05.107 [FXGL Background Thread 1 ] DEBUG FXGLAssetLoaderServi - Loading from file system: file:/C:/Users/falco/Documents/GitHub/Sites/IPOSE-TeacherBomber/Bomberman/target/classes/assets/textures/koen.png
13:33:05.131 [FXGL Background Thread 1 ] INFO  FXGLApplication      - Game initialization took: 1,377 sec
13:33:05.141 [JavaFX Application Thread] DEBUG Input                - Clearing active input actions
13:33:05.153 [JavaFX Application Thread] DEBUG GameApplicationServi - Removing overlay from FXGLLoadingScene and adding to GameScene
13:33:05.155 [JavaFX Application Thread] DEBUG PrimaryStageWindow   - FXGLLoadingScene -> GameScene
13:33:06.137 [JavaFX Application Thread] DEBUG FXGLAssetLoaderServi - Loading from file system: file:/C:/Users/falco/Documents/GitHub/Sites/IPOSE-TeacherBomber/Bomberman/target/classes/assets/textures/bomb.png
13:33:06.644 [FXGL Background Thread 3 ] DEBUG Engine               - Logging environment variables
13:33:06.644 [FXGL Background Thread 3 ] DEBUG Engine               - achievements: []
13:33:06.644 [FXGL Background Thread 3 ] DEBUG Engine               - actualHeight: 864.0
13:33:06.644 [FXGL Background Thread 3 ] DEBUG Engine               - actualHeightProperty: ReadOnlyDoubleProperty [value: 864.0]
13:33:06.644 [FXGL Background Thread 3 ] DEBUG Engine               - actualWidth: 1536.0
13:33:06.644 [FXGL Background Thread 3 ] DEBUG Engine               - actualWidthProperty: ReadOnlyDoubleProperty [value: 1536.0]
13:33:06.644 [FXGL Background Thread 3 ] DEBUG Engine               - appIcon: fxgl_icon.png
13:33:06.644 [FXGL Background Thread 3 ] DEBUG Engine               - applicationMode: DEVELOPER
13:33:06.644 [FXGL Background Thread 3 ] DEBUG Engine               - cSSList: [fxgl_dark.css]
13:33:06.644 [FXGL Background Thread 3 ] DEBUG Engine               - collisionDetectionStrategy: BRUTE_FORCE
13:33:06.644 [FXGL Background Thread 3 ] DEBUG Engine               - configClass: Optional.empty
13:33:06.644 [FXGL Background Thread 3 ] DEBUG Engine               - credits: []
13:33:06.644 [FXGL Background Thread 3 ] DEBUG Engine               - defaultCursor: CursorInfo(imageName=fxgl_default_cursor.png, hotspotX=7.0, hotspotY=6.0)
13:33:06.644 [FXGL Background Thread 3 ] DEBUG Engine               - devBBoxColorProperty: ObjectProperty [value: 0xff0000ff]
13:33:06.645 [FXGL Background Thread 3 ] DEBUG Engine               - devEnableDebugCameraProperty: BooleanProperty [value: false]
13:33:06.645 [FXGL Background Thread 3 ] DEBUG Engine               - devSensorColorProperty: ObjectProperty [value: 0xffff00ff]
13:33:06.645 [FXGL Background Thread 3 ] DEBUG Engine               - devShowBBoxProperty: BooleanProperty [value: false]
13:33:06.645 [FXGL Background Thread 3 ] DEBUG Engine               - devShowPositionProperty: BooleanProperty [value: false]
13:33:06.645 [FXGL Background Thread 3 ] DEBUG Engine               - enabledMenuItems: []
13:33:06.645 [FXGL Background Thread 3 ] DEBUG Engine               - engineServices: [class com.almasb.fxgl.app.services.FXGLAssetLoaderService, class com.almasb.fxgl.app.FXGLApplication$GameApplicationService, class com.almasb.fxgl.app.services.FXGLDialogService, class com.almasb.fxgl.app.services.IOTaskExecutorService, class com.almasb.fxgl.io.FileSystemService, class com.almasb.fxgl.localization.LocalizationService, class com.almasb.fxgl.app.services.SystemBundleService, class com.almasb.fxgl.profile.SaveLoadService, class com.almasb.fxgl.ui.FXGLUIFactoryServiceProvider, class com.almasb.fxgl.ui.FXGLDialogFactoryServiceProvider, class com.almasb.fxgl.audio.AudioPlayer, class com.almasb.fxgl.notification.impl.NotificationServiceProvider, class com.almasb.fxgl.achievement.AchievementService, class com.almasb.fxgl.cutscene.CutsceneService, class com.almasb.fxgl.minigames.MiniGameService, class com.almasb.fxgl.net.NetService, class com.almasb.fxgl.app.services.UpdaterService, class com.almasb.fxgl.dev.DevService]
13:33:06.645 [FXGL Background Thread 3 ] DEBUG Engine               - fontGame: Abel-Regular.ttf
13:33:06.645 [FXGL Background Thread 3 ] DEBUG Engine               - fontMono: lucida_console.ttf
13:33:06.645 [FXGL Background Thread 3 ] DEBUG Engine               - fontText: Courier-Prime.ttf
13:33:06.645 [FXGL Background Thread 3 ] DEBUG Engine               - fontUI: VarelaRound-Regular.ttf
13:33:06.645 [FXGL Background Thread 3 ] DEBUG Engine               - fullScreen: BooleanProperty [value: true]
13:33:06.645 [FXGL Background Thread 3 ] DEBUG Engine               - gameDifficulty: MEDIUM
13:33:06.646 [FXGL Background Thread 3 ] DEBUG Engine               - gameDifficultyProperty: ObjectProperty [value: MEDIUM]
13:33:06.646 [FXGL Background Thread 3 ] DEBUG Engine               - globalMusicVolume: 0.5
13:33:06.646 [FXGL Background Thread 3 ] DEBUG Engine               - globalMusicVolumeProperty: DoubleProperty [value: 0.5]
13:33:06.646 [FXGL Background Thread 3 ] DEBUG Engine               - globalSoundVolume: 0.5
13:33:06.646 [FXGL Background Thread 3 ] DEBUG Engine               - globalSoundVolumeProperty: DoubleProperty [value: 0.5]
13:33:06.646 [FXGL Background Thread 3 ] DEBUG Engine               - height: 1080
13:33:06.646 [FXGL Background Thread 3 ] DEBUG Engine               - is3D: false
13:33:06.646 [FXGL Background Thread 3 ] DEBUG Engine               - isAndroid: false
13:33:06.646 [FXGL Background Thread 3 ] DEBUG Engine               - isBrowser: false
13:33:06.646 [FXGL Background Thread 3 ] DEBUG Engine               - isClickFeedbackEnabled: false
13:33:06.646 [FXGL Background Thread 3 ] DEBUG Engine               - isCloseConfirmation: false
13:33:06.646 [FXGL Background Thread 3 ] DEBUG Engine               - isDesktop: true
13:33:06.646 [FXGL Background Thread 3 ] DEBUG Engine               - isDeveloperMenuEnabled: false
13:33:06.646 [FXGL Background Thread 3 ] DEBUG Engine               - isEmbedded: false
13:33:06.646 [FXGL Background Thread 3 ] DEBUG Engine               - isEntityPreloadEnabled: true
13:33:06.646 [FXGL Background Thread 3 ] DEBUG Engine               - isExperimentalTiledLargeMap: false
13:33:06.646 [FXGL Background Thread 3 ] DEBUG Engine               - isFileSystemWriteAllowed: true
13:33:06.646 [FXGL Background Thread 3 ] DEBUG Engine               - isFullScreenAllowed: true
13:33:06.647 [FXGL Background Thread 3 ] DEBUG Engine               - isFullScreenFromStart: true
13:33:06.647 [FXGL Background Thread 3 ] DEBUG Engine               - isGameMenuEnabled: true
13:33:06.647 [FXGL Background Thread 3 ] DEBUG Engine               - isIOS: false
13:33:06.647 [FXGL Background Thread 3 ] DEBUG Engine               - isIntroEnabled: false
13:33:06.647 [FXGL Background Thread 3 ] DEBUG Engine               - isLinux: false
13:33:06.647 [FXGL Background Thread 3 ] DEBUG Engine               - isMac: false
13:33:06.647 [FXGL Background Thread 3 ] DEBUG Engine               - isMainMenuEnabled: false
13:33:06.647 [FXGL Background Thread 3 ] DEBUG Engine               - isManualResizeEnabled: false
13:33:06.647 [FXGL Background Thread 3 ] DEBUG Engine               - isMobile: false
13:33:06.647 [FXGL Background Thread 3 ] DEBUG Engine               - isNative: false
13:33:06.647 [FXGL Background Thread 3 ] DEBUG Engine               - isPauseMusicWhenMinimized: true
13:33:06.647 [FXGL Background Thread 3 ] DEBUG Engine               - isPreserveResizeRatio: false
13:33:06.647 [FXGL Background Thread 3 ] DEBUG Engine               - isProfilingEnabled: false
13:33:06.647 [FXGL Background Thread 3 ] DEBUG Engine               - isScaleAffectedOnResize: true
13:33:06.647 [FXGL Background Thread 3 ] DEBUG Engine               - isSingleStep: false
13:33:06.647 [FXGL Background Thread 3 ] DEBUG Engine               - isUserProfileEnabled: false
13:33:06.647 [FXGL Background Thread 3 ] DEBUG Engine               - isWindows: true
13:33:06.648 [FXGL Background Thread 3 ] DEBUG Engine               - language: ObjectProperty [value: ENGLISH]
13:33:06.648 [FXGL Background Thread 3 ] DEBUG Engine               - menuKey: ESCAPE
13:33:06.648 [FXGL Background Thread 3 ] DEBUG Engine               - mouseSensitivity: 0.2
13:33:06.648 [FXGL Background Thread 3 ] DEBUG Engine               - notificationViewClass: class com.almasb.fxgl.notification.view.XboxNotificationView
13:33:06.648 [FXGL Background Thread 3 ] DEBUG Engine               - pixelsPerMeter: 50.0
13:33:06.648 [FXGL Background Thread 3 ] DEBUG Engine               - platform: WINDOWS
13:33:06.648 [FXGL Background Thread 3 ] DEBUG Engine               - prefHeightProperty: ReadOnlyDoubleProperty [value: 1080.0]
13:33:06.648 [FXGL Background Thread 3 ] DEBUG Engine               - prefWidthProperty: ReadOnlyDoubleProperty [value: 1920.0]
13:33:06.648 [FXGL Background Thread 3 ] DEBUG Engine               - profileDir: profiles/
13:33:06.648 [FXGL Background Thread 3 ] DEBUG Engine               - profileName: StringProperty [value: DEFAULT]
13:33:06.648 [FXGL Background Thread 3 ] DEBUG Engine               - randomSeed: -1
13:33:06.648 [FXGL Background Thread 3 ] DEBUG Engine               - runtimeInfo: RuntimeInfo(platform=WINDOWS, version=dev-SNAPSHOT, build=28.07.2021 16.39)
13:33:06.648 [FXGL Background Thread 3 ] DEBUG Engine               - saveFileExt: sav
13:33:06.648 [FXGL Background Thread 3 ] DEBUG Engine               - scaledHeightProp$fxgl: DoubleProperty [bound, value: 864.0]
13:33:06.648 [FXGL Background Thread 3 ] DEBUG Engine               - scaledWidthProp$fxgl: DoubleProperty [bound, value: 1536.0]
13:33:06.648 [FXGL Background Thread 3 ] DEBUG Engine               - sceneFactory: com.ward_cunningham_38.teacherbomber.TeacherBomberApp$1@261e09f8
13:33:06.648 [FXGL Background Thread 3 ] DEBUG Engine               - secondsIn24h: 60
13:33:06.648 [FXGL Background Thread 3 ] DEBUG Engine               - soundMenuBack: menu/back.wav
13:33:06.648 [FXGL Background Thread 3 ] DEBUG Engine               - soundMenuPress: menu/press.wav
13:33:06.648 [FXGL Background Thread 3 ] DEBUG Engine               - soundMenuSelect: menu/select.wav
13:33:06.648 [FXGL Background Thread 3 ] DEBUG Engine               - soundNotification: core/notification.wav
13:33:06.648 [FXGL Background Thread 3 ] DEBUG Engine               - stageStyle: DECORATED
13:33:06.649 [FXGL Background Thread 3 ] DEBUG Engine               - supportedLanguages: [ENGLISH, FRENCH, GERMAN, HUNGARIAN, RUSSIAN]
13:33:06.649 [FXGL Background Thread 3 ] DEBUG Engine               - ticksPerSecond: -1
13:33:06.649 [FXGL Background Thread 3 ] DEBUG Engine               - title: Bomberman App
13:33:06.649 [FXGL Background Thread 3 ] DEBUG Engine               - urlGithub: https://github.com/AlmasB/FXGL
13:33:06.649 [FXGL Background Thread 3 ] DEBUG Engine               - urlLeaderboard: http://fxgl-top.herokuapp.com/
13:33:06.649 [FXGL Background Thread 3 ] DEBUG Engine               - urlPOM: https://raw.githubusercontent.com/AlmasB/FXGL/release/README.md
13:33:06.649 [FXGL Background Thread 3 ] DEBUG Engine               - userAppClass: class com.ward_cunningham_38.teacherbomber.TeacherBomberApp
13:33:06.649 [FXGL Background Thread 3 ] DEBUG Engine               - version: 0.1
13:33:06.649 [FXGL Background Thread 3 ] DEBUG Engine               - versionCheckDays: 7
13:33:06.649 [FXGL Background Thread 3 ] DEBUG Engine               - width: 1920
13:33:06.649 [FXGL Background Thread 3 ] DEBUG Engine               - Logging services
13:33:06.649 [FXGL Background Thread 3 ] DEBUG Engine               - class com.almasb.fxgl.app.services.FXGLAssetLoaderService
13:33:06.649 [FXGL Background Thread 3 ] DEBUG Engine               - class com.almasb.fxgl.app.FXGLApplication$GameApplicationService
13:33:06.649 [FXGL Background Thread 3 ] DEBUG Engine               - class com.almasb.fxgl.app.services.FXGLDialogService
13:33:06.649 [FXGL Background Thread 3 ] DEBUG Engine               - class com.almasb.fxgl.app.services.IOTaskExecutorService
13:33:06.649 [FXGL Background Thread 3 ] DEBUG Engine               - class com.almasb.fxgl.io.FileSystemService
13:33:06.649 [FXGL Background Thread 3 ] DEBUG Engine               - class com.almasb.fxgl.localization.LocalizationService
13:33:06.649 [FXGL Background Thread 3 ] DEBUG Engine               - class com.almasb.fxgl.app.services.SystemBundleService
13:33:06.650 [FXGL Background Thread 3 ] DEBUG Engine               - class com.almasb.fxgl.profile.SaveLoadService
13:33:06.650 [FXGL Background Thread 3 ] DEBUG Engine               - class com.almasb.fxgl.ui.FXGLUIFactoryServiceProvider
13:33:06.650 [FXGL Background Thread 3 ] DEBUG Engine               - class com.almasb.fxgl.ui.FXGLDialogFactoryServiceProvider
13:33:06.650 [FXGL Background Thread 3 ] DEBUG Engine               - class com.almasb.fxgl.audio.AudioPlayer
13:33:06.650 [FXGL Background Thread 3 ] DEBUG Engine               - class com.almasb.fxgl.notification.impl.NotificationServiceProvider
13:33:06.650 [FXGL Background Thread 3 ] DEBUG Engine               - class com.almasb.fxgl.achievement.AchievementService
13:33:06.650 [FXGL Background Thread 3 ] DEBUG Engine               - class com.almasb.fxgl.cutscene.CutsceneService
13:33:06.650 [FXGL Background Thread 3 ] DEBUG Engine               - class com.almasb.fxgl.minigames.MiniGameService
13:33:06.650 [FXGL Background Thread 3 ] DEBUG Engine               - class com.almasb.fxgl.net.NetService
13:33:06.650 [FXGL Background Thread 3 ] DEBUG Engine               - class com.almasb.fxgl.app.services.UpdaterService
13:33:06.650 [FXGL Background Thread 3 ] DEBUG Engine               - class com.almasb.fxgl.dev.DevService
13:33:10.251 [JavaFX Application Thread] DEBUG FXGLAssetLoaderServi - Loading from file system: file:/C:/Users/falco/Documents/GitHub/Sites/IPOSE-TeacherBomber/Bomberman/target/classes/assets/textures/BLCK2.png
13:33:25.121 [JavaFX Application Thread] DEBUG PrimaryStageWindow   - Push state: SimpleGameMenu
13:33:25.121 [JavaFX Application Thread] DEBUG Input                - Clearing active input actions
13:33:25.124 [JavaFX Application Thread] DEBUG GameApplicationServi - Removing overlay from GameScene and adding to SimpleGameMenu
13:33:25.124 [JavaFX Application Thread] DEBUG PrimaryStageWindow   - GameScene -> SimpleGameMenu
13:33:26.599 [JavaFX Application Thread] DEBUG Menu                 - fireExit()
13:33:26.601 [JavaFX Application Thread] DEBUG PrimaryStageWindow   - Push state: DialogSubScene
13:33:26.601 [JavaFX Application Thread] DEBUG Input                - Clearing active input actions
13:33:26.602 [JavaFX Application Thread] DEBUG GameApplicationServi - Removing overlay from SimpleGameMenu and adding to DialogSubScene
13:33:26.602 [JavaFX Application Thread] DEBUG PrimaryStageWindow   - SimpleGameMenu -> DialogSubScene
13:33:27.633 [JavaFX Application Thread] DEBUG PrimaryStageWindow   - Pop state: DialogSubScene
13:33:27.633 [JavaFX Application Thread] DEBUG Input                - Clearing active input actions
13:33:27.634 [JavaFX Application Thread] DEBUG GameApplicationServi - Removing overlay from DialogSubScene and adding to SimpleGameMenu
13:33:27.634 [JavaFX Application Thread] DEBUG PrimaryStageWindow   - SimpleGameMenu <- DialogSubScene
13:33:27.634 [JavaFX Application Thread] DEBUG FXGLApplication      - Exiting FXGL
13:33:27.634 [JavaFX Application Thread] DEBUG LoopRunner           - Stopping loop
13:33:27.634 [JavaFX Application Thread] DEBUG SystemBundleService  - Saving FXGL system data
13:33:27.636 [JavaFX Application Thread] DEBUG FileSystemAccess     - Writing to: C:\Users\falco\Documents\GitHub\Sites\IPOSE-TeacherBomber\system\fxgl.bundle
13:33:27.638 [JavaFX Application Thread] DEBUG Async                - Shutting down background threads
13:33:27.638 [JavaFX Application Thread] DEBUG PrimaryStageWindow   - Closing main window
13:33:27.672 [JavaFX Application Thread] DEBUG Logger               - Closing Logger
