13:47:47.318 [main                     ] DEBUG Logger               - Configured Logger
13:47:47.321 [main                     ] DEBUG GameApplication      - Logging settings
Title: Bomberman App
Version: 0.1
Width: 600
Height: 600
Fullscreen: true
Intro: false
Profiling: false
Single step:false
App Mode: DEVELOPER
Menu Key: ESCAPE
Stage Style: DECORATED
Scene Factory: class com.almasb.fxglgames.bomberman.BombermanApp$1

13:47:47.824 [JavaFX Application Thread] DEBUG FXGLApplication      - Initializing FXGL
13:47:47.826 [JavaFX Application Thread] INFO  Engine               - FXGL-dev-SNAPSHOT (28.07.2021 16.39) on WINDOWS (J:18 FX:16)
13:47:47.826 [JavaFX Application Thread] DEBUG Engine               - JRE Vendor Name: Oracle Corporation
13:47:47.826 [JavaFX Application Thread] DEBUG Engine               - Running on OS: Windows 10 version 10.0
13:47:47.827 [JavaFX Application Thread] DEBUG Engine               - Architecture: amd64
13:47:47.827 [JavaFX Application Thread] INFO  Engine               - Source code and latest versions at: https://github.com/AlmasB/FXGL
13:47:47.827 [JavaFX Application Thread] INFO  Engine               -              Join the FXGL chat at: https://gitter.im/AlmasB/FXGL
13:47:47.942 [JavaFX Application Thread] DEBUG PrimaryStageWindow   - Creating a JavaFX scene
13:47:47.988 [JavaFX Application Thread] DEBUG PrimaryStageWindow   - Target settings size: 600.0 x 600.0
13:47:47.988 [JavaFX Application Thread] DEBUG PrimaryStageWindow   - Scaled scene size:    600.0 x 600.0
13:47:47.988 [JavaFX Application Thread] DEBUG PrimaryStageWindow   - Scaled ratio: (1.0, 1.0)
13:47:47.989 [JavaFX Application Thread] DEBUG PrimaryStageWindow   - Set initial scene to FXGLStartupScene
13:47:47.997 [JavaFX Application Thread] DEBUG PrimaryStageWindow   - Opening main window
13:47:48.077 [JavaFX Application Thread] DEBUG PrimaryStageWindow   - Window border size: (14.66668701171875, 37.33331298828125)
13:47:48.077 [JavaFX Application Thread] DEBUG PrimaryStageWindow   - Scaled size: 600.0 x 600.0
13:47:48.077 [JavaFX Application Thread] DEBUG PrimaryStageWindow   - Scaled ratio: (1.0, 1.0)
13:47:48.077 [JavaFX Application Thread] DEBUG PrimaryStageWindow   - Scene size: 600.0 x 600.0
13:47:48.077 [JavaFX Application Thread] DEBUG PrimaryStageWindow   - Stage size: 614.6666870117188 x 637.3333129882812
13:47:48.116 [JavaFX Application Thread] DEBUG PrimaryStageWindow   - Going fullscreen
13:47:48.123 [FXGL Background Thread 1 ] DEBUG Engine               - Initializing environment variables
13:47:48.187 [FXGL Background Thread 1 ] DEBUG FXGLAssetLoaderServi - User app class for loading assets: class com.almasb.fxglgames.bomberman.BombermanApp
13:47:48.187 [FXGL Background Thread 1 ] DEBUG GameApplicationServi - Applying CSS: fxgl_dark.css
13:47:48.188 [FXGL Background Thread 1 ] DEBUG FXGLAssetLoaderServi - Loading from file system: jar:file:/C:/Users/Abrah/.m2/repository/com/github/almasb/fxgl/dev-SNAPSHOT/fxgl-dev-20210728.163953-1821.jar!/fxglassets/ui/css/fxgl_dark.css
13:47:48.225 [FXGL Background Thread 1 ] DEBUG GameApplicationServi - Initializing application scenes
13:47:48.263 [FXGL Background Thread 1 ] DEBUG GameWorld            - Game world initialized
13:47:48.316 [FXGL Background Thread 1 ] DEBUG PhysicsWorld         - Physics world initialized: appHeight=600, physics.ppm=50,0
13:47:48.316 [FXGL Background Thread 1 ] DEBUG PhysicsWorld         - Using strategy: BRUTE_FORCE
13:47:48.319 [FXGL Background Thread 1 ] DEBUG GameScene            - Game scene initialized: 600x600
13:47:48.332 [FXGL Background Thread 1 ] WARN  FXGL.DefaultMenu     - FXGLDefaultMenu is not designed for resolutions < 800x600
13:47:48.332 [FXGL Background Thread 1 ] DEBUG FXGL.DefaultMenu     - createMenuBodyMainMenu()
13:47:48.350 [FXGL Background Thread 1 ] DEBUG FXGL.DefaultMenu     - createOptionsMenu()
13:47:48.360 [FXGL Background Thread 1 ] DEBUG FXGLAssetLoaderServi - Loading from file system: jar:file:/C:/Users/Abrah/.m2/repository/com/github/almasb/fxgl/dev-SNAPSHOT/fxgl-dev-20210728.163953-1821.jar!/fxglassets/textures/particles/smoke.png
13:47:48.453 [FXGL Background Thread 1 ] DEBUG FXGLAssetLoaderServi - Loading from file system: jar:file:/C:/Users/Abrah/.m2/repository/com/github/almasb/fxgl/dev-SNAPSHOT/fxgl-dev-20210728.163953-1821.jar!/fxglassets/textures/particles/trace_horizontal.png
13:47:48.481 [FXGL Background Thread 1 ] DEBUG FXGLAssetLoaderServi - Loading from file system: jar:file:/C:/Users/Abrah/.m2/repository/com/github/almasb/fxgl/dev-SNAPSHOT/fxgl-dev-20210728.163953-1821.jar!/fxglassets/textures/pause_menu_bg.png
13:47:48.497 [FXGL Background Thread 1 ] DEBUG GameApplicationServi - Application scenes initialized
13:47:48.506 [FXGL Background Thread 1 ] DEBUG SystemBundleService  - Loading FXGL system data
13:47:48.509 [FXGL Background Thread 1 ] DEBUG FileSystemAccess     - Reading from: C:\Users\Abrah\OneDrive - Hogeschool Leiden\Programmeren\IPOSE-TeacherBomber\system\fxgl.bundle
13:47:48.516 [FXGL Background Thread 1 ] DEBUG SystemBundleService  - Bundle FXGL: {}
13:47:48.516 [FXGL Background Thread 1 ] DEBUG UpdaterService       - Checking for updates
13:47:48.519 [FXGL Background Thread 4 ] DEBUG FXGLApplication      - Loading fonts
13:47:48.520 [FXGL Background Thread 1 ] DEBUG FXGLApplication      - Loading default localization
13:47:48.520 [FXGL Background Thread 4 ] DEBUG FXGLAssetLoaderServi - Loading from file system: jar:file:/C:/Users/Abrah/.m2/repository/com/github/almasb/fxgl/dev-SNAPSHOT/fxgl-dev-20210728.163953-1821.jar!/fxglassets/ui/fonts/VarelaRound-Regular.ttf
13:47:48.520 [FXGL Background Thread 1 ] DEBUG FXGLAssetLoaderServi - Loading from file system: jar:file:/C:/Users/Abrah/.m2/repository/com/github/almasb/fxgl/dev-SNAPSHOT/fxgl-dev-20210728.163953-1821.jar!/fxglassets/languages/english.lang
13:47:48.536 [FXGL Background Thread 1 ] INFO  FXGLApplication      - FXGL initialization took: 0,413 sec
13:47:48.546 [JavaFX Application Thread] DEBUG Input                - Registered new binding: Move Up - W
13:47:48.546 [JavaFX Application Thread] DEBUG Input                - Registered new binding: Move Left - A
13:47:48.546 [JavaFX Application Thread] DEBUG Input                - Registered new binding: Move Down - S
13:47:48.546 [JavaFX Application Thread] DEBUG Input                - Registered new binding: Move Right - D
13:47:48.546 [JavaFX Application Thread] DEBUG Input                - Registered new binding: Place Bomb - F
13:47:48.547 [JavaFX Application Thread] DEBUG FXGLAssetLoaderServi - Loading from file system: jar:file:/C:/Users/Abrah/.m2/repository/com/github/almasb/fxgl/dev-SNAPSHOT/fxgl-dev-20210728.163953-1821.jar!/fxglassets/textures/fxgl_icon.png
13:47:48.562 [JavaFX Application Thread] DEBUG FXGLAssetLoaderServi - Loading from file system: jar:file:/C:/Users/Abrah/.m2/repository/com/github/almasb/fxgl/dev-SNAPSHOT/fxgl-dev-20210728.163953-1821.jar!/fxglassets/textures/fxgl_default_cursor.png
13:47:48.564 [JavaFX Application Thread] DEBUG Input                - Registered new binding: Screenshot - CTRL+8
13:47:48.565 [JavaFX Application Thread] DEBUG Input                - Registered new binding: System info dump - CTRL+9
13:47:48.565 [JavaFX Application Thread] DEBUG Input                - Registered new binding: Restart - CTRL+R
13:47:48.566 [JavaFX Application Thread] DEBUG Input                - Registered new binding: Toggle Debug Camera - CTRL+C
13:47:48.569 [JavaFX Application Thread] DEBUG LoopRunner           - Starting loop
13:47:48.569 [JavaFX Application Thread] DEBUG LoopRunner           - Initializing JavaFX AnimationTimerLoop
13:47:48.572 [JavaFX Application Thread] DEBUG Input                - Clearing active input actions
13:47:48.580 [JavaFX Application Thread] DEBUG GameApplicationServi - Removing overlay from FXGLStartupScene and adding to FXGLMainMenuDummyScene
13:47:48.581 [JavaFX Application Thread] DEBUG PrimaryStageWindow   - FXGLStartupScene -> FXGLMainMenuDummyScene
13:47:48.581 [JavaFX Application Thread] DEBUG PrimaryStageWindow   - Push state: FXGLDefaultMenu
13:47:48.581 [JavaFX Application Thread] DEBUG Input                - Clearing active input actions
13:47:48.586 [FXGL Background Thread 4 ] DEBUG FXGLAssetLoaderServi - Loading from file system: jar:file:/C:/Users/Abrah/.m2/repository/com/github/almasb/fxgl/dev-SNAPSHOT/fxgl-dev-20210728.163953-1821.jar!/fxglassets/ui/fonts/Abel-Regular.ttf
13:47:48.592 [JavaFX Application Thread] DEBUG GameApplicationServi - Removing overlay from FXGLMainMenuDummyScene and adding to FXGLDefaultMenu
13:47:48.592 [FXGL Background Thread 4 ] DEBUG FXGLAssetLoaderServi - Loading from file system: jar:file:/C:/Users/Abrah/.m2/repository/com/github/almasb/fxgl/dev-SNAPSHOT/fxgl-dev-20210728.163953-1821.jar!/fxglassets/ui/fonts/lucida_console.ttf
13:47:48.592 [JavaFX Application Thread] DEBUG PrimaryStageWindow   - FXGLMainMenuDummyScene -> FXGLDefaultMenu
13:47:48.598 [FXGL Background Thread 4 ] DEBUG FXGLAssetLoaderServi - Loading from file system: jar:file:/C:/Users/Abrah/.m2/repository/com/github/almasb/fxgl/dev-SNAPSHOT/fxgl-dev-20210728.163953-1821.jar!/fxglassets/ui/fonts/Courier-Prime.ttf
13:47:48.665 [JavaFX Application Thread] DEBUG FXGLApplication      - Registering font factories with UI factory
13:47:48.855 [FXGL Background Thread 2 ] INFO  UpdaterService       - Your current version:  dev-SNAPSHOT
13:47:48.855 [FXGL Background Thread 2 ] INFO  UpdaterService       - Latest stable version: 17.1
13:47:50.484 [JavaFX Application Thread] DEBUG Menu                 - fireNewGame()
13:47:50.485 [JavaFX Application Thread] DEBUG GameApplicationServi - Starting new game
13:47:50.487 [JavaFX Application Thread] DEBUG PrimaryStageWindow   - Pop state: FXGLDefaultMenu
13:47:50.487 [JavaFX Application Thread] DEBUG Input                - Clearing active input actions
13:47:50.488 [JavaFX Application Thread] DEBUG GameApplicationServi - Removing overlay from FXGLDefaultMenu and adding to FXGLMainMenuDummyScene
13:47:50.488 [JavaFX Application Thread] DEBUG PrimaryStageWindow   - FXGLMainMenuDummyScene <- FXGLDefaultMenu
13:47:50.489 [JavaFX Application Thread] DEBUG Input                - Clearing active input actions
13:47:50.494 [JavaFX Application Thread] DEBUG GameApplicationServi - Removing overlay from FXGLMainMenuDummyScene and adding to FXGLLoadingScene
13:47:50.494 [JavaFX Application Thread] DEBUG PrimaryStageWindow   - FXGLMainMenuDummyScene -> FXGLLoadingScene
13:47:50.494 [JavaFX Application Thread] DEBUG GameApplicationServi - Clearing previous game
13:47:50.494 [JavaFX Application Thread] DEBUG GameScene            - Clearing game scene
13:47:50.494 [JavaFX Application Thread] DEBUG GameWorld            - Clearing game world
13:47:50.494 [JavaFX Application Thread] DEBUG PhysicsWorld         - Clearing physics world
13:47:50.496 [FXGL Background Thread 2 ] DEBUG FXGLApplication      - Initializing game
13:47:50.504 [FXGL Background Thread 2 ] DEBUG FXGLAssetLoaderServi - Loading from file system: file:/C:/Users/Abrah/OneDrive%20-%20Hogeschool%20Leiden/Programmeren/IPOSE-TeacherBomber/Bomberman/target/classes/assets/textures/brick.png
13:47:50.514 [FXGL Background Thread 2 ] DEBUG FXGLAssetLoaderServi - Loading from file system: file:/C:/Users/Abrah/OneDrive%20-%20Hogeschool%20Leiden/Programmeren/IPOSE-TeacherBomber/Bomberman/target/classes/assets/textures/stonewall.jpg
13:47:50.547 [FXGL Background Thread 2 ] DEBUG GameWorld            - Clearing removable entities
13:47:50.547 [FXGL Background Thread 2 ] DEBUG GameWorld            - Setting level: com.almasb.fxgl.entity.level.Level@5bce27af
13:47:50.552 [FXGL Background Thread 2 ] DEBUG FXGLAssetLoaderServi - Loading from file system: file:/C:/Users/Abrah/OneDrive%20-%20Hogeschool%20Leiden/Programmeren/IPOSE-TeacherBomber/Bomberman/target/classes/assets/textures/sand.jpg
13:47:50.576 [FXGL Background Thread 2 ] DEBUG FXGLAssetLoaderServi - Loading from file system: file:/C:/Users/Abrah/OneDrive%20-%20Hogeschool%20Leiden/Programmeren/IPOSE-TeacherBomber/Bomberman/target/classes/assets/textures/tobias.jpg
13:47:50.590 [FXGL Background Thread 2 ] INFO  FXGLApplication      - Game initialization took: 0,094 sec
13:47:50.590 [JavaFX Application Thread] DEBUG Input                - Clearing active input actions
13:47:50.596 [JavaFX Application Thread] DEBUG GameApplicationServi - Removing overlay from FXGLLoadingScene and adding to GameScene
13:47:50.597 [JavaFX Application Thread] DEBUG PrimaryStageWindow   - FXGLLoadingScene -> GameScene
13:47:51.519 [FXGL Background Thread 3 ] DEBUG Engine               - Logging environment variables
13:47:51.519 [FXGL Background Thread 3 ] DEBUG Engine               - achievements: []
13:47:51.519 [FXGL Background Thread 3 ] DEBUG Engine               - actualHeight: 1066.6666259765625
13:47:51.519 [FXGL Background Thread 3 ] DEBUG Engine               - actualHeightProperty: ReadOnlyDoubleProperty [value: 1066.6666259765625]
13:47:51.519 [FXGL Background Thread 3 ] DEBUG Engine               - actualWidth: 1706.6666259765625
13:47:51.519 [FXGL Background Thread 3 ] DEBUG Engine               - actualWidthProperty: ReadOnlyDoubleProperty [value: 1706.6666259765625]
13:47:51.519 [FXGL Background Thread 3 ] DEBUG Engine               - appIcon: fxgl_icon.png
13:47:51.519 [FXGL Background Thread 3 ] DEBUG Engine               - applicationMode: DEVELOPER
13:47:51.520 [FXGL Background Thread 3 ] DEBUG Engine               - cSSList: [fxgl_dark.css]
13:47:51.520 [FXGL Background Thread 3 ] DEBUG Engine               - collisionDetectionStrategy: BRUTE_FORCE
13:47:51.520 [FXGL Background Thread 3 ] DEBUG Engine               - configClass: Optional.empty
13:47:51.520 [FXGL Background Thread 3 ] DEBUG Engine               - credits: []
13:47:51.520 [FXGL Background Thread 3 ] DEBUG Engine               - defaultCursor: CursorInfo(imageName=fxgl_default_cursor.png, hotspotX=7.0, hotspotY=6.0)
13:47:51.520 [FXGL Background Thread 3 ] DEBUG Engine               - devBBoxColorProperty: ObjectProperty [value: 0xff0000ff]
13:47:51.520 [FXGL Background Thread 3 ] DEBUG Engine               - devEnableDebugCameraProperty: BooleanProperty [value: false]
13:47:51.520 [FXGL Background Thread 3 ] DEBUG Engine               - devSensorColorProperty: ObjectProperty [value: 0xffff00ff]
13:47:51.520 [FXGL Background Thread 3 ] DEBUG Engine               - devShowBBoxProperty: BooleanProperty [value: false]
13:47:51.520 [FXGL Background Thread 3 ] DEBUG Engine               - devShowPositionProperty: BooleanProperty [value: false]
13:47:51.520 [FXGL Background Thread 3 ] DEBUG Engine               - enabledMenuItems: []
13:47:51.520 [FXGL Background Thread 3 ] DEBUG Engine               - engineServices: [class com.almasb.fxgl.app.services.FXGLAssetLoaderService, class com.almasb.fxgl.app.FXGLApplication$GameApplicationService, class com.almasb.fxgl.app.services.FXGLDialogService, class com.almasb.fxgl.app.services.IOTaskExecutorService, class com.almasb.fxgl.io.FileSystemService, class com.almasb.fxgl.localization.LocalizationService, class com.almasb.fxgl.app.services.SystemBundleService, class com.almasb.fxgl.profile.SaveLoadService, class com.almasb.fxgl.ui.FXGLUIFactoryServiceProvider, class com.almasb.fxgl.ui.FXGLDialogFactoryServiceProvider, class com.almasb.fxgl.audio.AudioPlayer, class com.almasb.fxgl.notification.impl.NotificationServiceProvider, class com.almasb.fxgl.achievement.AchievementService, class com.almasb.fxgl.cutscene.CutsceneService, class com.almasb.fxgl.minigames.MiniGameService, class com.almasb.fxgl.net.NetService, class com.almasb.fxgl.app.services.UpdaterService, class com.almasb.fxgl.dev.DevService]
13:47:51.520 [FXGL Background Thread 3 ] DEBUG Engine               - fontGame: Abel-Regular.ttf
13:47:51.520 [FXGL Background Thread 3 ] DEBUG Engine               - fontMono: lucida_console.ttf
13:47:51.520 [FXGL Background Thread 3 ] DEBUG Engine               - fontText: Courier-Prime.ttf
13:47:51.520 [FXGL Background Thread 3 ] DEBUG Engine               - fontUI: VarelaRound-Regular.ttf
13:47:51.520 [FXGL Background Thread 3 ] DEBUG Engine               - fullScreen: BooleanProperty [value: true]
13:47:51.520 [FXGL Background Thread 3 ] DEBUG Engine               - gameDifficulty: MEDIUM
13:47:51.520 [FXGL Background Thread 3 ] DEBUG Engine               - gameDifficultyProperty: ObjectProperty [value: MEDIUM]
13:47:51.520 [FXGL Background Thread 3 ] DEBUG Engine               - globalMusicVolume: 0.5
13:47:51.520 [FXGL Background Thread 3 ] DEBUG Engine               - globalMusicVolumeProperty: DoubleProperty [value: 0.5]
13:47:51.521 [FXGL Background Thread 3 ] DEBUG Engine               - globalSoundVolume: 0.5
13:47:51.521 [FXGL Background Thread 3 ] DEBUG Engine               - globalSoundVolumeProperty: DoubleProperty [value: 0.5]
13:47:51.521 [FXGL Background Thread 3 ] DEBUG Engine               - height: 600
13:47:51.521 [FXGL Background Thread 3 ] DEBUG Engine               - is3D: false
13:47:51.521 [FXGL Background Thread 3 ] DEBUG Engine               - isAndroid: false
13:47:51.521 [FXGL Background Thread 3 ] DEBUG Engine               - isBrowser: false
13:47:51.521 [FXGL Background Thread 3 ] DEBUG Engine               - isClickFeedbackEnabled: false
13:47:51.521 [FXGL Background Thread 3 ] DEBUG Engine               - isCloseConfirmation: false
13:47:51.521 [FXGL Background Thread 3 ] DEBUG Engine               - isDesktop: true
13:47:51.521 [FXGL Background Thread 3 ] DEBUG Engine               - isDeveloperMenuEnabled: false
13:47:51.521 [FXGL Background Thread 3 ] DEBUG Engine               - isEmbedded: false
13:47:51.521 [FXGL Background Thread 3 ] DEBUG Engine               - isEntityPreloadEnabled: true
13:47:51.521 [FXGL Background Thread 3 ] DEBUG Engine               - isExperimentalTiledLargeMap: false
13:47:51.521 [FXGL Background Thread 3 ] DEBUG Engine               - isFileSystemWriteAllowed: true
13:47:51.521 [FXGL Background Thread 3 ] DEBUG Engine               - isFullScreenAllowed: true
13:47:51.521 [FXGL Background Thread 3 ] DEBUG Engine               - isFullScreenFromStart: true
13:47:51.521 [FXGL Background Thread 3 ] DEBUG Engine               - isGameMenuEnabled: true
13:47:51.521 [FXGL Background Thread 3 ] DEBUG Engine               - isIOS: false
13:47:51.521 [FXGL Background Thread 3 ] DEBUG Engine               - isIntroEnabled: false
13:47:51.522 [FXGL Background Thread 3 ] DEBUG Engine               - isLinux: false
13:47:51.522 [FXGL Background Thread 3 ] DEBUG Engine               - isMac: false
13:47:51.522 [FXGL Background Thread 3 ] DEBUG Engine               - isMainMenuEnabled: true
13:47:51.522 [FXGL Background Thread 3 ] DEBUG Engine               - isManualResizeEnabled: false
13:47:51.522 [FXGL Background Thread 3 ] DEBUG Engine               - isMobile: false
13:47:51.522 [FXGL Background Thread 3 ] DEBUG Engine               - isNative: false
13:47:51.522 [FXGL Background Thread 3 ] DEBUG Engine               - isPauseMusicWhenMinimized: true
13:47:51.522 [FXGL Background Thread 3 ] DEBUG Engine               - isPreserveResizeRatio: false
13:47:51.522 [FXGL Background Thread 3 ] DEBUG Engine               - isProfilingEnabled: false
13:47:51.522 [FXGL Background Thread 3 ] DEBUG Engine               - isScaleAffectedOnResize: true
13:47:51.522 [FXGL Background Thread 3 ] DEBUG Engine               - isSingleStep: false
13:47:51.522 [FXGL Background Thread 3 ] DEBUG Engine               - isUserProfileEnabled: false
13:47:51.522 [FXGL Background Thread 3 ] DEBUG Engine               - isWindows: true
13:47:51.522 [FXGL Background Thread 3 ] DEBUG Engine               - language: ObjectProperty [value: ENGLISH]
13:47:51.522 [FXGL Background Thread 3 ] DEBUG Engine               - menuKey: ESCAPE
13:47:51.522 [FXGL Background Thread 3 ] DEBUG Engine               - mouseSensitivity: 0.2
13:47:51.522 [FXGL Background Thread 3 ] DEBUG Engine               - notificationViewClass: class com.almasb.fxgl.notification.view.XboxNotificationView
13:47:51.522 [FXGL Background Thread 3 ] DEBUG Engine               - pixelsPerMeter: 50.0
13:47:51.522 [FXGL Background Thread 3 ] DEBUG Engine               - platform: WINDOWS
13:47:51.522 [FXGL Background Thread 3 ] DEBUG Engine               - prefHeightProperty: ReadOnlyDoubleProperty [value: 600.0]
13:47:51.522 [FXGL Background Thread 3 ] DEBUG Engine               - prefWidthProperty: ReadOnlyDoubleProperty [value: 600.0]
13:47:51.522 [FXGL Background Thread 3 ] DEBUG Engine               - profileDir: profiles/
13:47:51.522 [FXGL Background Thread 3 ] DEBUG Engine               - profileName: StringProperty [value: DEFAULT]
13:47:51.522 [FXGL Background Thread 3 ] DEBUG Engine               - randomSeed: -1
13:47:51.522 [FXGL Background Thread 3 ] DEBUG Engine               - runtimeInfo: RuntimeInfo(platform=WINDOWS, version=dev-SNAPSHOT, build=28.07.2021 16.39)
13:47:51.522 [FXGL Background Thread 3 ] DEBUG Engine               - saveFileExt: sav
13:47:51.522 [FXGL Background Thread 3 ] DEBUG Engine               - scaledHeightProp$fxgl: DoubleProperty [bound, value: 1066.6666259765625]
13:47:51.522 [FXGL Background Thread 3 ] DEBUG Engine               - scaledWidthProp$fxgl: DoubleProperty [bound, value: 1706.6666259765625]
13:47:51.523 [FXGL Background Thread 3 ] DEBUG Engine               - sceneFactory: com.almasb.fxglgames.bomberman.BombermanApp$1@359644e4
13:47:51.523 [FXGL Background Thread 3 ] DEBUG Engine               - secondsIn24h: 60
13:47:51.523 [FXGL Background Thread 3 ] DEBUG Engine               - soundMenuBack: menu/back.wav
13:47:51.523 [FXGL Background Thread 3 ] DEBUG Engine               - soundMenuPress: menu/press.wav
13:47:51.523 [FXGL Background Thread 3 ] DEBUG Engine               - soundMenuSelect: menu/select.wav
13:47:51.523 [FXGL Background Thread 3 ] DEBUG Engine               - soundNotification: core/notification.wav
13:47:51.523 [FXGL Background Thread 3 ] DEBUG Engine               - stageStyle: DECORATED
13:47:51.523 [FXGL Background Thread 3 ] DEBUG Engine               - supportedLanguages: [ENGLISH, FRENCH, GERMAN, HUNGARIAN, RUSSIAN]
13:47:51.523 [FXGL Background Thread 3 ] DEBUG Engine               - ticksPerSecond: -1
13:47:51.523 [FXGL Background Thread 3 ] DEBUG Engine               - title: Bomberman App
13:47:51.523 [FXGL Background Thread 3 ] DEBUG Engine               - urlGithub: https://github.com/AlmasB/FXGL
13:47:51.523 [FXGL Background Thread 3 ] DEBUG Engine               - urlLeaderboard: http://fxgl-top.herokuapp.com/
13:47:51.523 [FXGL Background Thread 3 ] DEBUG Engine               - urlPOM: https://raw.githubusercontent.com/AlmasB/FXGL/release/README.md
13:47:51.523 [FXGL Background Thread 3 ] DEBUG Engine               - userAppClass: class com.almasb.fxglgames.bomberman.BombermanApp
13:47:51.523 [FXGL Background Thread 3 ] DEBUG Engine               - version: 0.1
13:47:51.523 [FXGL Background Thread 3 ] DEBUG Engine               - versionCheckDays: 7
13:47:51.523 [FXGL Background Thread 3 ] DEBUG Engine               - width: 600
13:47:51.523 [FXGL Background Thread 3 ] DEBUG Engine               - Logging services
13:47:51.523 [FXGL Background Thread 3 ] DEBUG Engine               - class com.almasb.fxgl.app.services.FXGLAssetLoaderService
13:47:51.523 [FXGL Background Thread 3 ] DEBUG Engine               - class com.almasb.fxgl.app.FXGLApplication$GameApplicationService
13:47:51.523 [FXGL Background Thread 3 ] DEBUG Engine               - class com.almasb.fxgl.app.services.FXGLDialogService
13:47:51.523 [FXGL Background Thread 3 ] DEBUG Engine               - class com.almasb.fxgl.app.services.IOTaskExecutorService
13:47:51.523 [FXGL Background Thread 3 ] DEBUG Engine               - class com.almasb.fxgl.io.FileSystemService
13:47:51.523 [FXGL Background Thread 3 ] DEBUG Engine               - class com.almasb.fxgl.localization.LocalizationService
13:47:51.523 [FXGL Background Thread 3 ] DEBUG Engine               - class com.almasb.fxgl.app.services.SystemBundleService
13:47:51.523 [FXGL Background Thread 3 ] DEBUG Engine               - class com.almasb.fxgl.profile.SaveLoadService
13:47:51.523 [FXGL Background Thread 3 ] DEBUG Engine               - class com.almasb.fxgl.ui.FXGLUIFactoryServiceProvider
13:47:51.523 [FXGL Background Thread 3 ] DEBUG Engine               - class com.almasb.fxgl.ui.FXGLDialogFactoryServiceProvider
13:47:51.523 [FXGL Background Thread 3 ] DEBUG Engine               - class com.almasb.fxgl.audio.AudioPlayer
13:47:51.523 [FXGL Background Thread 3 ] DEBUG Engine               - class com.almasb.fxgl.notification.impl.NotificationServiceProvider
13:47:51.523 [FXGL Background Thread 3 ] DEBUG Engine               - class com.almasb.fxgl.achievement.AchievementService
13:47:51.523 [FXGL Background Thread 3 ] DEBUG Engine               - class com.almasb.fxgl.cutscene.CutsceneService
13:47:51.523 [FXGL Background Thread 3 ] DEBUG Engine               - class com.almasb.fxgl.minigames.MiniGameService
13:47:51.523 [FXGL Background Thread 3 ] DEBUG Engine               - class com.almasb.fxgl.net.NetService
13:47:51.523 [FXGL Background Thread 3 ] DEBUG Engine               - class com.almasb.fxgl.app.services.UpdaterService
13:47:51.523 [FXGL Background Thread 3 ] DEBUG Engine               - class com.almasb.fxgl.dev.DevService
13:49:01.529 [JavaFX Application Thread] DEBUG PrimaryStageWindow   - Push state: SimpleGameMenu
13:49:01.530 [JavaFX Application Thread] DEBUG Input                - Clearing active input actions
13:49:01.530 [JavaFX Application Thread] DEBUG GameApplicationServi - Removing overlay from GameScene and adding to SimpleGameMenu
13:49:01.530 [JavaFX Application Thread] DEBUG PrimaryStageWindow   - GameScene -> SimpleGameMenu
13:49:03.444 [JavaFX Application Thread] DEBUG Menu                 - fireExitToMainMenu()
13:49:03.446 [JavaFX Application Thread] DEBUG PrimaryStageWindow   - Push state: DialogSubScene
13:49:03.446 [JavaFX Application Thread] DEBUG Input                - Clearing active input actions
13:49:03.446 [JavaFX Application Thread] DEBUG GameApplicationServi - Removing overlay from SimpleGameMenu and adding to DialogSubScene
13:49:03.446 [JavaFX Application Thread] DEBUG PrimaryStageWindow   - SimpleGameMenu -> DialogSubScene
13:49:04.805 [JavaFX Application Thread] DEBUG PrimaryStageWindow   - Pop state: DialogSubScene
13:49:04.805 [JavaFX Application Thread] DEBUG Input                - Clearing active input actions
13:49:04.806 [JavaFX Application Thread] DEBUG GameApplicationServi - Removing overlay from DialogSubScene and adding to SimpleGameMenu
13:49:04.806 [JavaFX Application Thread] DEBUG PrimaryStageWindow   - SimpleGameMenu <- DialogSubScene
13:49:04.806 [JavaFX Application Thread] DEBUG PrimaryStageWindow   - Pop state: SimpleGameMenu
13:49:04.806 [JavaFX Application Thread] DEBUG Input                - Clearing active input actions
13:49:04.806 [JavaFX Application Thread] DEBUG GameApplicationServi - Removing overlay from SimpleGameMenu and adding to GameScene
13:49:04.806 [JavaFX Application Thread] DEBUG PrimaryStageWindow   - GameScene <- SimpleGameMenu
13:49:04.806 [JavaFX Application Thread] DEBUG Input                - Clearing active input actions
13:49:04.809 [JavaFX Application Thread] DEBUG GameApplicationServi - Removing overlay from GameScene and adding to FXGLMainMenuDummyScene
13:49:04.810 [JavaFX Application Thread] DEBUG PrimaryStageWindow   - GameScene -> FXGLMainMenuDummyScene
13:49:04.810 [JavaFX Application Thread] DEBUG PrimaryStageWindow   - Push state: FXGLDefaultMenu
13:49:04.810 [JavaFX Application Thread] DEBUG Input                - Clearing active input actions
13:49:04.812 [JavaFX Application Thread] DEBUG GameApplicationServi - Removing overlay from FXGLMainMenuDummyScene and adding to FXGLDefaultMenu
13:49:04.812 [JavaFX Application Thread] DEBUG PrimaryStageWindow   - FXGLMainMenuDummyScene -> FXGLDefaultMenu
13:49:05.960 [JavaFX Application Thread] DEBUG Menu                 - fireExit()
13:49:05.961 [JavaFX Application Thread] DEBUG PrimaryStageWindow   - Push state: DialogSubScene
13:49:05.961 [JavaFX Application Thread] DEBUG Input                - Clearing active input actions
13:49:05.962 [JavaFX Application Thread] DEBUG GameApplicationServi - Removing overlay from FXGLDefaultMenu and adding to DialogSubScene
13:49:05.962 [JavaFX Application Thread] DEBUG PrimaryStageWindow   - FXGLDefaultMenu -> DialogSubScene
13:49:06.814 [JavaFX Application Thread] DEBUG PrimaryStageWindow   - Pop state: DialogSubScene
13:49:06.814 [JavaFX Application Thread] DEBUG Input                - Clearing active input actions
13:49:06.815 [JavaFX Application Thread] DEBUG GameApplicationServi - Removing overlay from DialogSubScene and adding to FXGLDefaultMenu
13:49:06.815 [JavaFX Application Thread] DEBUG PrimaryStageWindow   - FXGLDefaultMenu <- DialogSubScene
13:49:06.815 [JavaFX Application Thread] DEBUG FXGLApplication      - Exiting FXGL
13:49:06.815 [JavaFX Application Thread] DEBUG LoopRunner           - Stopping loop
13:49:06.815 [JavaFX Application Thread] DEBUG SystemBundleService  - Saving FXGL system data
13:49:06.816 [JavaFX Application Thread] DEBUG FileSystemAccess     - Writing to: C:\Users\Abrah\OneDrive - Hogeschool Leiden\Programmeren\IPOSE-TeacherBomber\system\fxgl.bundle
13:49:06.820 [JavaFX Application Thread] DEBUG Async                - Shutting down background threads
13:49:06.820 [JavaFX Application Thread] DEBUG PrimaryStageWindow   - Closing main window
13:49:06.832 [JavaFX Application Thread] DEBUG Logger               - Closing Logger
