14:09:53.767 [main                     ] DEBUG Logger               - Configured Logger
14:09:53.770 [main                     ] DEBUG GameApplication      - Logging settings
Title: Bomberman App
Version: 0.1
Width: 1920
Height: 1080
Fullscreen: true
Intro: false
Profiling: false
Single step:false
App Mode: DEVELOPER
Menu Key: ESCAPE
Stage Style: DECORATED
Scene Factory: class TeacherBomberApp$1

14:09:54.416 [JavaFX Application Thread] DEBUG FXGLApplication      - Initializing FXGL
14:09:54.418 [JavaFX Application Thread] INFO  Engine               - FXGL-dev-SNAPSHOT (28.07.2021 16.39) on WINDOWS (J:18 FX:16)
14:09:54.418 [JavaFX Application Thread] DEBUG Engine               - JRE Vendor Name: Oracle Corporation
14:09:54.418 [JavaFX Application Thread] DEBUG Engine               - Running on OS: Windows 10 version 10.0
14:09:54.418 [JavaFX Application Thread] DEBUG Engine               - Architecture: amd64
14:09:54.418 [JavaFX Application Thread] INFO  Engine               - Source code and latest versions at: https://github.com/AlmasB/FXGL
14:09:54.418 [JavaFX Application Thread] INFO  Engine               -              Join the FXGL chat at: https://gitter.im/AlmasB/FXGL
14:09:54.547 [JavaFX Application Thread] DEBUG PrimaryStageWindow   - Creating a JavaFX scene
14:09:54.547 [JavaFX Application Thread] DEBUG PrimaryStageWindow   - Target size > screen size
14:09:54.595 [JavaFX Application Thread] DEBUG PrimaryStageWindow   - Target settings size: 1920.0 x 1080.0
14:09:54.595 [JavaFX Application Thread] DEBUG PrimaryStageWindow   - Scaled scene size:    1511.0 x 864.0
14:09:54.595 [JavaFX Application Thread] DEBUG PrimaryStageWindow   - Scaled ratio: (0.7869791666666667, 0.8)
14:09:54.596 [JavaFX Application Thread] DEBUG PrimaryStageWindow   - Set initial scene to FXGLStartupScene
14:09:54.604 [JavaFX Application Thread] DEBUG PrimaryStageWindow   - Opening main window
14:09:54.719 [JavaFX Application Thread] DEBUG PrimaryStageWindow   - Window border size: (14.5999755859375, 37.5999755859375)
14:09:54.720 [JavaFX Application Thread] DEBUG PrimaryStageWindow   - Scaled size: 1511.0 x 864.0
14:09:54.720 [JavaFX Application Thread] DEBUG PrimaryStageWindow   - Scaled ratio: (0.7869791666666667, 0.8)
14:09:54.720 [JavaFX Application Thread] DEBUG PrimaryStageWindow   - Scene size: 1511.0 x 864.0
14:09:54.720 [JavaFX Application Thread] DEBUG PrimaryStageWindow   - Stage size: 1525.5999755859375 x 901.5999755859375
14:09:54.802 [JavaFX Application Thread] DEBUG PrimaryStageWindow   - Going fullscreen
14:09:54.815 [FXGL Background Thread 1 ] DEBUG Engine               - Initializing environment variables
14:09:54.907 [FXGL Background Thread 1 ] DEBUG FXGLAssetLoaderServi - User app class for loading assets: class TeacherBomberApp
14:09:54.908 [FXGL Background Thread 1 ] DEBUG GameApplicationServi - Applying CSS: fxgl_dark.css
14:09:54.908 [FXGL Background Thread 1 ] DEBUG FXGLAssetLoaderServi - Loading from file system: jar:file:/C:/Users/falco/.m2/repository/com/github/almasb/fxgl/dev-SNAPSHOT/fxgl-dev-20210728.163953-1821.jar!/fxglassets/ui/css/fxgl_dark.css
14:09:54.955 [FXGL Background Thread 1 ] DEBUG GameApplicationServi - Initializing application scenes
14:09:55.011 [FXGL Background Thread 1 ] DEBUG GameWorld            - Game world initialized
14:09:55.079 [FXGL Background Thread 1 ] DEBUG PhysicsWorld         - Physics world initialized: appHeight=1080, physics.ppm=50,0
14:09:55.080 [FXGL Background Thread 1 ] DEBUG PhysicsWorld         - Using strategy: BRUTE_FORCE
14:09:55.082 [FXGL Background Thread 1 ] DEBUG GameScene            - Game scene initialized: 1920x1080
14:09:55.090 [FXGL Background Thread 1 ] DEBUG FXGLAssetLoaderServi - Loading from file system: jar:file:/C:/Users/falco/.m2/repository/com/github/almasb/fxgl/dev-SNAPSHOT/fxgl-dev-20210728.163953-1821.jar!/fxglassets/textures/pause_menu_bg.png
14:09:55.144 [FXGL Background Thread 1 ] DEBUG GameApplicationServi - Application scenes initialized
14:09:55.161 [FXGL Background Thread 1 ] DEBUG SystemBundleService  - Loading FXGL system data
14:09:55.169 [FXGL Background Thread 1 ] DEBUG FileSystemAccess     - Reading from: C:\Users\falco\Documents\GitHub\Sites\IPOSE-TeacherBomber\system\fxgl.bundle
14:09:55.179 [FXGL Background Thread 1 ] DEBUG SystemBundleService  - Bundle FXGL: {}
14:09:55.179 [FXGL Background Thread 1 ] DEBUG UpdaterService       - Checking for updates
14:09:55.187 [FXGL Background Thread 4 ] DEBUG FXGLApplication      - Loading fonts
14:09:55.188 [FXGL Background Thread 4 ] DEBUG FXGLAssetLoaderServi - Loading from file system: jar:file:/C:/Users/falco/.m2/repository/com/github/almasb/fxgl/dev-SNAPSHOT/fxgl-dev-20210728.163953-1821.jar!/fxglassets/ui/fonts/VarelaRound-Regular.ttf
14:09:55.189 [FXGL Background Thread 1 ] DEBUG FXGLApplication      - Loading default localization
14:09:55.190 [FXGL Background Thread 1 ] DEBUG FXGLAssetLoaderServi - Loading from file system: jar:file:/C:/Users/falco/.m2/repository/com/github/almasb/fxgl/dev-SNAPSHOT/fxgl-dev-20210728.163953-1821.jar!/fxglassets/languages/english.lang
14:09:55.218 [FXGL Background Thread 1 ] INFO  FXGLApplication      - FXGL initialization took: 0,404 sec
14:09:55.232 [JavaFX Application Thread] DEBUG Input                - Registered new binding: Move Up - W
14:09:55.232 [JavaFX Application Thread] DEBUG Input                - Registered new binding: Move Left - A
14:09:55.232 [JavaFX Application Thread] DEBUG Input                - Registered new binding: Move Down - S
14:09:55.232 [JavaFX Application Thread] DEBUG Input                - Registered new binding: Move Right - D
14:09:55.232 [JavaFX Application Thread] DEBUG Input                - Registered new binding: Place Bomb - F
14:09:55.233 [JavaFX Application Thread] DEBUG FXGLAssetLoaderServi - Loading from file system: jar:file:/C:/Users/falco/.m2/repository/com/github/almasb/fxgl/dev-SNAPSHOT/fxgl-dev-20210728.163953-1821.jar!/fxglassets/textures/fxgl_icon.png
14:09:55.282 [JavaFX Application Thread] DEBUG FXGLAssetLoaderServi - Loading from file system: jar:file:/C:/Users/falco/.m2/repository/com/github/almasb/fxgl/dev-SNAPSHOT/fxgl-dev-20210728.163953-1821.jar!/fxglassets/textures/fxgl_default_cursor.png
14:09:55.286 [JavaFX Application Thread] DEBUG Input                - Registered new binding: Screenshot - CTRL+8
14:09:55.286 [JavaFX Application Thread] DEBUG Input                - Registered new binding: System info dump - CTRL+9
14:09:55.287 [JavaFX Application Thread] DEBUG Input                - Registered new binding: Restart - CTRL+R
14:09:55.288 [JavaFX Application Thread] DEBUG Input                - Registered new binding: Toggle Debug Camera - CTRL+C
14:09:55.291 [JavaFX Application Thread] DEBUG LoopRunner           - Starting loop
14:09:55.291 [JavaFX Application Thread] DEBUG LoopRunner           - Initializing JavaFX AnimationTimerLoop
14:09:55.293 [JavaFX Application Thread] DEBUG GameApplicationServi - Starting new game
14:09:55.294 [JavaFX Application Thread] DEBUG Input                - Clearing active input actions
14:09:55.305 [FXGL Background Thread 4 ] DEBUG FXGLAssetLoaderServi - Loading from file system: jar:file:/C:/Users/falco/.m2/repository/com/github/almasb/fxgl/dev-SNAPSHOT/fxgl-dev-20210728.163953-1821.jar!/fxglassets/ui/fonts/Abel-Regular.ttf
14:09:55.307 [JavaFX Application Thread] DEBUG GameApplicationServi - Removing overlay from FXGLStartupScene and adding to FXGLLoadingScene
14:09:55.308 [JavaFX Application Thread] DEBUG PrimaryStageWindow   - FXGLStartupScene -> FXGLLoadingScene
14:09:55.308 [JavaFX Application Thread] DEBUG GameApplicationServi - Clearing previous game
14:09:55.308 [JavaFX Application Thread] DEBUG GameScene            - Clearing game scene
14:09:55.308 [JavaFX Application Thread] DEBUG GameWorld            - Clearing game world
14:09:55.308 [JavaFX Application Thread] DEBUG PhysicsWorld         - Clearing physics world
14:09:55.311 [FXGL Background Thread 1 ] DEBUG FXGLApplication      - Initializing game
14:09:55.317 [FXGL Background Thread 4 ] DEBUG FXGLAssetLoaderServi - Loading from file system: jar:file:/C:/Users/falco/.m2/repository/com/github/almasb/fxgl/dev-SNAPSHOT/fxgl-dev-20210728.163953-1821.jar!/fxglassets/ui/fonts/lucida_console.ttf
14:09:55.333 [FXGL Background Thread 4 ] DEBUG FXGLAssetLoaderServi - Loading from file system: jar:file:/C:/Users/falco/.m2/repository/com/github/almasb/fxgl/dev-SNAPSHOT/fxgl-dev-20210728.163953-1821.jar!/fxglassets/ui/fonts/Courier-Prime.ttf
14:09:55.344 [FXGL Background Thread 1 ] DEBUG FXGLAssetLoaderServi - Loading from file system: file:/C:/Users/falco/Documents/GitHub/Sites/IPOSE-TeacherBomber/Bomberman/target/classes/assets/textures/wall.png
14:09:55.378 [JavaFX Application Thread] DEBUG FXGLApplication      - Registering font factories with UI factory
14:09:55.518 [FXGL Background Thread 1 ] DEBUG FXGLAssetLoaderServi - Loading from file system: file:/C:/Users/falco/Documents/GitHub/Sites/IPOSE-TeacherBomber/Bomberman/target/classes/assets/textures/brick.png
14:09:55.668 [FXGL Background Thread 2 ] INFO  UpdaterService       - Your current version:  dev-SNAPSHOT
14:09:55.668 [FXGL Background Thread 2 ] INFO  UpdaterService       - Latest stable version: 17.1
14:09:55.906 [FXGL Background Thread 1 ] DEBUG GameWorld            - Clearing removable entities
14:09:55.907 [FXGL Background Thread 1 ] DEBUG GameWorld            - Setting level: com.almasb.fxgl.entity.level.Level@2002a313
14:09:55.914 [FXGL Background Thread 1 ] DEBUG FXGLAssetLoaderServi - Loading from file system: file:/C:/Users/falco/Documents/GitHub/Sites/IPOSE-TeacherBomber/Bomberman/target/classes/assets/textures/Floor.png
14:09:56.799 [FXGL Background Thread 1 ] DEBUG FXGLAssetLoaderServi - Loading from file system: file:/C:/Users/falco/Documents/GitHub/Sites/IPOSE-TeacherBomber/Bomberman/target/classes/assets/textures/koen.png
14:09:56.824 [FXGL Background Thread 1 ] INFO  FXGLApplication      - Game initialization took: 1,512 sec
14:09:56.824 [JavaFX Application Thread] DEBUG Input                - Clearing active input actions
14:09:56.840 [JavaFX Application Thread] DEBUG GameApplicationServi - Removing overlay from FXGLLoadingScene and adding to GameScene
14:09:56.840 [JavaFX Application Thread] DEBUG PrimaryStageWindow   - FXGLLoadingScene -> GameScene
14:09:58.187 [FXGL Background Thread 3 ] DEBUG Engine               - Logging environment variables
14:09:58.188 [FXGL Background Thread 3 ] DEBUG Engine               - achievements: []
14:09:58.188 [FXGL Background Thread 3 ] DEBUG Engine               - actualHeight: 864.0
14:09:58.188 [FXGL Background Thread 3 ] DEBUG Engine               - actualHeightProperty: ReadOnlyDoubleProperty [value: 864.0]
14:09:58.188 [FXGL Background Thread 3 ] DEBUG Engine               - actualWidth: 1536.0
14:09:58.188 [FXGL Background Thread 3 ] DEBUG Engine               - actualWidthProperty: ReadOnlyDoubleProperty [value: 1536.0]
14:09:58.188 [FXGL Background Thread 3 ] DEBUG Engine               - appIcon: fxgl_icon.png
14:09:58.188 [FXGL Background Thread 3 ] DEBUG Engine               - applicationMode: DEVELOPER
14:09:58.188 [FXGL Background Thread 3 ] DEBUG Engine               - cSSList: [fxgl_dark.css]
14:09:58.188 [FXGL Background Thread 3 ] DEBUG Engine               - collisionDetectionStrategy: BRUTE_FORCE
14:09:58.188 [FXGL Background Thread 3 ] DEBUG Engine               - configClass: Optional.empty
14:09:58.189 [FXGL Background Thread 3 ] DEBUG Engine               - credits: []
14:09:58.189 [FXGL Background Thread 3 ] DEBUG Engine               - defaultCursor: CursorInfo(imageName=fxgl_default_cursor.png, hotspotX=7.0, hotspotY=6.0)
14:09:58.189 [FXGL Background Thread 3 ] DEBUG Engine               - devBBoxColorProperty: ObjectProperty [value: 0xff0000ff]
14:09:58.189 [FXGL Background Thread 3 ] DEBUG Engine               - devEnableDebugCameraProperty: BooleanProperty [value: false]
14:09:58.189 [FXGL Background Thread 3 ] DEBUG Engine               - devSensorColorProperty: ObjectProperty [value: 0xffff00ff]
14:09:58.189 [FXGL Background Thread 3 ] DEBUG Engine               - devShowBBoxProperty: BooleanProperty [value: false]
14:09:58.189 [FXGL Background Thread 3 ] DEBUG Engine               - devShowPositionProperty: BooleanProperty [value: false]
14:09:58.189 [FXGL Background Thread 3 ] DEBUG Engine               - enabledMenuItems: []
14:09:58.189 [FXGL Background Thread 3 ] DEBUG Engine               - engineServices: [class com.almasb.fxgl.app.services.FXGLAssetLoaderService, class com.almasb.fxgl.app.FXGLApplication$GameApplicationService, class com.almasb.fxgl.app.services.FXGLDialogService, class com.almasb.fxgl.app.services.IOTaskExecutorService, class com.almasb.fxgl.io.FileSystemService, class com.almasb.fxgl.localization.LocalizationService, class com.almasb.fxgl.app.services.SystemBundleService, class com.almasb.fxgl.profile.SaveLoadService, class com.almasb.fxgl.ui.FXGLUIFactoryServiceProvider, class com.almasb.fxgl.ui.FXGLDialogFactoryServiceProvider, class com.almasb.fxgl.audio.AudioPlayer, class com.almasb.fxgl.notification.impl.NotificationServiceProvider, class com.almasb.fxgl.achievement.AchievementService, class com.almasb.fxgl.cutscene.CutsceneService, class com.almasb.fxgl.minigames.MiniGameService, class com.almasb.fxgl.net.NetService, class com.almasb.fxgl.app.services.UpdaterService, class com.almasb.fxgl.dev.DevService]
14:09:58.189 [FXGL Background Thread 3 ] DEBUG Engine               - fontGame: Abel-Regular.ttf
14:09:58.189 [FXGL Background Thread 3 ] DEBUG Engine               - fontMono: lucida_console.ttf
14:09:58.189 [FXGL Background Thread 3 ] DEBUG Engine               - fontText: Courier-Prime.ttf
14:09:58.189 [FXGL Background Thread 3 ] DEBUG Engine               - fontUI: VarelaRound-Regular.ttf
14:09:58.189 [FXGL Background Thread 3 ] DEBUG Engine               - fullScreen: BooleanProperty [value: true]
14:09:58.190 [FXGL Background Thread 3 ] DEBUG Engine               - gameDifficulty: MEDIUM
14:09:58.190 [FXGL Background Thread 3 ] DEBUG Engine               - gameDifficultyProperty: ObjectProperty [value: MEDIUM]
14:09:58.190 [FXGL Background Thread 3 ] DEBUG Engine               - globalMusicVolume: 0.5
14:09:58.190 [FXGL Background Thread 3 ] DEBUG Engine               - globalMusicVolumeProperty: DoubleProperty [value: 0.5]
14:09:58.190 [FXGL Background Thread 3 ] DEBUG Engine               - globalSoundVolume: 0.5
14:09:58.190 [FXGL Background Thread 3 ] DEBUG Engine               - globalSoundVolumeProperty: DoubleProperty [value: 0.5]
14:09:58.190 [FXGL Background Thread 3 ] DEBUG Engine               - height: 1080
14:09:58.190 [FXGL Background Thread 3 ] DEBUG Engine               - is3D: false
14:09:58.190 [FXGL Background Thread 3 ] DEBUG Engine               - isAndroid: false
14:09:58.190 [FXGL Background Thread 3 ] DEBUG Engine               - isBrowser: false
14:09:58.190 [FXGL Background Thread 3 ] DEBUG Engine               - isClickFeedbackEnabled: false
14:09:58.191 [FXGL Background Thread 3 ] DEBUG Engine               - isCloseConfirmation: false
14:09:58.191 [FXGL Background Thread 3 ] DEBUG Engine               - isDesktop: true
14:09:58.191 [FXGL Background Thread 3 ] DEBUG Engine               - isDeveloperMenuEnabled: false
14:09:58.191 [FXGL Background Thread 3 ] DEBUG Engine               - isEmbedded: false
14:09:58.191 [FXGL Background Thread 3 ] DEBUG Engine               - isEntityPreloadEnabled: true
14:09:58.191 [FXGL Background Thread 3 ] DEBUG Engine               - isExperimentalTiledLargeMap: false
14:09:58.191 [FXGL Background Thread 3 ] DEBUG Engine               - isFileSystemWriteAllowed: true
14:09:58.191 [FXGL Background Thread 3 ] DEBUG Engine               - isFullScreenAllowed: true
14:09:58.191 [FXGL Background Thread 3 ] DEBUG Engine               - isFullScreenFromStart: true
14:09:58.191 [FXGL Background Thread 3 ] DEBUG Engine               - isGameMenuEnabled: true
14:09:58.191 [FXGL Background Thread 3 ] DEBUG Engine               - isIOS: false
14:09:58.192 [FXGL Background Thread 3 ] DEBUG Engine               - isIntroEnabled: false
14:09:58.192 [FXGL Background Thread 3 ] DEBUG Engine               - isLinux: false
14:09:58.192 [FXGL Background Thread 3 ] DEBUG Engine               - isMac: false
14:09:58.192 [FXGL Background Thread 3 ] DEBUG Engine               - isMainMenuEnabled: false
14:09:58.192 [FXGL Background Thread 3 ] DEBUG Engine               - isManualResizeEnabled: false
14:09:58.193 [FXGL Background Thread 3 ] DEBUG Engine               - isMobile: false
14:09:58.193 [FXGL Background Thread 3 ] DEBUG Engine               - isNative: false
14:09:58.193 [FXGL Background Thread 3 ] DEBUG Engine               - isPauseMusicWhenMinimized: true
14:09:58.193 [FXGL Background Thread 3 ] DEBUG Engine               - isPreserveResizeRatio: false
14:09:58.193 [FXGL Background Thread 3 ] DEBUG Engine               - isProfilingEnabled: false
14:09:58.193 [FXGL Background Thread 3 ] DEBUG Engine               - isScaleAffectedOnResize: true
14:09:58.193 [FXGL Background Thread 3 ] DEBUG Engine               - isSingleStep: false
14:09:58.193 [FXGL Background Thread 3 ] DEBUG Engine               - isUserProfileEnabled: false
14:09:58.193 [FXGL Background Thread 3 ] DEBUG Engine               - isWindows: true
14:09:58.194 [FXGL Background Thread 3 ] DEBUG Engine               - language: ObjectProperty [value: ENGLISH]
14:09:58.194 [FXGL Background Thread 3 ] DEBUG Engine               - menuKey: ESCAPE
14:09:58.194 [FXGL Background Thread 3 ] DEBUG Engine               - mouseSensitivity: 0.2
14:09:58.194 [FXGL Background Thread 3 ] DEBUG Engine               - notificationViewClass: class com.almasb.fxgl.notification.view.XboxNotificationView
14:09:58.194 [FXGL Background Thread 3 ] DEBUG Engine               - pixelsPerMeter: 50.0
14:09:58.194 [FXGL Background Thread 3 ] DEBUG Engine               - platform: WINDOWS
14:09:58.194 [FXGL Background Thread 3 ] DEBUG Engine               - prefHeightProperty: ReadOnlyDoubleProperty [value: 1080.0]
14:09:58.194 [FXGL Background Thread 3 ] DEBUG Engine               - prefWidthProperty: ReadOnlyDoubleProperty [value: 1920.0]
14:09:58.195 [FXGL Background Thread 3 ] DEBUG Engine               - profileDir: profiles/
14:09:58.195 [FXGL Background Thread 3 ] DEBUG Engine               - profileName: StringProperty [value: DEFAULT]
14:09:58.195 [FXGL Background Thread 3 ] DEBUG Engine               - randomSeed: -1
14:09:58.195 [FXGL Background Thread 3 ] DEBUG Engine               - runtimeInfo: RuntimeInfo(platform=WINDOWS, version=dev-SNAPSHOT, build=28.07.2021 16.39)
14:09:58.195 [FXGL Background Thread 3 ] DEBUG Engine               - saveFileExt: sav
14:09:58.195 [FXGL Background Thread 3 ] DEBUG Engine               - scaledHeightProp$fxgl: DoubleProperty [bound, value: 864.0]
14:09:58.195 [FXGL Background Thread 3 ] DEBUG Engine               - scaledWidthProp$fxgl: DoubleProperty [bound, value: 1536.0]
14:09:58.195 [FXGL Background Thread 3 ] DEBUG Engine               - sceneFactory: TeacherBomberApp$1@1a8e13c1
14:09:58.195 [FXGL Background Thread 3 ] DEBUG Engine               - secondsIn24h: 60
14:09:58.195 [FXGL Background Thread 3 ] DEBUG Engine               - soundMenuBack: menu/back.wav
14:09:58.195 [FXGL Background Thread 3 ] DEBUG Engine               - soundMenuPress: menu/press.wav
14:09:58.195 [FXGL Background Thread 3 ] DEBUG Engine               - soundMenuSelect: menu/select.wav
14:09:58.195 [FXGL Background Thread 3 ] DEBUG Engine               - soundNotification: core/notification.wav
14:09:58.195 [FXGL Background Thread 3 ] DEBUG Engine               - stageStyle: DECORATED
14:09:58.195 [FXGL Background Thread 3 ] DEBUG Engine               - supportedLanguages: [ENGLISH, FRENCH, GERMAN, HUNGARIAN, RUSSIAN]
14:09:58.195 [FXGL Background Thread 3 ] DEBUG Engine               - ticksPerSecond: -1
14:09:58.195 [FXGL Background Thread 3 ] DEBUG Engine               - title: Bomberman App
14:09:58.195 [FXGL Background Thread 3 ] DEBUG Engine               - urlGithub: https://github.com/AlmasB/FXGL
14:09:58.196 [FXGL Background Thread 3 ] DEBUG Engine               - urlLeaderboard: http://fxgl-top.herokuapp.com/
14:09:58.196 [FXGL Background Thread 3 ] DEBUG Engine               - urlPOM: https://raw.githubusercontent.com/AlmasB/FXGL/release/README.md
14:09:58.196 [FXGL Background Thread 3 ] DEBUG Engine               - userAppClass: class TeacherBomberApp
14:09:58.196 [FXGL Background Thread 3 ] DEBUG Engine               - version: 0.1
14:09:58.196 [FXGL Background Thread 3 ] DEBUG Engine               - versionCheckDays: 7
14:09:58.196 [FXGL Background Thread 3 ] DEBUG Engine               - width: 1920
14:09:58.196 [FXGL Background Thread 3 ] DEBUG Engine               - Logging services
14:09:58.196 [FXGL Background Thread 3 ] DEBUG Engine               - class com.almasb.fxgl.app.services.FXGLAssetLoaderService
14:09:58.196 [FXGL Background Thread 3 ] DEBUG Engine               - class com.almasb.fxgl.app.FXGLApplication$GameApplicationService
14:09:58.196 [FXGL Background Thread 3 ] DEBUG Engine               - class com.almasb.fxgl.app.services.FXGLDialogService
14:09:58.196 [FXGL Background Thread 3 ] DEBUG Engine               - class com.almasb.fxgl.app.services.IOTaskExecutorService
14:09:58.196 [FXGL Background Thread 3 ] DEBUG Engine               - class com.almasb.fxgl.io.FileSystemService
14:09:58.196 [FXGL Background Thread 3 ] DEBUG Engine               - class com.almasb.fxgl.localization.LocalizationService
14:09:58.196 [FXGL Background Thread 3 ] DEBUG Engine               - class com.almasb.fxgl.app.services.SystemBundleService
14:09:58.196 [FXGL Background Thread 3 ] DEBUG Engine               - class com.almasb.fxgl.profile.SaveLoadService
14:09:58.196 [FXGL Background Thread 3 ] DEBUG Engine               - class com.almasb.fxgl.ui.FXGLUIFactoryServiceProvider
14:09:58.196 [FXGL Background Thread 3 ] DEBUG Engine               - class com.almasb.fxgl.ui.FXGLDialogFactoryServiceProvider
14:09:58.196 [FXGL Background Thread 3 ] DEBUG Engine               - class com.almasb.fxgl.audio.AudioPlayer
14:09:58.196 [FXGL Background Thread 3 ] DEBUG Engine               - class com.almasb.fxgl.notification.impl.NotificationServiceProvider
14:09:58.196 [FXGL Background Thread 3 ] DEBUG Engine               - class com.almasb.fxgl.achievement.AchievementService
14:09:58.197 [FXGL Background Thread 3 ] DEBUG Engine               - class com.almasb.fxgl.cutscene.CutsceneService
14:09:58.197 [FXGL Background Thread 3 ] DEBUG Engine               - class com.almasb.fxgl.minigames.MiniGameService
14:09:58.197 [FXGL Background Thread 3 ] DEBUG Engine               - class com.almasb.fxgl.net.NetService
14:09:58.197 [FXGL Background Thread 3 ] DEBUG Engine               - class com.almasb.fxgl.app.services.UpdaterService
14:09:58.197 [FXGL Background Thread 3 ] DEBUG Engine               - class com.almasb.fxgl.dev.DevService
14:09:59.579 [JavaFX Application Thread] DEBUG PrimaryStageWindow   - Push state: SimpleGameMenu
14:09:59.579 [JavaFX Application Thread] DEBUG Input                - Clearing active input actions
14:09:59.583 [JavaFX Application Thread] DEBUG GameApplicationServi - Removing overlay from GameScene and adding to SimpleGameMenu
14:09:59.583 [JavaFX Application Thread] DEBUG PrimaryStageWindow   - GameScene -> SimpleGameMenu
14:10:01.044 [JavaFX Application Thread] DEBUG Menu                 - fireExit()
14:10:01.046 [JavaFX Application Thread] DEBUG PrimaryStageWindow   - Push state: DialogSubScene
14:10:01.046 [JavaFX Application Thread] DEBUG Input                - Clearing active input actions
14:10:01.047 [JavaFX Application Thread] DEBUG GameApplicationServi - Removing overlay from SimpleGameMenu and adding to DialogSubScene
14:10:01.047 [JavaFX Application Thread] DEBUG PrimaryStageWindow   - SimpleGameMenu -> DialogSubScene
14:10:02.051 [JavaFX Application Thread] DEBUG PrimaryStageWindow   - Pop state: DialogSubScene
14:10:02.051 [JavaFX Application Thread] DEBUG Input                - Clearing active input actions
14:10:02.052 [JavaFX Application Thread] DEBUG GameApplicationServi - Removing overlay from DialogSubScene and adding to SimpleGameMenu
14:10:02.052 [JavaFX Application Thread] DEBUG PrimaryStageWindow   - SimpleGameMenu <- DialogSubScene
14:10:02.052 [JavaFX Application Thread] DEBUG FXGLApplication      - Exiting FXGL
14:10:02.052 [JavaFX Application Thread] DEBUG LoopRunner           - Stopping loop
14:10:02.052 [JavaFX Application Thread] DEBUG SystemBundleService  - Saving FXGL system data
14:10:02.053 [JavaFX Application Thread] DEBUG FileSystemAccess     - Writing to: C:\Users\falco\Documents\GitHub\Sites\IPOSE-TeacherBomber\system\fxgl.bundle
14:10:02.056 [JavaFX Application Thread] DEBUG Async                - Shutting down background threads
14:10:02.056 [JavaFX Application Thread] DEBUG PrimaryStageWindow   - Closing main window
14:10:02.083 [JavaFX Application Thread] DEBUG Logger               - Closing Logger
