10:29:34.504 [main                     ] DEBUG Logger               - Configured Logger
10:29:34.510 [main                     ] DEBUG GameApplication      - Logging settings
Title: Bomberman App
Version: 0.1
Width: 600
Height: 600
Fullscreen: false
Intro: false
Profiling: false
Single step:false
App Mode: DEVELOPER
Menu Key: ESCAPE
Stage Style: DECORATED
Scene Factory: class com.almasb.fxglgames.bomberman.BombermanApp$1

10:29:35.473 [JavaFX Application Thread] DEBUG FXGLApplication      - Initializing FXGL
10:29:35.477 [JavaFX Application Thread] INFO  Engine               - FXGL-dev-SNAPSHOT (28.07.2021 16.39) on WINDOWS (J:18 FX:16)
10:29:35.477 [JavaFX Application Thread] DEBUG Engine               - JRE Vendor Name: Oracle Corporation
10:29:35.477 [JavaFX Application Thread] DEBUG Engine               - Running on OS: Windows 10 version 10.0
10:29:35.477 [JavaFX Application Thread] DEBUG Engine               - Architecture: amd64
10:29:35.478 [JavaFX Application Thread] INFO  Engine               - Source code and latest versions at: https://github.com/AlmasB/FXGL
10:29:35.478 [JavaFX Application Thread] INFO  Engine               -              Join the FXGL chat at: https://gitter.im/AlmasB/FXGL
10:29:35.704 [JavaFX Application Thread] DEBUG PrimaryStageWindow   - Creating a JavaFX scene
10:29:35.814 [JavaFX Application Thread] DEBUG PrimaryStageWindow   - Target settings size: 600.0 x 600.0
10:29:35.814 [JavaFX Application Thread] DEBUG PrimaryStageWindow   - Scaled scene size:    600.0 x 600.0
10:29:35.815 [JavaFX Application Thread] DEBUG PrimaryStageWindow   - Scaled ratio: (1.0, 1.0)
10:29:35.817 [JavaFX Application Thread] DEBUG PrimaryStageWindow   - Set initial scene to FXGLStartupScene
10:29:35.833 [JavaFX Application Thread] DEBUG PrimaryStageWindow   - Opening main window
10:29:36.021 [JavaFX Application Thread] DEBUG PrimaryStageWindow   - Window border size: (14.66668701171875, 37.33331298828125)
10:29:36.021 [JavaFX Application Thread] DEBUG PrimaryStageWindow   - Scaled size: 600.0 x 600.0
10:29:36.022 [JavaFX Application Thread] DEBUG PrimaryStageWindow   - Scaled ratio: (1.0, 1.0)
10:29:36.022 [JavaFX Application Thread] DEBUG PrimaryStageWindow   - Scene size: 600.0 x 600.0
10:29:36.022 [JavaFX Application Thread] DEBUG PrimaryStageWindow   - Stage size: 614.6666870117188 x 637.3333129882812
10:29:36.039 [FXGL Background Thread 1 ] DEBUG Engine               - Initializing environment variables
10:29:36.175 [FXGL Background Thread 1 ] DEBUG FXGLAssetLoaderServi - User app class for loading assets: class com.almasb.fxglgames.bomberman.BombermanApp
10:29:36.175 [FXGL Background Thread 1 ] DEBUG GameApplicationServi - Applying CSS: fxgl_dark.css
10:29:36.177 [FXGL Background Thread 1 ] DEBUG FXGLAssetLoaderServi - Loading from file system: jar:file:/C:/Users/Abrah/.m2/repository/com/github/almasb/fxgl/dev-SNAPSHOT/fxgl-dev-20210728.163953-1821.jar!/fxglassets/ui/css/fxgl_dark.css
10:29:36.270 [FXGL Background Thread 1 ] DEBUG GameApplicationServi - Initializing application scenes
10:29:36.343 [FXGL Background Thread 1 ] DEBUG GameWorld            - Game world initialized
10:29:36.446 [FXGL Background Thread 1 ] DEBUG PhysicsWorld         - Physics world initialized: appHeight=600, physics.ppm=50,0
10:29:36.447 [FXGL Background Thread 1 ] DEBUG PhysicsWorld         - Using strategy: BRUTE_FORCE
10:29:36.451 [FXGL Background Thread 1 ] DEBUG GameScene            - Game scene initialized: 600x600
10:29:36.465 [FXGL Background Thread 1 ] DEBUG FXGLAssetLoaderServi - Loading from file system: jar:file:/C:/Users/Abrah/.m2/repository/com/github/almasb/fxgl/dev-SNAPSHOT/fxgl-dev-20210728.163953-1821.jar!/fxglassets/textures/pause_menu_bg.png
10:29:36.576 [FXGL Background Thread 1 ] DEBUG GameApplicationServi - Application scenes initialized
10:29:36.615 [FXGL Background Thread 1 ] DEBUG SystemBundleService  - Loading FXGL system data
10:29:36.626 [FXGL Background Thread 1 ] DEBUG FileSystemAccess     - Reading from: C:\Users\Abrah\OneDrive - Hogeschool Leiden\Programmeren\IPOSE-TeacherBomber\system\fxgl.bundle
10:29:36.647 [FXGL Background Thread 1 ] DEBUG SystemBundleService  - Bundle FXGL: {}
10:29:36.647 [FXGL Background Thread 1 ] DEBUG UpdaterService       - Checking for updates
10:29:36.658 [FXGL Background Thread 4 ] DEBUG FXGLApplication      - Loading fonts
10:29:36.659 [FXGL Background Thread 1 ] DEBUG FXGLApplication      - Loading default localization
10:29:36.659 [FXGL Background Thread 4 ] DEBUG FXGLAssetLoaderServi - Loading from file system: jar:file:/C:/Users/Abrah/.m2/repository/com/github/almasb/fxgl/dev-SNAPSHOT/fxgl-dev-20210728.163953-1821.jar!/fxglassets/ui/fonts/VarelaRound-Regular.ttf
10:29:36.661 [FXGL Background Thread 1 ] DEBUG FXGLAssetLoaderServi - Loading from file system: jar:file:/C:/Users/Abrah/.m2/repository/com/github/almasb/fxgl/dev-SNAPSHOT/fxgl-dev-20210728.163953-1821.jar!/fxglassets/languages/english.lang
10:29:36.705 [FXGL Background Thread 1 ] INFO  FXGLApplication      - FXGL initialization took: 0,664 sec
10:29:36.732 [JavaFX Application Thread] DEBUG Input                - Registered new binding: Move Up - W
10:29:36.732 [JavaFX Application Thread] DEBUG Input                - Registered new binding: Move Left - A
10:29:36.733 [JavaFX Application Thread] DEBUG Input                - Registered new binding: Move Down - S
10:29:36.733 [JavaFX Application Thread] DEBUG Input                - Registered new binding: Move Right - D
10:29:36.733 [JavaFX Application Thread] DEBUG Input                - Registered new binding: Place Bomb - F
10:29:36.734 [JavaFX Application Thread] DEBUG FXGLAssetLoaderServi - Loading from file system: jar:file:/C:/Users/Abrah/.m2/repository/com/github/almasb/fxgl/dev-SNAPSHOT/fxgl-dev-20210728.163953-1821.jar!/fxglassets/textures/fxgl_icon.png
10:29:36.785 [JavaFX Application Thread] DEBUG FXGLAssetLoaderServi - Loading from file system: jar:file:/C:/Users/Abrah/.m2/repository/com/github/almasb/fxgl/dev-SNAPSHOT/fxgl-dev-20210728.163953-1821.jar!/fxglassets/textures/fxgl_default_cursor.png
10:29:36.790 [JavaFX Application Thread] DEBUG Input                - Registered new binding: Screenshot - CTRL+8
10:29:36.791 [JavaFX Application Thread] DEBUG Input                - Registered new binding: System info dump - CTRL+9
10:29:36.792 [JavaFX Application Thread] DEBUG Input                - Registered new binding: Restart - CTRL+R
10:29:36.793 [JavaFX Application Thread] DEBUG Input                - Registered new binding: Toggle Debug Camera - CTRL+C
10:29:36.798 [JavaFX Application Thread] DEBUG LoopRunner           - Starting loop
10:29:36.798 [JavaFX Application Thread] DEBUG LoopRunner           - Initializing JavaFX AnimationTimerLoop
10:29:36.799 [FXGL Background Thread 4 ] DEBUG FXGLAssetLoaderServi - Loading from file system: jar:file:/C:/Users/Abrah/.m2/repository/com/github/almasb/fxgl/dev-SNAPSHOT/fxgl-dev-20210728.163953-1821.jar!/fxglassets/ui/fonts/Abel-Regular.ttf
10:29:36.802 [JavaFX Application Thread] DEBUG GameApplicationServi - Starting new game
10:29:36.803 [JavaFX Application Thread] DEBUG Input                - Clearing active input actions
10:29:36.806 [FXGL Background Thread 4 ] DEBUG FXGLAssetLoaderServi - Loading from file system: jar:file:/C:/Users/Abrah/.m2/repository/com/github/almasb/fxgl/dev-SNAPSHOT/fxgl-dev-20210728.163953-1821.jar!/fxglassets/ui/fonts/lucida_console.ttf
10:29:36.819 [FXGL Background Thread 4 ] DEBUG FXGLAssetLoaderServi - Loading from file system: jar:file:/C:/Users/Abrah/.m2/repository/com/github/almasb/fxgl/dev-SNAPSHOT/fxgl-dev-20210728.163953-1821.jar!/fxglassets/ui/fonts/Courier-Prime.ttf
10:29:36.828 [JavaFX Application Thread] DEBUG GameApplicationServi - Removing overlay from FXGLStartupScene and adding to FXGLLoadingScene
10:29:36.828 [JavaFX Application Thread] DEBUG PrimaryStageWindow   - FXGLStartupScene -> FXGLLoadingScene
10:29:36.829 [JavaFX Application Thread] DEBUG GameApplicationServi - Clearing previous game
10:29:36.829 [JavaFX Application Thread] DEBUG GameScene            - Clearing game scene
10:29:36.829 [JavaFX Application Thread] DEBUG GameWorld            - Clearing game world
10:29:36.829 [JavaFX Application Thread] DEBUG PhysicsWorld         - Clearing physics world
10:29:36.832 [FXGL Background Thread 4 ] DEBUG FXGLApplication      - Initializing game
10:29:36.853 [FXGL Background Thread 4 ] DEBUG FXGLAssetLoaderServi - Loading from file system: file:/C:/Users/Abrah/OneDrive%20-%20Hogeschool%20Leiden/Programmeren/IPOSE-TeacherBomber/Bomberman/target/classes/assets/textures/brick.png
10:29:36.881 [FXGL Background Thread 4 ] DEBUG FXGLAssetLoaderServi - Loading from file system: file:/C:/Users/Abrah/OneDrive%20-%20Hogeschool%20Leiden/Programmeren/IPOSE-TeacherBomber/Bomberman/target/classes/assets/textures/stonewall.jpg
10:29:36.909 [JavaFX Application Thread] DEBUG FXGLApplication      - Registering font factories with UI factory
10:29:36.971 [FXGL Background Thread 4 ] DEBUG GameWorld            - Clearing removable entities
10:29:36.972 [FXGL Background Thread 4 ] DEBUG GameWorld            - Setting level: com.almasb.fxgl.entity.level.Level@54078b92
10:29:36.985 [FXGL Background Thread 4 ] DEBUG FXGLAssetLoaderServi - Loading from file system: file:/C:/Users/Abrah/OneDrive%20-%20Hogeschool%20Leiden/Programmeren/IPOSE-TeacherBomber/Bomberman/target/classes/assets/textures/sand.jpg
10:29:37.037 [FXGL Background Thread 4 ] DEBUG FXGLAssetLoaderServi - Loading from file system: file:/C:/Users/Abrah/OneDrive%20-%20Hogeschool%20Leiden/Programmeren/IPOSE-TeacherBomber/Bomberman/target/classes/assets/textures/koen.png
10:29:37.086 [FXGL Background Thread 4 ] INFO  FXGLApplication      - Game initialization took: 0,254 sec
10:29:37.105 [JavaFX Application Thread] DEBUG Input                - Clearing active input actions
10:29:37.126 [JavaFX Application Thread] DEBUG GameApplicationServi - Removing overlay from FXGLLoadingScene and adding to GameScene
10:29:37.126 [JavaFX Application Thread] DEBUG PrimaryStageWindow   - FXGLLoadingScene -> GameScene
10:29:37.632 [FXGL Background Thread 2 ] INFO  UpdaterService       - Your current version:  dev-SNAPSHOT
10:29:37.632 [FXGL Background Thread 2 ] INFO  UpdaterService       - Latest stable version: 17.1
10:29:38.334 [JavaFX Application Thread] DEBUG FXGLApplication      - Exiting FXGL
10:29:38.334 [JavaFX Application Thread] DEBUG LoopRunner           - Stopping loop
10:29:38.334 [JavaFX Application Thread] DEBUG SystemBundleService  - Saving FXGL system data
10:29:38.347 [JavaFX Application Thread] DEBUG FileSystemAccess     - Writing to: C:\Users\Abrah\OneDrive - Hogeschool Leiden\Programmeren\IPOSE-TeacherBomber\system\fxgl.bundle
10:29:38.356 [JavaFX Application Thread] DEBUG Async                - Shutting down background threads
10:29:38.356 [JavaFX Application Thread] DEBUG PrimaryStageWindow   - Closing main window
10:29:38.388 [JavaFX Application Thread] DEBUG Logger               - Closing Logger
