13:34:54.838 [main                     ] DEBUG Logger               - Configured Logger
13:34:54.842 [main                     ] DEBUG GameApplication      - Logging settings
Title: Bomberman App
Version: 0.1
Width: 1920
Height: 1080
Fullscreen: true
Intro: false
Profiling: false
Single step:false
App Mode: DEVELOPER
Menu Key: ESCAPE
Stage Style: DECORATED
Scene Factory: class com.ward_cunningham_38.teacherbomber.TeacherBomberApp$1

13:34:55.493 [JavaFX Application Thread] DEBUG FXGLApplication      - Initializing FXGL
13:34:55.496 [JavaFX Application Thread] INFO  Engine               - FXGL-dev-SNAPSHOT (28.07.2021 16.39) on WINDOWS (J:18 FX:16)
13:34:55.496 [JavaFX Application Thread] DEBUG Engine               - JRE Vendor Name: Oracle Corporation
13:34:55.496 [JavaFX Application Thread] DEBUG Engine               - Running on OS: Windows 10 version 10.0
13:34:55.496 [JavaFX Application Thread] DEBUG Engine               - Architecture: amd64
13:34:55.496 [JavaFX Application Thread] INFO  Engine               - Source code and latest versions at: https://github.com/AlmasB/FXGL
13:34:55.496 [JavaFX Application Thread] INFO  Engine               -              Join the FXGL chat at: https://gitter.im/AlmasB/FXGL
13:34:55.628 [JavaFX Application Thread] DEBUG PrimaryStageWindow   - Creating a JavaFX scene
13:34:55.628 [JavaFX Application Thread] DEBUG PrimaryStageWindow   - Target size > screen size
13:34:55.677 [JavaFX Application Thread] DEBUG PrimaryStageWindow   - Target settings size: 1920.0 x 1080.0
13:34:55.677 [JavaFX Application Thread] DEBUG PrimaryStageWindow   - Scaled scene size:    1511.0 x 864.0
13:34:55.677 [JavaFX Application Thread] DEBUG PrimaryStageWindow   - Scaled ratio: (0.7869791666666667, 0.8)
13:34:55.678 [JavaFX Application Thread] DEBUG PrimaryStageWindow   - Set initial scene to FXGLStartupScene
13:34:55.686 [JavaFX Application Thread] DEBUG PrimaryStageWindow   - Opening main window
13:34:55.782 [JavaFX Application Thread] DEBUG PrimaryStageWindow   - Window border size: (14.5999755859375, 37.5999755859375)
13:34:55.782 [JavaFX Application Thread] DEBUG PrimaryStageWindow   - Scaled size: 1511.0 x 864.0
13:34:55.782 [JavaFX Application Thread] DEBUG PrimaryStageWindow   - Scaled ratio: (0.7869791666666667, 0.8)
13:34:55.782 [JavaFX Application Thread] DEBUG PrimaryStageWindow   - Scene size: 1511.0 x 864.0
13:34:55.782 [JavaFX Application Thread] DEBUG PrimaryStageWindow   - Stage size: 1525.5999755859375 x 901.5999755859375
13:34:55.868 [JavaFX Application Thread] DEBUG PrimaryStageWindow   - Going fullscreen
13:34:55.883 [FXGL Background Thread 1 ] DEBUG Engine               - Initializing environment variables
13:34:55.980 [FXGL Background Thread 1 ] DEBUG FXGLAssetLoaderServi - User app class for loading assets: class com.ward_cunningham_38.teacherbomber.TeacherBomberApp
13:34:55.981 [FXGL Background Thread 1 ] DEBUG GameApplicationServi - Applying CSS: fxgl_dark.css
13:34:55.981 [FXGL Background Thread 1 ] DEBUG FXGLAssetLoaderServi - Loading from file system: jar:file:/C:/Users/falco/.m2/repository/com/github/almasb/fxgl/dev-SNAPSHOT/fxgl-dev-20210728.163953-1821.jar!/fxglassets/ui/css/fxgl_dark.css
13:34:56.030 [FXGL Background Thread 1 ] DEBUG GameApplicationServi - Initializing application scenes
13:34:56.083 [FXGL Background Thread 1 ] DEBUG GameWorld            - Game world initialized
13:34:56.152 [FXGL Background Thread 1 ] DEBUG PhysicsWorld         - Physics world initialized: appHeight=1080, physics.ppm=50,0
13:34:56.153 [FXGL Background Thread 1 ] DEBUG PhysicsWorld         - Using strategy: BRUTE_FORCE
13:34:56.156 [FXGL Background Thread 1 ] DEBUG GameScene            - Game scene initialized: 1920x1080
13:34:56.165 [FXGL Background Thread 1 ] DEBUG FXGLAssetLoaderServi - Loading from file system: jar:file:/C:/Users/falco/.m2/repository/com/github/almasb/fxgl/dev-SNAPSHOT/fxgl-dev-20210728.163953-1821.jar!/fxglassets/textures/pause_menu_bg.png
13:34:56.222 [FXGL Background Thread 1 ] DEBUG GameApplicationServi - Application scenes initialized
13:34:56.240 [FXGL Background Thread 1 ] DEBUG SystemBundleService  - Loading FXGL system data
13:34:56.244 [FXGL Background Thread 1 ] DEBUG FileSystemAccess     - Reading from: C:\Users\falco\Documents\GitHub\Sites\IPOSE-TeacherBomber\system\fxgl.bundle
13:34:56.253 [FXGL Background Thread 1 ] DEBUG SystemBundleService  - Bundle FXGL: {}
13:34:56.253 [FXGL Background Thread 1 ] DEBUG UpdaterService       - Checking for updates
13:34:56.262 [FXGL Background Thread 4 ] DEBUG FXGLApplication      - Loading fonts
13:34:56.262 [FXGL Background Thread 4 ] DEBUG FXGLAssetLoaderServi - Loading from file system: jar:file:/C:/Users/falco/.m2/repository/com/github/almasb/fxgl/dev-SNAPSHOT/fxgl-dev-20210728.163953-1821.jar!/fxglassets/ui/fonts/VarelaRound-Regular.ttf
13:34:56.262 [FXGL Background Thread 1 ] DEBUG FXGLApplication      - Loading default localization
13:34:56.263 [FXGL Background Thread 1 ] DEBUG FXGLAssetLoaderServi - Loading from file system: jar:file:/C:/Users/falco/.m2/repository/com/github/almasb/fxgl/dev-SNAPSHOT/fxgl-dev-20210728.163953-1821.jar!/fxglassets/languages/english.lang
13:34:56.294 [FXGL Background Thread 1 ] INFO  FXGLApplication      - FXGL initialization took: 0,411 sec
13:34:56.310 [JavaFX Application Thread] DEBUG Input                - Registered new binding: Move Up - W
13:34:56.310 [JavaFX Application Thread] DEBUG Input                - Registered new binding: Move Left - A
13:34:56.310 [JavaFX Application Thread] DEBUG Input                - Registered new binding: Move Down - S
13:34:56.310 [JavaFX Application Thread] DEBUG Input                - Registered new binding: Move Right - D
13:34:56.310 [JavaFX Application Thread] DEBUG Input                - Registered new binding: Place Bomb - F
13:34:56.311 [JavaFX Application Thread] DEBUG FXGLAssetLoaderServi - Loading from file system: jar:file:/C:/Users/falco/.m2/repository/com/github/almasb/fxgl/dev-SNAPSHOT/fxgl-dev-20210728.163953-1821.jar!/fxglassets/textures/fxgl_icon.png
13:34:56.354 [JavaFX Application Thread] DEBUG FXGLAssetLoaderServi - Loading from file system: jar:file:/C:/Users/falco/.m2/repository/com/github/almasb/fxgl/dev-SNAPSHOT/fxgl-dev-20210728.163953-1821.jar!/fxglassets/textures/fxgl_default_cursor.png
13:34:56.357 [JavaFX Application Thread] DEBUG Input                - Registered new binding: Screenshot - CTRL+8
13:34:56.358 [JavaFX Application Thread] DEBUG Input                - Registered new binding: System info dump - CTRL+9
13:34:56.358 [JavaFX Application Thread] DEBUG Input                - Registered new binding: Restart - CTRL+R
13:34:56.359 [JavaFX Application Thread] DEBUG Input                - Registered new binding: Toggle Debug Camera - CTRL+C
13:34:56.362 [JavaFX Application Thread] DEBUG LoopRunner           - Starting loop
13:34:56.362 [JavaFX Application Thread] DEBUG LoopRunner           - Initializing JavaFX AnimationTimerLoop
13:34:56.364 [JavaFX Application Thread] DEBUG GameApplicationServi - Starting new game
13:34:56.365 [JavaFX Application Thread] DEBUG Input                - Clearing active input actions
13:34:56.367 [FXGL Background Thread 4 ] DEBUG FXGLAssetLoaderServi - Loading from file system: jar:file:/C:/Users/falco/.m2/repository/com/github/almasb/fxgl/dev-SNAPSHOT/fxgl-dev-20210728.163953-1821.jar!/fxglassets/ui/fonts/Abel-Regular.ttf
13:34:56.377 [FXGL Background Thread 4 ] DEBUG FXGLAssetLoaderServi - Loading from file system: jar:file:/C:/Users/falco/.m2/repository/com/github/almasb/fxgl/dev-SNAPSHOT/fxgl-dev-20210728.163953-1821.jar!/fxglassets/ui/fonts/lucida_console.ttf
13:34:56.381 [JavaFX Application Thread] DEBUG GameApplicationServi - Removing overlay from FXGLStartupScene and adding to FXGLLoadingScene
13:34:56.381 [JavaFX Application Thread] DEBUG PrimaryStageWindow   - FXGLStartupScene -> FXGLLoadingScene
13:34:56.381 [JavaFX Application Thread] DEBUG GameApplicationServi - Clearing previous game
13:34:56.381 [JavaFX Application Thread] DEBUG GameScene            - Clearing game scene
13:34:56.381 [JavaFX Application Thread] DEBUG GameWorld            - Clearing game world
13:34:56.381 [JavaFX Application Thread] DEBUG PhysicsWorld         - Clearing physics world
13:34:56.384 [FXGL Background Thread 1 ] DEBUG FXGLApplication      - Initializing game
13:34:56.391 [FXGL Background Thread 4 ] DEBUG FXGLAssetLoaderServi - Loading from file system: jar:file:/C:/Users/falco/.m2/repository/com/github/almasb/fxgl/dev-SNAPSHOT/fxgl-dev-20210728.163953-1821.jar!/fxglassets/ui/fonts/Courier-Prime.ttf
13:34:56.407 [FXGL Background Thread 1 ] DEBUG FXGLAssetLoaderServi - Loading from file system: file:/C:/Users/falco/Documents/GitHub/Sites/IPOSE-TeacherBomber/Bomberman/target/classes/assets/textures/wall.png
13:34:56.461 [JavaFX Application Thread] DEBUG FXGLApplication      - Registering font factories with UI factory
13:34:56.564 [FXGL Background Thread 1 ] DEBUG FXGLAssetLoaderServi - Loading from file system: file:/C:/Users/falco/Documents/GitHub/Sites/IPOSE-TeacherBomber/Bomberman/target/classes/assets/textures/brick.png
13:34:56.706 [FXGL Background Thread 2 ] INFO  UpdaterService       - Your current version:  dev-SNAPSHOT
13:34:56.706 [FXGL Background Thread 2 ] INFO  UpdaterService       - Latest stable version: 17.1
13:34:56.919 [FXGL Background Thread 1 ] DEBUG GameWorld            - Clearing removable entities
13:34:56.920 [FXGL Background Thread 1 ] DEBUG GameWorld            - Setting level: com.almasb.fxgl.entity.level.Level@57237f16
13:34:56.927 [FXGL Background Thread 1 ] DEBUG FXGLAssetLoaderServi - Loading from file system: file:/C:/Users/falco/Documents/GitHub/Sites/IPOSE-TeacherBomber/Bomberman/target/classes/assets/textures/Floor.png
13:34:57.813 [FXGL Background Thread 1 ] DEBUG FXGLAssetLoaderServi - Loading from file system: file:/C:/Users/falco/Documents/GitHub/Sites/IPOSE-TeacherBomber/Bomberman/target/classes/assets/textures/koen.png
13:34:57.839 [FXGL Background Thread 1 ] INFO  FXGLApplication      - Game initialization took: 1,455 sec
13:34:57.853 [JavaFX Application Thread] DEBUG Input                - Clearing active input actions
13:34:57.864 [JavaFX Application Thread] DEBUG GameApplicationServi - Removing overlay from FXGLLoadingScene and adding to GameScene
13:34:57.865 [JavaFX Application Thread] DEBUG PrimaryStageWindow   - FXGLLoadingScene -> GameScene
13:34:59.259 [FXGL Background Thread 3 ] DEBUG Engine               - Logging environment variables
13:34:59.260 [FXGL Background Thread 3 ] DEBUG Engine               - achievements: []
13:34:59.260 [FXGL Background Thread 3 ] DEBUG Engine               - actualHeight: 864.0
13:34:59.260 [FXGL Background Thread 3 ] DEBUG Engine               - actualHeightProperty: ReadOnlyDoubleProperty [value: 864.0]
13:34:59.260 [FXGL Background Thread 3 ] DEBUG Engine               - actualWidth: 1536.0
13:34:59.260 [FXGL Background Thread 3 ] DEBUG Engine               - actualWidthProperty: ReadOnlyDoubleProperty [value: 1536.0]
13:34:59.260 [FXGL Background Thread 3 ] DEBUG Engine               - appIcon: fxgl_icon.png
13:34:59.260 [FXGL Background Thread 3 ] DEBUG Engine               - applicationMode: DEVELOPER
13:34:59.260 [FXGL Background Thread 3 ] DEBUG Engine               - cSSList: [fxgl_dark.css]
13:34:59.260 [FXGL Background Thread 3 ] DEBUG Engine               - collisionDetectionStrategy: BRUTE_FORCE
13:34:59.261 [FXGL Background Thread 3 ] DEBUG Engine               - configClass: Optional.empty
13:34:59.261 [FXGL Background Thread 3 ] DEBUG Engine               - credits: []
13:34:59.261 [FXGL Background Thread 3 ] DEBUG Engine               - defaultCursor: CursorInfo(imageName=fxgl_default_cursor.png, hotspotX=7.0, hotspotY=6.0)
13:34:59.261 [FXGL Background Thread 3 ] DEBUG Engine               - devBBoxColorProperty: ObjectProperty [value: 0xff0000ff]
13:34:59.261 [FXGL Background Thread 3 ] DEBUG Engine               - devEnableDebugCameraProperty: BooleanProperty [value: false]
13:34:59.262 [FXGL Background Thread 3 ] DEBUG Engine               - devSensorColorProperty: ObjectProperty [value: 0xffff00ff]
13:34:59.262 [FXGL Background Thread 3 ] DEBUG Engine               - devShowBBoxProperty: BooleanProperty [value: false]
13:34:59.262 [FXGL Background Thread 3 ] DEBUG Engine               - devShowPositionProperty: BooleanProperty [value: false]
13:34:59.262 [FXGL Background Thread 3 ] DEBUG Engine               - enabledMenuItems: []
13:34:59.262 [FXGL Background Thread 3 ] DEBUG Engine               - engineServices: [class com.almasb.fxgl.app.services.FXGLAssetLoaderService, class com.almasb.fxgl.app.FXGLApplication$GameApplicationService, class com.almasb.fxgl.app.services.FXGLDialogService, class com.almasb.fxgl.app.services.IOTaskExecutorService, class com.almasb.fxgl.io.FileSystemService, class com.almasb.fxgl.localization.LocalizationService, class com.almasb.fxgl.app.services.SystemBundleService, class com.almasb.fxgl.profile.SaveLoadService, class com.almasb.fxgl.ui.FXGLUIFactoryServiceProvider, class com.almasb.fxgl.ui.FXGLDialogFactoryServiceProvider, class com.almasb.fxgl.audio.AudioPlayer, class com.almasb.fxgl.notification.impl.NotificationServiceProvider, class com.almasb.fxgl.achievement.AchievementService, class com.almasb.fxgl.cutscene.CutsceneService, class com.almasb.fxgl.minigames.MiniGameService, class com.almasb.fxgl.net.NetService, class com.almasb.fxgl.app.services.UpdaterService, class com.almasb.fxgl.dev.DevService]
13:34:59.262 [FXGL Background Thread 3 ] DEBUG Engine               - fontGame: Abel-Regular.ttf
13:34:59.262 [FXGL Background Thread 3 ] DEBUG Engine               - fontMono: lucida_console.ttf
13:34:59.262 [FXGL Background Thread 3 ] DEBUG Engine               - fontText: Courier-Prime.ttf
13:34:59.262 [FXGL Background Thread 3 ] DEBUG Engine               - fontUI: VarelaRound-Regular.ttf
13:34:59.262 [FXGL Background Thread 3 ] DEBUG Engine               - fullScreen: BooleanProperty [value: true]
13:34:59.262 [FXGL Background Thread 3 ] DEBUG Engine               - gameDifficulty: MEDIUM
13:34:59.262 [FXGL Background Thread 3 ] DEBUG Engine               - gameDifficultyProperty: ObjectProperty [value: MEDIUM]
13:34:59.262 [FXGL Background Thread 3 ] DEBUG Engine               - globalMusicVolume: 0.5
13:34:59.262 [FXGL Background Thread 3 ] DEBUG Engine               - globalMusicVolumeProperty: DoubleProperty [value: 0.5]
13:34:59.262 [FXGL Background Thread 3 ] DEBUG Engine               - globalSoundVolume: 0.5
13:34:59.263 [FXGL Background Thread 3 ] DEBUG Engine               - globalSoundVolumeProperty: DoubleProperty [value: 0.5]
13:34:59.263 [FXGL Background Thread 3 ] DEBUG Engine               - height: 1080
13:34:59.263 [FXGL Background Thread 3 ] DEBUG Engine               - is3D: false
13:34:59.263 [FXGL Background Thread 3 ] DEBUG Engine               - isAndroid: false
13:34:59.263 [FXGL Background Thread 3 ] DEBUG Engine               - isBrowser: false
13:34:59.263 [FXGL Background Thread 3 ] DEBUG Engine               - isClickFeedbackEnabled: false
13:34:59.263 [FXGL Background Thread 3 ] DEBUG Engine               - isCloseConfirmation: false
13:34:59.263 [FXGL Background Thread 3 ] DEBUG Engine               - isDesktop: true
13:34:59.263 [FXGL Background Thread 3 ] DEBUG Engine               - isDeveloperMenuEnabled: false
13:34:59.263 [FXGL Background Thread 3 ] DEBUG Engine               - isEmbedded: false
13:34:59.263 [FXGL Background Thread 3 ] DEBUG Engine               - isEntityPreloadEnabled: true
13:34:59.263 [FXGL Background Thread 3 ] DEBUG Engine               - isExperimentalTiledLargeMap: false
13:34:59.263 [FXGL Background Thread 3 ] DEBUG Engine               - isFileSystemWriteAllowed: true
13:34:59.263 [FXGL Background Thread 3 ] DEBUG Engine               - isFullScreenAllowed: true
13:34:59.263 [FXGL Background Thread 3 ] DEBUG Engine               - isFullScreenFromStart: true
13:34:59.264 [FXGL Background Thread 3 ] DEBUG Engine               - isGameMenuEnabled: true
13:34:59.264 [FXGL Background Thread 3 ] DEBUG Engine               - isIOS: false
13:34:59.264 [FXGL Background Thread 3 ] DEBUG Engine               - isIntroEnabled: false
13:34:59.264 [FXGL Background Thread 3 ] DEBUG Engine               - isLinux: false
13:34:59.264 [FXGL Background Thread 3 ] DEBUG Engine               - isMac: false
13:34:59.264 [FXGL Background Thread 3 ] DEBUG Engine               - isMainMenuEnabled: false
13:34:59.264 [FXGL Background Thread 3 ] DEBUG Engine               - isManualResizeEnabled: false
13:34:59.264 [FXGL Background Thread 3 ] DEBUG Engine               - isMobile: false
13:34:59.264 [FXGL Background Thread 3 ] DEBUG Engine               - isNative: false
13:34:59.264 [FXGL Background Thread 3 ] DEBUG Engine               - isPauseMusicWhenMinimized: true
13:34:59.265 [FXGL Background Thread 3 ] DEBUG Engine               - isPreserveResizeRatio: false
13:34:59.265 [FXGL Background Thread 3 ] DEBUG Engine               - isProfilingEnabled: false
13:34:59.265 [FXGL Background Thread 3 ] DEBUG Engine               - isScaleAffectedOnResize: true
13:34:59.265 [FXGL Background Thread 3 ] DEBUG Engine               - isSingleStep: false
13:34:59.266 [FXGL Background Thread 3 ] DEBUG Engine               - isUserProfileEnabled: false
13:34:59.266 [FXGL Background Thread 3 ] DEBUG Engine               - isWindows: true
13:34:59.266 [FXGL Background Thread 3 ] DEBUG Engine               - language: ObjectProperty [value: ENGLISH]
13:34:59.266 [FXGL Background Thread 3 ] DEBUG Engine               - menuKey: ESCAPE
13:34:59.266 [FXGL Background Thread 3 ] DEBUG Engine               - mouseSensitivity: 0.2
13:34:59.266 [FXGL Background Thread 3 ] DEBUG Engine               - notificationViewClass: class com.almasb.fxgl.notification.view.XboxNotificationView
13:34:59.266 [FXGL Background Thread 3 ] DEBUG Engine               - pixelsPerMeter: 50.0
13:34:59.266 [FXGL Background Thread 3 ] DEBUG Engine               - platform: WINDOWS
13:34:59.266 [FXGL Background Thread 3 ] DEBUG Engine               - prefHeightProperty: ReadOnlyDoubleProperty [value: 1080.0]
13:34:59.267 [FXGL Background Thread 3 ] DEBUG Engine               - prefWidthProperty: ReadOnlyDoubleProperty [value: 1920.0]
13:34:59.267 [FXGL Background Thread 3 ] DEBUG Engine               - profileDir: profiles/
13:34:59.268 [FXGL Background Thread 3 ] DEBUG Engine               - profileName: StringProperty [value: DEFAULT]
13:34:59.268 [FXGL Background Thread 3 ] DEBUG Engine               - randomSeed: -1
13:34:59.268 [FXGL Background Thread 3 ] DEBUG Engine               - runtimeInfo: RuntimeInfo(platform=WINDOWS, version=dev-SNAPSHOT, build=28.07.2021 16.39)
13:34:59.268 [FXGL Background Thread 3 ] DEBUG Engine               - saveFileExt: sav
13:34:59.268 [FXGL Background Thread 3 ] DEBUG Engine               - scaledHeightProp$fxgl: DoubleProperty [bound, value: 864.0]
13:34:59.268 [FXGL Background Thread 3 ] DEBUG Engine               - scaledWidthProp$fxgl: DoubleProperty [bound, value: 1536.0]
13:34:59.268 [FXGL Background Thread 3 ] DEBUG Engine               - sceneFactory: com.ward_cunningham_38.teacherbomber.TeacherBomberApp$1@b8787c1
13:34:59.268 [FXGL Background Thread 3 ] DEBUG Engine               - secondsIn24h: 60
13:34:59.268 [FXGL Background Thread 3 ] DEBUG Engine               - soundMenuBack: menu/back.wav
13:34:59.268 [FXGL Background Thread 3 ] DEBUG Engine               - soundMenuPress: menu/press.wav
13:34:59.268 [FXGL Background Thread 3 ] DEBUG Engine               - soundMenuSelect: menu/select.wav
13:34:59.269 [FXGL Background Thread 3 ] DEBUG Engine               - soundNotification: core/notification.wav
13:34:59.269 [FXGL Background Thread 3 ] DEBUG Engine               - stageStyle: DECORATED
13:34:59.269 [FXGL Background Thread 3 ] DEBUG Engine               - supportedLanguages: [ENGLISH, FRENCH, GERMAN, HUNGARIAN, RUSSIAN]
13:34:59.269 [FXGL Background Thread 3 ] DEBUG Engine               - ticksPerSecond: -1
13:34:59.269 [FXGL Background Thread 3 ] DEBUG Engine               - title: Bomberman App
13:34:59.269 [FXGL Background Thread 3 ] DEBUG Engine               - urlGithub: https://github.com/AlmasB/FXGL
13:34:59.269 [FXGL Background Thread 3 ] DEBUG Engine               - urlLeaderboard: http://fxgl-top.herokuapp.com/
13:34:59.269 [FXGL Background Thread 3 ] DEBUG Engine               - urlPOM: https://raw.githubusercontent.com/AlmasB/FXGL/release/README.md
13:34:59.269 [FXGL Background Thread 3 ] DEBUG Engine               - userAppClass: class com.ward_cunningham_38.teacherbomber.TeacherBomberApp
13:34:59.269 [FXGL Background Thread 3 ] DEBUG Engine               - version: 0.1
13:34:59.269 [FXGL Background Thread 3 ] DEBUG Engine               - versionCheckDays: 7
13:34:59.269 [FXGL Background Thread 3 ] DEBUG Engine               - width: 1920
13:34:59.269 [FXGL Background Thread 3 ] DEBUG Engine               - Logging services
13:34:59.270 [FXGL Background Thread 3 ] DEBUG Engine               - class com.almasb.fxgl.app.services.FXGLAssetLoaderService
13:34:59.270 [FXGL Background Thread 3 ] DEBUG Engine               - class com.almasb.fxgl.app.FXGLApplication$GameApplicationService
13:34:59.270 [FXGL Background Thread 3 ] DEBUG Engine               - class com.almasb.fxgl.app.services.FXGLDialogService
13:34:59.270 [FXGL Background Thread 3 ] DEBUG Engine               - class com.almasb.fxgl.app.services.IOTaskExecutorService
13:34:59.270 [FXGL Background Thread 3 ] DEBUG Engine               - class com.almasb.fxgl.io.FileSystemService
13:34:59.270 [FXGL Background Thread 3 ] DEBUG Engine               - class com.almasb.fxgl.localization.LocalizationService
13:34:59.270 [FXGL Background Thread 3 ] DEBUG Engine               - class com.almasb.fxgl.app.services.SystemBundleService
13:34:59.270 [FXGL Background Thread 3 ] DEBUG Engine               - class com.almasb.fxgl.profile.SaveLoadService
13:34:59.270 [FXGL Background Thread 3 ] DEBUG Engine               - class com.almasb.fxgl.ui.FXGLUIFactoryServiceProvider
13:34:59.270 [FXGL Background Thread 3 ] DEBUG Engine               - class com.almasb.fxgl.ui.FXGLDialogFactoryServiceProvider
13:34:59.270 [FXGL Background Thread 3 ] DEBUG Engine               - class com.almasb.fxgl.audio.AudioPlayer
13:34:59.270 [FXGL Background Thread 3 ] DEBUG Engine               - class com.almasb.fxgl.notification.impl.NotificationServiceProvider
13:34:59.270 [FXGL Background Thread 3 ] DEBUG Engine               - class com.almasb.fxgl.achievement.AchievementService
13:34:59.270 [FXGL Background Thread 3 ] DEBUG Engine               - class com.almasb.fxgl.cutscene.CutsceneService
13:34:59.270 [FXGL Background Thread 3 ] DEBUG Engine               - class com.almasb.fxgl.minigames.MiniGameService
13:34:59.270 [FXGL Background Thread 3 ] DEBUG Engine               - class com.almasb.fxgl.net.NetService
13:34:59.270 [FXGL Background Thread 3 ] DEBUG Engine               - class com.almasb.fxgl.app.services.UpdaterService
13:34:59.271 [FXGL Background Thread 3 ] DEBUG Engine               - class com.almasb.fxgl.dev.DevService
13:34:59.937 [JavaFX Application Thread] DEBUG FXGLAssetLoaderServi - Loading from file system: file:/C:/Users/falco/Documents/GitHub/Sites/IPOSE-TeacherBomber/Bomberman/target/classes/assets/textures/bomb.png
13:35:10.078 [JavaFX Application Thread] DEBUG PrimaryStageWindow   - Push state: SimpleGameMenu
13:35:10.078 [JavaFX Application Thread] DEBUG Input                - Clearing active input actions
13:35:10.082 [JavaFX Application Thread] DEBUG GameApplicationServi - Removing overlay from GameScene and adding to SimpleGameMenu
13:35:10.083 [JavaFX Application Thread] DEBUG PrimaryStageWindow   - GameScene -> SimpleGameMenu
13:35:12.478 [JavaFX Application Thread] DEBUG PrimaryStageWindow   - Pop state: SimpleGameMenu
13:35:12.479 [JavaFX Application Thread] DEBUG Input                - Clearing active input actions
13:35:12.479 [JavaFX Application Thread] DEBUG GameApplicationServi - Removing overlay from SimpleGameMenu and adding to GameScene
13:35:12.479 [JavaFX Application Thread] DEBUG PrimaryStageWindow   - GameScene <- SimpleGameMenu
13:35:16.191 [JavaFX Application Thread] DEBUG PrimaryStageWindow   - Push state: SimpleGameMenu
13:35:16.191 [JavaFX Application Thread] DEBUG Input                - Clearing active input actions
13:35:16.191 [JavaFX Application Thread] DEBUG GameApplicationServi - Removing overlay from GameScene and adding to SimpleGameMenu
13:35:16.192 [JavaFX Application Thread] DEBUG PrimaryStageWindow   - GameScene -> SimpleGameMenu
13:35:16.999 [JavaFX Application Thread] DEBUG Menu                 - fireExit()
13:35:17.001 [JavaFX Application Thread] DEBUG PrimaryStageWindow   - Push state: DialogSubScene
13:35:17.002 [JavaFX Application Thread] DEBUG Input                - Clearing active input actions
13:35:17.002 [JavaFX Application Thread] DEBUG GameApplicationServi - Removing overlay from SimpleGameMenu and adding to DialogSubScene
13:35:17.002 [JavaFX Application Thread] DEBUG PrimaryStageWindow   - SimpleGameMenu -> DialogSubScene
13:35:17.584 [JavaFX Application Thread] DEBUG PrimaryStageWindow   - Pop state: DialogSubScene
13:35:17.584 [JavaFX Application Thread] DEBUG Input                - Clearing active input actions
13:35:17.585 [JavaFX Application Thread] DEBUG GameApplicationServi - Removing overlay from DialogSubScene and adding to SimpleGameMenu
13:35:17.585 [JavaFX Application Thread] DEBUG PrimaryStageWindow   - SimpleGameMenu <- DialogSubScene
13:35:17.585 [JavaFX Application Thread] DEBUG FXGLApplication      - Exiting FXGL
13:35:17.585 [JavaFX Application Thread] DEBUG LoopRunner           - Stopping loop
13:35:17.585 [JavaFX Application Thread] DEBUG SystemBundleService  - Saving FXGL system data
13:35:17.587 [JavaFX Application Thread] DEBUG FileSystemAccess     - Writing to: C:\Users\falco\Documents\GitHub\Sites\IPOSE-TeacherBomber\system\fxgl.bundle
13:35:17.589 [JavaFX Application Thread] DEBUG Async                - Shutting down background threads
13:35:17.589 [JavaFX Application Thread] DEBUG PrimaryStageWindow   - Closing main window
13:35:17.638 [JavaFX Application Thread] DEBUG Logger               - Closing Logger
