13:45:03.820 [main                     ] DEBUG Logger               - Configured Logger
13:45:03.823 [main                     ] DEBUG GameApplication      - Logging settings
Title: Bomberman App
Version: 0.1
Width: 1920
Height: 1080
Fullscreen: true
Intro: false
Profiling: false
Single step:false
App Mode: DEVELOPER
Menu Key: ESCAPE
Stage Style: DECORATED
Scene Factory: class com.ward_cunningham_38.teacherbomber.TeacherBomberApp$1

13:45:04.466 [JavaFX Application Thread] DEBUG FXGLApplication      - Initializing FXGL
13:45:04.468 [JavaFX Application Thread] INFO  Engine               - FXGL-dev-SNAPSHOT (28.07.2021 16.39) on WINDOWS (J:18 FX:16)
13:45:04.468 [JavaFX Application Thread] DEBUG Engine               - JRE Vendor Name: Oracle Corporation
13:45:04.468 [JavaFX Application Thread] DEBUG Engine               - Running on OS: Windows 10 version 10.0
13:45:04.469 [JavaFX Application Thread] DEBUG Engine               - Architecture: amd64
13:45:04.469 [JavaFX Application Thread] INFO  Engine               - Source code and latest versions at: https://github.com/AlmasB/FXGL
13:45:04.469 [JavaFX Application Thread] INFO  Engine               -              Join the FXGL chat at: https://gitter.im/AlmasB/FXGL
13:45:04.605 [JavaFX Application Thread] DEBUG PrimaryStageWindow   - Creating a JavaFX scene
13:45:04.606 [JavaFX Application Thread] DEBUG PrimaryStageWindow   - Target size > screen size
13:45:04.665 [JavaFX Application Thread] DEBUG PrimaryStageWindow   - Target settings size: 1920.0 x 1080.0
13:45:04.665 [JavaFX Application Thread] DEBUG PrimaryStageWindow   - Scaled scene size:    1511.0 x 864.0
13:45:04.665 [JavaFX Application Thread] DEBUG PrimaryStageWindow   - Scaled ratio: (0.7869791666666667, 0.8)
13:45:04.666 [JavaFX Application Thread] DEBUG PrimaryStageWindow   - Set initial scene to FXGLStartupScene
13:45:04.677 [JavaFX Application Thread] DEBUG PrimaryStageWindow   - Opening main window
13:45:04.782 [JavaFX Application Thread] DEBUG PrimaryStageWindow   - Window border size: (14.5999755859375, 37.5999755859375)
13:45:04.782 [JavaFX Application Thread] DEBUG PrimaryStageWindow   - Scaled size: 1511.0 x 864.0
13:45:04.782 [JavaFX Application Thread] DEBUG PrimaryStageWindow   - Scaled ratio: (0.7869791666666667, 0.8)
13:45:04.783 [JavaFX Application Thread] DEBUG PrimaryStageWindow   - Scene size: 1511.0 x 864.0
13:45:04.783 [JavaFX Application Thread] DEBUG PrimaryStageWindow   - Stage size: 1525.5999755859375 x 901.5999755859375
13:45:04.857 [JavaFX Application Thread] DEBUG PrimaryStageWindow   - Going fullscreen
13:45:04.873 [FXGL Background Thread 1 ] DEBUG Engine               - Initializing environment variables
13:45:04.968 [FXGL Background Thread 1 ] DEBUG FXGLAssetLoaderServi - User app class for loading assets: class com.ward_cunningham_38.teacherbomber.TeacherBomberApp
13:45:04.969 [FXGL Background Thread 1 ] DEBUG GameApplicationServi - Applying CSS: fxgl_dark.css
13:45:04.969 [FXGL Background Thread 1 ] DEBUG FXGLAssetLoaderServi - Loading from file system: jar:file:/C:/Users/falco/.m2/repository/com/github/almasb/fxgl/dev-SNAPSHOT/fxgl-dev-20210728.163953-1821.jar!/fxglassets/ui/css/fxgl_dark.css
13:45:05.022 [FXGL Background Thread 1 ] DEBUG GameApplicationServi - Initializing application scenes
13:45:05.072 [FXGL Background Thread 1 ] DEBUG GameWorld            - Game world initialized
13:45:05.140 [FXGL Background Thread 1 ] DEBUG PhysicsWorld         - Physics world initialized: appHeight=1080, physics.ppm=50,0
13:45:05.140 [FXGL Background Thread 1 ] DEBUG PhysicsWorld         - Using strategy: BRUTE_FORCE
13:45:05.142 [FXGL Background Thread 1 ] DEBUG GameScene            - Game scene initialized: 1920x1080
13:45:05.150 [FXGL Background Thread 1 ] DEBUG FXGLAssetLoaderServi - Loading from file system: jar:file:/C:/Users/falco/.m2/repository/com/github/almasb/fxgl/dev-SNAPSHOT/fxgl-dev-20210728.163953-1821.jar!/fxglassets/textures/pause_menu_bg.png
13:45:05.200 [FXGL Background Thread 1 ] DEBUG GameApplicationServi - Application scenes initialized
13:45:05.218 [FXGL Background Thread 1 ] DEBUG SystemBundleService  - Loading FXGL system data
13:45:05.223 [FXGL Background Thread 1 ] DEBUG FileSystemAccess     - Reading from: C:\Users\falco\Documents\GitHub\Sites\IPOSE-TeacherBomber\system\fxgl.bundle
13:45:05.233 [FXGL Background Thread 1 ] DEBUG SystemBundleService  - Bundle FXGL: {}
13:45:05.233 [FXGL Background Thread 1 ] DEBUG UpdaterService       - Checking for updates
13:45:05.244 [FXGL Background Thread 4 ] DEBUG FXGLApplication      - Loading fonts
13:45:05.245 [FXGL Background Thread 4 ] DEBUG FXGLAssetLoaderServi - Loading from file system: jar:file:/C:/Users/falco/.m2/repository/com/github/almasb/fxgl/dev-SNAPSHOT/fxgl-dev-20210728.163953-1821.jar!/fxglassets/ui/fonts/VarelaRound-Regular.ttf
13:45:05.245 [FXGL Background Thread 1 ] DEBUG FXGLApplication      - Loading default localization
13:45:05.245 [FXGL Background Thread 1 ] DEBUG FXGLAssetLoaderServi - Loading from file system: jar:file:/C:/Users/falco/.m2/repository/com/github/almasb/fxgl/dev-SNAPSHOT/fxgl-dev-20210728.163953-1821.jar!/fxglassets/languages/english.lang
13:45:05.267 [FXGL Background Thread 1 ] INFO  FXGLApplication      - FXGL initialization took: 0,394 sec
13:45:05.281 [JavaFX Application Thread] DEBUG Input                - Registered new binding: Move Up - W
13:45:05.281 [JavaFX Application Thread] DEBUG Input                - Registered new binding: Move Left - A
13:45:05.281 [JavaFX Application Thread] DEBUG Input                - Registered new binding: Move Down - S
13:45:05.282 [JavaFX Application Thread] DEBUG Input                - Registered new binding: Move Right - D
13:45:05.282 [JavaFX Application Thread] DEBUG Input                - Registered new binding: Place Bomb - F
13:45:05.282 [JavaFX Application Thread] DEBUG FXGLAssetLoaderServi - Loading from file system: jar:file:/C:/Users/falco/.m2/repository/com/github/almasb/fxgl/dev-SNAPSHOT/fxgl-dev-20210728.163953-1821.jar!/fxglassets/textures/fxgl_icon.png
13:45:05.321 [JavaFX Application Thread] DEBUG FXGLAssetLoaderServi - Loading from file system: jar:file:/C:/Users/falco/.m2/repository/com/github/almasb/fxgl/dev-SNAPSHOT/fxgl-dev-20210728.163953-1821.jar!/fxglassets/textures/fxgl_default_cursor.png
13:45:05.324 [JavaFX Application Thread] DEBUG Input                - Registered new binding: Screenshot - CTRL+8
13:45:05.324 [JavaFX Application Thread] DEBUG Input                - Registered new binding: System info dump - CTRL+9
13:45:05.325 [JavaFX Application Thread] DEBUG Input                - Registered new binding: Restart - CTRL+R
13:45:05.326 [JavaFX Application Thread] DEBUG Input                - Registered new binding: Toggle Debug Camera - CTRL+C
13:45:05.329 [JavaFX Application Thread] DEBUG LoopRunner           - Starting loop
13:45:05.329 [JavaFX Application Thread] DEBUG LoopRunner           - Initializing JavaFX AnimationTimerLoop
13:45:05.331 [JavaFX Application Thread] DEBUG GameApplicationServi - Starting new game
13:45:05.332 [JavaFX Application Thread] DEBUG Input                - Clearing active input actions
13:45:05.345 [FXGL Background Thread 4 ] DEBUG FXGLAssetLoaderServi - Loading from file system: jar:file:/C:/Users/falco/.m2/repository/com/github/almasb/fxgl/dev-SNAPSHOT/fxgl-dev-20210728.163953-1821.jar!/fxglassets/ui/fonts/Abel-Regular.ttf
13:45:05.346 [JavaFX Application Thread] DEBUG GameApplicationServi - Removing overlay from FXGLStartupScene and adding to FXGLLoadingScene
13:45:05.346 [JavaFX Application Thread] DEBUG PrimaryStageWindow   - FXGLStartupScene -> FXGLLoadingScene
13:45:05.346 [JavaFX Application Thread] DEBUG GameApplicationServi - Clearing previous game
13:45:05.346 [JavaFX Application Thread] DEBUG GameScene            - Clearing game scene
13:45:05.347 [JavaFX Application Thread] DEBUG GameWorld            - Clearing game world
13:45:05.347 [JavaFX Application Thread] DEBUG PhysicsWorld         - Clearing physics world
13:45:05.349 [FXGL Background Thread 1 ] DEBUG FXGLApplication      - Initializing game
13:45:05.357 [FXGL Background Thread 4 ] DEBUG FXGLAssetLoaderServi - Loading from file system: jar:file:/C:/Users/falco/.m2/repository/com/github/almasb/fxgl/dev-SNAPSHOT/fxgl-dev-20210728.163953-1821.jar!/fxglassets/ui/fonts/lucida_console.ttf
13:45:05.370 [FXGL Background Thread 1 ] DEBUG FXGLAssetLoaderServi - Loading from file system: file:/C:/Users/falco/Documents/GitHub/Sites/IPOSE-TeacherBomber/Bomberman/target/classes/assets/textures/wall.png
13:45:05.375 [FXGL Background Thread 4 ] DEBUG FXGLAssetLoaderServi - Loading from file system: jar:file:/C:/Users/falco/.m2/repository/com/github/almasb/fxgl/dev-SNAPSHOT/fxgl-dev-20210728.163953-1821.jar!/fxglassets/ui/fonts/Courier-Prime.ttf
13:45:05.409 [JavaFX Application Thread] DEBUG FXGLApplication      - Registering font factories with UI factory
13:45:05.520 [FXGL Background Thread 1 ] DEBUG FXGLAssetLoaderServi - Loading from file system: file:/C:/Users/falco/Documents/GitHub/Sites/IPOSE-TeacherBomber/Bomberman/target/classes/assets/textures/brick.png
13:45:05.684 [FXGL Background Thread 2 ] INFO  UpdaterService       - Your current version:  dev-SNAPSHOT
13:45:05.684 [FXGL Background Thread 2 ] INFO  UpdaterService       - Latest stable version: 17.1
13:45:05.865 [FXGL Background Thread 1 ] DEBUG GameWorld            - Clearing removable entities
13:45:05.866 [FXGL Background Thread 1 ] DEBUG GameWorld            - Setting level: com.almasb.fxgl.entity.level.Level@173bc0b9
13:45:05.873 [FXGL Background Thread 1 ] DEBUG FXGLAssetLoaderServi - Loading from file system: file:/C:/Users/falco/Documents/GitHub/Sites/IPOSE-TeacherBomber/Bomberman/target/classes/assets/textures/Floor.png
13:45:06.754 [FXGL Background Thread 1 ] DEBUG FXGLAssetLoaderServi - Loading from file system: file:/C:/Users/falco/Documents/GitHub/Sites/IPOSE-TeacherBomber/Bomberman/target/classes/assets/textures/koen.png
13:45:06.780 [FXGL Background Thread 1 ] INFO  FXGLApplication      - Game initialization took: 1,432 sec
13:45:06.782 [JavaFX Application Thread] DEBUG Input                - Clearing active input actions
13:45:06.797 [JavaFX Application Thread] DEBUG GameApplicationServi - Removing overlay from FXGLLoadingScene and adding to GameScene
13:45:06.798 [JavaFX Application Thread] DEBUG PrimaryStageWindow   - FXGLLoadingScene -> GameScene
13:45:08.243 [FXGL Background Thread 3 ] DEBUG Engine               - Logging environment variables
13:45:08.243 [FXGL Background Thread 3 ] DEBUG Engine               - achievements: []
13:45:08.243 [FXGL Background Thread 3 ] DEBUG Engine               - actualHeight: 864.0
13:45:08.243 [FXGL Background Thread 3 ] DEBUG Engine               - actualHeightProperty: ReadOnlyDoubleProperty [value: 864.0]
13:45:08.243 [FXGL Background Thread 3 ] DEBUG Engine               - actualWidth: 1536.0
13:45:08.243 [FXGL Background Thread 3 ] DEBUG Engine               - actualWidthProperty: ReadOnlyDoubleProperty [value: 1536.0]
13:45:08.243 [FXGL Background Thread 3 ] DEBUG Engine               - appIcon: fxgl_icon.png
13:45:08.243 [FXGL Background Thread 3 ] DEBUG Engine               - applicationMode: DEVELOPER
13:45:08.243 [FXGL Background Thread 3 ] DEBUG Engine               - cSSList: [fxgl_dark.css]
13:45:08.244 [FXGL Background Thread 3 ] DEBUG Engine               - collisionDetectionStrategy: BRUTE_FORCE
13:45:08.244 [FXGL Background Thread 3 ] DEBUG Engine               - configClass: Optional.empty
13:45:08.244 [FXGL Background Thread 3 ] DEBUG Engine               - credits: []
13:45:08.244 [FXGL Background Thread 3 ] DEBUG Engine               - defaultCursor: CursorInfo(imageName=fxgl_default_cursor.png, hotspotX=7.0, hotspotY=6.0)
13:45:08.244 [FXGL Background Thread 3 ] DEBUG Engine               - devBBoxColorProperty: ObjectProperty [value: 0xff0000ff]
13:45:08.244 [FXGL Background Thread 3 ] DEBUG Engine               - devEnableDebugCameraProperty: BooleanProperty [value: false]
13:45:08.244 [FXGL Background Thread 3 ] DEBUG Engine               - devSensorColorProperty: ObjectProperty [value: 0xffff00ff]
13:45:08.244 [FXGL Background Thread 3 ] DEBUG Engine               - devShowBBoxProperty: BooleanProperty [value: false]
13:45:08.244 [FXGL Background Thread 3 ] DEBUG Engine               - devShowPositionProperty: BooleanProperty [value: false]
13:45:08.244 [FXGL Background Thread 3 ] DEBUG Engine               - enabledMenuItems: []
13:45:08.245 [FXGL Background Thread 3 ] DEBUG Engine               - engineServices: [class com.almasb.fxgl.app.services.FXGLAssetLoaderService, class com.almasb.fxgl.app.FXGLApplication$GameApplicationService, class com.almasb.fxgl.app.services.FXGLDialogService, class com.almasb.fxgl.app.services.IOTaskExecutorService, class com.almasb.fxgl.io.FileSystemService, class com.almasb.fxgl.localization.LocalizationService, class com.almasb.fxgl.app.services.SystemBundleService, class com.almasb.fxgl.profile.SaveLoadService, class com.almasb.fxgl.ui.FXGLUIFactoryServiceProvider, class com.almasb.fxgl.ui.FXGLDialogFactoryServiceProvider, class com.almasb.fxgl.audio.AudioPlayer, class com.almasb.fxgl.notification.impl.NotificationServiceProvider, class com.almasb.fxgl.achievement.AchievementService, class com.almasb.fxgl.cutscene.CutsceneService, class com.almasb.fxgl.minigames.MiniGameService, class com.almasb.fxgl.net.NetService, class com.almasb.fxgl.app.services.UpdaterService, class com.almasb.fxgl.dev.DevService]
13:45:08.245 [FXGL Background Thread 3 ] DEBUG Engine               - fontGame: Abel-Regular.ttf
13:45:08.245 [FXGL Background Thread 3 ] DEBUG Engine               - fontMono: lucida_console.ttf
13:45:08.245 [FXGL Background Thread 3 ] DEBUG Engine               - fontText: Courier-Prime.ttf
13:45:08.245 [FXGL Background Thread 3 ] DEBUG Engine               - fontUI: VarelaRound-Regular.ttf
13:45:08.245 [FXGL Background Thread 3 ] DEBUG Engine               - fullScreen: BooleanProperty [value: true]
13:45:08.245 [FXGL Background Thread 3 ] DEBUG Engine               - gameDifficulty: MEDIUM
13:45:08.245 [FXGL Background Thread 3 ] DEBUG Engine               - gameDifficultyProperty: ObjectProperty [value: MEDIUM]
13:45:08.245 [FXGL Background Thread 3 ] DEBUG Engine               - globalMusicVolume: 0.5
13:45:08.245 [FXGL Background Thread 3 ] DEBUG Engine               - globalMusicVolumeProperty: DoubleProperty [value: 0.5]
13:45:08.245 [FXGL Background Thread 3 ] DEBUG Engine               - globalSoundVolume: 0.5
13:45:08.245 [FXGL Background Thread 3 ] DEBUG Engine               - globalSoundVolumeProperty: DoubleProperty [value: 0.5]
13:45:08.245 [FXGL Background Thread 3 ] DEBUG Engine               - height: 1080
13:45:08.246 [FXGL Background Thread 3 ] DEBUG Engine               - is3D: false
13:45:08.246 [FXGL Background Thread 3 ] DEBUG Engine               - isAndroid: false
13:45:08.246 [FXGL Background Thread 3 ] DEBUG Engine               - isBrowser: false
13:45:08.246 [FXGL Background Thread 3 ] DEBUG Engine               - isClickFeedbackEnabled: false
13:45:08.246 [FXGL Background Thread 3 ] DEBUG Engine               - isCloseConfirmation: false
13:45:08.246 [FXGL Background Thread 3 ] DEBUG Engine               - isDesktop: true
13:45:08.246 [FXGL Background Thread 3 ] DEBUG Engine               - isDeveloperMenuEnabled: false
13:45:08.246 [FXGL Background Thread 3 ] DEBUG Engine               - isEmbedded: false
13:45:08.246 [FXGL Background Thread 3 ] DEBUG Engine               - isEntityPreloadEnabled: true
13:45:08.246 [FXGL Background Thread 3 ] DEBUG Engine               - isExperimentalTiledLargeMap: false
13:45:08.246 [FXGL Background Thread 3 ] DEBUG Engine               - isFileSystemWriteAllowed: true
13:45:08.246 [FXGL Background Thread 3 ] DEBUG Engine               - isFullScreenAllowed: true
13:45:08.246 [FXGL Background Thread 3 ] DEBUG Engine               - isFullScreenFromStart: true
13:45:08.246 [FXGL Background Thread 3 ] DEBUG Engine               - isGameMenuEnabled: true
13:45:08.246 [FXGL Background Thread 3 ] DEBUG Engine               - isIOS: false
13:45:08.246 [FXGL Background Thread 3 ] DEBUG Engine               - isIntroEnabled: false
13:45:08.247 [FXGL Background Thread 3 ] DEBUG Engine               - isLinux: false
13:45:08.247 [FXGL Background Thread 3 ] DEBUG Engine               - isMac: false
13:45:08.247 [FXGL Background Thread 3 ] DEBUG Engine               - isMainMenuEnabled: false
13:45:08.247 [FXGL Background Thread 3 ] DEBUG Engine               - isManualResizeEnabled: false
13:45:08.247 [FXGL Background Thread 3 ] DEBUG Engine               - isMobile: false
13:45:08.247 [FXGL Background Thread 3 ] DEBUG Engine               - isNative: false
13:45:08.247 [FXGL Background Thread 3 ] DEBUG Engine               - isPauseMusicWhenMinimized: true
13:45:08.247 [FXGL Background Thread 3 ] DEBUG Engine               - isPreserveResizeRatio: false
13:45:08.247 [FXGL Background Thread 3 ] DEBUG Engine               - isProfilingEnabled: false
13:45:08.247 [FXGL Background Thread 3 ] DEBUG Engine               - isScaleAffectedOnResize: true
13:45:08.247 [FXGL Background Thread 3 ] DEBUG Engine               - isSingleStep: false
13:45:08.247 [FXGL Background Thread 3 ] DEBUG Engine               - isUserProfileEnabled: false
13:45:08.247 [FXGL Background Thread 3 ] DEBUG Engine               - isWindows: true
13:45:08.247 [FXGL Background Thread 3 ] DEBUG Engine               - language: ObjectProperty [value: ENGLISH]
13:45:08.247 [FXGL Background Thread 3 ] DEBUG Engine               - menuKey: ESCAPE
13:45:08.247 [FXGL Background Thread 3 ] DEBUG Engine               - mouseSensitivity: 0.2
13:45:08.248 [FXGL Background Thread 3 ] DEBUG Engine               - notificationViewClass: class com.almasb.fxgl.notification.view.XboxNotificationView
13:45:08.248 [FXGL Background Thread 3 ] DEBUG Engine               - pixelsPerMeter: 50.0
13:45:08.248 [FXGL Background Thread 3 ] DEBUG Engine               - platform: WINDOWS
13:45:08.248 [FXGL Background Thread 3 ] DEBUG Engine               - prefHeightProperty: ReadOnlyDoubleProperty [value: 1080.0]
13:45:08.248 [FXGL Background Thread 3 ] DEBUG Engine               - prefWidthProperty: ReadOnlyDoubleProperty [value: 1920.0]
13:45:08.248 [FXGL Background Thread 3 ] DEBUG Engine               - profileDir: profiles/
13:45:08.248 [FXGL Background Thread 3 ] DEBUG Engine               - profileName: StringProperty [value: DEFAULT]
13:45:08.248 [FXGL Background Thread 3 ] DEBUG Engine               - randomSeed: -1
13:45:08.248 [FXGL Background Thread 3 ] DEBUG Engine               - runtimeInfo: RuntimeInfo(platform=WINDOWS, version=dev-SNAPSHOT, build=28.07.2021 16.39)
13:45:08.248 [FXGL Background Thread 3 ] DEBUG Engine               - saveFileExt: sav
13:45:08.248 [FXGL Background Thread 3 ] DEBUG Engine               - scaledHeightProp$fxgl: DoubleProperty [bound, value: 864.0]
13:45:08.248 [FXGL Background Thread 3 ] DEBUG Engine               - scaledWidthProp$fxgl: DoubleProperty [bound, value: 1536.0]
13:45:08.248 [FXGL Background Thread 3 ] DEBUG Engine               - sceneFactory: com.ward_cunningham_38.teacherbomber.TeacherBomberApp$1@63ac4675
13:45:08.249 [FXGL Background Thread 3 ] DEBUG Engine               - secondsIn24h: 60
13:45:08.249 [FXGL Background Thread 3 ] DEBUG Engine               - soundMenuBack: menu/back.wav
13:45:08.249 [FXGL Background Thread 3 ] DEBUG Engine               - soundMenuPress: menu/press.wav
13:45:08.249 [FXGL Background Thread 3 ] DEBUG Engine               - soundMenuSelect: menu/select.wav
13:45:08.249 [FXGL Background Thread 3 ] DEBUG Engine               - soundNotification: core/notification.wav
13:45:08.249 [FXGL Background Thread 3 ] DEBUG Engine               - stageStyle: DECORATED
13:45:08.249 [FXGL Background Thread 3 ] DEBUG Engine               - supportedLanguages: [ENGLISH, FRENCH, GERMAN, HUNGARIAN, RUSSIAN]
13:45:08.249 [FXGL Background Thread 3 ] DEBUG Engine               - ticksPerSecond: -1
13:45:08.249 [FXGL Background Thread 3 ] DEBUG Engine               - title: Bomberman App
13:45:08.249 [FXGL Background Thread 3 ] DEBUG Engine               - urlGithub: https://github.com/AlmasB/FXGL
13:45:08.249 [FXGL Background Thread 3 ] DEBUG Engine               - urlLeaderboard: http://fxgl-top.herokuapp.com/
13:45:08.249 [FXGL Background Thread 3 ] DEBUG Engine               - urlPOM: https://raw.githubusercontent.com/AlmasB/FXGL/release/README.md
13:45:08.249 [FXGL Background Thread 3 ] DEBUG Engine               - userAppClass: class com.ward_cunningham_38.teacherbomber.TeacherBomberApp
13:45:08.249 [FXGL Background Thread 3 ] DEBUG Engine               - version: 0.1
13:45:08.249 [FXGL Background Thread 3 ] DEBUG Engine               - versionCheckDays: 7
13:45:08.249 [FXGL Background Thread 3 ] DEBUG Engine               - width: 1920
13:45:08.249 [FXGL Background Thread 3 ] DEBUG Engine               - Logging services
13:45:08.249 [FXGL Background Thread 3 ] DEBUG Engine               - class com.almasb.fxgl.app.services.FXGLAssetLoaderService
13:45:08.250 [FXGL Background Thread 3 ] DEBUG Engine               - class com.almasb.fxgl.app.FXGLApplication$GameApplicationService
13:45:08.250 [FXGL Background Thread 3 ] DEBUG Engine               - class com.almasb.fxgl.app.services.FXGLDialogService
13:45:08.250 [FXGL Background Thread 3 ] DEBUG Engine               - class com.almasb.fxgl.app.services.IOTaskExecutorService
13:45:08.250 [FXGL Background Thread 3 ] DEBUG Engine               - class com.almasb.fxgl.io.FileSystemService
13:45:08.250 [FXGL Background Thread 3 ] DEBUG Engine               - class com.almasb.fxgl.localization.LocalizationService
13:45:08.250 [FXGL Background Thread 3 ] DEBUG Engine               - class com.almasb.fxgl.app.services.SystemBundleService
13:45:08.250 [FXGL Background Thread 3 ] DEBUG Engine               - class com.almasb.fxgl.profile.SaveLoadService
13:45:08.250 [FXGL Background Thread 3 ] DEBUG Engine               - class com.almasb.fxgl.ui.FXGLUIFactoryServiceProvider
13:45:08.250 [FXGL Background Thread 3 ] DEBUG Engine               - class com.almasb.fxgl.ui.FXGLDialogFactoryServiceProvider
13:45:08.250 [FXGL Background Thread 3 ] DEBUG Engine               - class com.almasb.fxgl.audio.AudioPlayer
13:45:08.250 [FXGL Background Thread 3 ] DEBUG Engine               - class com.almasb.fxgl.notification.impl.NotificationServiceProvider
13:45:08.250 [FXGL Background Thread 3 ] DEBUG Engine               - class com.almasb.fxgl.achievement.AchievementService
13:45:08.250 [FXGL Background Thread 3 ] DEBUG Engine               - class com.almasb.fxgl.cutscene.CutsceneService
13:45:08.250 [FXGL Background Thread 3 ] DEBUG Engine               - class com.almasb.fxgl.minigames.MiniGameService
13:45:08.250 [FXGL Background Thread 3 ] DEBUG Engine               - class com.almasb.fxgl.net.NetService
13:45:08.250 [FXGL Background Thread 3 ] DEBUG Engine               - class com.almasb.fxgl.app.services.UpdaterService
13:45:08.251 [FXGL Background Thread 3 ] DEBUG Engine               - class com.almasb.fxgl.dev.DevService
13:45:25.544 [JavaFX Application Thread] DEBUG FXGLAssetLoaderServi - Loading from file system: file:/C:/Users/falco/Documents/GitHub/Sites/IPOSE-TeacherBomber/Bomberman/target/classes/assets/textures/bomb.png
13:45:27.485 [JavaFX Application Thread] DEBUG FXGLAssetLoaderServi - Loading from file system: file:/C:/Users/falco/Documents/GitHub/Sites/IPOSE-TeacherBomber/Bomberman/target/classes/assets/textures/BLCK2.png
13:45:50.377 [JavaFX Application Thread] DEBUG PrimaryStageWindow   - Push state: SimpleGameMenu
13:45:50.377 [JavaFX Application Thread] DEBUG Input                - Clearing active input actions
13:45:50.381 [JavaFX Application Thread] DEBUG GameApplicationServi - Removing overlay from GameScene and adding to SimpleGameMenu
13:45:50.381 [JavaFX Application Thread] DEBUG PrimaryStageWindow   - GameScene -> SimpleGameMenu
13:45:51.189 [JavaFX Application Thread] DEBUG Menu                 - fireExit()
13:45:51.191 [JavaFX Application Thread] DEBUG PrimaryStageWindow   - Push state: DialogSubScene
13:45:51.191 [JavaFX Application Thread] DEBUG Input                - Clearing active input actions
13:45:51.192 [JavaFX Application Thread] DEBUG GameApplicationServi - Removing overlay from SimpleGameMenu and adding to DialogSubScene
13:45:51.192 [JavaFX Application Thread] DEBUG PrimaryStageWindow   - SimpleGameMenu -> DialogSubScene
13:45:51.790 [JavaFX Application Thread] DEBUG PrimaryStageWindow   - Pop state: DialogSubScene
13:45:51.790 [JavaFX Application Thread] DEBUG Input                - Clearing active input actions
13:45:51.791 [JavaFX Application Thread] DEBUG GameApplicationServi - Removing overlay from DialogSubScene and adding to SimpleGameMenu
13:45:51.791 [JavaFX Application Thread] DEBUG PrimaryStageWindow   - SimpleGameMenu <- DialogSubScene
13:45:51.792 [JavaFX Application Thread] DEBUG FXGLApplication      - Exiting FXGL
13:45:51.792 [JavaFX Application Thread] DEBUG LoopRunner           - Stopping loop
13:45:51.792 [JavaFX Application Thread] DEBUG SystemBundleService  - Saving FXGL system data
13:45:51.793 [JavaFX Application Thread] DEBUG FileSystemAccess     - Writing to: C:\Users\falco\Documents\GitHub\Sites\IPOSE-TeacherBomber\system\fxgl.bundle
13:45:51.795 [JavaFX Application Thread] DEBUG Async                - Shutting down background threads
13:45:51.796 [JavaFX Application Thread] DEBUG PrimaryStageWindow   - Closing main window
13:45:51.841 [JavaFX Application Thread] DEBUG Logger               - Closing Logger
